 +-----------------------------------------------------------------+
 +                         Program ANPHON                          +
 +                             Ver.  1.1.0                         +
 +-----------------------------------------------------------------+

 Job started at Sun Dec 13 22:57:10 2020

 The number of MPI processes: 1
 The number of OpenMP threads: 24


 Input variables:
 -----------------------------------------------------------------
 General:
  PREFIX = pc_dos
  MODE = PHONONS
  FCSXML = uc.xml
  FC2XML = uc_2nd_300K.xml

  NKD = 3; KD =   Br  Cd  Cs
  MASS =     79.904    112.41    132.91
  NSYM = 0; TOLERANCE = 1e-06; PRINTSYM = 0

  NONANALYTIC = 3
  BORNINFO = BORN; NA_SIGMA = 0.1

  TMIN = 0; TMAX = 1000; DT = 10
  EMIN = 0; EMAX = 1200; DELTA_E = 2

  ISMEAR = -1; EPSILON = 2

  CLASSICAL = 0
  BCONNECT = 2


 Kpoint:
  KPMODE (1st entry for &kpoint) = 2


 Analysis:
  PRINTVEL = 1
  PRINTVEC = 0
  PRINTXSF = 0

  ANIME =     0    0    0
  ANIME_CELL =     2    2    2
  ANIME_FORMAT = XSF

  PDOS = 1; TDOS = 1
  PRINTMSD = 1
  SPS = 2

  GRUNEISEN = 1
  NEWFCS = 0


 -----------------------------------------------------------------

                      MODE = phonons                         
                                                             
      Phonon calculation within harmonic approximation       
      Harmonic force constants will be used.                 

      GRUNEISEN = 1 : Cubic force constants are necessary.

 -----------------------------------------------------------------

 Crystal structure
 =================

 Lattice Vectors:

 * Supercell (from uc.xml )

    2.073879e+01   0.000000e+00   0.000000e+00 : a1
    0.000000e+00   2.073879e+01   0.000000e+00 : a2
    0.000000e+00   0.000000e+00   2.073879e+01 : a3

    3.029678e-01   0.000000e+00   0.000000e+00 : b1
    0.000000e+00   3.029678e-01   0.000000e+00 : b2
    0.000000e+00   0.000000e+00   3.029678e-01 : b3

 * Primitive cell 

    1.036939e+01  -0.000000e+00   0.000000e+00 : a1
    0.000000e+00   1.036939e+01   0.000000e+00 : a2
   -0.000000e+00   0.000000e+00   1.036939e+01 : a3

    6.059356e-01  -0.000000e+00   0.000000e+00 : b1
    0.000000e+00   6.059356e-01   0.000000e+00 : b2
   -0.000000e+00   0.000000e+00   6.059356e-01 : b3


  Volume of the primitive cell : 1.114962e+03 (a.u.)^3

  Number of atoms in the supercell     : 40
  Number of atoms in the primitive cell: 5


  FC2XML is given: Harmonic IFCs will be replaced by the values in uc_2nd_300K.xml

 * Supercell for HARMONIC (from uc_2nd_300K.xml )

    2.073879e+01   0.000000e+00   0.000000e+00 : a1
    0.000000e+00   2.073879e+01   0.000000e+00 : a2
    0.000000e+00   0.000000e+00   2.073879e+01 : a3

    3.029678e-01   0.000000e+00   0.000000e+00 : b1
    0.000000e+00   3.029678e-01   0.000000e+00 : b2
    0.000000e+00   0.000000e+00   3.029678e-01 : b3

  Number of atoms in the supercell (HARMONIC)   : 40

  Atomic positions in the primitive cell (fractional):
   1:   0.000000e+00   5.000000e-01   5.000000e-01  Br
   2:   5.000000e-01   0.000000e+00   5.000000e-01  Br
   3:   5.000000e-01   5.000000e-01   0.000000e+00  Br
   4:   5.000000e-01   5.000000e-01   5.000000e-01  Cd
   5:   0.000000e+00   0.000000e+00   0.000000e+00  Cs

  Mass of atomic species (u):
  Br:   79.904000
  Cd:  112.410000
  Cs:  132.910000


 Symmetry
 ========

  NSYM = 0 is given: Trying to find symmetry operations.
  Number of symmetry operations : 48

 k points
 ========

  KPMODE = 2: Uniform grid
  Gamma-centered uniform grid with the following mesh density: 
  nk1:  12
  nk2:  12
  nk3:  12

  Number of k points : 1728
  Number of irreducible k points : 84

  List of irreducible k points (reciprocal coordinate, weight) : 
      1:   0.00000e+00   0.00000e+00   0.00000e+00   0.000579
      2:   0.00000e+00   0.00000e+00   8.33333e-02   0.003472
      3:   0.00000e+00   0.00000e+00   1.66667e-01   0.003472
      4:   0.00000e+00   0.00000e+00   2.50000e-01   0.003472
      5:   0.00000e+00   0.00000e+00   3.33333e-01   0.003472
      6:   0.00000e+00   0.00000e+00   4.16667e-01   0.003472
      7:   0.00000e+00   0.00000e+00  -5.00000e-01   0.001736
      8:   0.00000e+00   8.33333e-02   8.33333e-02   0.006944
      9:   0.00000e+00   8.33333e-02   1.66667e-01   0.013889
     10:   0.00000e+00   8.33333e-02   2.50000e-01   0.013889
     11:   0.00000e+00   8.33333e-02   3.33333e-01   0.013889
     12:   0.00000e+00   8.33333e-02   4.16667e-01   0.013889
     13:   0.00000e+00   8.33333e-02  -5.00000e-01   0.006944
     14:   0.00000e+00   1.66667e-01   1.66667e-01   0.006944
     15:   0.00000e+00   1.66667e-01   2.50000e-01   0.013889
     16:   0.00000e+00   1.66667e-01   3.33333e-01   0.013889
     17:   0.00000e+00   1.66667e-01   4.16667e-01   0.013889
     18:   0.00000e+00   1.66667e-01  -5.00000e-01   0.006944
     19:   0.00000e+00   2.50000e-01   2.50000e-01   0.006944
     20:   0.00000e+00   2.50000e-01   3.33333e-01   0.013889
     21:   0.00000e+00   2.50000e-01   4.16667e-01   0.013889
     22:   0.00000e+00   2.50000e-01  -5.00000e-01   0.006944
     23:   0.00000e+00   3.33333e-01   3.33333e-01   0.006944
     24:   0.00000e+00   3.33333e-01   4.16667e-01   0.013889
     25:   0.00000e+00   3.33333e-01  -5.00000e-01   0.006944
     26:   0.00000e+00   4.16667e-01   4.16667e-01   0.006944
     27:   0.00000e+00   4.16667e-01  -5.00000e-01   0.006944
     28:   0.00000e+00  -5.00000e-01  -5.00000e-01   0.001736
     29:   8.33333e-02   8.33333e-02   8.33333e-02   0.004630
     30:   8.33333e-02   8.33333e-02   1.66667e-01   0.013889
     31:   8.33333e-02   8.33333e-02   2.50000e-01   0.013889
     32:   8.33333e-02   8.33333e-02   3.33333e-01   0.013889
     33:   8.33333e-02   8.33333e-02   4.16667e-01   0.013889
     34:   8.33333e-02   8.33333e-02  -5.00000e-01   0.006944
     35:   8.33333e-02   1.66667e-01   1.66667e-01   0.013889
     36:   8.33333e-02   1.66667e-01   2.50000e-01   0.027778
     37:   8.33333e-02   1.66667e-01   3.33333e-01   0.027778
     38:   8.33333e-02   1.66667e-01   4.16667e-01   0.027778
     39:   8.33333e-02   1.66667e-01  -5.00000e-01   0.013889
     40:   8.33333e-02   2.50000e-01   2.50000e-01   0.013889
     41:   8.33333e-02   2.50000e-01   3.33333e-01   0.027778
     42:   8.33333e-02   2.50000e-01   4.16667e-01   0.027778
     43:   8.33333e-02   2.50000e-01  -5.00000e-01   0.013889
     44:   8.33333e-02   3.33333e-01   3.33333e-01   0.013889
     45:   8.33333e-02   3.33333e-01   4.16667e-01   0.027778
     46:   8.33333e-02   3.33333e-01  -5.00000e-01   0.013889
     47:   8.33333e-02   4.16667e-01   4.16667e-01   0.013889
     48:   8.33333e-02   4.16667e-01  -5.00000e-01   0.013889
     49:   8.33333e-02  -5.00000e-01  -5.00000e-01   0.003472
     50:   1.66667e-01   1.66667e-01   1.66667e-01   0.004630
     51:   1.66667e-01   1.66667e-01   2.50000e-01   0.013889
     52:   1.66667e-01   1.66667e-01   3.33333e-01   0.013889
     53:   1.66667e-01   1.66667e-01   4.16667e-01   0.013889
     54:   1.66667e-01   1.66667e-01  -5.00000e-01   0.006944
     55:   1.66667e-01   2.50000e-01   2.50000e-01   0.013889
     56:   1.66667e-01   2.50000e-01   3.33333e-01   0.027778
     57:   1.66667e-01   2.50000e-01   4.16667e-01   0.027778
     58:   1.66667e-01   2.50000e-01  -5.00000e-01   0.013889
     59:   1.66667e-01   3.33333e-01   3.33333e-01   0.013889
     60:   1.66667e-01   3.33333e-01   4.16667e-01   0.027778
     61:   1.66667e-01   3.33333e-01  -5.00000e-01   0.013889
     62:   1.66667e-01   4.16667e-01   4.16667e-01   0.013889
     63:   1.66667e-01   4.16667e-01  -5.00000e-01   0.013889
     64:   1.66667e-01  -5.00000e-01  -5.00000e-01   0.003472
     65:   2.50000e-01   2.50000e-01   2.50000e-01   0.004630
     66:   2.50000e-01   2.50000e-01   3.33333e-01   0.013889
     67:   2.50000e-01   2.50000e-01   4.16667e-01   0.013889
     68:   2.50000e-01   2.50000e-01  -5.00000e-01   0.006944
     69:   2.50000e-01   3.33333e-01   3.33333e-01   0.013889
     70:   2.50000e-01   3.33333e-01   4.16667e-01   0.027778
     71:   2.50000e-01   3.33333e-01  -5.00000e-01   0.013889
     72:   2.50000e-01   4.16667e-01   4.16667e-01   0.013889
     73:   2.50000e-01   4.16667e-01  -5.00000e-01   0.013889
     74:   2.50000e-01  -5.00000e-01  -5.00000e-01   0.003472
     75:   3.33333e-01   3.33333e-01   3.33333e-01   0.004630
     76:   3.33333e-01   3.33333e-01   4.16667e-01   0.013889
     77:   3.33333e-01   3.33333e-01  -5.00000e-01   0.006944
     78:   3.33333e-01   4.16667e-01   4.16667e-01   0.013889
     79:   3.33333e-01   4.16667e-01  -5.00000e-01   0.013889
     80:   3.33333e-01  -5.00000e-01  -5.00000e-01   0.003472
     81:   4.16667e-01   4.16667e-01   4.16667e-01   0.004630
     82:   4.16667e-01   4.16667e-01  -5.00000e-01   0.006944
     83:   4.16667e-01  -5.00000e-01  -5.00000e-01   0.003472
     84:  -5.00000e-01  -5.00000e-01  -5.00000e-01   0.000579

 Force constant
 ==============

  Reading force constants from the XML file ... done !
  Number of non-zero IFCs for 2 order: 1593
  Number of non-zero IFCs for 3 order: 267972

  Maximum deviation from the translational invariance: 
   Order 2 : 1.973248e-16
   Order 3 : 1.015897e-16


 Dynamical matrix
 ================

  NONANALYTIC = 3 : Non-analytic part of the dynamical matrix will be included 
                    by the Ewald method.

  Dielectric constants and Born effective charges are read from BORN.

  Dielectric constant tensor in Cartesian coordinate : 
   4.427409e+00   0.000000e+00  -0.000000e+00
   0.000000e+00   4.427409e+00  -0.000000e+00
  -0.000000e+00   0.000000e+00   4.427409e+00

  Born effective charge tensor in Cartesian coordinate
  Atom    1( Br) :
      -2.651110       0.000000      -0.000000
      -0.000000      -0.829950       0.000000
      -0.000000       0.000000      -0.829950
  Atom    2( Br) :
      -0.829950      -0.000000      -0.000000
       0.000000      -2.651110       0.000000
       0.000000       0.000000      -0.829950
  Atom    3( Br) :
      -0.829950      -0.000000       0.000000
       0.000000      -0.829950      -0.000000
       0.000000      -0.000000      -2.651110
  Atom    4( Cd) :
       2.951140       0.000000      -0.000000
       0.000000       2.951140       0.000000
      -0.000000       0.000000       2.951140
  Atom    5( Cs) :
       1.359870       0.000000      -0.000000
       0.000000       1.359870       0.000000
      -0.000000       0.000000       1.359870

 -----------------------------------------------------------------


  Preparing for the Ewald summation ...

  Inverse dielectric tensor : 
   2.258657e-01  -0.000000e+00   0.000000e+00
   0.000000e+00   2.258657e-01   0.000000e+00
   0.000000e+00  -0.000000e+00   2.258657e-01

  Determinant of epsilon:    8.678585e+01

  Parameters for the Ewald summation :
  - Force constant
    Lambda :    2.003088e-01
    Lmax   :    5.521707e+01
    Gmax   :    1.000814e+00
    Maximum number of real-space cells :   3x  3x  3
    Maximum number of reciprocal cells :   4x  4x  4

  - Dynamical matrix
    Lambda :    4.006175e-01
    Lmax   :    2.760854e+01
    Gmax   :    2.001629e+00
    Maximum number of real-space cells :   3x  3x  3
    Maximum number of reciprocal cells :   4x  4x  4

 Calculating long-range (dipole-dipole) FCs in the supercell ... done.
 Now, move on to phonon calculations.

 Diagonalizing dynamical matrices for all k points ... done!
 Calculating group velocities of phonons on uniform grid ... done!

 ISMEAR = -1: Tetrahedron method will be used.

 PDOS = 1 : Calculating atom-projected phonon DOS ...  done!
 TDOS = 1 : Calculating two-phonon DOS for all irreducible k points.
            This may take a while ... done!
 SPS = 2 : Calculating three-phonon scattering phase space
           with the Bose distribution function ... done!

 GRUNEISEN = 1 : Calculating Gruneisen parameters ... done!

 -----------------------------------------------------------------

 Phonon frequencies below:

 # Irred. k point    1 : (  0.0000,  0.0000,  0.0000)
   Mode, Frequency 
      1      0.0000 cm^-1  (      0.0000 THz )
      2      0.0000 cm^-1  (      0.0000 THz )
      3      0.0000 cm^-1  (      0.0000 THz )
      4     39.9771 cm^-1  (      1.1985 THz )
      5     39.9771 cm^-1  (      1.1985 THz )
      6     39.9771 cm^-1  (      1.1985 THz )
      7     52.2600 cm^-1  (      1.5667 THz )
      8     52.2600 cm^-1  (      1.5667 THz )
      9     52.2600 cm^-1  (      1.5667 THz )
     10     59.6631 cm^-1  (      1.7887 THz )
     11     59.6631 cm^-1  (      1.7887 THz )
     12     59.6631 cm^-1  (      1.7887 THz )
     13    157.7045 cm^-1  (      4.7279 THz )
     14    157.7045 cm^-1  (      4.7279 THz )
     15    157.7045 cm^-1  (      4.7279 THz )

 # Irred. k point    2 : (  0.0000,  0.0000,  0.0833)
   Mode, Frequency 
      1      7.7590 cm^-1  (      0.2326 THz )
      2      7.7590 cm^-1  (      0.2326 THz )
      3     16.7617 cm^-1  (      0.5025 THz )
      4     40.1356 cm^-1  (      1.2032 THz )
      5     40.1356 cm^-1  (      1.2032 THz )
      6     45.3834 cm^-1  (      1.3606 THz )
      7     52.4497 cm^-1  (      1.5724 THz )
      8     52.4497 cm^-1  (      1.5724 THz )
      9     52.4790 cm^-1  (      1.5733 THz )
     10     59.6468 cm^-1  (      1.7882 THz )
     11     59.6468 cm^-1  (      1.7882 THz )
     12     81.1988 cm^-1  (      2.4343 THz )
     13    157.8393 cm^-1  (      4.7319 THz )
     14    157.8393 cm^-1  (      4.7319 THz )
     15    185.9060 cm^-1  (      5.5733 THz )

 # Irred. k point    3 : (  0.0000,  0.0000,  0.1667)
   Mode, Frequency 
      1     15.1262 cm^-1  (      0.4535 THz )
      2     15.1262 cm^-1  (      0.4535 THz )
      3     29.2111 cm^-1  (      0.8757 THz )
      4     40.4771 cm^-1  (      1.2135 THz )
      5     40.4771 cm^-1  (      1.2135 THz )
      6     52.9054 cm^-1  (      1.5861 THz )
      7     52.9054 cm^-1  (      1.5861 THz )
      8     53.0724 cm^-1  (      1.5911 THz )
      9     58.0188 cm^-1  (      1.7394 THz )
     10     59.6728 cm^-1  (      1.7889 THz )
     11     59.6728 cm^-1  (      1.7889 THz )
     12     81.3131 cm^-1  (      2.4377 THz )
     13    158.2103 cm^-1  (      4.7430 THz )
     14    158.2103 cm^-1  (      4.7430 THz )
     15    182.5491 cm^-1  (      5.4727 THz )

 # Irred. k point    4 : (  0.0000,  0.0000,  0.2500)
   Mode, Frequency 
      1     21.7912 cm^-1  (      0.6533 THz )
      2     21.7912 cm^-1  (      0.6533 THz )
      3     38.3297 cm^-1  (      1.1491 THz )
      4     40.6441 cm^-1  (      1.2185 THz )
      5     40.6441 cm^-1  (      1.2185 THz )
      6     53.3597 cm^-1  (      1.5997 THz )
      7     53.3597 cm^-1  (      1.5997 THz )
      8     53.8717 cm^-1  (      1.6150 THz )
      9     59.9059 cm^-1  (      1.7959 THz )
     10     59.9059 cm^-1  (      1.7959 THz )
     11     69.8290 cm^-1  (      2.0934 THz )
     12     85.8224 cm^-1  (      2.5729 THz )
     13    158.7236 cm^-1  (      4.7584 THz )
     14    158.7236 cm^-1  (      4.7584 THz )
     15    177.0483 cm^-1  (      5.3078 THz )

 # Irred. k point    5 : (  0.0000,  0.0000,  0.3333)
   Mode, Frequency 
      1     27.5596 cm^-1  (      0.8262 THz )
      2     27.5596 cm^-1  (      0.8262 THz )
      3     40.1841 cm^-1  (      1.2047 THz )
      4     40.1841 cm^-1  (      1.2047 THz )
      5     45.8525 cm^-1  (      1.3746 THz )
      6     53.6237 cm^-1  (      1.6076 THz )
      7     53.6237 cm^-1  (      1.6076 THz )
      8     54.6583 cm^-1  (      1.6386 THz )
      9     60.3853 cm^-1  (      1.8103 THz )
     10     60.3853 cm^-1  (      1.8103 THz )
     11     71.3809 cm^-1  (      2.1399 THz )
     12     99.7224 cm^-1  (      2.9896 THz )
     13    159.2444 cm^-1  (      4.7740 THz )
     14    159.2444 cm^-1  (      4.7740 THz )
     15    169.7497 cm^-1  (      5.0890 THz )

 # Irred. k point    6 : (  0.0000,  0.0000,  0.4167)
   Mode, Frequency 
      1     32.3204 cm^-1  (      0.9689 THz )
      2     32.3204 cm^-1  (      0.9689 THz )
      3     38.7437 cm^-1  (      1.1615 THz )
      4     38.7437 cm^-1  (      1.1615 THz )
      5     51.6823 cm^-1  (      1.5494 THz )
      6     53.7298 cm^-1  (      1.6108 THz )
      7     53.7298 cm^-1  (      1.6108 THz )
      8     55.2264 cm^-1  (      1.6556 THz )
      9     60.8783 cm^-1  (      1.8251 THz )
     10     60.8783 cm^-1  (      1.8251 THz )
     11     69.4706 cm^-1  (      2.0827 THz )
     12    113.5772 cm^-1  (      3.4050 THz )
     13    159.6304 cm^-1  (      4.7856 THz )
     14    159.6304 cm^-1  (      4.7856 THz )
     15    161.9217 cm^-1  (      4.8543 THz )

 # Irred. k point    7 : (  0.0000,  0.0000, -0.5000)
   Mode, Frequency 
      1     35.5504 cm^-1  (      1.0658 THz )
      2     35.5504 cm^-1  (      1.0658 THz )
      3     36.6351 cm^-1  (      1.0983 THz )
      4     36.6351 cm^-1  (      1.0983 THz )
      5     53.7584 cm^-1  (      1.6116 THz )
      6     53.7584 cm^-1  (      1.6116 THz )
      7     54.2031 cm^-1  (      1.6250 THz )
      8     55.4328 cm^-1  (      1.6618 THz )
      9     61.0841 cm^-1  (      1.8313 THz )
     10     61.0841 cm^-1  (      1.8313 THz )
     11     68.1731 cm^-1  (      2.0438 THz )
     12    119.8885 cm^-1  (      3.5942 THz )
     13    157.7901 cm^-1  (      4.7304 THz )
     14    159.7728 cm^-1  (      4.7899 THz )
     15    159.7728 cm^-1  (      4.7899 THz )

 # Irred. k point    8 : (  0.0000,  0.0833,  0.0833)
   Mode, Frequency 
      1     10.9576 cm^-1  (      0.3285 THz )
      2     13.3157 cm^-1  (      0.3992 THz )
      3     21.9177 cm^-1  (      0.6571 THz )
      4     40.3131 cm^-1  (      1.2086 THz )
      5     44.9517 cm^-1  (      1.3476 THz )
      6     45.6041 cm^-1  (      1.3672 THz )
      7     51.8282 cm^-1  (      1.5538 THz )
      8     52.6463 cm^-1  (      1.5783 THz )
      9     53.4357 cm^-1  (      1.6020 THz )
     10     59.5798 cm^-1  (      1.7862 THz )
     11     59.6159 cm^-1  (      1.7872 THz )
     12     81.2306 cm^-1  (      2.4352 THz )
     13    155.6062 cm^-1  (      4.6650 THz )
     14    157.9731 cm^-1  (      4.7359 THz )
     15    186.6653 cm^-1  (      5.5961 THz )

 # Irred. k point    9 : (  0.0000,  0.0833,  0.1667)
   Mode, Frequency 
      1     16.9585 cm^-1  (      0.5084 THz )
      2     18.6118 cm^-1  (      0.5580 THz )
      3     31.4234 cm^-1  (      0.9421 THz )
      4     40.7103 cm^-1  (      1.2205 THz )
      5     45.3352 cm^-1  (      1.3591 THz )
      6     51.6155 cm^-1  (      1.5474 THz )
      7     53.1220 cm^-1  (      1.5926 THz )
      8     54.4411 cm^-1  (      1.6321 THz )
      9     57.8916 cm^-1  (      1.7355 THz )
     10     59.6002 cm^-1  (      1.7868 THz )
     11     59.9983 cm^-1  (      1.7987 THz )
     12     81.4974 cm^-1  (      2.4432 THz )
     13    154.3191 cm^-1  (      4.6264 THz )
     14    158.3414 cm^-1  (      4.7470 THz )
     15    184.5861 cm^-1  (      5.5338 THz )

 # Irred. k point   10 : (  0.0000,  0.0833,  0.2500)
   Mode, Frequency 
      1     23.0581 cm^-1  (      0.6913 THz )
      2     23.9310 cm^-1  (      0.7174 THz )
      3     39.1170 cm^-1  (      1.1727 THz )
      4     40.9646 cm^-1  (      1.2281 THz )
      5     45.3873 cm^-1  (      1.3607 THz )
      6     51.9236 cm^-1  (      1.5566 THz )
      7     53.5981 cm^-1  (      1.6068 THz )
      8     55.1826 cm^-1  (      1.6543 THz )
      9     59.7785 cm^-1  (      1.7921 THz )
     10     60.0999 cm^-1  (      1.8018 THz )
     11     70.1344 cm^-1  (      2.1026 THz )
     12     85.9886 cm^-1  (      2.5779 THz )
     13    153.5942 cm^-1  (      4.6046 THz )
     14    158.8509 cm^-1  (      4.7622 THz )
     15    180.0848 cm^-1  (      5.3988 THz )

 # Irred. k point   11 : (  0.0000,  0.0833,  0.3333)
   Mode, Frequency 
      1     28.5183 cm^-1  (      0.8550 THz )
      2     29.0129 cm^-1  (      0.8698 THz )
      3     40.6158 cm^-1  (      1.2176 THz )
      4     42.6743 cm^-1  (      1.2793 THz )
      5     47.5784 cm^-1  (      1.4264 THz )
      6     52.5015 cm^-1  (      1.5740 THz )
      7     53.8655 cm^-1  (      1.6148 THz )
      8     55.5860 cm^-1  (      1.6664 THz )
      9     60.2174 cm^-1  (      1.8053 THz )
     10     60.9140 cm^-1  (      1.8262 THz )
     11     71.9801 cm^-1  (      2.1579 THz )
     12     99.6324 cm^-1  (      2.9869 THz )
     13    152.2999 cm^-1  (      4.5658 THz )
     14    159.3681 cm^-1  (      4.7777 THz )
     15    174.4071 cm^-1  (      5.2286 THz )

 # Irred. k point   12 : (  0.0000,  0.0833,  0.4167)
   Mode, Frequency 
      1     33.0674 cm^-1  (      0.9913 THz )
      2     33.3858 cm^-1  (      1.0009 THz )
      3     39.3087 cm^-1  (      1.1784 THz )
      4     41.3860 cm^-1  (      1.2407 THz )
      5     51.8943 cm^-1  (      1.5558 THz )
      6     53.1646 cm^-1  (      1.5938 THz )
      7     53.9604 cm^-1  (      1.6177 THz )
      8     56.1133 cm^-1  (      1.6822 THz )
      9     60.6927 cm^-1  (      1.8195 THz )
     10     61.4526 cm^-1  (      1.8423 THz )
     11     70.4790 cm^-1  (      2.1129 THz )
     12    113.4236 cm^-1  (      3.4004 THz )
     13    149.5215 cm^-1  (      4.4825 THz )
     14    159.7515 cm^-1  (      4.7892 THz )
     15    169.5102 cm^-1  (      5.0818 THz )

 # Irred. k point   13 : (  0.0000,  0.0833, -0.5000)
   Mode, Frequency 
      1     35.7866 cm^-1  (      1.0729 THz )
      2     36.0098 cm^-1  (      1.0795 THz )
      3     37.4670 cm^-1  (      1.1232 THz )
      4     39.9073 cm^-1  (      1.1964 THz )
      5     52.8413 cm^-1  (      1.5841 THz )
      6     53.9826 cm^-1  (      1.6184 THz )
      7     54.0696 cm^-1  (      1.6210 THz )
      8     56.8240 cm^-1  (      1.7035 THz )
      9     60.8943 cm^-1  (      1.8256 THz )
     10     61.4948 cm^-1  (      1.8436 THz )
     11     69.4881 cm^-1  (      2.0832 THz )
     12    119.8831 cm^-1  (      3.5940 THz )
     13    147.1442 cm^-1  (      4.4113 THz )
     14    159.8929 cm^-1  (      4.7935 THz )
     15    167.6470 cm^-1  (      5.0259 THz )

 # Irred. k point   14 : (  0.0000,  0.1667,  0.1667)
   Mode, Frequency 
      1     21.2522 cm^-1  (      0.6371 THz )
      2     22.6515 cm^-1  (      0.6791 THz )
      3     36.3697 cm^-1  (      1.0903 THz )
      4     41.2696 cm^-1  (      1.2372 THz )
      5     49.8105 cm^-1  (      1.4933 THz )
      6     53.6610 cm^-1  (      1.6087 THz )
      7     55.1359 cm^-1  (      1.6529 THz )
      8     56.6097 cm^-1  (      1.6971 THz )
      9     59.4580 cm^-1  (      1.7825 THz )
     10     59.9387 cm^-1  (      1.7969 THz )
     11     61.1368 cm^-1  (      1.8328 THz )
     12     82.2235 cm^-1  (      2.4650 THz )
     13    149.0901 cm^-1  (      4.4696 THz )
     14    158.7022 cm^-1  (      4.7578 THz )
     15    185.3244 cm^-1  (      5.5559 THz )

 # Irred. k point   15 : (  0.0000,  0.1667,  0.2500)
   Mode, Frequency 
      1     26.2565 cm^-1  (      0.7872 THz )
      2     26.4546 cm^-1  (      0.7931 THz )
      3     41.3698 cm^-1  (      1.2402 THz )
      4     41.7790 cm^-1  (      1.2525 THz )
      5     48.5194 cm^-1  (      1.4546 THz )
      6     54.2228 cm^-1  (      1.6256 THz )
      7     54.4747 cm^-1  (      1.6331 THz )
      8     59.2679 cm^-1  (      1.7768 THz )
      9     59.4539 cm^-1  (      1.7824 THz )
     10     61.9636 cm^-1  (      1.8576 THz )
     11     71.0946 cm^-1  (      2.1314 THz )
     12     86.7145 cm^-1  (      2.5996 THz )
     13    145.2940 cm^-1  (      4.3558 THz )
     14    159.2017 cm^-1  (      4.7727 THz )
     15    182.8985 cm^-1  (      5.4832 THz )

 # Irred. k point   16 : (  0.0000,  0.1667,  0.3333)
   Mode, Frequency 
      1     30.4749 cm^-1  (      0.9136 THz )
      2     31.0016 cm^-1  (      0.9294 THz )
      3     41.7573 cm^-1  (      1.2519 THz )
      4     44.7614 cm^-1  (      1.3419 THz )
      5     47.7553 cm^-1  (      1.4317 THz )
      6     53.5053 cm^-1  (      1.6040 THz )
      7     54.5257 cm^-1  (      1.6346 THz )
      8     59.7464 cm^-1  (      1.7912 THz )
      9     60.9333 cm^-1  (      1.8267 THz )
     10     63.5829 cm^-1  (      1.9062 THz )
     11     73.7512 cm^-1  (      2.2110 THz )
     12     99.4625 cm^-1  (      2.9818 THz )
     13    141.8324 cm^-1  (      4.2520 THz )
     14    159.7089 cm^-1  (      4.7880 THz )
     15    178.7073 cm^-1  (      5.3575 THz )

 # Irred. k point   17 : (  0.0000,  0.1667,  0.4167)
   Mode, Frequency 
      1     34.1784 cm^-1  (      1.0246 THz )
      2     34.9984 cm^-1  (      1.0492 THz )
      3     40.8485 cm^-1  (      1.2246 THz )
      4     44.4009 cm^-1  (      1.3311 THz )
      5     48.0292 cm^-1  (      1.4399 THz )
      6     54.1382 cm^-1  (      1.6230 THz )
      7     54.5964 cm^-1  (      1.6368 THz )
      8     60.1568 cm^-1  (      1.8035 THz )
      9     61.5092 cm^-1  (      1.8440 THz )
     10     65.4910 cm^-1  (      1.9634 THz )
     11     72.9164 cm^-1  (      2.1860 THz )
     12    112.8900 cm^-1  (      3.3844 THz )
     13    137.5767 cm^-1  (      4.1244 THz )
     14    160.0851 cm^-1  (      4.7992 THz )
     15    174.6600 cm^-1  (      5.2362 THz )

 # Irred. k point   18 : (  0.0000,  0.1667, -0.5000)
   Mode, Frequency 
      1     36.0439 cm^-1  (      1.0806 THz )
      2     37.2836 cm^-1  (      1.1177 THz )
      3     39.6245 cm^-1  (      1.1879 THz )
      4     43.3457 cm^-1  (      1.2995 THz )
      5     48.0963 cm^-1  (      1.4419 THz )
      6     54.6005 cm^-1  (      1.6369 THz )
      7     54.9213 cm^-1  (      1.6465 THz )
      8     60.3431 cm^-1  (      1.8090 THz )
      9     61.5419 cm^-1  (      1.8450 THz )
     10     66.5122 cm^-1  (      1.9940 THz )
     11     72.1538 cm^-1  (      2.1631 THz )
     12    119.9278 cm^-1  (      3.5953 THz )
     13    134.1400 cm^-1  (      4.0214 THz )
     14    160.2239 cm^-1  (      4.8034 THz )
     15    172.9431 cm^-1  (      5.1847 THz )

 # Irred. k point   19 : (  0.0000,  0.2500,  0.2500)
   Mode, Frequency 
      1     28.6260 cm^-1  (      0.8582 THz )
      2     30.2585 cm^-1  (      0.9071 THz )
      3     42.6904 cm^-1  (      1.2798 THz )
      4     44.1511 cm^-1  (      1.3236 THz )
      5     46.0388 cm^-1  (      1.3802 THz )
      6     54.9557 cm^-1  (      1.6475 THz )
      7     57.1180 cm^-1  (      1.7124 THz )
      8     58.7332 cm^-1  (      1.7608 THz )
      9     59.1274 cm^-1  (      1.7726 THz )
     10     71.0634 cm^-1  (      2.1304 THz )
     11     74.7655 cm^-1  (      2.2414 THz )
     12     89.9598 cm^-1  (      2.6969 THz )
     13    138.2454 cm^-1  (      4.1445 THz )
     14    159.6877 cm^-1  (      4.7873 THz )
     15    182.4336 cm^-1  (      5.4692 THz )

 # Irred. k point   20 : (  0.0000,  0.2500,  0.3333)
   Mode, Frequency 
      1     31.1021 cm^-1  (      0.9324 THz )
      2     34.1947 cm^-1  (      1.0251 THz )
      3     43.1872 cm^-1  (      1.2947 THz )
      4     44.2323 cm^-1  (      1.3261 THz )
      5     46.1366 cm^-1  (      1.3831 THz )
      6     55.4057 cm^-1  (      1.6610 THz )
      7     56.3514 cm^-1  (      1.6894 THz )
      8     59.0924 cm^-1  (      1.7715 THz )
      9     60.0406 cm^-1  (      1.8000 THz )
     10     72.8940 cm^-1  (      2.1853 THz )
     11     79.0862 cm^-1  (      2.3709 THz )
     12     99.9463 cm^-1  (      2.9963 THz )
     13    132.6280 cm^-1  (      3.9761 THz )
     14    160.1814 cm^-1  (      4.8021 THz )
     15    179.5880 cm^-1  (      5.3839 THz )

 # Irred. k point   21 : (  0.0000,  0.2500,  0.4167)
   Mode, Frequency 
      1     33.5145 cm^-1  (      1.0047 THz )
      2     37.4735 cm^-1  (      1.1234 THz )
      3     42.9020 cm^-1  (      1.2862 THz )
      4     43.5449 cm^-1  (      1.3054 THz )
      5     45.9486 cm^-1  (      1.3775 THz )
      6     55.4807 cm^-1  (      1.6633 THz )
      7     56.0845 cm^-1  (      1.6814 THz )
      8     59.3447 cm^-1  (      1.7791 THz )
      9     61.0173 cm^-1  (      1.8293 THz )
     10     74.1191 cm^-1  (      2.2220 THz )
     11     79.4127 cm^-1  (      2.3807 THz )
     12    111.7532 cm^-1  (      3.3503 THz )
     13    127.4933 cm^-1  (      3.8222 THz )
     14    160.5478 cm^-1  (      4.8131 THz )
     15    176.2367 cm^-1  (      5.2834 THz )

 # Irred. k point   22 : (  0.0000,  0.2500, -0.5000)
   Mode, Frequency 
      1     34.6202 cm^-1  (      1.0379 THz )
      2     39.0887 cm^-1  (      1.1718 THz )
      3     42.3318 cm^-1  (      1.2691 THz )
      4     44.0731 cm^-1  (      1.3213 THz )
      5     44.6340 cm^-1  (      1.3381 THz )
      6     55.4598 cm^-1  (      1.6626 THz )
      7     56.3281 cm^-1  (      1.6887 THz )
      8     59.4955 cm^-1  (      1.7836 THz )
      9     61.2673 cm^-1  (      1.8367 THz )
     10     74.6977 cm^-1  (      2.2394 THz )
     11     79.1665 cm^-1  (      2.3734 THz )
     12    120.1214 cm^-1  (      3.6011 THz )
     13    121.9897 cm^-1  (      3.6572 THz )
     14    160.6830 cm^-1  (      4.8172 THz )
     15    174.6990 cm^-1  (      5.2373 THz )

 # Irred. k point   23 : (  0.0000,  0.3333,  0.3333)
   Mode, Frequency 
      1     31.1716 cm^-1  (      0.9345 THz )
      2     37.3651 cm^-1  (      1.1202 THz )
      3     42.2038 cm^-1  (      1.2652 THz )
      4     44.3498 cm^-1  (      1.3296 THz )
      5     46.7424 cm^-1  (      1.4013 THz )
      6     56.1514 cm^-1  (      1.6834 THz )
      7     58.3967 cm^-1  (      1.7507 THz )
      8     58.5325 cm^-1  (      1.7548 THz )
      9     59.1853 cm^-1  (      1.7743 THz )
     10     75.2514 cm^-1  (      2.2560 THz )
     11     85.9850 cm^-1  (      2.5778 THz )
     12    104.1775 cm^-1  (      3.1232 THz )
     13    126.0498 cm^-1  (      3.7789 THz )
     14    160.6617 cm^-1  (      4.8165 THz )
     15    177.7627 cm^-1  (      5.3292 THz )

 # Irred. k point   24 : (  0.0000,  0.3333,  0.4167)
   Mode, Frequency 
      1     30.8623 cm^-1  (      0.9252 THz )
      2     39.9140 cm^-1  (      1.1966 THz )
      3     42.3135 cm^-1  (      1.2685 THz )
      4     44.8232 cm^-1  (      1.3438 THz )
      5     45.9606 cm^-1  (      1.3779 THz )
      6     56.3776 cm^-1  (      1.6902 THz )
      7     58.1843 cm^-1  (      1.7443 THz )
      8     58.4205 cm^-1  (      1.7514 THz )
      9     60.4280 cm^-1  (      1.8116 THz )
     10     76.2664 cm^-1  (      2.2864 THz )
     11     86.6701 cm^-1  (      2.5983 THz )
     12    111.7895 cm^-1  (      3.3514 THz )
     13    122.1702 cm^-1  (      3.6626 THz )
     14    161.0185 cm^-1  (      4.8272 THz )
     15    174.9755 cm^-1  (      5.2456 THz )

 # Irred. k point   25 : (  0.0000,  0.3333, -0.5000)
   Mode, Frequency 
      1     30.6571 cm^-1  (      0.9191 THz )
      2     41.0143 cm^-1  (      1.2296 THz )
      3     43.9631 cm^-1  (      1.3180 THz )
      4     44.0985 cm^-1  (      1.3220 THz )
      5     44.7993 cm^-1  (      1.3430 THz )
      6     56.3421 cm^-1  (      1.6891 THz )
      7     58.0926 cm^-1  (      1.7416 THz )
      8     58.4958 cm^-1  (      1.7537 THz )
      9     61.0211 cm^-1  (      1.8294 THz )
     10     76.6056 cm^-1  (      2.2966 THz )
     11     86.1909 cm^-1  (      2.5839 THz )
     12    115.7791 cm^-1  (      3.4710 THz )
     13    120.4575 cm^-1  (      3.6112 THz )
     14    161.1501 cm^-1  (      4.8312 THz )
     15    173.5966 cm^-1  (      5.2043 THz )

 # Irred. k point   26 : (  0.0000,  0.4167,  0.4167)
   Mode, Frequency 
      1     27.9727 cm^-1  (      0.8386 THz )
      2     41.8034 cm^-1  (      1.2532 THz )
      3     42.9000 cm^-1  (      1.2861 THz )
      4     45.4532 cm^-1  (      1.3627 THz )
      5     46.0715 cm^-1  (      1.3812 THz )
      6     56.9676 cm^-1  (      1.7078 THz )
      7     57.7223 cm^-1  (      1.7305 THz )
      8     59.9852 cm^-1  (      1.7983 THz )
      9     60.1260 cm^-1  (      1.8025 THz )
     10     77.3861 cm^-1  (      2.3200 THz )
     11     85.5027 cm^-1  (      2.5633 THz )
     12    116.1186 cm^-1  (      3.4811 THz )
     13    120.6901 cm^-1  (      3.6182 THz )
     14    161.3682 cm^-1  (      4.8377 THz )
     15    172.5029 cm^-1  (      5.1715 THz )

 # Irred. k point   27 : (  0.0000,  0.4167, -0.5000)
   Mode, Frequency 
      1     26.7901 cm^-1  (      0.8031 THz )
      2     42.5505 cm^-1  (      1.2756 THz )
      3     44.2516 cm^-1  (      1.3266 THz )
      4     44.2616 cm^-1  (      1.3269 THz )
      5     46.4699 cm^-1  (      1.3931 THz )
      6     57.0065 cm^-1  (      1.7090 THz )
      7     57.6193 cm^-1  (      1.7274 THz )
      8     59.9295 cm^-1  (      1.7966 THz )
      9     60.9206 cm^-1  (      1.8264 THz )
     10     77.7496 cm^-1  (      2.3309 THz )
     11     83.6674 cm^-1  (      2.5083 THz )
     12    118.4579 cm^-1  (      3.5513 THz )
     13    120.7888 cm^-1  (      3.6212 THz )
     14    161.4972 cm^-1  (      4.8416 THz )
     15    171.2053 cm^-1  (      5.1326 THz )

 # Irred. k point   28 : (  0.0000, -0.5000, -0.5000)
   Mode, Frequency 
      1     25.2278 cm^-1  (      0.7563 THz )
      2     43.1533 cm^-1  (      1.2937 THz )
      3     44.4135 cm^-1  (      1.3315 THz )
      4     44.4135 cm^-1  (      1.3315 THz )
      5     47.0545 cm^-1  (      1.4107 THz )
      6     57.2544 cm^-1  (      1.7164 THz )
      7     57.2544 cm^-1  (      1.7164 THz )
      8     60.9064 cm^-1  (      1.8259 THz )
      9     60.9064 cm^-1  (      1.8259 THz )
     10     78.1267 cm^-1  (      2.3422 THz )
     11     81.0238 cm^-1  (      2.4290 THz )
     12    120.9274 cm^-1  (      3.6253 THz )
     13    120.9274 cm^-1  (      3.6253 THz )
     14    161.6254 cm^-1  (      4.8454 THz )
     15    169.9214 cm^-1  (      5.0941 THz )

 # Irred. k point   29 : (  0.0833,  0.0833,  0.0833)
   Mode, Frequency 
      1     15.2441 cm^-1  (      0.4570 THz )
      2     15.2441 cm^-1  (      0.4570 THz )
      3     25.8190 cm^-1  (      0.7740 THz )
      4     45.1092 cm^-1  (      1.3523 THz )
      5     45.1092 cm^-1  (      1.3523 THz )
      6     45.9150 cm^-1  (      1.3765 THz )
      7     51.2427 cm^-1  (      1.5362 THz )
      8     53.2736 cm^-1  (      1.5971 THz )
      9     53.2736 cm^-1  (      1.5971 THz )
     10     59.8398 cm^-1  (      1.7940 THz )
     11     59.8398 cm^-1  (      1.7940 THz )
     12     81.2258 cm^-1  (      2.4351 THz )
     13    155.7115 cm^-1  (      4.6681 THz )
     14    155.7115 cm^-1  (      4.6681 THz )
     15    187.4327 cm^-1  (      5.6191 THz )

 # Irred. k point   30 : (  0.0833,  0.0833,  0.1667)
   Mode, Frequency 
      1     19.6824 cm^-1  (      0.5901 THz )
      2     20.1254 cm^-1  (      0.6033 THz )
      3     33.4167 cm^-1  (      1.0018 THz )
      4     45.3633 cm^-1  (      1.3600 THz )
      5     45.8637 cm^-1  (      1.3750 THz )
      6     50.7686 cm^-1  (      1.5220 THz )
      7     53.6766 cm^-1  (      1.6092 THz )
      8     53.8405 cm^-1  (      1.6141 THz )
      9     57.9561 cm^-1  (      1.7375 THz )
     10     60.1216 cm^-1  (      1.8024 THz )
     11     60.6695 cm^-1  (      1.8188 THz )
     12     81.5652 cm^-1  (      2.4453 THz )
     13    153.4179 cm^-1  (      4.5994 THz )
     14    156.0009 cm^-1  (      4.6768 THz )
     15    186.1401 cm^-1  (      5.5803 THz )

 # Irred. k point   31 : (  0.0833,  0.0833,  0.2500)
   Mode, Frequency 
      1     24.8137 cm^-1  (      0.7439 THz )
      2     25.0360 cm^-1  (      0.7506 THz )
      3     39.7900 cm^-1  (      1.1929 THz )
      4     45.1860 cm^-1  (      1.3546 THz )
      5     46.4437 cm^-1  (      1.3923 THz )
      6     50.8217 cm^-1  (      1.5236 THz )
      7     54.0414 cm^-1  (      1.6201 THz )
      8     54.7823 cm^-1  (      1.6423 THz )
      9     59.1851 cm^-1  (      1.7743 THz )
     10     61.9452 cm^-1  (      1.8571 THz )
     11     70.2356 cm^-1  (      2.1056 THz )
     12     86.0947 cm^-1  (      2.5811 THz )
     13    151.7732 cm^-1  (      4.5500 THz )
     14    156.4001 cm^-1  (      4.6888 THz )
     15    182.4038 cm^-1  (      5.4683 THz )

 # Irred. k point   32 : (  0.0833,  0.0833,  0.3333)
   Mode, Frequency 
      1     29.7024 cm^-1  (      0.8905 THz )
      2     29.8752 cm^-1  (      0.8956 THz )
      3     42.4930 cm^-1  (      1.2739 THz )
      4     44.1973 cm^-1  (      1.3250 THz )
      5     49.0769 cm^-1  (      1.4713 THz )
      6     51.1748 cm^-1  (      1.5342 THz )
      7     54.1874 cm^-1  (      1.6245 THz )
      8     56.1874 cm^-1  (      1.6845 THz )
      9     58.6623 cm^-1  (      1.7587 THz )
     10     63.2611 cm^-1  (      1.8965 THz )
     11     72.2632 cm^-1  (      2.1664 THz )
     12     99.5337 cm^-1  (      2.9839 THz )
     13    149.5398 cm^-1  (      4.4831 THz )
     14    156.8038 cm^-1  (      4.7009 THz )
     15    177.5682 cm^-1  (      5.3234 THz )

 # Irred. k point   33 : (  0.0833,  0.0833,  0.4167)
   Mode, Frequency 
      1     33.8058 cm^-1  (      1.0135 THz )
      2     34.1347 cm^-1  (      1.0233 THz )
      3     41.5304 cm^-1  (      1.2450 THz )
      4     42.4893 cm^-1  (      1.2738 THz )
      5     51.4487 cm^-1  (      1.5424 THz )
      6     53.0969 cm^-1  (      1.5918 THz )
      7     54.4229 cm^-1  (      1.6316 THz )
      8     57.5581 cm^-1  (      1.7255 THz )
      9     58.0523 cm^-1  (      1.7404 THz )
     10     64.2186 cm^-1  (      1.9252 THz )
     11     70.9612 cm^-1  (      2.1274 THz )
     12    113.2638 cm^-1  (      3.3956 THz )
     13    145.8494 cm^-1  (      4.3725 THz )
     14    157.1022 cm^-1  (      4.7098 THz )
     15    173.4332 cm^-1  (      5.1994 THz )

 # Irred. k point   34 : (  0.0833,  0.0833, -0.5000)
   Mode, Frequency 
      1     35.8740 cm^-1  (      1.0755 THz )
      2     36.5454 cm^-1  (      1.0956 THz )
      3     40.1155 cm^-1  (      1.2026 THz )
      4     41.2207 cm^-1  (      1.2358 THz )
      5     51.5369 cm^-1  (      1.5450 THz )
      6     54.5478 cm^-1  (      1.6353 THz )
      7     55.0465 cm^-1  (      1.6503 THz )
      8     57.5124 cm^-1  (      1.7242 THz )
      9     58.2957 cm^-1  (      1.7477 THz )
     10     64.5660 cm^-1  (      1.9356 THz )
     11     70.0607 cm^-1  (      2.1004 THz )
     12    119.8895 cm^-1  (      3.5942 THz )
     13    142.9764 cm^-1  (      4.2863 THz )
     14    157.2121 cm^-1  (      4.7131 THz )
     15    171.8273 cm^-1  (      5.1513 THz )

 # Irred. k point   35 : (  0.0833,  0.1667,  0.1667)
   Mode, Frequency 
      1     23.2619 cm^-1  (      0.6974 THz )
      2     23.5285 cm^-1  (      0.7054 THz )
      3     37.6663 cm^-1  (      1.1292 THz )
      4     46.2449 cm^-1  (      1.3864 THz )
      5     49.3184 cm^-1  (      1.4785 THz )
      6     53.1514 cm^-1  (      1.5934 THz )
      7     53.8067 cm^-1  (      1.6131 THz )
      8     57.0008 cm^-1  (      1.7088 THz )
      9     59.6429 cm^-1  (      1.7880 THz )
     10     61.4333 cm^-1  (      1.8417 THz )
     11     61.9615 cm^-1  (      1.8576 THz )
     12     82.1769 cm^-1  (      2.4636 THz )
     13    149.1311 cm^-1  (      4.4708 THz )
     14    155.3637 cm^-1  (      4.6577 THz )
     15    186.8399 cm^-1  (      5.6013 THz )

 # Irred. k point   36 : (  0.0833,  0.1667,  0.2500)
   Mode, Frequency 
      1     27.0971 cm^-1  (      0.8124 THz )
      2     27.5469 cm^-1  (      0.8258 THz )
      3     41.7339 cm^-1  (      1.2512 THz )
      4     46.8032 cm^-1  (      1.4031 THz )
      5     48.1835 cm^-1  (      1.4445 THz )
      6     52.9374 cm^-1  (      1.5870 THz )
      7     53.7839 cm^-1  (      1.6124 THz )
      8     58.1454 cm^-1  (      1.7432 THz )
      9     62.5453 cm^-1  (      1.8751 THz )
     10     62.9543 cm^-1  (      1.8873 THz )
     11     70.9630 cm^-1  (      2.1274 THz )
     12     86.7095 cm^-1  (      2.5995 THz )
     13    145.0727 cm^-1  (      4.3492 THz )
     14    155.5230 cm^-1  (      4.6625 THz )
     15    184.8113 cm^-1  (      5.5405 THz )

 # Irred. k point   37 : (  0.0833,  0.1667,  0.3333)
   Mode, Frequency 
      1     30.9624 cm^-1  (      0.9282 THz )
      2     31.8519 cm^-1  (      0.9549 THz )
      3     43.7853 cm^-1  (      1.3127 THz )
      4     46.3739 cm^-1  (      1.3903 THz )
      5     48.0055 cm^-1  (      1.4392 THz )
      6     52.7542 cm^-1  (      1.5815 THz )
      7     54.4041 cm^-1  (      1.6310 THz )
      8     58.1224 cm^-1  (      1.7425 THz )
      9     64.0674 cm^-1  (      1.9207 THz )
     10     64.4776 cm^-1  (      1.9330 THz )
     11     73.5987 cm^-1  (      2.2064 THz )
     12     99.3463 cm^-1  (      2.9783 THz )
     13    141.1821 cm^-1  (      4.2325 THz )
     14    155.7015 cm^-1  (      4.6678 THz )
     15    181.1839 cm^-1  (      5.4318 THz )

 # Irred. k point   38 : (  0.0833,  0.1667,  0.4167)
   Mode, Frequency 
      1     34.4676 cm^-1  (      1.0333 THz )
      2     35.6186 cm^-1  (      1.0678 THz )
      3     43.2085 cm^-1  (      1.2954 THz )
      4     45.0619 cm^-1  (      1.3509 THz )
      5     47.8572 cm^-1  (      1.4347 THz )
      6     53.9684 cm^-1  (      1.6179 THz )
      7     55.1643 cm^-1  (      1.6538 THz )
      8     57.7656 cm^-1  (      1.7318 THz )
      9     65.4159 cm^-1  (      1.9611 THz )
     10     65.8501 cm^-1  (      1.9741 THz )
     11     72.8243 cm^-1  (      2.1832 THz )
     12    112.7033 cm^-1  (      3.3788 THz )
     13    136.4444 cm^-1  (      4.0905 THz )
     14    155.7741 cm^-1  (      4.6700 THz )
     15    177.7220 cm^-1  (      5.3280 THz )

 # Irred. k point   39 : (  0.0833,  0.1667, -0.5000)
   Mode, Frequency 
      1     36.1234 cm^-1  (      1.0830 THz )
      2     37.6297 cm^-1  (      1.1281 THz )
      3     42.1455 cm^-1  (      1.2635 THz )
      4     44.1432 cm^-1  (      1.3234 THz )
      5     47.6766 cm^-1  (      1.4293 THz )
      6     54.8443 cm^-1  (      1.6442 THz )
      7     55.5907 cm^-1  (      1.6666 THz )
      8     57.3969 cm^-1  (      1.7207 THz )
      9     65.7696 cm^-1  (      1.9717 THz )
     10     66.7830 cm^-1  (      2.0021 THz )
     11     72.0854 cm^-1  (      2.1611 THz )
     12    119.9634 cm^-1  (      3.5964 THz )
     13    132.5476 cm^-1  (      3.9737 THz )
     14    155.7760 cm^-1  (      4.6700 THz )
     15    176.2811 cm^-1  (      5.2848 THz )

 # Irred. k point   40 : (  0.0833,  0.2500,  0.2500)
   Mode, Frequency 
      1     29.0427 cm^-1  (      0.8707 THz )
      2     31.0203 cm^-1  (      0.9300 THz )
      3     43.8830 cm^-1  (      1.3156 THz )
      4     45.7241 cm^-1  (      1.3708 THz )
      5     48.2936 cm^-1  (      1.4478 THz )
      6     52.7079 cm^-1  (      1.5801 THz )
      7     53.7790 cm^-1  (      1.6123 THz )
      8     61.0160 cm^-1  (      1.8292 THz )
      9     62.8846 cm^-1  (      1.8852 THz )
     10     70.8262 cm^-1  (      2.1233 THz )
     11     74.8593 cm^-1  (      2.2442 THz )
     12     89.9051 cm^-1  (      2.6953 THz )
     13    138.2528 cm^-1  (      4.1447 THz )
     14    155.5273 cm^-1  (      4.6626 THz )
     15    184.4834 cm^-1  (      5.5307 THz )

 # Irred. k point   41 : (  0.0833,  0.2500,  0.3333)
   Mode, Frequency 
      1     31.3838 cm^-1  (      0.9409 THz )
      2     34.6005 cm^-1  (      1.0373 THz )
      3     43.9526 cm^-1  (      1.3177 THz )
      4     45.1141 cm^-1  (      1.3525 THz )
      5     48.6317 cm^-1  (      1.4579 THz )
      6     53.0050 cm^-1  (      1.5890 THz )
      7     53.8719 cm^-1  (      1.6150 THz )
      8     60.7043 cm^-1  (      1.8199 THz )
      9     64.1460 cm^-1  (      1.9230 THz )
     10     72.7381 cm^-1  (      2.1806 THz )
     11     79.0424 cm^-1  (      2.3696 THz )
     12     99.8300 cm^-1  (      2.9928 THz )
     13    132.5488 cm^-1  (      3.9737 THz )
     14    155.5416 cm^-1  (      4.6630 THz )
     15    182.0720 cm^-1  (      5.4584 THz )

 # Irred. k point   42 : (  0.0833,  0.2500,  0.4167)
   Mode, Frequency 
      1     33.6835 cm^-1  (      1.0098 THz )
      2     37.6595 cm^-1  (      1.1290 THz )
      3     43.2538 cm^-1  (      1.2967 THz )
      4     44.9364 cm^-1  (      1.3472 THz )
      5     47.1642 cm^-1  (      1.4139 THz )
      6     54.0404 cm^-1  (      1.6201 THz )
      7     54.3055 cm^-1  (      1.6280 THz )
      8     60.0565 cm^-1  (      1.8004 THz )
      9     65.2567 cm^-1  (      1.9563 THz )
     10     73.9811 cm^-1  (      2.2179 THz )
     11     79.3810 cm^-1  (      2.3798 THz )
     12    111.5319 cm^-1  (      3.3436 THz )
     13    127.2554 cm^-1  (      3.8150 THz )
     14    155.4126 cm^-1  (      4.6592 THz )
     15    179.2744 cm^-1  (      5.3745 THz )

 # Irred. k point   43 : (  0.0833,  0.2500, -0.5000)
   Mode, Frequency 
      1     34.7148 cm^-1  (      1.0407 THz )
      2     39.1166 cm^-1  (      1.1727 THz )
      3     43.3851 cm^-1  (      1.3007 THz )
      4     44.4231 cm^-1  (      1.3318 THz )
      5     45.9363 cm^-1  (      1.3771 THz )
      6     54.5398 cm^-1  (      1.6351 THz )
      7     54.5559 cm^-1  (      1.6355 THz )
      8     59.8434 cm^-1  (      1.7941 THz )
      9     65.6236 cm^-1  (      1.9673 THz )
     10     74.5392 cm^-1  (      2.2346 THz )
     11     79.1679 cm^-1  (      2.3734 THz )
     12    120.1902 cm^-1  (      3.6032 THz )
     13    121.3381 cm^-1  (      3.6376 THz )
     14    155.3010 cm^-1  (      4.6558 THz )
     15    178.0265 cm^-1  (      5.3371 THz )

 # Irred. k point   44 : (  0.0833,  0.3333,  0.3333)
   Mode, Frequency 
      1     31.3081 cm^-1  (      0.9386 THz )
      2     37.4660 cm^-1  (      1.1232 THz )
      3     41.9536 cm^-1  (      1.2577 THz )
      4     45.9047 cm^-1  (      1.3762 THz )
      5     49.6361 cm^-1  (      1.4881 THz )
      6     52.4656 cm^-1  (      1.5729 THz )
      7     54.0377 cm^-1  (      1.6200 THz )
      8     62.5463 cm^-1  (      1.8751 THz )
      9     63.5681 cm^-1  (      1.9057 THz )
     10     75.0462 cm^-1  (      2.2498 THz )
     11     85.8764 cm^-1  (      2.5745 THz )
     12    104.0863 cm^-1  (      3.1204 THz )
     13    126.1283 cm^-1  (      3.7812 THz )
     14    155.3899 cm^-1  (      4.6585 THz )
     15    180.6440 cm^-1  (      5.4156 THz )

 # Irred. k point   45 : (  0.0833,  0.3333,  0.4167)
   Mode, Frequency 
      1     30.8987 cm^-1  (      0.9263 THz )
      2     39.8504 cm^-1  (      1.1947 THz )
      3     42.0597 cm^-1  (      1.2609 THz )
      4     45.4317 cm^-1  (      1.3620 THz )
      5     49.0033 cm^-1  (      1.4691 THz )
      6     53.0524 cm^-1  (      1.5905 THz )
      7     54.2345 cm^-1  (      1.6259 THz )
      8     62.2760 cm^-1  (      1.8670 THz )
      9     64.6613 cm^-1  (      1.9385 THz )
     10     76.1068 cm^-1  (      2.2816 THz )
     11     86.5211 cm^-1  (      2.5938 THz )
     12    111.6704 cm^-1  (      3.3478 THz )
     13    122.2635 cm^-1  (      3.6654 THz )
     14    155.0587 cm^-1  (      4.6485 THz )
     15    178.4560 cm^-1  (      5.3500 THz )

 # Irred. k point   46 : (  0.0833,  0.3333, -0.5000)
   Mode, Frequency 
      1     30.6554 cm^-1  (      0.9190 THz )
      2     40.8817 cm^-1  (      1.2256 THz )
      3     43.6131 cm^-1  (      1.3075 THz )
      4     43.7923 cm^-1  (      1.3129 THz )
      5     48.4452 cm^-1  (      1.4523 THz )
      6     53.6664 cm^-1  (      1.6089 THz )
      7     54.1335 cm^-1  (      1.6229 THz )
      8     62.0659 cm^-1  (      1.8607 THz )
      9     65.2074 cm^-1  (      1.9549 THz )
     10     76.4621 cm^-1  (      2.2923 THz )
     11     86.0391 cm^-1  (      2.5794 THz )
     12    115.6320 cm^-1  (      3.4666 THz )
     13    120.5527 cm^-1  (      3.6141 THz )
     14    154.8309 cm^-1  (      4.6417 THz )
     15    177.4115 cm^-1  (      5.3187 THz )

 # Irred. k point   47 : (  0.0833,  0.4167,  0.4167)
   Mode, Frequency 
      1     27.9266 cm^-1  (      0.8372 THz )
      2     41.6710 cm^-1  (      1.2493 THz )
      3     42.6373 cm^-1  (      1.2782 THz )
      4     45.0839 cm^-1  (      1.3516 THz )
      5     50.5665 cm^-1  (      1.5159 THz )
      6     52.4362 cm^-1  (      1.5720 THz )
      7     54.0019 cm^-1  (      1.6189 THz )
      8     63.8738 cm^-1  (      1.9149 THz )
      9     64.3585 cm^-1  (      1.9294 THz )
     10     77.2517 cm^-1  (      2.3159 THz )
     11     85.3522 cm^-1  (      2.5588 THz )
     12    116.1087 cm^-1  (      3.4809 THz )
     13    120.8314 cm^-1  (      3.6224 THz )
     14    154.4868 cm^-1  (      4.6314 THz )
     15    176.7009 cm^-1  (      5.2974 THz )

 # Irred. k point   48 : (  0.0833,  0.4167, -0.5000)
   Mode, Frequency 
      1     26.7155 cm^-1  (      0.8009 THz )
      2     42.4286 cm^-1  (      1.2720 THz )
      3     43.9085 cm^-1  (      1.3163 THz )
      4     44.0086 cm^-1  (      1.3193 THz )
      5     50.7866 cm^-1  (      1.5225 THz )
      6     52.8951 cm^-1  (      1.5858 THz )
      7     53.5551 cm^-1  (      1.6055 THz )
      8     63.9187 cm^-1  (      1.9162 THz )
      9     64.9076 cm^-1  (      1.9459 THz )
     10     77.6260 cm^-1  (      2.3272 THz )
     11     83.5487 cm^-1  (      2.5047 THz )
     12    118.5143 cm^-1  (      3.5530 THz )
     13    120.8989 cm^-1  (      3.6245 THz )
     14    154.1202 cm^-1  (      4.6204 THz )
     15    175.8173 cm^-1  (      5.2709 THz )

 # Irred. k point   49 : (  0.0833, -0.5000, -0.5000)
   Mode, Frequency 
      1     25.1247 cm^-1  (      0.7532 THz )
      2     43.0857 cm^-1  (      1.2917 THz )
      3     44.1163 cm^-1  (      1.3226 THz )
      4     44.1163 cm^-1  (      1.3226 THz )
      5     52.4973 cm^-1  (      1.5738 THz )
      6     52.5525 cm^-1  (      1.5755 THz )
      7     52.5525 cm^-1  (      1.5755 THz )
      8     64.8100 cm^-1  (      1.9430 THz )
      9     64.8100 cm^-1  (      1.9430 THz )
     10     78.0107 cm^-1  (      2.3387 THz )
     11     80.9575 cm^-1  (      2.4270 THz )
     12    121.0421 cm^-1  (      3.6288 THz )
     13    121.0421 cm^-1  (      3.6288 THz )
     14    153.6725 cm^-1  (      4.6070 THz )
     15    174.9981 cm^-1  (      5.2463 THz )

 # Irred. k point   50 : (  0.1667,  0.1667,  0.1667)
   Mode, Frequency 
      1     25.8597 cm^-1  (      0.7753 THz )
      2     25.8597 cm^-1  (      0.7753 THz )
      3     40.4763 cm^-1  (      1.2134 THz )
      4     48.0513 cm^-1  (      1.4405 THz )
      5     52.1631 cm^-1  (      1.5638 THz )
      6     52.1631 cm^-1  (      1.5638 THz )
      7     57.8898 cm^-1  (      1.7355 THz )
      8     57.8898 cm^-1  (      1.7355 THz )
      9     60.6002 cm^-1  (      1.8167 THz )
     10     63.8536 cm^-1  (      1.9143 THz )
     11     63.8536 cm^-1  (      1.9143 THz )
     12     82.6483 cm^-1  (      2.4777 THz )
     13    149.2433 cm^-1  (      4.4742 THz )
     14    149.2433 cm^-1  (      4.4742 THz )
     15    188.1564 cm^-1  (      5.6408 THz )

 # Irred. k point   51 : (  0.1667,  0.1667,  0.2500)
   Mode, Frequency 
      1     28.7664 cm^-1  (      0.8624 THz )
      2     29.0009 cm^-1  (      0.8694 THz )
      3     43.3374 cm^-1  (      1.2992 THz )
      4     46.6218 cm^-1  (      1.3977 THz )
      5     50.7436 cm^-1  (      1.5213 THz )
      6     51.5122 cm^-1  (      1.5443 THz )
      7     59.1991 cm^-1  (      1.7747 THz )
      8     59.2756 cm^-1  (      1.7770 THz )
      9     64.9222 cm^-1  (      1.9463 THz )
     10     65.9198 cm^-1  (      1.9762 THz )
     11     71.0684 cm^-1  (      2.1306 THz )
     12     87.0975 cm^-1  (      2.6111 THz )
     13    143.5330 cm^-1  (      4.3030 THz )
     14    149.3969 cm^-1  (      4.4788 THz )
     15    187.1018 cm^-1  (      5.6092 THz )

 # Irred. k point   52 : (  0.1667,  0.1667,  0.3333)
   Mode, Frequency 
      1     32.3095 cm^-1  (      0.9686 THz )
      2     32.3802 cm^-1  (      0.9707 THz )
      3     45.0480 cm^-1  (      1.3505 THz )
      4     45.4878 cm^-1  (      1.3637 THz )
      5     48.8826 cm^-1  (      1.4655 THz )
      6     51.1547 cm^-1  (      1.5336 THz )
      7     59.4390 cm^-1  (      1.7819 THz )
      8     60.6319 cm^-1  (      1.8177 THz )
      9     66.5939 cm^-1  (      1.9964 THz )
     10     67.6340 cm^-1  (      2.0276 THz )
     11     73.7857 cm^-1  (      2.2120 THz )
     12     99.1283 cm^-1  (      2.9718 THz )
     13    138.2181 cm^-1  (      4.1437 THz )
     14    149.5507 cm^-1  (      4.4834 THz )
     15    184.3675 cm^-1  (      5.5272 THz )

 # Irred. k point   53 : (  0.1667,  0.1667,  0.4167)
   Mode, Frequency 
      1     35.1198 cm^-1  (      1.0529 THz )
      2     36.1010 cm^-1  (      1.0823 THz )
      3     44.6727 cm^-1  (      1.3393 THz )
      4     44.8518 cm^-1  (      1.3446 THz )
      5     46.9350 cm^-1  (      1.4071 THz )
      6     51.1589 cm^-1  (      1.5337 THz )
      7     59.7571 cm^-1  (      1.7915 THz )
      8     61.7320 cm^-1  (      1.8507 THz )
      9     68.2977 cm^-1  (      2.0475 THz )
     10     68.7362 cm^-1  (      2.0607 THz )
     11     73.1561 cm^-1  (      2.1932 THz )
     12    112.0470 cm^-1  (      3.3591 THz )
     13    132.3832 cm^-1  (      3.9687 THz )
     14    149.6635 cm^-1  (      4.4868 THz )
     15    181.5317 cm^-1  (      5.4422 THz )

 # Irred. k point   54 : (  0.1667,  0.1667, -0.5000)
   Mode, Frequency 
      1     36.3558 cm^-1  (      1.0899 THz )
      2     38.1954 cm^-1  (      1.1451 THz )
      3     43.5907 cm^-1  (      1.3068 THz )
      4     44.7476 cm^-1  (      1.3415 THz )
      5     45.8854 cm^-1  (      1.3756 THz )
      6     51.2950 cm^-1  (      1.5378 THz )
      7     59.9197 cm^-1  (      1.7963 THz )
      8     62.1431 cm^-1  (      1.8630 THz )
      9     69.1134 cm^-1  (      2.0720 THz )
     10     69.3741 cm^-1  (      2.0798 THz )
     11     72.3351 cm^-1  (      2.1686 THz )
     12    120.1088 cm^-1  (      3.6008 THz )
     13    127.1156 cm^-1  (      3.8108 THz )
     14    149.7049 cm^-1  (      4.4880 THz )
     15    180.3128 cm^-1  (      5.4056 THz )

 # Irred. k point   55 : (  0.1667,  0.2500,  0.2500)
   Mode, Frequency 
      1     30.2098 cm^-1  (      0.9057 THz )
      2     31.4655 cm^-1  (      0.9433 THz )
      3     44.5618 cm^-1  (      1.3359 THz )
      4     45.0870 cm^-1  (      1.3517 THz )
      5     49.8064 cm^-1  (      1.4932 THz )
      6     49.8614 cm^-1  (      1.4948 THz )
      7     60.4503 cm^-1  (      1.8123 THz )
      8     64.2563 cm^-1  (      1.9264 THz )
      9     67.4995 cm^-1  (      2.0236 THz )
     10     70.2794 cm^-1  (      2.1069 THz )
     11     75.1156 cm^-1  (      2.2519 THz )
     12     90.1113 cm^-1  (      2.7015 THz )
     13    138.2751 cm^-1  (      4.1454 THz )
     14    147.0584 cm^-1  (      4.4087 THz )
     15    187.1706 cm^-1  (      5.6112 THz )

 # Irred. k point   56 : (  0.1667,  0.2500,  0.3333)
   Mode, Frequency 
      1     32.1966 cm^-1  (      0.9652 THz )
      2     34.3715 cm^-1  (      1.0304 THz )
      3     42.8588 cm^-1  (      1.2849 THz )
      4     46.0128 cm^-1  (      1.3794 THz )
      5     48.0154 cm^-1  (      1.4395 THz )
      6     49.3410 cm^-1  (      1.4792 THz )
      7     61.5376 cm^-1  (      1.8448 THz )
      8     64.8620 cm^-1  (      1.9445 THz )
      9     68.6755 cm^-1  (      2.0588 THz )
     10     72.3168 cm^-1  (      2.1680 THz )
     11     79.0549 cm^-1  (      2.3700 THz )
     12     99.6332 cm^-1  (      2.9869 THz )
     13    132.1957 cm^-1  (      3.9631 THz )
     14    146.5064 cm^-1  (      4.3922 THz )
     15    185.3527 cm^-1  (      5.5567 THz )

 # Irred. k point   57 : (  0.1667,  0.2500,  0.4167)
   Mode, Frequency 
      1     34.1992 cm^-1  (      1.0253 THz )
      2     37.2233 cm^-1  (      1.1159 THz )
      3     42.3409 cm^-1  (      1.2693 THz )
      4     45.2471 cm^-1  (      1.3565 THz )
      5     46.0478 cm^-1  (      1.3805 THz )
      6     49.2505 cm^-1  (      1.4765 THz )
      7     62.2498 cm^-1  (      1.8662 THz )
      8     65.0733 cm^-1  (      1.9508 THz )
      9     69.5432 cm^-1  (      2.0849 THz )
     10     73.6215 cm^-1  (      2.2071 THz )
     11     79.4529 cm^-1  (      2.3819 THz )
     12    110.8072 cm^-1  (      3.3219 THz )
     13    126.4156 cm^-1  (      3.7898 THz )
     14    146.2031 cm^-1  (      4.3831 THz )
     15    183.0861 cm^-1  (      5.4888 THz )

 # Irred. k point   58 : (  0.1667,  0.2500, -0.5000)
   Mode, Frequency 
      1     35.0128 cm^-1  (      1.0497 THz )
      2     38.8114 cm^-1  (      1.1635 THz )
      3     43.3074 cm^-1  (      1.2983 THz )
      4     43.4699 cm^-1  (      1.3032 THz )
      5     44.9394 cm^-1  (      1.3473 THz )
      6     49.3189 cm^-1  (      1.4785 THz )
      7     62.4854 cm^-1  (      1.8733 THz )
      8     65.2203 cm^-1  (      1.9553 THz )
      9     69.8335 cm^-1  (      2.0936 THz )
     10     74.1410 cm^-1  (      2.2227 THz )
     11     79.3200 cm^-1  (      2.3780 THz )
     12    119.1034 cm^-1  (      3.5706 THz )
     13    120.4157 cm^-1  (      3.6100 THz )
     14    146.0728 cm^-1  (      4.3792 THz )
     15    182.0562 cm^-1  (      5.4579 THz )

 # Irred. k point   59 : (  0.1667,  0.3333,  0.3333)
   Mode, Frequency 
      1     31.7142 cm^-1  (      0.9508 THz )
      2     36.7475 cm^-1  (      1.1017 THz )
      3     40.9317 cm^-1  (      1.2271 THz )
      4     46.1958 cm^-1  (      1.3849 THz )
      5     47.7505 cm^-1  (      1.4315 THz )
      6     47.8615 cm^-1  (      1.4349 THz )
      7     62.8665 cm^-1  (      1.8847 THz )
      8     66.5199 cm^-1  (      1.9942 THz )
      9     68.5751 cm^-1  (      2.0558 THz )
     10     74.4954 cm^-1  (      2.2333 THz )
     11     85.5642 cm^-1  (      2.5652 THz )
     12    103.9136 cm^-1  (      3.1153 THz )
     13    126.3516 cm^-1  (      3.7879 THz )
     14    145.1901 cm^-1  (      4.3527 THz )
     15    184.3118 cm^-1  (      5.5255 THz )

 # Irred. k point   60 : (  0.1667,  0.3333,  0.4167)
   Mode, Frequency 
      1     31.0195 cm^-1  (      0.9299 THz )
      2     39.0426 cm^-1  (      1.1705 THz )
      3     41.0626 cm^-1  (      1.2310 THz )
      4     44.8661 cm^-1  (      1.3451 THz )
      5     46.4297 cm^-1  (      1.3919 THz )
      6     48.0222 cm^-1  (      1.4397 THz )
      7     63.7053 cm^-1  (      1.9098 THz )
      8     66.8052 cm^-1  (      2.0028 THz )
      9     69.1371 cm^-1  (      2.0727 THz )
     10     75.6900 cm^-1  (      2.2691 THz )
     11     86.1080 cm^-1  (      2.5815 THz )
     12    111.2940 cm^-1  (      3.3365 THz )
     13    122.5143 cm^-1  (      3.6729 THz )
     14    144.2761 cm^-1  (      4.3253 THz )
     15    182.5544 cm^-1  (      5.4728 THz )

 # Irred. k point   61 : (  0.1667,  0.3333, -0.5000)
   Mode, Frequency 
      1     30.6632 cm^-1  (      0.9193 THz )
      2     40.2264 cm^-1  (      1.2060 THz )
      3     42.6713 cm^-1  (      1.2793 THz )
      4     42.8692 cm^-1  (      1.2852 THz )
      5     45.6480 cm^-1  (      1.3685 THz )
      6     48.1512 cm^-1  (      1.4435 THz )
      7     63.9867 cm^-1  (      1.9183 THz )
      8     66.7548 cm^-1  (      2.0013 THz )
      9     69.5301 cm^-1  (      2.0845 THz )
     10     76.0937 cm^-1  (      2.2812 THz )
     11     85.6186 cm^-1  (      2.5668 THz )
     12    115.0757 cm^-1  (      3.4499 THz )
     13    120.8390 cm^-1  (      3.6227 THz )
     14    143.8487 cm^-1  (      4.3125 THz )
     15    181.7017 cm^-1  (      5.4473 THz )

 # Irred. k point   62 : (  0.1667,  0.4167,  0.4167)
   Mode, Frequency 
      1     27.8064 cm^-1  (      0.8336 THz )
      2     40.9110 cm^-1  (      1.2265 THz )
      3     41.5044 cm^-1  (      1.2443 THz )
      4     44.0552 cm^-1  (      1.3207 THz )
      5     46.7049 cm^-1  (      1.4002 THz )
      6     46.9657 cm^-1  (      1.4080 THz )
      7     64.4276 cm^-1  (      1.9315 THz )
      8     68.1459 cm^-1  (      2.0430 THz )
      9     68.8971 cm^-1  (      2.0655 THz )
     10     76.9105 cm^-1  (      2.3057 THz )
     11     84.9315 cm^-1  (      2.5462 THz )
     12    116.0229 cm^-1  (      3.4783 THz )
     13    121.2289 cm^-1  (      3.6343 THz )
     14    142.7608 cm^-1  (      4.2799 THz )
     15    181.1574 cm^-1  (      5.4310 THz )

 # Irred. k point   63 : (  0.1667,  0.4167, -0.5000)
   Mode, Frequency 
      1     26.5130 cm^-1  (      0.7948 THz )
      2     41.8899 cm^-1  (      1.2558 THz )
      3     42.6898 cm^-1  (      1.2798 THz )
      4     42.8672 cm^-1  (      1.2851 THz )
      5     46.1325 cm^-1  (      1.3830 THz )
      6     47.0126 cm^-1  (      1.4094 THz )
      7     64.6409 cm^-1  (      1.9379 THz )
      8     68.3290 cm^-1  (      2.0485 THz )
      9     69.2572 cm^-1  (      2.0763 THz )
     10     77.3156 cm^-1  (      2.3179 THz )
     11     83.2179 cm^-1  (      2.4948 THz )
     12    118.6086 cm^-1  (      3.5558 THz )
     13    121.2182 cm^-1  (      3.6340 THz )
     14    141.9971 cm^-1  (      4.2570 THz )
     15    180.4367 cm^-1  (      5.4094 THz )

 # Irred. k point   64 : (  0.1667, -0.5000, -0.5000)
   Mode, Frequency 
      1     24.8407 cm^-1  (      0.7447 THz )
      2     42.8438 cm^-1  (      1.2844 THz )
      3     42.8550 cm^-1  (      1.2848 THz )
      4     42.8550 cm^-1  (      1.2848 THz )
      5     46.3137 cm^-1  (      1.3884 THz )
      6     46.3137 cm^-1  (      1.3884 THz )
      7     64.8202 cm^-1  (      1.9433 THz )
      8     69.1655 cm^-1  (      2.0735 THz )
      9     69.1655 cm^-1  (      2.0735 THz )
     10     77.7223 cm^-1  (      2.3301 THz )
     11     80.7759 cm^-1  (      2.4216 THz )
     12    121.3709 cm^-1  (      3.6386 THz )
     13    121.3709 cm^-1  (      3.6386 THz )
     14    141.0204 cm^-1  (      4.2277 THz )
     15    179.7660 cm^-1  (      5.3892 THz )

 # Irred. k point   65 : (  0.2500,  0.2500,  0.2500)
   Mode, Frequency 
      1     31.8963 cm^-1  (      0.9562 THz )
      2     31.8963 cm^-1  (      0.9562 THz )
      3     42.5035 cm^-1  (      1.2742 THz )
      4     46.2081 cm^-1  (      1.3853 THz )
      5     47.6381 cm^-1  (      1.4282 THz )
      6     47.6381 cm^-1  (      1.4282 THz )
      7     67.2381 cm^-1  (      2.0157 THz )
      8     67.2381 cm^-1  (      2.0157 THz )
      9     70.1763 cm^-1  (      2.1038 THz )
     10     75.4229 cm^-1  (      2.2611 THz )
     11     75.4229 cm^-1  (      2.2611 THz )
     12     92.4094 cm^-1  (      2.7704 THz )
     13    138.3112 cm^-1  (      4.1465 THz )
     14    138.3112 cm^-1  (      4.1465 THz )
     15    187.8195 cm^-1  (      5.6307 THz )

 # Irred. k point   66 : (  0.2500,  0.2500,  0.3333)
   Mode, Frequency 
      1     33.2528 cm^-1  (      0.9969 THz )
      2     33.6888 cm^-1  (      1.0100 THz )
      3     40.5682 cm^-1  (      1.2162 THz )
      4     45.7309 cm^-1  (      1.3710 THz )
      5     46.1573 cm^-1  (      1.3838 THz )
      6     46.7408 cm^-1  (      1.4013 THz )
      7     67.1820 cm^-1  (      2.0141 THz )
      8     69.8110 cm^-1  (      2.0929 THz )
      9     72.1520 cm^-1  (      2.1631 THz )
     10     75.5687 cm^-1  (      2.2655 THz )
     11     80.4049 cm^-1  (      2.4105 THz )
     12    100.2114 cm^-1  (      3.0043 THz )
     13    130.7871 cm^-1  (      3.9209 THz )
     14    138.3543 cm^-1  (      4.1478 THz )
     15    186.5760 cm^-1  (      5.5934 THz )

 # Irred. k point   67 : (  0.2500,  0.2500,  0.4167)
   Mode, Frequency 
      1     34.8040 cm^-1  (      1.0434 THz )
      2     35.4624 cm^-1  (      1.0631 THz )
      3     40.1304 cm^-1  (      1.2031 THz )
      4     43.6779 cm^-1  (      1.3094 THz )
      5     44.7903 cm^-1  (      1.3428 THz )
      6     46.6573 cm^-1  (      1.3988 THz )
      7     66.7270 cm^-1  (      2.0004 THz )
      8     71.8191 cm^-1  (      2.1531 THz )
      9     73.5217 cm^-1  (      2.2041 THz )
     10     75.3749 cm^-1  (      2.2597 THz )
     11     81.1406 cm^-1  (      2.4325 THz )
     12    109.7415 cm^-1  (      3.2900 THz )
     13    124.7354 cm^-1  (      3.7395 THz )
     14    138.3904 cm^-1  (      4.1488 THz )
     15    184.7222 cm^-1  (      5.5378 THz )

 # Irred. k point   68 : (  0.2500,  0.2500, -0.5000)
   Mode, Frequency 
      1     34.9844 cm^-1  (      1.0488 THz )
      2     36.8622 cm^-1  (      1.1051 THz )
      3     41.3049 cm^-1  (      1.2383 THz )
      4     41.8331 cm^-1  (      1.2541 THz )
      5     43.7993 cm^-1  (      1.3131 THz )
      6     46.5936 cm^-1  (      1.3968 THz )
      7     66.5907 cm^-1  (      1.9963 THz )
      8     72.7350 cm^-1  (      2.1805 THz )
      9     73.9776 cm^-1  (      2.2178 THz )
     10     75.0985 cm^-1  (      2.2514 THz )
     11     81.1029 cm^-1  (      2.4314 THz )
     12    115.3119 cm^-1  (      3.4570 THz )
     13    120.8076 cm^-1  (      3.6217 THz )
     14    138.4046 cm^-1  (      4.1493 THz )
     15    183.8427 cm^-1  (      5.5115 THz )

 # Irred. k point   69 : (  0.2500,  0.3333,  0.3333)
   Mode, Frequency 
      1     32.3587 cm^-1  (      0.9701 THz )
      2     35.0110 cm^-1  (      1.0496 THz )
      3     38.3749 cm^-1  (      1.1505 THz )
      4     44.1706 cm^-1  (      1.3242 THz )
      5     44.5602 cm^-1  (      1.3359 THz )
      6     46.5352 cm^-1  (      1.3951 THz )
      7     69.9178 cm^-1  (      2.0961 THz )
      8     70.2312 cm^-1  (      2.1055 THz )
      9     73.7965 cm^-1  (      2.2124 THz )
     10     77.4878 cm^-1  (      2.3230 THz )
     11     85.0799 cm^-1  (      2.5506 THz )
     12    104.2517 cm^-1  (      3.1254 THz )
     13    126.6770 cm^-1  (      3.7977 THz )
     14    134.8677 cm^-1  (      4.0432 THz )
     15    185.8410 cm^-1  (      5.5714 THz )

 # Irred. k point   70 : (  0.2500,  0.3333,  0.4167)
   Mode, Frequency 
      1     31.2395 cm^-1  (      0.9365 THz )
      2     36.2689 cm^-1  (      1.0873 THz )
      3     38.2325 cm^-1  (      1.1462 THz )
      4     42.4952 cm^-1  (      1.2740 THz )
      5     43.8319 cm^-1  (      1.3140 THz )
      6     45.8460 cm^-1  (      1.3744 THz )
      7     69.6270 cm^-1  (      2.0874 THz )
      8     72.1038 cm^-1  (      2.1616 THz )
      9     75.1669 cm^-1  (      2.2534 THz )
     10     77.4129 cm^-1  (      2.3208 THz )
     11     85.5236 cm^-1  (      2.5639 THz )
     12    110.8366 cm^-1  (      3.3228 THz )
     13    122.8124 cm^-1  (      3.6818 THz )
     14    133.9599 cm^-1  (      4.0160 THz )
     15    184.3404 cm^-1  (      5.5264 THz )

 # Irred. k point   71 : (  0.2500,  0.3333, -0.5000)
   Mode, Frequency 
      1     30.6928 cm^-1  (      0.9201 THz )
      2     36.8325 cm^-1  (      1.1042 THz )
      3     39.0514 cm^-1  (      1.1707 THz )
      4     41.3691 cm^-1  (      1.2402 THz )
      5     43.5633 cm^-1  (      1.3060 THz )
      6     45.3926 cm^-1  (      1.3608 THz )
      7     69.4545 cm^-1  (      2.0822 THz )
      8     72.8949 cm^-1  (      2.1853 THz )
      9     75.6553 cm^-1  (      2.2681 THz )
     10     77.2586 cm^-1  (      2.3162 THz )
     11     85.0150 cm^-1  (      2.5487 THz )
     12    114.0038 cm^-1  (      3.4177 THz )
     13    121.2898 cm^-1  (      3.6362 THz )
     14    133.6897 cm^-1  (      4.0079 THz )
     15    183.5881 cm^-1  (      5.5038 THz )

 # Irred. k point   72 : (  0.2500,  0.4167,  0.4167)
   Mode, Frequency 
      1     27.6586 cm^-1  (      0.8292 THz )
      2     37.3128 cm^-1  (      1.1186 THz )
      3     37.5914 cm^-1  (      1.1270 THz )
      4     41.9810 cm^-1  (      1.2586 THz )
      5     43.2863 cm^-1  (      1.2977 THz )
      6     44.9476 cm^-1  (      1.3475 THz )
      7     71.6112 cm^-1  (      2.1468 THz )
      8     71.9111 cm^-1  (      2.1558 THz )
      9     76.4896 cm^-1  (      2.2931 THz )
     10     77.4368 cm^-1  (      2.3215 THz )
     11     84.3217 cm^-1  (      2.5279 THz )
     12    115.7159 cm^-1  (      3.4691 THz )
     13    121.7975 cm^-1  (      3.6514 THz )
     14    131.6163 cm^-1  (      3.9458 THz )
     15    183.0895 cm^-1  (      5.4889 THz )

 # Irred. k point   73 : (  0.2500,  0.4167, -0.5000)
   Mode, Frequency 
      1     26.2401 cm^-1  (      0.7867 THz )
      2     37.4419 cm^-1  (      1.1225 THz )
      3     37.9267 cm^-1  (      1.1370 THz )
      4     41.7233 cm^-1  (      1.2508 THz )
      5     43.3968 cm^-1  (      1.3010 THz )
      6     44.2459 cm^-1  (      1.3265 THz )
      7     71.6020 cm^-1  (      2.1466 THz )
      8     72.6708 cm^-1  (      2.1786 THz )
      9     76.9587 cm^-1  (      2.3072 THz )
     10     77.3286 cm^-1  (      2.3183 THz )
     11     82.7389 cm^-1  (      2.4805 THz )
     12    118.4328 cm^-1  (      3.5505 THz )
     13    121.6964 cm^-1  (      3.6484 THz )
     14    130.5740 cm^-1  (      3.9145 THz )
     15    182.4290 cm^-1  (      5.4691 THz )

 # Irred. k point   74 : (  0.2500, -0.5000, -0.5000)
   Mode, Frequency 
      1     24.4476 cm^-1  (      0.7329 THz )
      2     37.6696 cm^-1  (      1.1293 THz )
      3     37.6696 cm^-1  (      1.1293 THz )
      4     42.3770 cm^-1  (      1.2704 THz )
      5     43.3363 cm^-1  (      1.2992 THz )
      6     43.3363 cm^-1  (      1.2992 THz )
      7     72.5954 cm^-1  (      2.1764 THz )
      8     72.5954 cm^-1  (      2.1764 THz )
      9     77.2639 cm^-1  (      2.3163 THz )
     10     77.3950 cm^-1  (      2.3202 THz )
     11     80.5273 cm^-1  (      2.4141 THz )
     12    121.8559 cm^-1  (      3.6531 THz )
     13    121.8559 cm^-1  (      3.6531 THz )
     14    128.6977 cm^-1  (      3.8583 THz )
     15    181.8026 cm^-1  (      5.4503 THz )

 # Irred. k point   75 : (  0.3333,  0.3333,  0.3333)
   Mode, Frequency 
      1     32.9582 cm^-1  (      0.9881 THz )
      2     32.9582 cm^-1  (      0.9881 THz )
      3     34.9772 cm^-1  (      1.0486 THz )
      4     42.7114 cm^-1  (      1.2805 THz )
      5     42.7114 cm^-1  (      1.2805 THz )
      6     45.9884 cm^-1  (      1.3787 THz )
      7     72.6280 cm^-1  (      2.1773 THz )
      8     72.6280 cm^-1  (      2.1773 THz )
      9     73.5812 cm^-1  (      2.2059 THz )
     10     84.4764 cm^-1  (      2.5325 THz )
     11     84.4764 cm^-1  (      2.5325 THz )
     12    107.0760 cm^-1  (      3.2101 THz )
     13    127.0262 cm^-1  (      3.8081 THz )
     14    127.0262 cm^-1  (      3.8081 THz )
     15    185.3788 cm^-1  (      5.5575 THz )

 # Irred. k point   76 : (  0.3333,  0.3333,  0.4167)
   Mode, Frequency 
      1     31.3552 cm^-1  (      0.9400 THz )
      2     31.7519 cm^-1  (      0.9519 THz )
      3     34.4737 cm^-1  (      1.0335 THz )
      4     41.4868 cm^-1  (      1.2437 THz )
      5     42.4994 cm^-1  (      1.2741 THz )
      6     44.9509 cm^-1  (      1.3476 THz )
      7     72.4465 cm^-1  (      2.1719 THz )
      8     74.4912 cm^-1  (      2.2332 THz )
      9     74.8663 cm^-1  (      2.2444 THz )
     10     83.8931 cm^-1  (      2.5151 THz )
     11     85.0013 cm^-1  (      2.5483 THz )
     12    112.0280 cm^-1  (      3.3585 THz )
     13    122.8738 cm^-1  (      3.6837 THz )
     14    127.2970 cm^-1  (      3.8163 THz )
     15    184.0768 cm^-1  (      5.5185 THz )

 # Irred. k point   77 : (  0.3333,  0.3333, -0.5000)
   Mode, Frequency 
      1     30.2943 cm^-1  (      0.9082 THz )
      2     31.4735 cm^-1  (      0.9436 THz )
      3     34.8149 cm^-1  (      1.0437 THz )
      4     40.9764 cm^-1  (      1.2284 THz )
      5     42.7841 cm^-1  (      1.2826 THz )
      6     44.1742 cm^-1  (      1.3243 THz )
      7     72.2746 cm^-1  (      2.1667 THz )
      8     75.1864 cm^-1  (      2.2540 THz )
      9     75.3824 cm^-1  (      2.2599 THz )
     10     83.6282 cm^-1  (      2.5071 THz )
     11     84.2925 cm^-1  (      2.5270 THz )
     12    114.2574 cm^-1  (      3.4254 THz )
     13    121.8051 cm^-1  (      3.6516 THz )
     14    127.3993 cm^-1  (      3.8193 THz )
     15    183.3981 cm^-1  (      5.4981 THz )

 # Irred. k point   78 : (  0.3333,  0.4167,  0.4167)
   Mode, Frequency 
      1     27.5336 cm^-1  (      0.8254 THz )
      2     31.7815 cm^-1  (      0.9528 THz )
      3     31.9372 cm^-1  (      0.9575 THz )
      4     41.3037 cm^-1  (      1.2383 THz )
      5     41.9847 cm^-1  (      1.2587 THz )
      6     43.8603 cm^-1  (      1.3149 THz )
      7     74.2211 cm^-1  (      2.2251 THz )
      8     74.4751 cm^-1  (      2.2327 THz )
      9     76.1747 cm^-1  (      2.2837 THz )
     10     83.6350 cm^-1  (      2.5073 THz )
     11     84.0164 cm^-1  (      2.5187 THz )
     12    115.9562 cm^-1  (      3.4763 THz )
     13    122.3946 cm^-1  (      3.6693 THz )
     14    124.9247 cm^-1  (      3.7451 THz )
     15    182.9124 cm^-1  (      5.4836 THz )

 # Irred. k point   79 : (  0.3333,  0.4167, -0.5000)
   Mode, Frequency 
      1     25.9706 cm^-1  (      0.7786 THz )
      2     31.0044 cm^-1  (      0.9295 THz )
      3     31.9764 cm^-1  (      0.9586 THz )
      4     41.1793 cm^-1  (      1.2345 THz )
      5     42.2881 cm^-1  (      1.2678 THz )
      6     43.0293 cm^-1  (      1.2900 THz )
      7     74.2073 cm^-1  (      2.2247 THz )
      8     75.0911 cm^-1  (      2.2512 THz )
      9     76.6816 cm^-1  (      2.2989 THz )
     10     82.1745 cm^-1  (      2.4635 THz )
     11     83.7913 cm^-1  (      2.5120 THz )
     12    118.0843 cm^-1  (      3.5401 THz )
     13    122.2205 cm^-1  (      3.6641 THz )
     14    124.4131 cm^-1  (      3.7298 THz )
     15    182.2836 cm^-1  (      5.4647 THz )

 # Irred. k point   80 : (  0.3333, -0.5000, -0.5000)
   Mode, Frequency 
      1     24.0479 cm^-1  (      0.7209 THz )
      2     31.0218 cm^-1  (      0.9300 THz )
      3     31.0218 cm^-1  (      0.9300 THz )
      4     41.7520 cm^-1  (      1.2517 THz )
      5     42.1111 cm^-1  (      1.2625 THz )
      6     42.1111 cm^-1  (      1.2625 THz )
      7     75.0329 cm^-1  (      2.2494 THz )
      8     75.0329 cm^-1  (      2.2494 THz )
      9     77.1436 cm^-1  (      2.3127 THz )
     10     80.2779 cm^-1  (      2.4067 THz )
     11     83.5763 cm^-1  (      2.5056 THz )
     12    121.5032 cm^-1  (      3.6426 THz )
     13    122.3803 cm^-1  (      3.6689 THz )
     14    122.3803 cm^-1  (      3.6689 THz )
     15    181.6726 cm^-1  (      5.4464 THz )

 # Irred. k point   81 : (  0.4167,  0.4167,  0.4167)
   Mode, Frequency 
      1     27.2943 cm^-1  (      0.8183 THz )
      2     27.5646 cm^-1  (      0.8264 THz )
      3     27.5646 cm^-1  (      0.8264 THz )
      4     41.2303 cm^-1  (      1.2361 THz )
      5     41.2303 cm^-1  (      1.2361 THz )
      6     42.7542 cm^-1  (      1.2817 THz )
      7     75.9236 cm^-1  (      2.2761 THz )
      8     75.9236 cm^-1  (      2.2761 THz )
      9     76.0230 cm^-1  (      2.2791 THz )
     10     83.0327 cm^-1  (      2.4893 THz )
     11     83.0327 cm^-1  (      2.4893 THz )
     12    118.5162 cm^-1  (      3.5530 THz )
     13    122.8490 cm^-1  (      3.6829 THz )
     14    122.8490 cm^-1  (      3.6829 THz )
     15    181.7995 cm^-1  (      5.4502 THz )

 # Irred. k point   82 : (  0.4167,  0.4167, -0.5000)
   Mode, Frequency 
      1     25.6111 cm^-1  (      0.7678 THz )
      2     26.0028 cm^-1  (      0.7795 THz )
      3     27.4557 cm^-1  (      0.8231 THz )
      4     40.9585 cm^-1  (      1.2279 THz )
      5     41.5478 cm^-1  (      1.2456 THz )
      6     41.9908 cm^-1  (      1.2589 THz )
      7     75.8630 cm^-1  (      2.2743 THz )
      8     76.5180 cm^-1  (      2.2940 THz )
      9     76.5410 cm^-1  (      2.2946 THz )
     10     81.3760 cm^-1  (      2.4396 THz )
     11     82.7727 cm^-1  (      2.4815 THz )
     12    120.0592 cm^-1  (      3.5993 THz )
     13    122.6318 cm^-1  (      3.6764 THz )
     14    123.0188 cm^-1  (      3.6880 THz )
     15    181.1871 cm^-1  (      5.4319 THz )

 # Irred. k point   83 : (  0.4167, -0.5000, -0.5000)
   Mode, Frequency 
      1     23.7511 cm^-1  (      0.7120 THz )
      2     25.7402 cm^-1  (      0.7717 THz )
      3     25.7402 cm^-1  (      0.7717 THz )
      4     41.1937 cm^-1  (      1.2350 THz )
      5     41.2764 cm^-1  (      1.2374 THz )
      6     41.2764 cm^-1  (      1.2374 THz )
      7     76.4842 cm^-1  (      2.2929 THz )
      8     76.4842 cm^-1  (      2.2929 THz )
      9     77.0064 cm^-1  (      2.3086 THz )
     10     80.0948 cm^-1  (      2.4012 THz )
     11     81.9854 cm^-1  (      2.4579 THz )
     12    121.6780 cm^-1  (      3.6478 THz )
     13    122.7879 cm^-1  (      3.6811 THz )
     14    122.7879 cm^-1  (      3.6811 THz )
     15    180.5793 cm^-1  (      5.4136 THz )

 # Irred. k point   84 : ( -0.5000, -0.5000, -0.5000)
   Mode, Frequency 
      1     23.6416 cm^-1  (      0.7088 THz )
      2     23.6416 cm^-1  (      0.7088 THz )
      3     23.6416 cm^-1  (      0.7088 THz )
      4     40.9680 cm^-1  (      1.2282 THz )
      5     40.9681 cm^-1  (      1.2282 THz )
      6     40.9681 cm^-1  (      1.2282 THz )
      7     76.9657 cm^-1  (      2.3074 THz )
      8     76.9657 cm^-1  (      2.3074 THz )
      9     76.9657 cm^-1  (      2.3074 THz )
     10     80.0277 cm^-1  (      2.3992 THz )
     11     80.0277 cm^-1  (      2.3992 THz )
     12    122.9419 cm^-1  (      3.6857 THz )
     13    122.9419 cm^-1  (      3.6857 THz )
     14    122.9419 cm^-1  (      3.6857 THz )
     15    179.9706 cm^-1  (      5.3954 THz )


 -----------------------------------------------------------------

 ANIME-tag is given: Making animation files for the given
                     k point ( 0.0000, 0.0000, 0.0000).
 ANIME_CELLSIZE =   2  2  2
 ANIME_FORMAT = XSF

 -----------------------------------------------------------------

 The following files are created: 
  pc_dos.phvel_all   : Phonon velocity at all k points
  pc_dos.dos         : Phonon DOS and atom projected DOS
  pc_dos.tdos        : Two-phonon DOS
  pc_dos.sps_Bose    : Three-phonon scattering phase space 
                       with the Bose distribution function
  pc_dos.thermo      : Thermodynamic quantities
  pc_dos.msd         : Mean-square-displacement (MSD)
  pc_dos.gru_all     : Gruneisen parameters at all k points
  pc_dos.anime*.axsf : AXSF files for animate phonon modes

 Job finished at Sun Dec 13 23:07:54 2020

