 +-----------------------------------------------------------------+
 +                         Program ANPHON                          +
 +                             Ver.  1.1.0                         +
 +-----------------------------------------------------------------+

 Job started at Tue Oct 27 16:45:05 2020

 The number of MPI processes: 1
 The number of OpenMP threads: 24


 Input variables:
 -----------------------------------------------------------------
 General:
  PREFIX = pc_dos
  MODE = PHONONS
  FCSXML = uc.xml
  FC2XML = uc_2nd_300K.xml

  NKD = 3; KD =   Br  Ca  Cs
  MASS =     79.904    40.078    132.91
  NSYM = 0; TOLERANCE = 1e-06; PRINTSYM = 0

  NONANALYTIC = 3
  BORNINFO = BORN; NA_SIGMA = 0.1

  TMIN = 0; TMAX = 1000; DT = 10
  EMIN = 0; EMAX = 1200; DELTA_E = 2

  ISMEAR = -1; EPSILON = 2

  CLASSICAL = 0
  BCONNECT = 2


 Kpoint:
  KPMODE (1st entry for &kpoint) = 2


 Analysis:
  PRINTVEL = 1
  PRINTVEC = 0
  PRINTXSF = 0

  ANIME =     0    0    0
  ANIME_CELL =     2    2    2
  ANIME_FORMAT = XSF

  PDOS = 1; TDOS = 1
  PRINTMSD = 1
  SPS = 2

  GRUNEISEN = 1
  NEWFCS = 0


 -----------------------------------------------------------------

                      MODE = phonons                         
                                                             
      Phonon calculation within harmonic approximation       
      Harmonic force constants will be used.                 

      GRUNEISEN = 1 : Cubic force constants are necessary.

 -----------------------------------------------------------------

 Crystal structure
 =================

 Lattice Vectors:

 * Supercell (from uc.xml )

    2.134264e+01   0.000000e+00   0.000000e+00 : a1
    0.000000e+00   2.134264e+01   0.000000e+00 : a2
    0.000000e+00   0.000000e+00   2.134264e+01 : a3

    2.943959e-01   0.000000e+00   0.000000e+00 : b1
    0.000000e+00   2.943959e-01   0.000000e+00 : b2
    0.000000e+00   0.000000e+00   2.943959e-01 : b3

 * Primitive cell 

    1.067132e+01   0.000000e+00   0.000000e+00 : a1
    0.000000e+00   1.067132e+01   0.000000e+00 : a2
    0.000000e+00   0.000000e+00   1.067132e+01 : a3

    5.887919e-01   0.000000e+00   0.000000e+00 : b1
    0.000000e+00   5.887919e-01   0.000000e+00 : b2
    0.000000e+00   0.000000e+00   5.887919e-01 : b3


  Volume of the primitive cell : 1.215218e+03 (a.u.)^3

  Number of atoms in the supercell     : 40
  Number of atoms in the primitive cell: 5


  FC2XML is given: Harmonic IFCs will be replaced by the values in uc_2nd_300K.xml

 * Supercell for HARMONIC (from uc_2nd_300K.xml )

    2.134264e+01   0.000000e+00   0.000000e+00 : a1
    0.000000e+00   2.134264e+01   0.000000e+00 : a2
    0.000000e+00   0.000000e+00   2.134264e+01 : a3

    2.943959e-01   0.000000e+00   0.000000e+00 : b1
    0.000000e+00   2.943959e-01   0.000000e+00 : b2
    0.000000e+00   0.000000e+00   2.943959e-01 : b3

  Number of atoms in the supercell (HARMONIC)   : 40

  Atomic positions in the primitive cell (fractional):
   1:   0.000000e+00   5.000000e-01   5.000000e-01  Br
   2:   5.000000e-01   0.000000e+00   5.000000e-01  Br
   3:   5.000000e-01   5.000000e-01   0.000000e+00  Br
   4:   5.000000e-01   5.000000e-01   5.000000e-01  Ca
   5:   0.000000e+00   0.000000e+00   0.000000e+00  Cs

  Mass of atomic species (u):
  Br:   79.904000
  Ca:   40.078000
  Cs:  132.910000


 Symmetry
 ========

  NSYM = 0 is given: Trying to find symmetry operations.
  Number of symmetry operations : 48

 k points
 ========

  KPMODE = 2: Uniform grid
  Gamma-centered uniform grid with the following mesh density: 
  nk1:  12
  nk2:  12
  nk3:  12

  Number of k points : 1728
  Number of irreducible k points : 84

  List of irreducible k points (reciprocal coordinate, weight) : 
      1:   0.00000e+00   0.00000e+00   0.00000e+00   0.000579
      2:   0.00000e+00   0.00000e+00   8.33333e-02   0.003472
      3:   0.00000e+00   0.00000e+00   1.66667e-01   0.003472
      4:   0.00000e+00   0.00000e+00   2.50000e-01   0.003472
      5:   0.00000e+00   0.00000e+00   3.33333e-01   0.003472
      6:   0.00000e+00   0.00000e+00   4.16667e-01   0.003472
      7:   0.00000e+00   0.00000e+00  -5.00000e-01   0.001736
      8:   0.00000e+00   8.33333e-02   8.33333e-02   0.006944
      9:   0.00000e+00   8.33333e-02   1.66667e-01   0.013889
     10:   0.00000e+00   8.33333e-02   2.50000e-01   0.013889
     11:   0.00000e+00   8.33333e-02   3.33333e-01   0.013889
     12:   0.00000e+00   8.33333e-02   4.16667e-01   0.013889
     13:   0.00000e+00   8.33333e-02  -5.00000e-01   0.006944
     14:   0.00000e+00   1.66667e-01   1.66667e-01   0.006944
     15:   0.00000e+00   1.66667e-01   2.50000e-01   0.013889
     16:   0.00000e+00   1.66667e-01   3.33333e-01   0.013889
     17:   0.00000e+00   1.66667e-01   4.16667e-01   0.013889
     18:   0.00000e+00   1.66667e-01  -5.00000e-01   0.006944
     19:   0.00000e+00   2.50000e-01   2.50000e-01   0.006944
     20:   0.00000e+00   2.50000e-01   3.33333e-01   0.013889
     21:   0.00000e+00   2.50000e-01   4.16667e-01   0.013889
     22:   0.00000e+00   2.50000e-01  -5.00000e-01   0.006944
     23:   0.00000e+00   3.33333e-01   3.33333e-01   0.006944
     24:   0.00000e+00   3.33333e-01   4.16667e-01   0.013889
     25:   0.00000e+00   3.33333e-01  -5.00000e-01   0.006944
     26:   0.00000e+00   4.16667e-01   4.16667e-01   0.006944
     27:   0.00000e+00   4.16667e-01  -5.00000e-01   0.006944
     28:   0.00000e+00  -5.00000e-01  -5.00000e-01   0.001736
     29:   8.33333e-02   8.33333e-02   8.33333e-02   0.004630
     30:   8.33333e-02   8.33333e-02   1.66667e-01   0.013889
     31:   8.33333e-02   8.33333e-02   2.50000e-01   0.013889
     32:   8.33333e-02   8.33333e-02   3.33333e-01   0.013889
     33:   8.33333e-02   8.33333e-02   4.16667e-01   0.013889
     34:   8.33333e-02   8.33333e-02  -5.00000e-01   0.006944
     35:   8.33333e-02   1.66667e-01   1.66667e-01   0.013889
     36:   8.33333e-02   1.66667e-01   2.50000e-01   0.027778
     37:   8.33333e-02   1.66667e-01   3.33333e-01   0.027778
     38:   8.33333e-02   1.66667e-01   4.16667e-01   0.027778
     39:   8.33333e-02   1.66667e-01  -5.00000e-01   0.013889
     40:   8.33333e-02   2.50000e-01   2.50000e-01   0.013889
     41:   8.33333e-02   2.50000e-01   3.33333e-01   0.027778
     42:   8.33333e-02   2.50000e-01   4.16667e-01   0.027778
     43:   8.33333e-02   2.50000e-01  -5.00000e-01   0.013889
     44:   8.33333e-02   3.33333e-01   3.33333e-01   0.013889
     45:   8.33333e-02   3.33333e-01   4.16667e-01   0.027778
     46:   8.33333e-02   3.33333e-01  -5.00000e-01   0.013889
     47:   8.33333e-02   4.16667e-01   4.16667e-01   0.013889
     48:   8.33333e-02   4.16667e-01  -5.00000e-01   0.013889
     49:   8.33333e-02  -5.00000e-01  -5.00000e-01   0.003472
     50:   1.66667e-01   1.66667e-01   1.66667e-01   0.004630
     51:   1.66667e-01   1.66667e-01   2.50000e-01   0.013889
     52:   1.66667e-01   1.66667e-01   3.33333e-01   0.013889
     53:   1.66667e-01   1.66667e-01   4.16667e-01   0.013889
     54:   1.66667e-01   1.66667e-01  -5.00000e-01   0.006944
     55:   1.66667e-01   2.50000e-01   2.50000e-01   0.013889
     56:   1.66667e-01   2.50000e-01   3.33333e-01   0.027778
     57:   1.66667e-01   2.50000e-01   4.16667e-01   0.027778
     58:   1.66667e-01   2.50000e-01  -5.00000e-01   0.013889
     59:   1.66667e-01   3.33333e-01   3.33333e-01   0.013889
     60:   1.66667e-01   3.33333e-01   4.16667e-01   0.027778
     61:   1.66667e-01   3.33333e-01  -5.00000e-01   0.013889
     62:   1.66667e-01   4.16667e-01   4.16667e-01   0.013889
     63:   1.66667e-01   4.16667e-01  -5.00000e-01   0.013889
     64:   1.66667e-01  -5.00000e-01  -5.00000e-01   0.003472
     65:   2.50000e-01   2.50000e-01   2.50000e-01   0.004630
     66:   2.50000e-01   2.50000e-01   3.33333e-01   0.013889
     67:   2.50000e-01   2.50000e-01   4.16667e-01   0.013889
     68:   2.50000e-01   2.50000e-01  -5.00000e-01   0.006944
     69:   2.50000e-01   3.33333e-01   3.33333e-01   0.013889
     70:   2.50000e-01   3.33333e-01   4.16667e-01   0.027778
     71:   2.50000e-01   3.33333e-01  -5.00000e-01   0.013889
     72:   2.50000e-01   4.16667e-01   4.16667e-01   0.013889
     73:   2.50000e-01   4.16667e-01  -5.00000e-01   0.013889
     74:   2.50000e-01  -5.00000e-01  -5.00000e-01   0.003472
     75:   3.33333e-01   3.33333e-01   3.33333e-01   0.004630
     76:   3.33333e-01   3.33333e-01   4.16667e-01   0.013889
     77:   3.33333e-01   3.33333e-01  -5.00000e-01   0.006944
     78:   3.33333e-01   4.16667e-01   4.16667e-01   0.013889
     79:   3.33333e-01   4.16667e-01  -5.00000e-01   0.013889
     80:   3.33333e-01  -5.00000e-01  -5.00000e-01   0.003472
     81:   4.16667e-01   4.16667e-01   4.16667e-01   0.004630
     82:   4.16667e-01   4.16667e-01  -5.00000e-01   0.006944
     83:   4.16667e-01  -5.00000e-01  -5.00000e-01   0.003472
     84:  -5.00000e-01  -5.00000e-01  -5.00000e-01   0.000579

 Force constant
 ==============

  Reading force constants from the XML file ... done !
  Number of non-zero IFCs for 2 order: 1593
  Number of non-zero IFCs for 3 order: 314004

  Maximum deviation from the translational invariance: 
   Order 2 : 3.098650e-16
   Order 3 : 1.984293e-16


 Dynamical matrix
 ================

  NONANALYTIC = 3 : Non-analytic part of the dynamical matrix will be included 
                    by the Ewald method.

  Dielectric constants and Born effective charges are read from BORN.

  Dielectric constant tensor in Cartesian coordinate : 
   3.140051e+00   0.000000e+00   0.000000e+00
   0.000000e+00   3.140051e+00   0.000000e+00
   0.000000e+00  -0.000000e+00   3.140051e+00

  Born effective charge tensor in Cartesian coordinate
  Atom    1( Br) :
      -2.045100      -0.000000       0.000000
       0.000000      -0.891350       0.000000
       0.000000      -0.000000      -0.891350
  Atom    2( Br) :
      -0.891350      -0.000000      -0.000000
       0.000000      -2.045100      -0.000000
       0.000000      -0.000000      -0.891350
  Atom    3( Br) :
      -0.891350      -0.000000      -0.000000
       0.000000      -0.891350      -0.000000
      -0.000000       0.000000      -2.045100
  Atom    4( Ca) :
       2.474970      -0.000000      -0.000000
      -0.000000       2.474970       0.000000
      -0.000000       0.000000       2.474970
  Atom    5( Cs) :
       1.352820       0.000000      -0.000000
       0.000000       1.352820       0.000000
      -0.000000       0.000000       1.352820

  WARNING: Born effective charges do not satisfy the acoustic sum rule.
           The born effective charges are modified to satisfy the ASR.

  Symmetrized Born effective charge tensor in Cartesian coordinate.
  Atom    1( Br) :
      -2.045098       0.000000       0.000000
       0.000000      -0.891348       0.000000
       0.000000       0.000000      -0.891348
  Atom    2( Br) :
      -0.891348       0.000000       0.000000
       0.000000      -2.045098       0.000000
       0.000000       0.000000      -0.891348
  Atom    3( Br) :
      -0.891348       0.000000       0.000000
       0.000000      -0.891348       0.000000
       0.000000       0.000000      -2.045098
  Atom    4( Ca) :
       2.474972       0.000000       0.000000
       0.000000       2.474972       0.000000
       0.000000       0.000000       2.474972
  Atom    5( Cs) :
       1.352822       0.000000       0.000000
       0.000000       1.352822       0.000000
       0.000000       0.000000       1.352822

 -----------------------------------------------------------------


  Preparing for the Ewald summation ...

  Inverse dielectric tensor : 
   3.184662e-01  -0.000000e+00   0.000000e+00
   0.000000e+00   3.184662e-01   0.000000e+00
  -0.000000e+00   0.000000e+00   3.184662e-01

  Determinant of epsilon:    3.096065e+01

  Parameters for the Ewald summation :
  - Force constant
    Lambda :    1.639188e-01
    Lmax   :    5.682482e+01
    Gmax   :    9.724984e-01
    Maximum number of real-space cells :   3x  3x  3
    Maximum number of reciprocal cells :   4x  4x  4

  - Dynamical matrix
    Lambda :    3.278376e-01
    Lmax   :    2.841241e+01
    Gmax   :    1.944997e+00
    Maximum number of real-space cells :   3x  3x  3
    Maximum number of reciprocal cells :   4x  4x  4

 Calculating long-range (dipole-dipole) FCs in the supercell ... done.
 Now, move on to phonon calculations.

 Diagonalizing dynamical matrices for all k points ... done!
 Calculating group velocities of phonons on uniform grid ... done!

 ISMEAR = -1: Tetrahedron method will be used.

 PDOS = 1 : Calculating atom-projected phonon DOS ...  done!
 TDOS = 1 : Calculating two-phonon DOS for all irreducible k points.
            This may take a while ... done!
 SPS = 2 : Calculating three-phonon scattering phase space
           with the Bose distribution function ... done!

 GRUNEISEN = 1 : Calculating Gruneisen parameters ... done!

 -----------------------------------------------------------------

 Phonon frequencies below:

 # Irred. k point    1 : (  0.0000,  0.0000,  0.0000)
   Mode, Frequency 
      1      0.0000 cm^-1  (      0.0000 THz )
      2      0.0000 cm^-1  (      0.0000 THz )
      3      0.0000 cm^-1  (      0.0000 THz )
      4     45.5082 cm^-1  (      1.3643 THz )
      5     45.5082 cm^-1  (      1.3643 THz )
      6     45.5082 cm^-1  (      1.3643 THz )
      7     46.2036 cm^-1  (      1.3851 THz )
      8     46.2036 cm^-1  (      1.3851 THz )
      9     46.2036 cm^-1  (      1.3851 THz )
     10     73.3461 cm^-1  (      2.1989 THz )
     11     73.3461 cm^-1  (      2.1989 THz )
     12     73.3461 cm^-1  (      2.1989 THz )
     13    205.3812 cm^-1  (      6.1572 THz )
     14    205.3812 cm^-1  (      6.1572 THz )
     15    205.3812 cm^-1  (      6.1572 THz )

 # Irred. k point    2 : (  0.0000,  0.0000,  0.0833)
   Mode, Frequency 
      1      7.7421 cm^-1  (      0.2321 THz )
      2      7.7421 cm^-1  (      0.2321 THz )
      3     17.2983 cm^-1  (      0.5186 THz )
      4     45.3681 cm^-1  (      1.3601 THz )
      5     45.3681 cm^-1  (      1.3601 THz )
      6     46.4094 cm^-1  (      1.3913 THz )
      7     46.5274 cm^-1  (      1.3949 THz )
      8     46.5274 cm^-1  (      1.3949 THz )
      9     57.9914 cm^-1  (      1.7385 THz )
     10     73.2345 cm^-1  (      2.1955 THz )
     11     73.2345 cm^-1  (      2.1955 THz )
     12     86.5658 cm^-1  (      2.5952 THz )
     13    205.3981 cm^-1  (      6.1577 THz )
     14    205.3981 cm^-1  (      6.1577 THz )
     15    244.1664 cm^-1  (      7.3199 THz )

 # Irred. k point    3 : (  0.0000,  0.0000,  0.1667)
   Mode, Frequency 
      1     15.1005 cm^-1  (      0.4527 THz )
      2     15.1005 cm^-1  (      0.4527 THz )
      3     29.7817 cm^-1  (      0.8928 THz )
      4     44.6964 cm^-1  (      1.3400 THz )
      5     44.6964 cm^-1  (      1.3400 THz )
      6     46.9664 cm^-1  (      1.4080 THz )
      7     47.6709 cm^-1  (      1.4291 THz )
      8     47.6709 cm^-1  (      1.4291 THz )
      9     64.4726 cm^-1  (      1.9328 THz )
     10     72.9012 cm^-1  (      2.1855 THz )
     11     72.9012 cm^-1  (      2.1855 THz )
     12     95.2191 cm^-1  (      2.8546 THz )
     13    205.4446 cm^-1  (      6.1591 THz )
     14    205.4446 cm^-1  (      6.1591 THz )
     15    240.0778 cm^-1  (      7.1974 THz )

 # Irred. k point    4 : (  0.0000,  0.0000,  0.2500)
   Mode, Frequency 
      1     21.7544 cm^-1  (      0.6522 THz )
      2     21.7544 cm^-1  (      0.6522 THz )
      3     38.2958 cm^-1  (      1.1481 THz )
      4     43.4723 cm^-1  (      1.3033 THz )
      5     43.4723 cm^-1  (      1.3033 THz )
      6     47.7155 cm^-1  (      1.4305 THz )
      7     49.4101 cm^-1  (      1.4813 THz )
      8     49.4101 cm^-1  (      1.4813 THz )
      9     67.0469 cm^-1  (      2.0100 THz )
     10     72.3647 cm^-1  (      2.1694 THz )
     11     72.3647 cm^-1  (      2.1694 THz )
     12    112.3766 cm^-1  (      3.3690 THz )
     13    205.5085 cm^-1  (      6.1610 THz )
     14    205.5085 cm^-1  (      6.1610 THz )
     15    233.4248 cm^-1  (      6.9979 THz )

 # Irred. k point    5 : (  0.0000,  0.0000,  0.3333)
   Mode, Frequency 
      1     27.5033 cm^-1  (      0.8245 THz )
      2     27.5033 cm^-1  (      0.8245 THz )
      3     41.6873 cm^-1  (      1.2498 THz )
      4     41.6873 cm^-1  (      1.2498 THz )
      5     44.8927 cm^-1  (      1.3459 THz )
      6     48.4514 cm^-1  (      1.4525 THz )
      7     51.3285 cm^-1  (      1.5388 THz )
      8     51.3285 cm^-1  (      1.5388 THz )
      9     66.3575 cm^-1  (      1.9893 THz )
     10     71.7020 cm^-1  (      2.1496 THz )
     11     71.7020 cm^-1  (      2.1496 THz )
     12    132.2124 cm^-1  (      3.9636 THz )
     13    205.5728 cm^-1  (      6.1629 THz )
     14    205.5728 cm^-1  (      6.1629 THz )
     15    224.7372 cm^-1  (      6.7375 THz )

 # Irred. k point    6 : (  0.0000,  0.0000,  0.4167)
   Mode, Frequency 
      1     32.2890 cm^-1  (      0.9680 THz )
      2     32.2890 cm^-1  (      0.9680 THz )
      3     39.2923 cm^-1  (      1.1780 THz )
      4     39.2923 cm^-1  (      1.1780 THz )
      5     48.9821 cm^-1  (      1.4684 THz )
      6     49.9431 cm^-1  (      1.4973 THz )
      7     52.8770 cm^-1  (      1.5852 THz )
      8     52.8770 cm^-1  (      1.5852 THz )
      9     64.4207 cm^-1  (      1.9313 THz )
     10     71.1031 cm^-1  (      2.1316 THz )
     11     71.1031 cm^-1  (      2.1316 THz )
     12    148.9439 cm^-1  (      4.4652 THz )
     13    205.6202 cm^-1  (      6.1643 THz )
     14    205.6202 cm^-1  (      6.1643 THz )
     15    215.7502 cm^-1  (      6.4680 THz )

 # Irred. k point    7 : (  0.0000,  0.0000, -0.5000)
   Mode, Frequency 
      1     35.9183 cm^-1  (      1.0768 THz )
      2     35.9183 cm^-1  (      1.0768 THz )
      3     36.4589 cm^-1  (      1.0930 THz )
      4     36.4589 cm^-1  (      1.0930 THz )
      5     49.1747 cm^-1  (      1.4742 THz )
      6     52.1711 cm^-1  (      1.5641 THz )
      7     53.4826 cm^-1  (      1.6034 THz )
      8     53.4826 cm^-1  (      1.6034 THz )
      9     63.1886 cm^-1  (      1.8943 THz )
     10     70.8515 cm^-1  (      2.1241 THz )
     11     70.8515 cm^-1  (      2.1241 THz )
     12    156.1512 cm^-1  (      4.6813 THz )
     13    205.6376 cm^-1  (      6.1649 THz )
     14    205.6376 cm^-1  (      6.1649 THz )
     15    211.2681 cm^-1  (      6.3337 THz )

 # Irred. k point    8 : (  0.0000,  0.0833,  0.0833)
   Mode, Frequency 
      1     10.9313 cm^-1  (      0.3277 THz )
      2     16.0482 cm^-1  (      0.4811 THz )
      3     21.0787 cm^-1  (      0.6319 THz )
      4     45.4036 cm^-1  (      1.3612 THz )
      5     45.7757 cm^-1  (      1.3723 THz )
      6     46.6819 cm^-1  (      1.3995 THz )
      7     47.0401 cm^-1  (      1.4102 THz )
      8     47.4150 cm^-1  (      1.4215 THz )
      9     57.3307 cm^-1  (      1.7187 THz )
     10     73.1202 cm^-1  (      2.1921 THz )
     11     77.4813 cm^-1  (      2.3228 THz )
     12     86.9286 cm^-1  (      2.6061 THz )
     13    204.4787 cm^-1  (      6.1301 THz )
     14    205.4146 cm^-1  (      6.1582 THz )
     15    243.5748 cm^-1  (      7.3022 THz )

 # Irred. k point    9 : (  0.0000,  0.0833,  0.1667)
   Mode, Frequency 
      1     16.9191 cm^-1  (      0.5072 THz )
      2     21.0493 cm^-1  (      0.6310 THz )
      3     31.0289 cm^-1  (      0.9302 THz )
      4     44.9339 cm^-1  (      1.3471 THz )
      5     45.5204 cm^-1  (      1.3647 THz )
      6     46.6457 cm^-1  (      1.3984 THz )
      7     47.6455 cm^-1  (      1.4284 THz )
      8     49.1556 cm^-1  (      1.4736 THz )
      9     62.1700 cm^-1  (      1.8638 THz )
     10     72.7787 cm^-1  (      2.1819 THz )
     11     79.3767 cm^-1  (      2.3797 THz )
     12     95.1092 cm^-1  (      2.8513 THz )
     13    204.0939 cm^-1  (      6.1186 THz )
     14    205.4598 cm^-1  (      6.1595 THz )
     15    240.0626 cm^-1  (      7.1969 THz )

 # Irred. k point   10 : (  0.0000,  0.0833,  0.2500)
   Mode, Frequency 
      1     22.9961 cm^-1  (      0.6894 THz )
      2     25.7094 cm^-1  (      0.7707 THz )
      3     38.6002 cm^-1  (      1.1572 THz )
      4     43.8036 cm^-1  (      1.3132 THz )
      5     45.0977 cm^-1  (      1.3520 THz )
      6     45.8902 cm^-1  (      1.3758 THz )
      7     49.3379 cm^-1  (      1.4791 THz )
      8     51.1631 cm^-1  (      1.5338 THz )
      9     65.1946 cm^-1  (      1.9545 THz )
     10     72.2281 cm^-1  (      2.1653 THz )
     11     78.8646 cm^-1  (      2.3643 THz )
     12    112.4099 cm^-1  (      3.3700 THz )
     13    204.2127 cm^-1  (      6.1221 THz )
     14    205.5220 cm^-1  (      6.1614 THz )
     15    233.7783 cm^-1  (      7.0085 THz )

 # Irred. k point   11 : (  0.0000,  0.0833,  0.3333)
   Mode, Frequency 
      1     28.4165 cm^-1  (      0.8519 THz )
      2     30.1718 cm^-1  (      0.9045 THz )
      3     42.1038 cm^-1  (      1.2622 THz )
      4     43.3488 cm^-1  (      1.2996 THz )
      5     44.2686 cm^-1  (      1.3271 THz )
      6     46.3874 cm^-1  (      1.3907 THz )
      7     51.2531 cm^-1  (      1.5365 THz )
      8     53.0341 cm^-1  (      1.5899 THz )
      9     65.5898 cm^-1  (      1.9663 THz )
     10     71.5461 cm^-1  (      2.1449 THz )
     11     77.9790 cm^-1  (      2.3378 THz )
     12    131.9771 cm^-1  (      3.9566 THz )
     13    204.5995 cm^-1  (      6.1337 THz )
     14    205.5846 cm^-1  (      6.1633 THz )
     15    225.3812 cm^-1  (      6.7568 THz )

 # Irred. k point   12 : (  0.0000,  0.0833,  0.4167)
   Mode, Frequency 
      1     32.9591 cm^-1  (      0.9881 THz )
      2     33.9996 cm^-1  (      1.0193 THz )
      3     39.8297 cm^-1  (      1.1941 THz )
      4     41.3135 cm^-1  (      1.2385 THz )
      5     46.0709 cm^-1  (      1.3812 THz )
      6     49.2307 cm^-1  (      1.4759 THz )
      7     52.8135 cm^-1  (      1.5833 THz )
      8     54.0984 cm^-1  (      1.6218 THz )
      9     64.9850 cm^-1  (      1.9482 THz )
     10     70.9278 cm^-1  (      2.1264 THz )
     11     77.2169 cm^-1  (      2.3149 THz )
     12    148.1656 cm^-1  (      4.4419 THz )
     13    205.4522 cm^-1  (      6.1593 THz )
     14    205.6307 cm^-1  (      6.1647 THz )
     15    216.3473 cm^-1  (      6.4859 THz )

 # Irred. k point   13 : (  0.0000,  0.0833, -0.5000)
   Mode, Frequency 
      1     36.0505 cm^-1  (      1.0808 THz )
      2     36.1219 cm^-1  (      1.0829 THz )
      3     37.4962 cm^-1  (      1.1241 THz )
      4     39.7852 cm^-1  (      1.1927 THz )
      5     46.2593 cm^-1  (      1.3868 THz )
      6     51.1851 cm^-1  (      1.5345 THz )
      7     53.4266 cm^-1  (      1.6017 THz )
      8     54.1217 cm^-1  (      1.6225 THz )
      9     64.6003 cm^-1  (      1.9367 THz )
     10     70.6672 cm^-1  (      2.1186 THz )
     11     76.9101 cm^-1  (      2.3057 THz )
     12    154.9650 cm^-1  (      4.6457 THz )
     13    205.6476 cm^-1  (      6.1652 THz )
     14    206.8987 cm^-1  (      6.2027 THz )
     15    210.9203 cm^-1  (      6.3232 THz )

 # Irred. k point   14 : (  0.0000,  0.1667,  0.1667)
   Mode, Frequency 
      1     21.1748 cm^-1  (      0.6348 THz )
      2     27.1306 cm^-1  (      0.8134 THz )
      3     34.9953 cm^-1  (      1.0491 THz )
      4     43.9939 cm^-1  (      1.3189 THz )
      5     45.2071 cm^-1  (      1.3553 THz )
      6     47.9451 cm^-1  (      1.4374 THz )
      7     49.2085 cm^-1  (      1.4752 THz )
      8     50.1946 cm^-1  (      1.5048 THz )
      9     63.4377 cm^-1  (      1.9018 THz )
     10     72.4118 cm^-1  (      2.1709 THz )
     11     90.5459 cm^-1  (      2.7145 THz )
     12     96.9658 cm^-1  (      2.9070 THz )
     13    202.5072 cm^-1  (      6.0710 THz )
     14    205.5016 cm^-1  (      6.1608 THz )
     15    238.1419 cm^-1  (      7.1393 THz )

 # Irred. k point   15 : (  0.0000,  0.1667,  0.2500)
   Mode, Frequency 
      1     26.0975 cm^-1  (      0.7824 THz )
      2     30.4969 cm^-1  (      0.9143 THz )
      3     39.5998 cm^-1  (      1.1872 THz )
      4     42.9881 cm^-1  (      1.2888 THz )
      5     44.6509 cm^-1  (      1.3386 THz )
      6     48.5229 cm^-1  (      1.4547 THz )
      7     49.2316 cm^-1  (      1.4759 THz )
      8     52.2556 cm^-1  (      1.5666 THz )
      9     65.8791 cm^-1  (      1.9750 THz )
     10     71.8171 cm^-1  (      2.1530 THz )
     11     92.8637 cm^-1  (      2.7840 THz )
     12    112.6822 cm^-1  (      3.3781 THz )
     13    202.1810 cm^-1  (      6.0612 THz )
     14    205.5590 cm^-1  (      6.1625 THz )
     15    233.2857 cm^-1  (      6.9937 THz )

 # Irred. k point   16 : (  0.0000,  0.1667,  0.3333)
   Mode, Frequency 
      1     30.6894 cm^-1  (      0.9200 THz )
      2     33.1524 cm^-1  (      0.9939 THz )
      3     41.5097 cm^-1  (      1.2444 THz )
      4     43.3419 cm^-1  (      1.2994 THz )
      5     44.4849 cm^-1  (      1.3336 THz )
      6     47.2048 cm^-1  (      1.4152 THz )
      7     51.0574 cm^-1  (      1.5307 THz )
      8     53.8345 cm^-1  (      1.6139 THz )
      9     67.0008 cm^-1  (      2.0086 THz )
     10     71.0745 cm^-1  (      2.1308 THz )
     11     92.7523 cm^-1  (      2.7806 THz )
     12    131.5548 cm^-1  (      3.9439 THz )
     13    202.9718 cm^-1  (      6.0849 THz )
     14    205.6168 cm^-1  (      6.1642 THz )
     15    225.9991 cm^-1  (      6.7753 THz )

 # Irred. k point   17 : (  0.0000,  0.1667,  0.4167)
   Mode, Frequency 
      1     34.4591 cm^-1  (      1.0331 THz )
      2     35.1388 cm^-1  (      1.0534 THz )
      3     41.4358 cm^-1  (      1.2422 THz )
      4     41.5787 cm^-1  (      1.2465 THz )
      5     45.4597 cm^-1  (      1.3628 THz )
      6     47.9258 cm^-1  (      1.4368 THz )
      7     52.6357 cm^-1  (      1.5780 THz )
      8     54.3833 cm^-1  (      1.6304 THz )
      9     67.3824 cm^-1  (      2.0201 THz )
     10     70.3943 cm^-1  (      2.1104 THz )
     11     92.5654 cm^-1  (      2.7750 THz )
     12    146.5101 cm^-1  (      4.3923 THz )
     13    205.1355 cm^-1  (      6.1498 THz )
     14    205.6594 cm^-1  (      6.1655 THz )
     15    217.4578 cm^-1  (      6.5192 THz )

 # Irred. k point   18 : (  0.0000,  0.1667, -0.5000)
   Mode, Frequency 
      1     35.9192 cm^-1  (      1.0768 THz )
      2     36.4158 cm^-1  (      1.0917 THz )
      3     40.2928 cm^-1  (      1.2079 THz )
      4     41.4598 cm^-1  (      1.2429 THz )
      5     44.8909 cm^-1  (      1.3458 THz )
      6     49.2164 cm^-1  (      1.4755 THz )
      7     53.2689 cm^-1  (      1.5970 THz )
      8     54.3065 cm^-1  (      1.6281 THz )
      9     67.4786 cm^-1  (      2.0230 THz )
     10     70.1052 cm^-1  (      2.1017 THz )
     11     92.4878 cm^-1  (      2.7727 THz )
     12    152.4746 cm^-1  (      4.5711 THz )
     13    205.6751 cm^-1  (      6.1660 THz )
     14    209.5330 cm^-1  (      6.2816 THz )
     15    210.1206 cm^-1  (      6.2993 THz )

 # Irred. k point   19 : (  0.0000,  0.2500,  0.2500)
   Mode, Frequency 
      1     29.8596 cm^-1  (      0.8952 THz )
      2     32.5430 cm^-1  (      0.9756 THz )
      3     40.8528 cm^-1  (      1.2247 THz )
      4     41.4972 cm^-1  (      1.2441 THz )
      5     45.3973 cm^-1  (      1.3610 THz )
      6     49.5750 cm^-1  (      1.4862 THz )
      7     50.4334 cm^-1  (      1.5120 THz )
      8     52.3366 cm^-1  (      1.5690 THz )
      9     67.8593 cm^-1  (      2.0344 THz )
     10     71.1452 cm^-1  (      2.1329 THz )
     11    108.0369 cm^-1  (      3.2389 THz )
     12    116.2824 cm^-1  (      3.4861 THz )
     13    201.4021 cm^-1  (      6.0379 THz )
     14    205.6099 cm^-1  (      6.1640 THz )
     15    230.3469 cm^-1  (      6.9056 THz )

 # Irred. k point   20 : (  0.0000,  0.2500,  0.3333)
   Mode, Frequency 
      1     32.5232 cm^-1  (      0.9750 THz )
      2     33.3322 cm^-1  (      0.9993 THz )
      3     40.1204 cm^-1  (      1.2028 THz )
      4     43.8366 cm^-1  (      1.3142 THz )
      5     45.2505 cm^-1  (      1.3566 THz )
      6     49.9855 cm^-1  (      1.4985 THz )
      7     50.8723 cm^-1  (      1.5251 THz )
      8     53.3298 cm^-1  (      1.5988 THz )
      9     69.2539 cm^-1  (      2.0762 THz )
     10     70.2942 cm^-1  (      2.1074 THz )
     11    110.6846 cm^-1  (      3.3182 THz )
     12    132.0816 cm^-1  (      3.9597 THz )
     13    202.2928 cm^-1  (      6.0646 THz )
     14    205.6612 cm^-1  (      6.1656 THz )
     15    224.8737 cm^-1  (      6.7415 THz )

 # Irred. k point   21 : (  0.0000,  0.2500,  0.4167)
   Mode, Frequency 
      1     31.8281 cm^-1  (      0.9542 THz )
      2     35.9027 cm^-1  (      1.0763 THz )
      3     40.1972 cm^-1  (      1.2051 THz )
      4     44.5319 cm^-1  (      1.3350 THz )
      5     45.8471 cm^-1  (      1.3745 THz )
      6     49.2178 cm^-1  (      1.4755 THz )
      7     52.3843 cm^-1  (      1.5704 THz )
      8     53.9131 cm^-1  (      1.6163 THz )
      9     69.4993 cm^-1  (      2.0835 THz )
     10     70.0107 cm^-1  (      2.0989 THz )
     11    110.8924 cm^-1  (      3.3245 THz )
     12    145.6888 cm^-1  (      4.3676 THz )
     13    205.0690 cm^-1  (      6.1478 THz )
     14    205.6990 cm^-1  (      6.1667 THz )
     15    217.7131 cm^-1  (      6.5269 THz )

 # Irred. k point   22 : (  0.0000,  0.2500, -0.5000)
   Mode, Frequency 
      1     31.4995 cm^-1  (      0.9443 THz )
      2     36.9249 cm^-1  (      1.1070 THz )
      3     40.3217 cm^-1  (      1.2088 THz )
      4     44.1023 cm^-1  (      1.3222 THz )
      5     46.6130 cm^-1  (      1.3974 THz )
      6     48.9509 cm^-1  (      1.4675 THz )
      7     53.0421 cm^-1  (      1.5902 THz )
      8     54.0147 cm^-1  (      1.6193 THz )
      9     69.1557 cm^-1  (      2.0732 THz )
     10     70.2530 cm^-1  (      2.1061 THz )
     11    110.9135 cm^-1  (      3.3251 THz )
     12    150.9333 cm^-1  (      4.5249 THz )
     13    205.7129 cm^-1  (      6.1671 THz )
     14    209.3576 cm^-1  (      6.2764 THz )
     15    211.4765 cm^-1  (      6.3399 THz )

 # Irred. k point   23 : (  0.0000,  0.3333,  0.3333)
   Mode, Frequency 
      1     29.0645 cm^-1  (      0.8713 THz )
      2     35.5412 cm^-1  (      1.0655 THz )
      3     40.9878 cm^-1  (      1.2288 THz )
      4     43.6763 cm^-1  (      1.3094 THz )
      5     47.1405 cm^-1  (      1.4132 THz )
      6     51.1040 cm^-1  (      1.5321 THz )
      7     51.5153 cm^-1  (      1.5444 THz )
      8     52.8633 cm^-1  (      1.5848 THz )
      9     69.2845 cm^-1  (      2.0771 THz )
     10     70.9852 cm^-1  (      2.1281 THz )
     11    122.3559 cm^-1  (      3.6681 THz )
     12    138.0435 cm^-1  (      4.1384 THz )
     13    203.0956 cm^-1  (      6.0887 THz )
     14    205.7059 cm^-1  (      6.1669 THz )
     15    221.4398 cm^-1  (      6.6386 THz )

 # Irred. k point   24 : (  0.0000,  0.3333,  0.4167)
   Mode, Frequency 
      1     26.0745 cm^-1  (      0.7817 THz )
      2     36.9579 cm^-1  (      1.1080 THz )
      3     41.3585 cm^-1  (      1.2399 THz )
      4     44.2879 cm^-1  (      1.3277 THz )
      5     47.9542 cm^-1  (      1.4376 THz )
      6     51.4267 cm^-1  (      1.5417 THz )
      7     52.1447 cm^-1  (      1.5633 THz )
      8     53.3386 cm^-1  (      1.5991 THz )
      9     68.3106 cm^-1  (      2.0479 THz )
     10     72.0057 cm^-1  (      2.1587 THz )
     11    124.7359 cm^-1  (      3.7395 THz )
     12    148.6034 cm^-1  (      4.4550 THz )
     13    205.5634 cm^-1  (      6.1626 THz )
     14    205.7389 cm^-1  (      6.1679 THz )
     15    216.1754 cm^-1  (      6.4808 THz )

 # Irred. k point   25 : (  0.0000,  0.3333, -0.5000)
   Mode, Frequency 
      1     24.9320 cm^-1  (      0.7474 THz )
      2     37.4473 cm^-1  (      1.1226 THz )
      3     41.3565 cm^-1  (      1.2398 THz )
      4     44.6873 cm^-1  (      1.3397 THz )
      5     48.0596 cm^-1  (      1.4408 THz )
      6     51.2497 cm^-1  (      1.5364 THz )
      7     52.8002 cm^-1  (      1.5829 THz )
      8     53.5956 cm^-1  (      1.6068 THz )
      9     67.8769 cm^-1  (      2.0349 THz )
     10     72.3401 cm^-1  (      2.1687 THz )
     11    125.0161 cm^-1  (      3.7479 THz )
     12    153.1888 cm^-1  (      4.5925 THz )
     13    205.7510 cm^-1  (      6.1683 THz )
     14    208.9376 cm^-1  (      6.2638 THz )
     15    211.5013 cm^-1  (      6.3406 THz )

 # Irred. k point   26 : (  0.0000,  0.4167,  0.4167)
   Mode, Frequency 
      1     21.2540 cm^-1  (      0.6372 THz )
      2     37.6133 cm^-1  (      1.1276 THz )
      3     42.2957 cm^-1  (      1.2680 THz )
      4     43.2696 cm^-1  (      1.2972 THz )
      5     50.6024 cm^-1  (      1.5170 THz )
      6     52.1645 cm^-1  (      1.5639 THz )
      7     52.6279 cm^-1  (      1.5777 THz )
      8     53.0193 cm^-1  (      1.5895 THz )
      9     67.1142 cm^-1  (      2.0120 THz )
     10     73.1985 cm^-1  (      2.1944 THz )
     11    129.9864 cm^-1  (      3.8969 THz )
     12    155.8435 cm^-1  (      4.6721 THz )
     13    205.7683 cm^-1  (      6.1688 THz )
     14    206.8404 cm^-1  (      6.2009 THz )
     15    212.9825 cm^-1  (      6.3851 THz )

 # Irred. k point   27 : (  0.0000,  0.4167, -0.5000)
   Mode, Frequency 
      1     19.3029 cm^-1  (      0.5787 THz )
      2     37.8396 cm^-1  (      1.1344 THz )
      3     42.3224 cm^-1  (      1.2688 THz )
      4     43.2268 cm^-1  (      1.2959 THz )
      5     51.2442 cm^-1  (      1.5363 THz )
      6     52.6123 cm^-1  (      1.5773 THz )
      7     52.6631 cm^-1  (      1.5788 THz )
      8     53.2607 cm^-1  (      1.5967 THz )
      9     66.5571 cm^-1  (      1.9953 THz )
     10     73.5910 cm^-1  (      2.2062 THz )
     11    130.9221 cm^-1  (      3.9249 THz )
     12    159.6982 cm^-1  (      4.7876 THz )
     13    205.7791 cm^-1  (      6.1691 THz )
     14    208.8266 cm^-1  (      6.2605 THz )
     15    209.9186 cm^-1  (      6.2932 THz )

 # Irred. k point   28 : (  0.0000, -0.5000, -0.5000)
   Mode, Frequency 
      1     16.9237 cm^-1  (      0.5074 THz )
      2     37.9855 cm^-1  (      1.1388 THz )
      3     42.6915 cm^-1  (      1.2799 THz )
      4     42.6915 cm^-1  (      1.2799 THz )
      5     52.5409 cm^-1  (      1.5751 THz )
      6     52.5409 cm^-1  (      1.5751 THz )
      7     53.1350 cm^-1  (      1.5929 THz )
      8     53.1350 cm^-1  (      1.5929 THz )
      9     65.9250 cm^-1  (      1.9764 THz )
     10     74.0032 cm^-1  (      2.2186 THz )
     11    132.0998 cm^-1  (      3.9603 THz )
     12    163.3790 cm^-1  (      4.8980 THz )
     13    205.7895 cm^-1  (      6.1694 THz )
     14    208.8246 cm^-1  (      6.2604 THz )
     15    208.8246 cm^-1  (      6.2604 THz )

 # Irred. k point   29 : (  0.0833,  0.0833,  0.0833)
   Mode, Frequency 
      1     17.6096 cm^-1  (      0.5279 THz )
      2     17.6096 cm^-1  (      0.5279 THz )
      3     24.1967 cm^-1  (      0.7254 THz )
      4     45.2471 cm^-1  (      1.3565 THz )
      5     46.4057 cm^-1  (      1.3912 THz )
      6     46.4057 cm^-1  (      1.3912 THz )
      7     48.1710 cm^-1  (      1.4441 THz )
      8     48.1710 cm^-1  (      1.4441 THz )
      9     56.7023 cm^-1  (      1.6999 THz )
     10     77.4073 cm^-1  (      2.3206 THz )
     11     77.4073 cm^-1  (      2.3206 THz )
     12     87.2744 cm^-1  (      2.6164 THz )
     13    204.5277 cm^-1  (      6.1316 THz )
     14    204.5277 cm^-1  (      6.1316 THz )
     15    243.0112 cm^-1  (      7.2853 THz )

 # Irred. k point   30 : (  0.0833,  0.0833,  0.1667)
   Mode, Frequency 
      1     21.3716 cm^-1  (      0.6407 THz )
      2     22.7890 cm^-1  (      0.6832 THz )
      3     32.3230 cm^-1  (      0.9690 THz )
      4     44.7178 cm^-1  (      1.3406 THz )
      5     45.8031 cm^-1  (      1.3731 THz )
      6     47.0493 cm^-1  (      1.4105 THz )
      7     48.2328 cm^-1  (      1.4460 THz )
      8     50.1715 cm^-1  (      1.5041 THz )
      9     60.7382 cm^-1  (      1.8209 THz )
     10     77.1796 cm^-1  (      2.3138 THz )
     11     80.5989 cm^-1  (      2.4163 THz )
     12     95.0578 cm^-1  (      2.8498 THz )
     13    203.8289 cm^-1  (      6.1106 THz )
     14    204.6621 cm^-1  (      6.1356 THz )
     15    239.8995 cm^-1  (      7.1920 THz )

 # Irred. k point   31 : (  0.0833,  0.0833,  0.2500)
   Mode, Frequency 
      1     25.8670 cm^-1  (      0.7755 THz )
      2     27.1466 cm^-1  (      0.8138 THz )
      3     38.9378 cm^-1  (      1.1673 THz )
      4     44.1114 cm^-1  (      1.3224 THz )
      5     45.1476 cm^-1  (      1.3535 THz )
      6     46.5631 cm^-1  (      1.3959 THz )
      7     48.7075 cm^-1  (      1.4602 THz )
      8     52.5153 cm^-1  (      1.5744 THz )
      9     64.0639 cm^-1  (      1.9206 THz )
     10     76.7968 cm^-1  (      2.3023 THz )
     11     80.1176 cm^-1  (      2.4019 THz )
     12    112.4406 cm^-1  (      3.3709 THz )
     13    203.8268 cm^-1  (      6.1106 THz )
     14    204.8466 cm^-1  (      6.1411 THz )
     15    233.9945 cm^-1  (      7.0150 THz )

 # Irred. k point   32 : (  0.0833,  0.0833,  0.3333)
   Mode, Frequency 
      1     30.2027 cm^-1  (      0.9055 THz )
      2     31.3050 cm^-1  (      0.9385 THz )
      3     42.7060 cm^-1  (      1.2803 THz )
      4     43.4423 cm^-1  (      1.3024 THz )
      5     45.0255 cm^-1  (      1.3498 THz )
      6     45.4961 cm^-1  (      1.3639 THz )
      7     50.0156 cm^-1  (      1.4994 THz )
      8     54.8121 cm^-1  (      1.6432 THz )
      9     65.1922 cm^-1  (      1.9544 THz )
     10     76.3048 cm^-1  (      2.2876 THz )
     11     79.0696 cm^-1  (      2.3704 THz )
     12    131.7646 cm^-1  (      3.9502 THz )
     13    204.3356 cm^-1  (      6.1258 THz )
     14    205.0322 cm^-1  (      6.1467 THz )
     15    225.9125 cm^-1  (      6.7727 THz )

 # Irred. k point   33 : (  0.0833,  0.0833,  0.4167)
   Mode, Frequency 
      1     33.9305 cm^-1  (      1.0172 THz )
      2     34.7675 cm^-1  (      1.0423 THz )
      3     40.7445 cm^-1  (      1.2215 THz )
      4     42.8795 cm^-1  (      1.2855 THz )
      5     45.1021 cm^-1  (      1.3521 THz )
      6     47.8968 cm^-1  (      1.4359 THz )
      7     50.7750 cm^-1  (      1.5222 THz )
      8     56.5480 cm^-1  (      1.6953 THz )
      9     65.3909 cm^-1  (      1.9604 THz )
     10     75.8493 cm^-1  (      2.2739 THz )
     11     78.1494 cm^-1  (      2.3429 THz )
     12    147.4748 cm^-1  (      4.4212 THz )
     13    205.1688 cm^-1  (      6.1508 THz )
     14    205.6936 cm^-1  (      6.1665 THz )
     15    216.9612 cm^-1  (      6.5043 THz )

 # Irred. k point   34 : (  0.0833,  0.0833, -0.5000)
   Mode, Frequency 
      1     36.0635 cm^-1  (      1.0812 THz )
      2     36.4319 cm^-1  (      1.0922 THz )
      3     39.2038 cm^-1  (      1.1753 THz )
      4     41.8450 cm^-1  (      1.2545 THz )
      5     45.1465 cm^-1  (      1.3535 THz )
      6     49.7306 cm^-1  (      1.4909 THz )
      7     50.4797 cm^-1  (      1.5133 THz )
      8     57.2050 cm^-1  (      1.7150 THz )
      9     65.3912 cm^-1  (      1.9604 THz )
     10     75.6561 cm^-1  (      2.2681 THz )
     11     77.7745 cm^-1  (      2.3316 THz )
     12    153.9357 cm^-1  (      4.6149 THz )
     13    205.2190 cm^-1  (      6.1523 THz )
     14    208.4339 cm^-1  (      6.2487 THz )
     15    210.6165 cm^-1  (      6.3141 THz )

 # Irred. k point   35 : (  0.0833,  0.1667,  0.1667)
   Mode, Frequency 
      1     24.7884 cm^-1  (      0.7431 THz )
      2     27.6829 cm^-1  (      0.8299 THz )
      3     36.0129 cm^-1  (      1.0796 THz )
      4     43.4731 cm^-1  (      1.3033 THz )
      5     45.9806 cm^-1  (      1.3785 THz )
      6     46.6987 cm^-1  (      1.4000 THz )
      7     51.1412 cm^-1  (      1.5332 THz )
      8     51.2000 cm^-1  (      1.5349 THz )
      9     62.1499 cm^-1  (      1.8632 THz )
     10     78.1664 cm^-1  (      2.3434 THz )
     11     90.5134 cm^-1  (      2.7135 THz )
     12     97.0016 cm^-1  (      2.9080 THz )
     13    202.6332 cm^-1  (      6.0748 THz )
     14    204.5329 cm^-1  (      6.1317 THz )
     15    238.0029 cm^-1  (      7.1351 THz )

 # Irred. k point   36 : (  0.0833,  0.1667,  0.2500)
   Mode, Frequency 
      1     28.4508 cm^-1  (      0.8529 THz )
      2     30.9380 cm^-1  (      0.9275 THz )
      3     39.8806 cm^-1  (      1.1956 THz )
      4     42.4589 cm^-1  (      1.2729 THz )
      5     45.1988 cm^-1  (      1.3550 THz )
      6     47.2865 cm^-1  (      1.4176 THz )
      7     50.5216 cm^-1  (      1.5146 THz )
      8     53.9397 cm^-1  (      1.6171 THz )
      9     64.9196 cm^-1  (      1.9462 THz )
     10     77.6956 cm^-1  (      2.3293 THz )
     11     92.8687 cm^-1  (      2.7841 THz )
     12    112.7109 cm^-1  (      3.3790 THz )
     13    202.2818 cm^-1  (      6.0643 THz )
     14    204.7179 cm^-1  (      6.1373 THz )
     15    233.3824 cm^-1  (      6.9966 THz )

 # Irred. k point   37 : (  0.0833,  0.1667,  0.3333)
   Mode, Frequency 
      1     31.9812 cm^-1  (      0.9588 THz )
      2     33.6350 cm^-1  (      1.0084 THz )
      3     41.1578 cm^-1  (      1.2339 THz )
      4     43.4840 cm^-1  (      1.3036 THz )
      5     43.8989 cm^-1  (      1.3161 THz )
      6     48.4204 cm^-1  (      1.4516 THz )
      7     49.3946 cm^-1  (      1.4808 THz )
      8     56.3216 cm^-1  (      1.6885 THz )
      9     66.5405 cm^-1  (      1.9948 THz )
     10     77.0013 cm^-1  (      2.3084 THz )
     11     92.7575 cm^-1  (      2.7808 THz )
     12    131.3917 cm^-1  (      3.9390 THz )
     13    203.0655 cm^-1  (      6.0877 THz )
     14    204.9506 cm^-1  (      6.1443 THz )
     15    226.3823 cm^-1  (      6.7868 THz )

 # Irred. k point   38 : (  0.0833,  0.1667,  0.4167)
   Mode, Frequency 
      1     34.7276 cm^-1  (      1.0411 THz )
      2     35.7815 cm^-1  (      1.0727 THz )
      3     40.9204 cm^-1  (      1.2268 THz )
      4     42.3051 cm^-1  (      1.2683 THz )
      5     45.4587 cm^-1  (      1.3628 THz )
      6     48.3885 cm^-1  (      1.4507 THz )
      7     49.2712 cm^-1  (      1.4771 THz )
      8     58.0081 cm^-1  (      1.7390 THz )
      9     67.3308 cm^-1  (      2.0185 THz )
     10     76.3544 cm^-1  (      2.2890 THz )
     11     92.5643 cm^-1  (      2.7750 THz )
     12    146.0025 cm^-1  (      4.3770 THz )
     13    204.7911 cm^-1  (      6.1395 THz )
     14    205.7099 cm^-1  (      6.1670 THz )
     15    218.0739 cm^-1  (      6.5377 THz )

 # Irred. k point   39 : (  0.0833,  0.1667, -0.5000)
   Mode, Frequency 
      1     35.7949 cm^-1  (      1.0731 THz )
      2     36.8297 cm^-1  (      1.1041 THz )
      3     40.9541 cm^-1  (      1.2278 THz )
      4     41.3071 cm^-1  (      1.2384 THz )
      5     46.1514 cm^-1  (      1.3836 THz )
      6     48.0153 cm^-1  (      1.4395 THz )
      7     49.5227 cm^-1  (      1.4847 THz )
      8     58.6312 cm^-1  (      1.7577 THz )
      9     67.5793 cm^-1  (      2.0260 THz )
     10     76.0799 cm^-1  (      2.2808 THz )
     11     92.4840 cm^-1  (      2.7726 THz )
     12    151.7506 cm^-1  (      4.5494 THz )
     13    205.0314 cm^-1  (      6.1467 THz )
     14    209.9227 cm^-1  (      6.2933 THz )
     15    210.9717 cm^-1  (      6.3248 THz )

 # Irred. k point   40 : (  0.0833,  0.2500,  0.2500)
   Mode, Frequency 
      1     31.3157 cm^-1  (      0.9388 THz )
      2     32.7072 cm^-1  (      0.9805 THz )
      3     40.5142 cm^-1  (      1.2146 THz )
      4     41.3338 cm^-1  (      1.2392 THz )
      5     46.0260 cm^-1  (      1.3798 THz )
      6     46.3485 cm^-1  (      1.3895 THz )
      7     53.6350 cm^-1  (      1.6079 THz )
      8     53.8295 cm^-1  (      1.6138 THz )
      9     67.0949 cm^-1  (      2.0115 THz )
     10     77.1706 cm^-1  (      2.3135 THz )
     11    107.9786 cm^-1  (      3.2371 THz )
     12    116.3254 cm^-1  (      3.4873 THz )
     13    201.5968 cm^-1  (      6.0437 THz )
     14    204.8792 cm^-1  (      6.1421 THz )
     15    230.5134 cm^-1  (      6.9106 THz )

 # Irred. k point   41 : (  0.0833,  0.2500,  0.3333)
   Mode, Frequency 
      1     32.5646 cm^-1  (      0.9763 THz )
      2     34.1457 cm^-1  (      1.0237 THz )
      3     39.8814 cm^-1  (      1.1956 THz )
      4     42.9275 cm^-1  (      1.2869 THz )
      5     45.0566 cm^-1  (      1.3508 THz )
      6     47.2970 cm^-1  (      1.4179 THz )
      7     52.8745 cm^-1  (      1.5851 THz )
      8     56.3380 cm^-1  (      1.6890 THz )
      9     68.7772 cm^-1  (      2.0619 THz )
     10     76.4223 cm^-1  (      2.2911 THz )
     11    110.6396 cm^-1  (      3.3169 THz )
     12    131.9593 cm^-1  (      3.9560 THz )
     13    202.4747 cm^-1  (      6.0700 THz )
     14    205.0979 cm^-1  (      6.1487 THz )
     15    225.2271 cm^-1  (      6.7521 THz )

 # Irred. k point   42 : (  0.0833,  0.2500,  0.4167)
   Mode, Frequency 
      1     31.8241 cm^-1  (      0.9541 THz )
      2     36.2934 cm^-1  (      1.0880 THz )
      3     40.0541 cm^-1  (      1.2008 THz )
      4     43.4662 cm^-1  (      1.3031 THz )
      5     45.0606 cm^-1  (      1.3509 THz )
      6     47.7294 cm^-1  (      1.4309 THz )
      7     52.1560 cm^-1  (      1.5636 THz )
      8     58.1374 cm^-1  (      1.7429 THz )
      9     69.7682 cm^-1  (      2.0916 THz )
     10     75.7192 cm^-1  (      2.2700 THz )
     11    110.8457 cm^-1  (      3.3231 THz )
     12    145.3270 cm^-1  (      4.3568 THz )
     13    204.7161 cm^-1  (      6.1372 THz )
     14    205.7882 cm^-1  (      6.1694 THz )
     15    218.3069 cm^-1  (      6.5447 THz )

 # Irred. k point   43 : (  0.0833,  0.2500, -0.5000)
   Mode, Frequency 
      1     31.4761 cm^-1  (      0.9436 THz )
      2     37.1647 cm^-1  (      1.1142 THz )
      3     40.2790 cm^-1  (      1.2075 THz )
      4     42.9104 cm^-1  (      1.2864 THz )
      5     46.0521 cm^-1  (      1.3806 THz )
      6     47.4128 cm^-1  (      1.4214 THz )
      7     51.9310 cm^-1  (      1.5569 THz )
      8     58.8041 cm^-1  (      1.7629 THz )
      9     70.1021 cm^-1  (      2.1016 THz )
     10     75.4161 cm^-1  (      2.2609 THz )
     11    110.8651 cm^-1  (      3.3237 THz )
     12    150.4365 cm^-1  (      4.5100 THz )
     13    205.1069 cm^-1  (      6.1489 THz )
     14    209.2740 cm^-1  (      6.2739 THz )
     15    212.6728 cm^-1  (      6.3758 THz )

 # Irred. k point   44 : (  0.0833,  0.3333,  0.3333)
   Mode, Frequency 
      1     29.0755 cm^-1  (      0.8717 THz )
      2     35.9026 cm^-1  (      1.0763 THz )
      3     40.7935 cm^-1  (      1.2230 THz )
      4     42.8550 cm^-1  (      1.2848 THz )
      5     46.1905 cm^-1  (      1.3848 THz )
      6     46.2159 cm^-1  (      1.3855 THz )
      7     55.5073 cm^-1  (      1.6641 THz )
      8     56.0510 cm^-1  (      1.6804 THz )
      9     70.5972 cm^-1  (      2.1164 THz )
     10     75.6334 cm^-1  (      2.2674 THz )
     11    122.2673 cm^-1  (      3.6655 THz )
     12    137.8694 cm^-1  (      4.1332 THz )
     13    203.2831 cm^-1  (      6.0943 THz )
     14    205.2905 cm^-1  (      6.1545 THz )
     15    221.8700 cm^-1  (      6.6515 THz )

 # Irred. k point   45 : (  0.0833,  0.3333,  0.4167)
   Mode, Frequency 
      1     26.0479 cm^-1  (      0.7809 THz )
      2     37.1850 cm^-1  (      1.1148 THz )
      3     41.2376 cm^-1  (      1.2363 THz )
      4     43.6493 cm^-1  (      1.3086 THz )
      5     45.3290 cm^-1  (      1.3589 THz )
      6     46.8569 cm^-1  (      1.4047 THz )
      7     55.2521 cm^-1  (      1.6564 THz )
      8     57.8243 cm^-1  (      1.7335 THz )
      9     71.7224 cm^-1  (      2.1502 THz )
     10     74.8830 cm^-1  (      2.2449 THz )
     11    124.6566 cm^-1  (      3.7371 THz )
     12    148.2442 cm^-1  (      4.4443 THz )
     13    205.1712 cm^-1  (      6.1509 THz )
     14    206.0132 cm^-1  (      6.1761 THz )
     15    216.7529 cm^-1  (      6.4981 THz )

 # Irred. k point   46 : (  0.0833,  0.3333, -0.5000)
   Mode, Frequency 
      1     24.8908 cm^-1  (      0.7462 THz )
      2     37.6524 cm^-1  (      1.1288 THz )
      3     41.2913 cm^-1  (      1.2379 THz )
      4     44.1645 cm^-1  (      1.3240 THz )
      5     44.9993 cm^-1  (      1.3490 THz )
      6     46.9924 cm^-1  (      1.4088 THz )
      7     55.0727 cm^-1  (      1.6510 THz )
      8     58.5657 cm^-1  (      1.7558 THz )
      9     72.1123 cm^-1  (      2.1619 THz )
     10     74.5486 cm^-1  (      2.2349 THz )
     11    124.9409 cm^-1  (      3.7456 THz )
     12    152.7231 cm^-1  (      4.5785 THz )
     13    205.3743 cm^-1  (      6.1570 THz )
     14    208.9381 cm^-1  (      6.2638 THz )
     15    212.4667 cm^-1  (      6.3696 THz )

 # Irred. k point   47 : (  0.0833,  0.4167,  0.4167)
   Mode, Frequency 
      1     21.1911 cm^-1  (      0.6353 THz )
      2     37.8198 cm^-1  (      1.1338 THz )
      3     42.1838 cm^-1  (      1.2646 THz )
      4     42.9777 cm^-1  (      1.2884 THz )
      5     46.2605 cm^-1  (      1.3869 THz )
      6     46.3865 cm^-1  (      1.3906 THz )
      7     57.3329 cm^-1  (      1.7188 THz )
      8     57.6216 cm^-1  (      1.7275 THz )
      9     72.9219 cm^-1  (      2.1861 THz )
     10     74.0954 cm^-1  (      2.2213 THz )
     11    129.9181 cm^-1  (      3.8948 THz )
     12    155.3153 cm^-1  (      4.6562 THz )
     13    205.7915 cm^-1  (      6.1695 THz )
     14    206.9471 cm^-1  (      6.2041 THz )
     15    213.5300 cm^-1  (      6.4015 THz )

 # Irred. k point   48 : (  0.0833,  0.4167, -0.5000)
   Mode, Frequency 
      1     19.2205 cm^-1  (      0.5762 THz )
      2     38.0490 cm^-1  (      1.1407 THz )
      3     42.2135 cm^-1  (      1.2655 THz )
      4     43.0312 cm^-1  (      1.2900 THz )
      5     46.1371 cm^-1  (      1.3832 THz )
      6     46.6963 cm^-1  (      1.3999 THz )
      7     57.3457 cm^-1  (      1.7192 THz )
      8     58.3061 cm^-1  (      1.7480 THz )
      9     73.3415 cm^-1  (      2.1987 THz )
     10     73.7342 cm^-1  (      2.2105 THz )
     11    130.8627 cm^-1  (      3.9232 THz )
     12    159.0512 cm^-1  (      4.7682 THz )
     13    205.9341 cm^-1  (      6.1737 THz )
     14    208.8721 cm^-1  (      6.2618 THz )
     15    210.5251 cm^-1  (      6.3114 THz )

 # Irred. k point   49 : (  0.0833, -0.5000, -0.5000)
   Mode, Frequency 
      1     16.8157 cm^-1  (      0.5041 THz )
      2     38.2011 cm^-1  (      1.1452 THz )
      3     42.5632 cm^-1  (      1.2760 THz )
      4     42.5632 cm^-1  (      1.2760 THz )
      5     46.5861 cm^-1  (      1.3966 THz )
      6     46.5861 cm^-1  (      1.3966 THz )
      7     58.2018 cm^-1  (      1.7448 THz )
      8     58.2018 cm^-1  (      1.7448 THz )
      9     73.3802 cm^-1  (      2.1999 THz )
     10     73.7496 cm^-1  (      2.2110 THz )
     11    132.0517 cm^-1  (      3.9588 THz )
     12    162.5904 cm^-1  (      4.8743 THz )
     13    206.6257 cm^-1  (      6.1945 THz )
     14    208.8834 cm^-1  (      6.2622 THz )
     15    208.8834 cm^-1  (      6.2622 THz )

 # Irred. k point   50 : (  0.1667,  0.1667,  0.1667)
   Mode, Frequency 
      1     29.1587 cm^-1  (      0.8742 THz )
      2     29.1587 cm^-1  (      0.8742 THz )
      3     38.4693 cm^-1  (      1.1533 THz )
      4     42.2051 cm^-1  (      1.2653 THz )
      5     45.5973 cm^-1  (      1.3670 THz )
      6     45.5973 cm^-1  (      1.3670 THz )
      7     53.9464 cm^-1  (      1.6173 THz )
      8     53.9464 cm^-1  (      1.6173 THz )
      9     62.6247 cm^-1  (      1.8774 THz )
     10     90.4119 cm^-1  (      2.7105 THz )
     11     90.4119 cm^-1  (      2.7105 THz )
     12     98.6267 cm^-1  (      2.9568 THz )
     13    202.9788 cm^-1  (      6.0852 THz )
     14    202.9788 cm^-1  (      6.0852 THz )
     15    236.5685 cm^-1  (      7.0921 THz )

 # Irred. k point   51 : (  0.1667,  0.1667,  0.2500)
   Mode, Frequency 
      1     31.1436 cm^-1  (      0.9337 THz )
      2     32.1915 cm^-1  (      0.9651 THz )
      3     40.7269 cm^-1  (      1.2210 THz )
      4     40.8790 cm^-1  (      1.2255 THz )
      5     44.5717 cm^-1  (      1.3362 THz )
      6     45.3520 cm^-1  (      1.3596 THz )
      7     54.2576 cm^-1  (      1.6266 THz )
      8     56.8329 cm^-1  (      1.7038 THz )
      9     65.0577 cm^-1  (      1.9504 THz )
     10     90.2397 cm^-1  (      2.7053 THz )
     11     94.4697 cm^-1  (      2.8321 THz )
     12    113.0006 cm^-1  (      3.3877 THz )
     13    202.3718 cm^-1  (      6.0670 THz )
     14    203.4538 cm^-1  (      6.0994 THz )
     15    232.7833 cm^-1  (      6.9787 THz )

 # Irred. k point   52 : (  0.1667,  0.1667,  0.3333)
   Mode, Frequency 
      1     33.1788 cm^-1  (      0.9947 THz )
      2     34.7636 cm^-1  (      1.0422 THz )
      3     39.9559 cm^-1  (      1.1978 THz )
      4     41.8846 cm^-1  (      1.2557 THz )
      5     43.3507 cm^-1  (      1.2996 THz )
      6     45.9689 cm^-1  (      1.3781 THz )
      7     53.5560 cm^-1  (      1.6056 THz )
      8     59.3877 cm^-1  (      1.7804 THz )
      9     66.9078 cm^-1  (      2.0058 THz )
     10     90.0215 cm^-1  (      2.6988 THz )
     11     94.5203 cm^-1  (      2.8336 THz )
     12    131.1336 cm^-1  (      3.9313 THz )
     13    203.1754 cm^-1  (      6.0910 THz )
     14    203.9321 cm^-1  (      6.1137 THz )
     15    226.6864 cm^-1  (      6.7959 THz )

 # Irred. k point   53 : (  0.1667,  0.1667,  0.4167)
   Mode, Frequency 
      1     34.7554 cm^-1  (      1.0419 THz )
      2     36.6803 cm^-1  (      1.0996 THz )
      3     39.7727 cm^-1  (      1.1924 THz )
      4     41.9382 cm^-1  (      1.2573 THz )
      5     42.5227 cm^-1  (      1.2748 THz )
      6     46.3639 cm^-1  (      1.3900 THz )
      7     53.0072 cm^-1  (      1.5891 THz )
      8     61.1687 cm^-1  (      1.8338 THz )
      9     67.9006 cm^-1  (      2.0356 THz )
     10     89.8265 cm^-1  (      2.6929 THz )
     11     94.3595 cm^-1  (      2.8288 THz )
     12    144.9278 cm^-1  (      4.3448 THz )
     13    204.2845 cm^-1  (      6.1243 THz )
     14    205.7904 cm^-1  (      6.1694 THz )
     15    219.1610 cm^-1  (      6.5703 THz )

 # Irred. k point   54 : (  0.1667,  0.1667, -0.5000)
   Mode, Frequency 
      1     35.3381 cm^-1  (      1.0594 THz )
      2     37.3954 cm^-1  (      1.1211 THz )
      3     40.4905 cm^-1  (      1.2139 THz )
      4     40.6371 cm^-1  (      1.2183 THz )
      5     42.8647 cm^-1  (      1.2851 THz )
      6     46.3036 cm^-1  (      1.3881 THz )
      7     52.8606 cm^-1  (      1.5847 THz )
      8     61.8107 cm^-1  (      1.8530 THz )
      9     68.2114 cm^-1  (      2.0449 THz )
     10     89.7465 cm^-1  (      2.6905 THz )
     11     94.2868 cm^-1  (      2.8266 THz )
     12    150.1942 cm^-1  (      4.5027 THz )
     13    204.4139 cm^-1  (      6.1282 THz )
     14    209.4841 cm^-1  (      6.2802 THz )
     15    213.3314 cm^-1  (      6.3955 THz )

 # Irred. k point   55 : (  0.1667,  0.2500,  0.2500)
   Mode, Frequency 
      1     32.9936 cm^-1  (      0.9891 THz )
      2     33.1532 cm^-1  (      0.9939 THz )
      3     39.1297 cm^-1  (      1.1731 THz )
      4     41.5660 cm^-1  (      1.2461 THz )
      5     43.6106 cm^-1  (      1.3074 THz )
      6     44.2603 cm^-1  (      1.3269 THz )
      7     57.4588 cm^-1  (      1.7226 THz )
      8     58.0542 cm^-1  (      1.7404 THz )
      9     66.7104 cm^-1  (      1.9999 THz )
     10     91.8019 cm^-1  (      2.7522 THz )
     11    107.8176 cm^-1  (      3.2323 THz )
     12    116.7143 cm^-1  (      3.4990 THz )
     13    202.1314 cm^-1  (      6.0597 THz )
     14    203.5197 cm^-1  (      6.1014 THz )
     15    230.2896 cm^-1  (      6.9039 THz )

 # Irred. k point   56 : (  0.1667,  0.2500,  0.3333)
   Mode, Frequency 
      1     32.7567 cm^-1  (      0.9820 THz )
      2     34.8587 cm^-1  (      1.0450 THz )
      3     38.6326 cm^-1  (      1.1582 THz )
      4     41.5517 cm^-1  (      1.2457 THz )
      5     42.5459 cm^-1  (      1.2755 THz )
      6     44.5042 cm^-1  (      1.3342 THz )
      7     57.4106 cm^-1  (      1.7211 THz )
      8     60.5229 cm^-1  (      1.8144 THz )
      9     68.3927 cm^-1  (      2.0504 THz )
     10     91.5851 cm^-1  (      2.7457 THz )
     11    110.5977 cm^-1  (      3.3156 THz )
     12    131.8205 cm^-1  (      3.9519 THz )
     13    202.9791 cm^-1  (      6.0852 THz )
     14    204.0654 cm^-1  (      6.1177 THz )
     15    225.6031 cm^-1  (      6.7634 THz )

 # Irred. k point   57 : (  0.1667,  0.2500,  0.4167)
   Mode, Frequency 
      1     31.8058 cm^-1  (      0.9535 THz )
      2     36.4997 cm^-1  (      1.0942 THz )
      3     39.1964 cm^-1  (      1.1751 THz )
      4     41.2268 cm^-1  (      1.2359 THz )
      5     41.4338 cm^-1  (      1.2422 THz )
      6     44.9281 cm^-1  (      1.3469 THz )
      7     56.9816 cm^-1  (      1.7083 THz )
      8     62.3181 cm^-1  (      1.8683 THz )
      9     69.4333 cm^-1  (      2.0816 THz )
     10     91.3518 cm^-1  (      2.7387 THz )
     11    110.8210 cm^-1  (      3.3223 THz )
     12    144.5923 cm^-1  (      4.3348 THz )
     13    204.1945 cm^-1  (      6.1216 THz )
     14    205.9970 cm^-1  (      6.1756 THz )
     15    219.3725 cm^-1  (      6.5766 THz )

 # Irred. k point   58 : (  0.1667,  0.2500, -0.5000)
   Mode, Frequency 
      1     31.3830 cm^-1  (      0.9408 THz )
      2     37.2667 cm^-1  (      1.1172 THz )
      3     40.0549 cm^-1  (      1.2008 THz )
      4     40.1107 cm^-1  (      1.2025 THz )
      5     41.3374 cm^-1  (      1.2393 THz )
      6     45.0383 cm^-1  (      1.3502 THz )
      7     56.8132 cm^-1  (      1.7032 THz )
      8     62.9529 cm^-1  (      1.8873 THz )
      9     69.7763 cm^-1  (      2.0918 THz )
     10     91.2569 cm^-1  (      2.7358 THz )
     11    110.8397 cm^-1  (      3.3229 THz )
     12    149.3869 cm^-1  (      4.4785 THz )
     13    204.3934 cm^-1  (      6.1276 THz )
     14    209.1112 cm^-1  (      6.2690 THz )
     15    214.7306 cm^-1  (      6.4375 THz )

 # Irred. k point   59 : (  0.1667,  0.3333,  0.3333)
   Mode, Frequency 
      1     29.1120 cm^-1  (      0.8728 THz )
      2     35.9150 cm^-1  (      1.0767 THz )
      3     39.1175 cm^-1  (      1.1727 THz )
      4     41.1906 cm^-1  (      1.2349 THz )
      5     42.0688 cm^-1  (      1.2612 THz )
      6     43.7508 cm^-1  (      1.3116 THz )
      7     60.1857 cm^-1  (      1.8043 THz )
      8     60.5872 cm^-1  (      1.8164 THz )
      9     70.0400 cm^-1  (      2.0997 THz )
     10     91.3318 cm^-1  (      2.7381 THz )
     11    122.0275 cm^-1  (      3.6583 THz )
     12    137.6349 cm^-1  (      4.1262 THz )
     13    203.8028 cm^-1  (      6.1099 THz )
     14    204.5639 cm^-1  (      6.1327 THz )
     15    222.5387 cm^-1  (      6.6715 THz )

 # Irred. k point   60 : (  0.1667,  0.3333,  0.4167)
   Mode, Frequency 
      1     25.9768 cm^-1  (      0.7788 THz )
      2     37.0813 cm^-1  (      1.1117 THz )
      3     39.6117 cm^-1  (      1.1875 THz )
      4     40.7886 cm^-1  (      1.2228 THz )
      5     41.4651 cm^-1  (      1.2431 THz )
      6     43.6253 cm^-1  (      1.3079 THz )
      7     60.0507 cm^-1  (      1.8003 THz )
      8     62.2930 cm^-1  (      1.8675 THz )
      9     71.1326 cm^-1  (      2.1325 THz )
     10     91.0663 cm^-1  (      2.7301 THz )
     11    124.4576 cm^-1  (      3.7311 THz )
     12    147.5411 cm^-1  (      4.4232 THz )
     13    204.8132 cm^-1  (      6.1401 THz )
     14    206.3785 cm^-1  (      6.1871 THz )
     15    217.8576 cm^-1  (      6.5312 THz )

 # Irred. k point   61 : (  0.1667,  0.3333, -0.5000)
   Mode, Frequency 
      1     24.7785 cm^-1  (      0.7428 THz )
      2     37.6743 cm^-1  (      1.1294 THz )
      3     39.7143 cm^-1  (      1.1906 THz )
      4     40.6508 cm^-1  (      1.2187 THz )
      5     41.1093 cm^-1  (      1.2324 THz )
      6     43.6542 cm^-1  (      1.3087 THz )
      7     59.9137 cm^-1  (      1.7962 THz )
      8     62.9497 cm^-1  (      1.8872 THz )
      9     71.5032 cm^-1  (      2.1436 THz )
     10     90.9590 cm^-1  (      2.7269 THz )
     11    124.7589 cm^-1  (      3.7402 THz )
     12    151.7664 cm^-1  (      4.5498 THz )
     13    204.9774 cm^-1  (      6.1451 THz )
     14    208.9777 cm^-1  (      6.2650 THz )
     15    214.2488 cm^-1  (      6.4230 THz )

 # Irred. k point   62 : (  0.1667,  0.4167,  0.4167)
   Mode, Frequency 
      1     21.0190 cm^-1  (      0.6301 THz )
      2     37.8576 cm^-1  (      1.1349 THz )
      3     39.6868 cm^-1  (      1.1898 THz )
      4     40.2330 cm^-1  (      1.2062 THz )
      5     41.9256 cm^-1  (      1.2569 THz )
      6     42.7435 cm^-1  (      1.2814 THz )
      7     61.9709 cm^-1  (      1.8578 THz )
      8     62.0834 cm^-1  (      1.8612 THz )
      9     72.2758 cm^-1  (      2.1668 THz )
     10     90.7760 cm^-1  (      2.7214 THz )
     11    129.7323 cm^-1  (      3.8893 THz )
     12    154.2291 cm^-1  (      4.6237 THz )
     13    205.9588 cm^-1  (      6.1745 THz )
     14    207.2533 cm^-1  (      6.2133 THz )
     15    214.6972 cm^-1  (      6.4365 THz )

 # Irred. k point   63 : (  0.1667,  0.4167, -0.5000)
   Mode, Frequency 
      1     18.9941 cm^-1  (      0.5694 THz )
      2     38.3067 cm^-1  (      1.1484 THz )
      3     39.5859 cm^-1  (      1.1868 THz )
      4     40.0030 cm^-1  (      1.1993 THz )
      5     41.9239 cm^-1  (      1.2568 THz )
      6     42.6129 cm^-1  (      1.2775 THz )
      7     61.9085 cm^-1  (      1.8560 THz )
      8     62.7117 cm^-1  (      1.8801 THz )
      9     72.6664 cm^-1  (      2.1785 THz )
     10     90.6592 cm^-1  (      2.7179 THz )
     11    130.7018 cm^-1  (      3.9183 THz )
     12    157.7000 cm^-1  (      4.7277 THz )
     13    206.3354 cm^-1  (      6.1858 THz )
     14    209.0192 cm^-1  (      6.2662 THz )
     15    211.9113 cm^-1  (      6.3529 THz )

 # Irred. k point   64 : (  0.1667, -0.5000, -0.5000)
   Mode, Frequency 
      1     16.5170 cm^-1  (      0.4952 THz )
      2     38.7572 cm^-1  (      1.1619 THz )
      3     39.5590 cm^-1  (      1.1860 THz )
      4     39.5590 cm^-1  (      1.1860 THz )
      5     42.2264 cm^-1  (      1.2659 THz )
      6     42.2264 cm^-1  (      1.2659 THz )
      7     62.6014 cm^-1  (      1.8767 THz )
      8     62.6014 cm^-1  (      1.8767 THz )
      9     73.0642 cm^-1  (      2.1904 THz )
     10     90.5387 cm^-1  (      2.7143 THz )
     11    131.9205 cm^-1  (      3.9549 THz )
     12    160.9395 cm^-1  (      4.8248 THz )
     13    208.5196 cm^-1  (      6.2513 THz )
     14    209.0620 cm^-1  (      6.2675 THz )
     15    209.0620 cm^-1  (      6.2675 THz )

 # Irred. k point   65 : (  0.2500,  0.2500,  0.2500)
   Mode, Frequency 
      1     33.6299 cm^-1  (      1.0082 THz )
      2     33.6299 cm^-1  (      1.0082 THz )
      3     36.7470 cm^-1  (      1.1016 THz )
      4     42.1269 cm^-1  (      1.2629 THz )
      5     42.1269 cm^-1  (      1.2629 THz )
      6     42.3213 cm^-1  (      1.2688 THz )
      7     60.7019 cm^-1  (      1.8198 THz )
      8     60.7019 cm^-1  (      1.8198 THz )
      9     67.2075 cm^-1  (      2.0148 THz )
     10    107.5928 cm^-1  (      3.2256 THz )
     11    107.5928 cm^-1  (      3.2256 THz )
     12    119.9511 cm^-1  (      3.5960 THz )
     13    202.8685 cm^-1  (      6.0818 THz )
     14    202.8685 cm^-1  (      6.0818 THz )
     15    228.5550 cm^-1  (      6.8519 THz )

 # Irred. k point   66 : (  0.2500,  0.2500,  0.3333)
   Mode, Frequency 
      1     32.7868 cm^-1  (      0.9829 THz )
      2     33.5933 cm^-1  (      1.0071 THz )
      3     35.7865 cm^-1  (      1.0729 THz )
      4     40.9149 cm^-1  (      1.2266 THz )
      5     41.0852 cm^-1  (      1.2317 THz )
      6     43.1233 cm^-1  (      1.2928 THz )
      7     61.1320 cm^-1  (      1.8327 THz )
      8     63.2998 cm^-1  (      1.8977 THz )
      9     68.4480 cm^-1  (      2.0520 THz )
     10    107.3610 cm^-1  (      3.2186 THz )
     11    112.4533 cm^-1  (      3.3713 THz )
     12    132.7343 cm^-1  (      3.9793 THz )
     13    203.6134 cm^-1  (      6.1042 THz )
     14    203.7144 cm^-1  (      6.1072 THz )
     15    224.8526 cm^-1  (      6.7409 THz )

 # Irred. k point   67 : (  0.2500,  0.2500,  0.4167)
   Mode, Frequency 
      1     31.1142 cm^-1  (      0.9328 THz )
      2     33.3684 cm^-1  (      1.0004 THz )
      3     36.4670 cm^-1  (      1.0933 THz )
      4     40.1339 cm^-1  (      1.2032 THz )
      5     40.3992 cm^-1  (      1.2111 THz )
      6     43.7135 cm^-1  (      1.3105 THz )
      7     60.9021 cm^-1  (      1.8258 THz )
      8     64.9934 cm^-1  (      1.9485 THz )
      9     69.4407 cm^-1  (      2.0818 THz )
     10    107.1859 cm^-1  (      3.2134 THz )
     11    113.0344 cm^-1  (      3.3887 THz )
     12    144.6098 cm^-1  (      4.3353 THz )
     13    204.1636 cm^-1  (      6.1207 THz )
     14    206.3592 cm^-1  (      6.1865 THz )
     15    219.6579 cm^-1  (      6.5852 THz )

 # Irred. k point   68 : (  0.2500,  0.2500, -0.5000)
   Mode, Frequency 
      1     30.4469 cm^-1  (      0.9128 THz )
      2     33.2630 cm^-1  (      0.9972 THz )
      3     36.9413 cm^-1  (      1.1075 THz )
      4     39.6300 cm^-1  (      1.1881 THz )
      5     40.2784 cm^-1  (      1.2075 THz )
      6     43.9126 cm^-1  (      1.3165 THz )
      7     60.7710 cm^-1  (      1.8219 THz )
      8     65.5830 cm^-1  (      1.9661 THz )
      9     69.7895 cm^-1  (      2.0922 THz )
     10    107.1204 cm^-1  (      3.2114 THz )
     11    113.1096 cm^-1  (      3.3909 THz )
     12    149.0580 cm^-1  (      4.4686 THz )
     13    204.3660 cm^-1  (      6.1267 THz )
     14    209.0358 cm^-1  (      6.2667 THz )
     15    215.9246 cm^-1  (      6.4733 THz )

 # Irred. k point   69 : (  0.2500,  0.3333,  0.3333)
   Mode, Frequency 
      1     29.1760 cm^-1  (      0.8747 THz )
      2     33.3839 cm^-1  (      1.0008 THz )
      3     34.1820 cm^-1  (      1.0248 THz )
      4     40.2604 cm^-1  (      1.2070 THz )
      5     41.0506 cm^-1  (      1.2307 THz )
      6     42.6302 cm^-1  (      1.2780 THz )
      7     63.5934 cm^-1  (      1.9065 THz )
      8     64.3042 cm^-1  (      1.9278 THz )
      9     69.3932 cm^-1  (      2.0804 THz )
     10    109.2321 cm^-1  (      3.2747 THz )
     11    121.7052 cm^-1  (      3.6486 THz )
     12    138.4704 cm^-1  (      4.1512 THz )
     13    204.3802 cm^-1  (      6.1272 THz )
     14    204.5300 cm^-1  (      6.1317 THz )
     15    222.3505 cm^-1  (      6.6659 THz )

 # Irred. k point   70 : (  0.2500,  0.3333,  0.4167)
   Mode, Frequency 
      1     25.8737 cm^-1  (      0.7757 THz )
      2     32.5045 cm^-1  (      0.9745 THz )
      3     34.1956 cm^-1  (      1.0252 THz )
      4     39.7974 cm^-1  (      1.1931 THz )
      5     40.9565 cm^-1  (      1.2278 THz )
      6     42.7088 cm^-1  (      1.2804 THz )
      7     63.7493 cm^-1  (      1.9112 THz )
      8     65.7171 cm^-1  (      1.9702 THz )
      9     70.3725 cm^-1  (      2.1097 THz )
     10    109.1849 cm^-1  (      3.2733 THz )
     11    124.2996 cm^-1  (      3.7264 THz )
     12    147.6737 cm^-1  (      4.4271 THz )
     13    204.9590 cm^-1  (      6.1445 THz )
     14    206.8602 cm^-1  (      6.2015 THz )
     15    218.3577 cm^-1  (      6.5462 THz )

 # Irred. k point   71 : (  0.2500,  0.3333, -0.5000)
   Mode, Frequency 
      1     24.6108 cm^-1  (      0.7378 THz )
      2     32.0762 cm^-1  (      0.9616 THz )
      3     34.3427 cm^-1  (      1.0296 THz )
      4     39.6188 cm^-1  (      1.1877 THz )
      5     40.8683 cm^-1  (      1.2252 THz )
      6     42.8139 cm^-1  (      1.2835 THz )
      7     63.6515 cm^-1  (      1.9082 THz )
      8     66.2843 cm^-1  (      1.9872 THz )
      9     70.7388 cm^-1  (      2.1207 THz )
     10    109.1380 cm^-1  (      3.2719 THz )
     11    124.6630 cm^-1  (      3.7373 THz )
     12    151.5957 cm^-1  (      4.5447 THz )
     13    205.1631 cm^-1  (      6.1506 THz )
     14    209.1185 cm^-1  (      6.2692 THz )
     15    215.3908 cm^-1  (      6.4573 THz )

 # Irred. k point   72 : (  0.2500,  0.4167,  0.4167)
   Mode, Frequency 
      1     20.7828 cm^-1  (      0.6231 THz )
      2     32.4961 cm^-1  (      0.9742 THz )
      3     32.6860 cm^-1  (      0.9799 THz )
      4     39.5752 cm^-1  (      1.1864 THz )
      5     41.4536 cm^-1  (      1.2427 THz )
      6     42.0685 cm^-1  (      1.2612 THz )
      7     65.4029 cm^-1  (      1.9607 THz )
      8     65.6752 cm^-1  (      1.9689 THz )
      9     71.3835 cm^-1  (      2.1400 THz )
     10    109.1468 cm^-1  (      3.2721 THz )
     11    129.4808 cm^-1  (      3.8817 THz )
     12    153.9674 cm^-1  (      4.6158 THz )
     13    206.4149 cm^-1  (      6.1882 THz )
     14    207.7055 cm^-1  (      6.2269 THz )
     15    215.5069 cm^-1  (      6.4607 THz )

 # Irred. k point   73 : (  0.2500,  0.4167, -0.5000)
   Mode, Frequency 
      1     18.6807 cm^-1  (      0.5600 THz )
      2     32.0329 cm^-1  (      0.9603 THz )
      3     32.6365 cm^-1  (      0.9784 THz )
      4     39.4929 cm^-1  (      1.1840 THz )
      5     41.4735 cm^-1  (      1.2433 THz )
      6     41.9993 cm^-1  (      1.2591 THz )
      7     65.4236 cm^-1  (      1.9614 THz )
      8     66.1363 cm^-1  (      1.9827 THz )
      9     71.7637 cm^-1  (      2.1514 THz )
     10    109.0974 cm^-1  (      3.2707 THz )
     11    130.4897 cm^-1  (      3.9120 THz )
     12    157.1681 cm^-1  (      4.7118 THz )
     13    206.9236 cm^-1  (      6.2034 THz )
     14    209.2724 cm^-1  (      6.2738 THz )
     15    213.0779 cm^-1  (      6.3879 THz )

 # Irred. k point   74 : (  0.2500, -0.5000, -0.5000)
   Mode, Frequency 
      1     16.1001 cm^-1  (      0.4827 THz )
      2     32.0418 cm^-1  (      0.9606 THz )
      3     32.0418 cm^-1  (      0.9606 THz )
      4     39.4394 cm^-1  (      1.1824 THz )
      5     41.6975 cm^-1  (      1.2501 THz )
      6     41.6975 cm^-1  (      1.2501 THz )
      7     66.0239 cm^-1  (      1.9793 THz )
      8     66.0239 cm^-1  (      1.9793 THz )
      9     72.1478 cm^-1  (      2.1629 THz )
     10    109.0459 cm^-1  (      3.2691 THz )
     11    131.7410 cm^-1  (      3.9495 THz )
     12    160.1317 cm^-1  (      4.8006 THz )
     13    209.3475 cm^-1  (      6.2761 THz )
     14    209.3475 cm^-1  (      6.2761 THz )
     15    210.2457 cm^-1  (      6.3030 THz )

 # Irred. k point   75 : (  0.3333,  0.3333,  0.3333)
   Mode, Frequency 
      1     28.9125 cm^-1  (      0.8668 THz )
      2     29.5015 cm^-1  (      0.8844 THz )
      3     29.5015 cm^-1  (      0.8844 THz )
      4     40.5625 cm^-1  (      1.2160 THz )
      5     40.5625 cm^-1  (      1.2160 THz )
      6     42.0964 cm^-1  (      1.2620 THz )
      7     66.1512 cm^-1  (      1.9832 THz )
      8     66.1512 cm^-1  (      1.9832 THz )
      9     69.3227 cm^-1  (      2.0782 THz )
     10    121.3886 cm^-1  (      3.6391 THz )
     11    121.3886 cm^-1  (      3.6391 THz )
     12    143.1127 cm^-1  (      4.2904 THz )
     13    205.2766 cm^-1  (      6.1540 THz )
     14    205.2766 cm^-1  (      6.1540 THz )
     15    220.6208 cm^-1  (      6.6140 THz )

 # Irred. k point   76 : (  0.3333,  0.3333,  0.4167)
   Mode, Frequency 
      1     25.3213 cm^-1  (      0.7591 THz )
      2     26.4862 cm^-1  (      0.7940 THz )
      3     29.4040 cm^-1  (      0.8815 THz )
      4     40.2081 cm^-1  (      1.2054 THz )
      5     40.7581 cm^-1  (      1.2219 THz )
      6     41.9607 cm^-1  (      1.2580 THz )
      7     66.3839 cm^-1  (      1.9901 THz )
      8     67.7432 cm^-1  (      2.0309 THz )
      9     69.9879 cm^-1  (      2.0982 THz )
     10    121.1604 cm^-1  (      3.6323 THz )
     11    125.3951 cm^-1  (      3.7593 THz )
     12    150.7159 cm^-1  (      4.5183 THz )
     13    205.8351 cm^-1  (      6.1708 THz )
     14    207.4174 cm^-1  (      6.2182 THz )
     15    217.4724 cm^-1  (      6.5197 THz )

 # Irred. k point   77 : (  0.3333,  0.3333, -0.5000)
   Mode, Frequency 
      1     23.8863 cm^-1  (      0.7161 THz )
      2     25.3569 cm^-1  (      0.7602 THz )
      3     29.4381 cm^-1  (      0.8825 THz )
      4     40.0721 cm^-1  (      1.2013 THz )
      5     40.7657 cm^-1  (      1.2221 THz )
      6     41.9861 cm^-1  (      1.2587 THz )
      7     66.3146 cm^-1  (      1.9881 THz )
      8     68.2843 cm^-1  (      2.0471 THz )
      9     70.3290 cm^-1  (      2.1084 THz )
     10    121.0775 cm^-1  (      3.6298 THz )
     11    126.1002 cm^-1  (      3.7804 THz )
     12    154.1807 cm^-1  (      4.6222 THz )
     13    206.0420 cm^-1  (      6.1770 THz )
     14    209.3542 cm^-1  (      6.2763 THz )
     15    215.0635 cm^-1  (      6.4474 THz )

 # Irred. k point   78 : (  0.3333,  0.4167,  0.4167)
   Mode, Frequency 
      1     20.5426 cm^-1  (      0.6159 THz )
      2     25.8455 cm^-1  (      0.7748 THz )
      3     25.9170 cm^-1  (      0.7770 THz )
      4     40.1615 cm^-1  (      1.2040 THz )
      5     40.9566 cm^-1  (      1.2278 THz )
      6     41.4676 cm^-1  (      1.2432 THz )
      7     67.8804 cm^-1  (      2.0350 THz )
      8     68.1547 cm^-1  (      2.0432 THz )
      9     70.5409 cm^-1  (      2.1148 THz )
     10    122.7601 cm^-1  (      3.6803 THz )
     11    129.2321 cm^-1  (      3.8743 THz )
     12    156.4601 cm^-1  (      4.6906 THz )
     13    207.2563 cm^-1  (      6.2134 THz )
     14    208.1956 cm^-1  (      6.2415 THz )
     15    215.1684 cm^-1  (      6.4506 THz )

 # Irred. k point   79 : (  0.3333,  0.4167, -0.5000)
   Mode, Frequency 
      1     18.3604 cm^-1  (      0.5504 THz )
      2     24.5582 cm^-1  (      0.7362 THz )
      3     25.8494 cm^-1  (      0.7749 THz )
      4     40.0827 cm^-1  (      1.2016 THz )
      5     41.0029 cm^-1  (      1.2292 THz )
      6     41.3656 cm^-1  (      1.2401 THz )
      7     67.9223 cm^-1  (      2.0363 THz )
      8     68.5611 cm^-1  (      2.0554 THz )
      9     70.8959 cm^-1  (      2.1254 THz )
     10    122.8123 cm^-1  (      3.6818 THz )
     11    130.3136 cm^-1  (      3.9067 THz )
     12    159.3734 cm^-1  (      4.7779 THz )
     13    207.6953 cm^-1  (      6.2265 THz )
     14    209.5839 cm^-1  (      6.2832 THz )
     15    213.1619 cm^-1  (      6.3904 THz )

 # Irred. k point   80 : (  0.3333, -0.5000, -0.5000)
   Mode, Frequency 
      1     15.6721 cm^-1  (      0.4698 THz )
      2     24.5007 cm^-1  (      0.7345 THz )
      3     24.5007 cm^-1  (      0.7345 THz )
      4     40.0311 cm^-1  (      1.2001 THz )
      5     41.1342 cm^-1  (      1.2332 THz )
      6     41.1342 cm^-1  (      1.2332 THz )
      7     68.4607 cm^-1  (      2.0524 THz )
      8     68.4607 cm^-1  (      2.0524 THz )
      9     71.2583 cm^-1  (      2.1363 THz )
     10    122.8969 cm^-1  (      3.6844 THz )
     11    131.5612 cm^-1  (      3.9441 THz )
     12    162.1015 cm^-1  (      4.8597 THz )
     13    209.6795 cm^-1  (      6.2860 THz )
     14    209.6795 cm^-1  (      6.2860 THz )
     15    210.9039 cm^-1  (      6.3227 THz )

 # Irred. k point   81 : (  0.4167,  0.4167,  0.4167)
   Mode, Frequency 
      1     20.0738 cm^-1  (      0.6018 THz )
      2     20.5750 cm^-1  (      0.6168 THz )
      3     20.5750 cm^-1  (      0.6168 THz )
      4     40.5660 cm^-1  (      1.2161 THz )
      5     40.5660 cm^-1  (      1.2161 THz )
      6     41.0296 cm^-1  (      1.2300 THz )
      7     69.3771 cm^-1  (      2.0799 THz )
      8     69.3771 cm^-1  (      2.0799 THz )
      9     70.1815 cm^-1  (      2.1040 THz )
     10    129.0518 cm^-1  (      3.8689 THz )
     11    129.0518 cm^-1  (      3.8689 THz )
     12    161.4255 cm^-1  (      4.8394 THz )
     13    208.5776 cm^-1  (      6.2530 THz )
     14    208.5776 cm^-1  (      6.2530 THz )
     15    213.5594 cm^-1  (      6.4023 THz )

 # Irred. k point   82 : (  0.4167,  0.4167, -0.5000)
   Mode, Frequency 
      1     17.9272 cm^-1  (      0.5374 THz )
      2     18.3792 cm^-1  (      0.5510 THz )
      3     20.3459 cm^-1  (      0.6100 THz )
      4     40.4172 cm^-1  (      1.2117 THz )
      5     40.6918 cm^-1  (      1.2199 THz )
      6     40.8791 cm^-1  (      1.2255 THz )
      7     69.4185 cm^-1  (      2.0811 THz )
      8     69.8776 cm^-1  (      2.0949 THz )
      9     70.4078 cm^-1  (      2.1108 THz )
     10    128.9862 cm^-1  (      3.8669 THz )
     11    130.5473 cm^-1  (      3.9137 THz )
     12    164.0431 cm^-1  (      4.9179 THz )
     13    208.7223 cm^-1  (      6.2573 THz )
     14    209.8474 cm^-1  (      6.2911 THz )
     15    211.9940 cm^-1  (      6.3554 THz )

 # Irred. k point   83 : (  0.4167, -0.5000, -0.5000)
   Mode, Frequency 
      1     15.3512 cm^-1  (      0.4602 THz )
      2     18.0676 cm^-1  (      0.5417 THz )
      3     18.0676 cm^-1  (      0.5417 THz )
      4     40.4054 cm^-1  (      1.2113 THz )
      5     40.6958 cm^-1  (      1.2200 THz )
      6     40.6958 cm^-1  (      1.2200 THz )
      7     69.9167 cm^-1  (      2.0960 THz )
      8     69.9167 cm^-1  (      2.0960 THz )
      9     70.6270 cm^-1  (      2.1173 THz )
     10    129.6649 cm^-1  (      3.8873 THz )
     11    131.4295 cm^-1  (      3.9402 THz )
     12    166.5635 cm^-1  (      4.9934 THz )
     13    209.9511 cm^-1  (      6.2942 THz )
     14    209.9511 cm^-1  (      6.2942 THz )
     15    210.4849 cm^-1  (      6.3102 THz )

 # Irred. k point   84 : ( -0.5000, -0.5000, -0.5000)
   Mode, Frequency 
      1     15.2320 cm^-1  (      0.4566 THz )
      2     15.2320 cm^-1  (      0.4566 THz )
      3     15.2320 cm^-1  (      0.4566 THz )
      4     40.5297 cm^-1  (      1.2151 THz )
      5     40.5297 cm^-1  (      1.2151 THz )
      6     40.5297 cm^-1  (      1.2151 THz )
      7     70.4006 cm^-1  (      2.1106 THz )
      8     70.4006 cm^-1  (      2.1106 THz )
      9     70.4006 cm^-1  (      2.1106 THz )
     10    131.3812 cm^-1  (      3.9387 THz )
     11    131.3812 cm^-1  (      3.9387 THz )
     12    169.0243 cm^-1  (      5.0672 THz )
     13    210.0565 cm^-1  (      6.2973 THz )
     14    210.0565 cm^-1  (      6.2973 THz )
     15    210.0565 cm^-1  (      6.2973 THz )


 -----------------------------------------------------------------

 ANIME-tag is given: Making animation files for the given
                     k point ( 0.0000, 0.0000, 0.0000).
 ANIME_CELLSIZE =   2  2  2
 ANIME_FORMAT = XSF

 -----------------------------------------------------------------

 The following files are created: 
  pc_dos.phvel_all   : Phonon velocity at all k points
  pc_dos.dos         : Phonon DOS and atom projected DOS
  pc_dos.tdos        : Two-phonon DOS
  pc_dos.sps_Bose    : Three-phonon scattering phase space 
                       with the Bose distribution function
  pc_dos.thermo      : Thermodynamic quantities
  pc_dos.msd         : Mean-square-displacement (MSD)
  pc_dos.gru_all     : Gruneisen parameters at all k points
  pc_dos.anime*.axsf : AXSF files for animate phonon modes

 Job finished at Tue Oct 27 16:55:46 2020

