 +-----------------------------------------------------------------+
 +                         Program ANPHON                          +
 +                             Ver.  1.1.0                         +
 +-----------------------------------------------------------------+

 Job started at Sun Dec 13 21:58:12 2020

 The number of MPI processes: 1
 The number of OpenMP threads: 24


 Input variables:
 -----------------------------------------------------------------
 General:
  PREFIX = pc_dos
  MODE = PHONONS
  FCSXML = uc.xml
  FC2XML = uc_2nd_100K.xml

  NKD = 3; KD =   Br  Cd  Cs
  MASS =     79.904    112.41    132.91
  NSYM = 0; TOLERANCE = 1e-06; PRINTSYM = 0

  NONANALYTIC = 3
  BORNINFO = BORN; NA_SIGMA = 0.1

  TMIN = 0; TMAX = 1000; DT = 10
  EMIN = 0; EMAX = 1200; DELTA_E = 2

  ISMEAR = -1; EPSILON = 2

  CLASSICAL = 0
  BCONNECT = 2


 Kpoint:
  KPMODE (1st entry for &kpoint) = 2


 Analysis:
  PRINTVEL = 1
  PRINTVEC = 0
  PRINTXSF = 0

  ANIME =     0    0    0
  ANIME_CELL =     2    2    2
  ANIME_FORMAT = XSF

  PDOS = 1; TDOS = 1
  PRINTMSD = 1
  SPS = 2

  GRUNEISEN = 1
  NEWFCS = 0


 -----------------------------------------------------------------

                      MODE = phonons                         
                                                             
      Phonon calculation within harmonic approximation       
      Harmonic force constants will be used.                 

      GRUNEISEN = 1 : Cubic force constants are necessary.

 -----------------------------------------------------------------

 Crystal structure
 =================

 Lattice Vectors:

 * Supercell (from uc.xml )

    2.073879e+01   0.000000e+00   0.000000e+00 : a1
    0.000000e+00   2.073879e+01   0.000000e+00 : a2
    0.000000e+00   0.000000e+00   2.073879e+01 : a3

    3.029678e-01   0.000000e+00   0.000000e+00 : b1
    0.000000e+00   3.029678e-01   0.000000e+00 : b2
    0.000000e+00   0.000000e+00   3.029678e-01 : b3

 * Primitive cell 

    1.036939e+01  -0.000000e+00   0.000000e+00 : a1
    0.000000e+00   1.036939e+01   0.000000e+00 : a2
   -0.000000e+00   0.000000e+00   1.036939e+01 : a3

    6.059356e-01  -0.000000e+00   0.000000e+00 : b1
    0.000000e+00   6.059356e-01   0.000000e+00 : b2
   -0.000000e+00   0.000000e+00   6.059356e-01 : b3


  Volume of the primitive cell : 1.114962e+03 (a.u.)^3

  Number of atoms in the supercell     : 40
  Number of atoms in the primitive cell: 5


  FC2XML is given: Harmonic IFCs will be replaced by the values in uc_2nd_100K.xml

 * Supercell for HARMONIC (from uc_2nd_100K.xml )

    2.073879e+01   0.000000e+00   0.000000e+00 : a1
    0.000000e+00   2.073879e+01   0.000000e+00 : a2
    0.000000e+00   0.000000e+00   2.073879e+01 : a3

    3.029678e-01   0.000000e+00   0.000000e+00 : b1
    0.000000e+00   3.029678e-01   0.000000e+00 : b2
    0.000000e+00   0.000000e+00   3.029678e-01 : b3

  Number of atoms in the supercell (HARMONIC)   : 40

  Atomic positions in the primitive cell (fractional):
   1:   0.000000e+00   5.000000e-01   5.000000e-01  Br
   2:   5.000000e-01   0.000000e+00   5.000000e-01  Br
   3:   5.000000e-01   5.000000e-01   0.000000e+00  Br
   4:   5.000000e-01   5.000000e-01   5.000000e-01  Cd
   5:   0.000000e+00   0.000000e+00   0.000000e+00  Cs

  Mass of atomic species (u):
  Br:   79.904000
  Cd:  112.410000
  Cs:  132.910000


 Symmetry
 ========

  NSYM = 0 is given: Trying to find symmetry operations.
  Number of symmetry operations : 48

 k points
 ========

  KPMODE = 2: Uniform grid
  Gamma-centered uniform grid with the following mesh density: 
  nk1:  12
  nk2:  12
  nk3:  12

  Number of k points : 1728
  Number of irreducible k points : 84

  List of irreducible k points (reciprocal coordinate, weight) : 
      1:   0.00000e+00   0.00000e+00   0.00000e+00   0.000579
      2:   0.00000e+00   0.00000e+00   8.33333e-02   0.003472
      3:   0.00000e+00   0.00000e+00   1.66667e-01   0.003472
      4:   0.00000e+00   0.00000e+00   2.50000e-01   0.003472
      5:   0.00000e+00   0.00000e+00   3.33333e-01   0.003472
      6:   0.00000e+00   0.00000e+00   4.16667e-01   0.003472
      7:   0.00000e+00   0.00000e+00  -5.00000e-01   0.001736
      8:   0.00000e+00   8.33333e-02   8.33333e-02   0.006944
      9:   0.00000e+00   8.33333e-02   1.66667e-01   0.013889
     10:   0.00000e+00   8.33333e-02   2.50000e-01   0.013889
     11:   0.00000e+00   8.33333e-02   3.33333e-01   0.013889
     12:   0.00000e+00   8.33333e-02   4.16667e-01   0.013889
     13:   0.00000e+00   8.33333e-02  -5.00000e-01   0.006944
     14:   0.00000e+00   1.66667e-01   1.66667e-01   0.006944
     15:   0.00000e+00   1.66667e-01   2.50000e-01   0.013889
     16:   0.00000e+00   1.66667e-01   3.33333e-01   0.013889
     17:   0.00000e+00   1.66667e-01   4.16667e-01   0.013889
     18:   0.00000e+00   1.66667e-01  -5.00000e-01   0.006944
     19:   0.00000e+00   2.50000e-01   2.50000e-01   0.006944
     20:   0.00000e+00   2.50000e-01   3.33333e-01   0.013889
     21:   0.00000e+00   2.50000e-01   4.16667e-01   0.013889
     22:   0.00000e+00   2.50000e-01  -5.00000e-01   0.006944
     23:   0.00000e+00   3.33333e-01   3.33333e-01   0.006944
     24:   0.00000e+00   3.33333e-01   4.16667e-01   0.013889
     25:   0.00000e+00   3.33333e-01  -5.00000e-01   0.006944
     26:   0.00000e+00   4.16667e-01   4.16667e-01   0.006944
     27:   0.00000e+00   4.16667e-01  -5.00000e-01   0.006944
     28:   0.00000e+00  -5.00000e-01  -5.00000e-01   0.001736
     29:   8.33333e-02   8.33333e-02   8.33333e-02   0.004630
     30:   8.33333e-02   8.33333e-02   1.66667e-01   0.013889
     31:   8.33333e-02   8.33333e-02   2.50000e-01   0.013889
     32:   8.33333e-02   8.33333e-02   3.33333e-01   0.013889
     33:   8.33333e-02   8.33333e-02   4.16667e-01   0.013889
     34:   8.33333e-02   8.33333e-02  -5.00000e-01   0.006944
     35:   8.33333e-02   1.66667e-01   1.66667e-01   0.013889
     36:   8.33333e-02   1.66667e-01   2.50000e-01   0.027778
     37:   8.33333e-02   1.66667e-01   3.33333e-01   0.027778
     38:   8.33333e-02   1.66667e-01   4.16667e-01   0.027778
     39:   8.33333e-02   1.66667e-01  -5.00000e-01   0.013889
     40:   8.33333e-02   2.50000e-01   2.50000e-01   0.013889
     41:   8.33333e-02   2.50000e-01   3.33333e-01   0.027778
     42:   8.33333e-02   2.50000e-01   4.16667e-01   0.027778
     43:   8.33333e-02   2.50000e-01  -5.00000e-01   0.013889
     44:   8.33333e-02   3.33333e-01   3.33333e-01   0.013889
     45:   8.33333e-02   3.33333e-01   4.16667e-01   0.027778
     46:   8.33333e-02   3.33333e-01  -5.00000e-01   0.013889
     47:   8.33333e-02   4.16667e-01   4.16667e-01   0.013889
     48:   8.33333e-02   4.16667e-01  -5.00000e-01   0.013889
     49:   8.33333e-02  -5.00000e-01  -5.00000e-01   0.003472
     50:   1.66667e-01   1.66667e-01   1.66667e-01   0.004630
     51:   1.66667e-01   1.66667e-01   2.50000e-01   0.013889
     52:   1.66667e-01   1.66667e-01   3.33333e-01   0.013889
     53:   1.66667e-01   1.66667e-01   4.16667e-01   0.013889
     54:   1.66667e-01   1.66667e-01  -5.00000e-01   0.006944
     55:   1.66667e-01   2.50000e-01   2.50000e-01   0.013889
     56:   1.66667e-01   2.50000e-01   3.33333e-01   0.027778
     57:   1.66667e-01   2.50000e-01   4.16667e-01   0.027778
     58:   1.66667e-01   2.50000e-01  -5.00000e-01   0.013889
     59:   1.66667e-01   3.33333e-01   3.33333e-01   0.013889
     60:   1.66667e-01   3.33333e-01   4.16667e-01   0.027778
     61:   1.66667e-01   3.33333e-01  -5.00000e-01   0.013889
     62:   1.66667e-01   4.16667e-01   4.16667e-01   0.013889
     63:   1.66667e-01   4.16667e-01  -5.00000e-01   0.013889
     64:   1.66667e-01  -5.00000e-01  -5.00000e-01   0.003472
     65:   2.50000e-01   2.50000e-01   2.50000e-01   0.004630
     66:   2.50000e-01   2.50000e-01   3.33333e-01   0.013889
     67:   2.50000e-01   2.50000e-01   4.16667e-01   0.013889
     68:   2.50000e-01   2.50000e-01  -5.00000e-01   0.006944
     69:   2.50000e-01   3.33333e-01   3.33333e-01   0.013889
     70:   2.50000e-01   3.33333e-01   4.16667e-01   0.027778
     71:   2.50000e-01   3.33333e-01  -5.00000e-01   0.013889
     72:   2.50000e-01   4.16667e-01   4.16667e-01   0.013889
     73:   2.50000e-01   4.16667e-01  -5.00000e-01   0.013889
     74:   2.50000e-01  -5.00000e-01  -5.00000e-01   0.003472
     75:   3.33333e-01   3.33333e-01   3.33333e-01   0.004630
     76:   3.33333e-01   3.33333e-01   4.16667e-01   0.013889
     77:   3.33333e-01   3.33333e-01  -5.00000e-01   0.006944
     78:   3.33333e-01   4.16667e-01   4.16667e-01   0.013889
     79:   3.33333e-01   4.16667e-01  -5.00000e-01   0.013889
     80:   3.33333e-01  -5.00000e-01  -5.00000e-01   0.003472
     81:   4.16667e-01   4.16667e-01   4.16667e-01   0.004630
     82:   4.16667e-01   4.16667e-01  -5.00000e-01   0.006944
     83:   4.16667e-01  -5.00000e-01  -5.00000e-01   0.003472
     84:  -5.00000e-01  -5.00000e-01  -5.00000e-01   0.000579

 Force constant
 ==============

  Reading force constants from the XML file ... done !
  Number of non-zero IFCs for 2 order: 1593
  Number of non-zero IFCs for 3 order: 267972

  Maximum deviation from the translational invariance: 
   Order 2 : 2.571728e-16
   Order 3 : 1.015897e-16


 Dynamical matrix
 ================

  NONANALYTIC = 3 : Non-analytic part of the dynamical matrix will be included 
                    by the Ewald method.

  Dielectric constants and Born effective charges are read from BORN.

  Dielectric constant tensor in Cartesian coordinate : 
   4.427409e+00   0.000000e+00  -0.000000e+00
   0.000000e+00   4.427409e+00  -0.000000e+00
  -0.000000e+00   0.000000e+00   4.427409e+00

  Born effective charge tensor in Cartesian coordinate
  Atom    1( Br) :
      -2.651110       0.000000      -0.000000
      -0.000000      -0.829950       0.000000
      -0.000000       0.000000      -0.829950
  Atom    2( Br) :
      -0.829950      -0.000000      -0.000000
       0.000000      -2.651110       0.000000
       0.000000       0.000000      -0.829950
  Atom    3( Br) :
      -0.829950      -0.000000       0.000000
       0.000000      -0.829950      -0.000000
       0.000000      -0.000000      -2.651110
  Atom    4( Cd) :
       2.951140       0.000000      -0.000000
       0.000000       2.951140       0.000000
      -0.000000       0.000000       2.951140
  Atom    5( Cs) :
       1.359870       0.000000      -0.000000
       0.000000       1.359870       0.000000
      -0.000000       0.000000       1.359870

 -----------------------------------------------------------------


  Preparing for the Ewald summation ...

  Inverse dielectric tensor : 
   2.258657e-01  -0.000000e+00   0.000000e+00
   0.000000e+00   2.258657e-01   0.000000e+00
   0.000000e+00  -0.000000e+00   2.258657e-01

  Determinant of epsilon:    8.678585e+01

  Parameters for the Ewald summation :
  - Force constant
    Lambda :    2.003088e-01
    Lmax   :    5.521707e+01
    Gmax   :    1.000814e+00
    Maximum number of real-space cells :   3x  3x  3
    Maximum number of reciprocal cells :   4x  4x  4

  - Dynamical matrix
    Lambda :    4.006175e-01
    Lmax   :    2.760854e+01
    Gmax   :    2.001629e+00
    Maximum number of real-space cells :   3x  3x  3
    Maximum number of reciprocal cells :   4x  4x  4

 Calculating long-range (dipole-dipole) FCs in the supercell ... done.
 Now, move on to phonon calculations.

 Diagonalizing dynamical matrices for all k points ... done!
 Calculating group velocities of phonons on uniform grid ... done!

 ISMEAR = -1: Tetrahedron method will be used.

 PDOS = 1 : Calculating atom-projected phonon DOS ...  done!
 TDOS = 1 : Calculating two-phonon DOS for all irreducible k points.
            This may take a while ... done!
 SPS = 2 : Calculating three-phonon scattering phase space
           with the Bose distribution function ... done!

 GRUNEISEN = 1 : Calculating Gruneisen parameters ... done!

 -----------------------------------------------------------------

 Phonon frequencies below:

 # Irred. k point    1 : (  0.0000,  0.0000,  0.0000)
   Mode, Frequency 
      1      0.0000 cm^-1  (      0.0000 THz )
      2      0.0000 cm^-1  (      0.0000 THz )
      3      0.0000 cm^-1  (      0.0000 THz )
      4     35.7515 cm^-1  (      1.0718 THz )
      5     35.7515 cm^-1  (      1.0718 THz )
      6     35.7515 cm^-1  (      1.0718 THz )
      7     47.2128 cm^-1  (      1.4154 THz )
      8     47.2128 cm^-1  (      1.4154 THz )
      9     47.2128 cm^-1  (      1.4154 THz )
     10     51.8101 cm^-1  (      1.5532 THz )
     11     51.8101 cm^-1  (      1.5532 THz )
     12     51.8101 cm^-1  (      1.5532 THz )
     13    155.1360 cm^-1  (      4.6509 THz )
     14    155.1360 cm^-1  (      4.6509 THz )
     15    155.1360 cm^-1  (      4.6509 THz )

 # Irred. k point    2 : (  0.0000,  0.0000,  0.0833)
   Mode, Frequency 
      1      7.3545 cm^-1  (      0.2205 THz )
      2      7.3545 cm^-1  (      0.2205 THz )
      3     16.0556 cm^-1  (      0.4813 THz )
      4     35.9408 cm^-1  (      1.0775 THz )
      5     35.9408 cm^-1  (      1.0775 THz )
      6     41.3621 cm^-1  (      1.2400 THz )
      7     47.4137 cm^-1  (      1.4214 THz )
      8     47.4137 cm^-1  (      1.4214 THz )
      9     47.4642 cm^-1  (      1.4229 THz )
     10     51.8694 cm^-1  (      1.5550 THz )
     11     51.8694 cm^-1  (      1.5550 THz )
     12     75.9008 cm^-1  (      2.2754 THz )
     13    155.2231 cm^-1  (      4.6535 THz )
     14    155.2231 cm^-1  (      4.6535 THz )
     15    183.7363 cm^-1  (      5.5083 THz )

 # Irred. k point    3 : (  0.0000,  0.0000,  0.1667)
   Mode, Frequency 
      1     14.2367 cm^-1  (      0.4268 THz )
      2     14.2367 cm^-1  (      0.4268 THz )
      3     27.2211 cm^-1  (      0.8161 THz )
      4     36.3909 cm^-1  (      1.0910 THz )
      5     36.3909 cm^-1  (      1.0910 THz )
      6     47.8435 cm^-1  (      1.4343 THz )
      7     47.8435 cm^-1  (      1.4343 THz )
      8     48.1437 cm^-1  (      1.4433 THz )
      9     52.1659 cm^-1  (      1.5639 THz )
     10     52.1659 cm^-1  (      1.5639 THz )
     11     54.7656 cm^-1  (      1.6418 THz )
     12     76.5748 cm^-1  (      2.2957 THz )
     13    155.4634 cm^-1  (      4.6607 THz )
     14    155.4634 cm^-1  (      4.6607 THz )
     15    180.3470 cm^-1  (      5.4067 THz )

 # Irred. k point    4 : (  0.0000,  0.0000,  0.2500)
   Mode, Frequency 
      1     20.2783 cm^-1  (      0.6079 THz )
      2     20.2783 cm^-1  (      0.6079 THz )
      3     35.3448 cm^-1  (      1.0596 THz )
      4     36.7795 cm^-1  (      1.1026 THz )
      5     36.7795 cm^-1  (      1.1026 THz )
      6     48.1692 cm^-1  (      1.4441 THz )
      7     48.1692 cm^-1  (      1.4441 THz )
      8     49.0560 cm^-1  (      1.4707 THz )
      9     52.8875 cm^-1  (      1.5855 THz )
     10     52.8875 cm^-1  (      1.5855 THz )
     11     65.6836 cm^-1  (      1.9691 THz )
     12     82.9943 cm^-1  (      2.4881 THz )
     13    155.7975 cm^-1  (      4.6707 THz )
     14    155.7975 cm^-1  (      4.6707 THz )
     15    174.7892 cm^-1  (      5.2400 THz )

 # Irred. k point    5 : (  0.0000,  0.0000,  0.3333)
   Mode, Frequency 
      1     25.2559 cm^-1  (      0.7572 THz )
      2     25.2559 cm^-1  (      0.7572 THz )
      3     36.7059 cm^-1  (      1.1004 THz )
      4     36.7059 cm^-1  (      1.1004 THz )
      5     42.0984 cm^-1  (      1.2621 THz )
      6     48.3212 cm^-1  (      1.4486 THz )
      7     48.3212 cm^-1  (      1.4486 THz )
      8     49.9505 cm^-1  (      1.4975 THz )
      9     53.8836 cm^-1  (      1.6154 THz )
     10     53.8836 cm^-1  (      1.6154 THz )
     11     66.9309 cm^-1  (      2.0065 THz )
     12     97.9947 cm^-1  (      2.9378 THz )
     13    156.1384 cm^-1  (      4.6809 THz )
     14    156.1384 cm^-1  (      4.6809 THz )
     15    167.3941 cm^-1  (      5.0183 THz )

 # Irred. k point    6 : (  0.0000,  0.0000,  0.4167)
   Mode, Frequency 
      1     28.9748 cm^-1  (      0.8686 THz )
      2     28.9748 cm^-1  (      0.8686 THz )
      3     35.9858 cm^-1  (      1.0788 THz )
      4     35.9858 cm^-1  (      1.0788 THz )
      5     47.2011 cm^-1  (      1.4151 THz )
      6     48.4190 cm^-1  (      1.4516 THz )
      7     48.4190 cm^-1  (      1.4516 THz )
      8     50.5947 cm^-1  (      1.5168 THz )
      9     54.7177 cm^-1  (      1.6404 THz )
     10     54.7177 cm^-1  (      1.6404 THz )
     11     65.5121 cm^-1  (      1.9640 THz )
     12    112.1931 cm^-1  (      3.3635 THz )
     13    156.3924 cm^-1  (      4.6885 THz )
     14    156.3924 cm^-1  (      4.6885 THz )
     15    159.3957 cm^-1  (      4.7786 THz )

 # Irred. k point    7 : (  0.0000,  0.0000, -0.5000)
   Mode, Frequency 
      1     30.6423 cm^-1  (      0.9186 THz )
      2     30.6423 cm^-1  (      0.9186 THz )
      3     35.3152 cm^-1  (      1.0587 THz )
      4     35.3152 cm^-1  (      1.0587 THz )
      5     48.4641 cm^-1  (      1.4529 THz )
      6     48.4641 cm^-1  (      1.4529 THz )
      7     49.2942 cm^-1  (      1.4778 THz )
      8     50.8283 cm^-1  (      1.5238 THz )
      9     55.0372 cm^-1  (      1.6500 THz )
     10     55.0372 cm^-1  (      1.6500 THz )
     11     64.5873 cm^-1  (      1.9363 THz )
     12    118.6909 cm^-1  (      3.5583 THz )
     13    155.1083 cm^-1  (      4.6500 THz )
     14    156.4863 cm^-1  (      4.6913 THz )
     15    156.4863 cm^-1  (      4.6913 THz )

 # Irred. k point    8 : (  0.0000,  0.0833,  0.0833)
   Mode, Frequency 
      1     10.3680 cm^-1  (      0.3108 THz )
      2     12.3620 cm^-1  (      0.3706 THz )
      3     20.8879 cm^-1  (      0.6262 THz )
      4     36.1504 cm^-1  (      1.0838 THz )
      5     41.1741 cm^-1  (      1.2344 THz )
      6     41.7405 cm^-1  (      1.2513 THz )
      7     46.7279 cm^-1  (      1.4009 THz )
      8     47.6316 cm^-1  (      1.4280 THz )
      9     48.5002 cm^-1  (      1.4540 THz )
     10     51.8951 cm^-1  (      1.5558 THz )
     11     51.9058 cm^-1  (      1.5561 THz )
     12     76.0875 cm^-1  (      2.2810 THz )
     13    152.8438 cm^-1  (      4.5821 THz )
     14    155.3097 cm^-1  (      4.6561 THz )
     15    184.5466 cm^-1  (      5.5326 THz )

 # Irred. k point    9 : (  0.0000,  0.0833,  0.1667)
   Mode, Frequency 
      1     15.9358 cm^-1  (      0.4777 THz )
      2     17.1373 cm^-1  (      0.5138 THz )
      3     29.0296 cm^-1  (      0.8703 THz )
      4     36.6615 cm^-1  (      1.0991 THz )
      5     41.7859 cm^-1  (      1.2527 THz )
      6     46.4776 cm^-1  (      1.3934 THz )
      7     48.1071 cm^-1  (      1.4422 THz )
      8     49.5343 cm^-1  (      1.4850 THz )
      9     51.9697 cm^-1  (      1.5580 THz )
     10     52.1391 cm^-1  (      1.5631 THz )
     11     55.4954 cm^-1  (      1.6637 THz )
     12     76.9115 cm^-1  (      2.3057 THz )
     13    151.3603 cm^-1  (      4.5377 THz )
     14    155.5489 cm^-1  (      4.6632 THz )
     15    182.4829 cm^-1  (      5.4707 THz )

 # Irred. k point   10 : (  0.0000,  0.0833,  0.2500)
   Mode, Frequency 
      1     21.4160 cm^-1  (      0.6420 THz )
      2     21.8603 cm^-1  (      0.6554 THz )
      3     35.4217 cm^-1  (      1.0619 THz )
      4     37.1511 cm^-1  (      1.1138 THz )
      5     42.2477 cm^-1  (      1.2666 THz )
      6     46.8053 cm^-1  (      1.4032 THz )
      7     48.4679 cm^-1  (      1.4530 THz )
      8     50.0983 cm^-1  (      1.5019 THz )
      9     52.7969 cm^-1  (      1.5828 THz )
     10     53.5141 cm^-1  (      1.6043 THz )
     11     66.1742 cm^-1  (      1.9839 THz )
     12     83.2191 cm^-1  (      2.4948 THz )
     13    150.4189 cm^-1  (      4.5094 THz )
     14    155.8815 cm^-1  (      4.6732 THz )
     15    177.9659 cm^-1  (      5.3353 THz )

 # Irred. k point   11 : (  0.0000,  0.0833,  0.3333)
   Mode, Frequency 
      1     26.0651 cm^-1  (      0.7814 THz )
      2     26.1619 cm^-1  (      0.7843 THz )
      3     37.2168 cm^-1  (      1.1157 THz )
      4     38.6735 cm^-1  (      1.1594 THz )
      5     44.0222 cm^-1  (      1.3198 THz )
      6     47.3822 cm^-1  (      1.4205 THz )
      7     48.6148 cm^-1  (      1.4574 THz )
      8     50.7902 cm^-1  (      1.5227 THz )
      9     53.7635 cm^-1  (      1.6118 THz )
     10     54.9351 cm^-1  (      1.6469 THz )
     11     67.6667 cm^-1  (      2.0286 THz )
     12     97.9029 cm^-1  (      2.9351 THz )
     13    148.9198 cm^-1  (      4.4645 THz )
     14    156.2210 cm^-1  (      4.6834 THz )
     15    172.2312 cm^-1  (      5.1634 THz )

 # Irred. k point   12 : (  0.0000,  0.0833,  0.4167)
   Mode, Frequency 
      1     29.5075 cm^-1  (      0.8846 THz )
      2     29.5286 cm^-1  (      0.8852 THz )
      3     36.6774 cm^-1  (      1.0996 THz )
      4     38.4098 cm^-1  (      1.1515 THz )
      5     46.7850 cm^-1  (      1.4026 THz )
      6     47.9300 cm^-1  (      1.4369 THz )
      7     48.6938 cm^-1  (      1.4598 THz )
      8     52.0883 cm^-1  (      1.5616 THz )
      9     54.5889 cm^-1  (      1.6365 THz )
     10     55.8411 cm^-1  (      1.6741 THz )
     11     66.5479 cm^-1  (      1.9951 THz )
     12    112.0133 cm^-1  (      3.3581 THz )
     13    145.9767 cm^-1  (      4.3763 THz )
     14    156.4739 cm^-1  (      4.6910 THz )
     15    167.1951 cm^-1  (      5.0124 THz )

 # Irred. k point   13 : (  0.0000,  0.0833, -0.5000)
   Mode, Frequency 
      1     30.9527 cm^-1  (      0.9279 THz )
      2     31.0235 cm^-1  (      0.9301 THz )
      3     36.1596 cm^-1  (      1.0840 THz )
      4     37.8286 cm^-1  (      1.1341 THz )
      5     47.5379 cm^-1  (      1.4252 THz )
      6     48.3583 cm^-1  (      1.4497 THz )
      7     48.7305 cm^-1  (      1.4609 THz )
      8     53.0830 cm^-1  (      1.5914 THz )
      9     54.9068 cm^-1  (      1.6461 THz )
     10     56.0531 cm^-1  (      1.6804 THz )
     11     65.8091 cm^-1  (      1.9729 THz )
     12    118.7022 cm^-1  (      3.5586 THz )
     13    143.4486 cm^-1  (      4.3005 THz )
     14    156.5675 cm^-1  (      4.6938 THz )
     15    165.2267 cm^-1  (      4.9534 THz )

 # Irred. k point   14 : (  0.0000,  0.1667,  0.1667)
   Mode, Frequency 
      1     19.8414 cm^-1  (      0.5948 THz )
      2     20.4077 cm^-1  (      0.6118 THz )
      3     32.8979 cm^-1  (      0.9863 THz )
      4     37.3541 cm^-1  (      1.1198 THz )
      5     44.4970 cm^-1  (      1.3340 THz )
      6     48.7285 cm^-1  (      1.4608 THz )
      7     50.4477 cm^-1  (      1.5124 THz )
      8     50.8034 cm^-1  (      1.5230 THz )
      9     52.1743 cm^-1  (      1.5641 THz )
     10     56.9820 cm^-1  (      1.7083 THz )
     11     57.0421 cm^-1  (      1.7101 THz )
     12     78.1888 cm^-1  (      2.3440 THz )
     13    145.7861 cm^-1  (      4.3706 THz )
     14    155.7850 cm^-1  (      4.6703 THz )
     15    183.3317 cm^-1  (      5.4961 THz )

 # Irred. k point   15 : (  0.0000,  0.1667,  0.2500)
   Mode, Frequency 
      1     23.6105 cm^-1  (      0.7078 THz )
      2     24.2173 cm^-1  (      0.7260 THz )
      3     36.9615 cm^-1  (      1.1081 THz )
      4     38.1401 cm^-1  (      1.1434 THz )
      5     43.1321 cm^-1  (      1.2931 THz )
      6     49.2495 cm^-1  (      1.4765 THz )
      7     49.3230 cm^-1  (      1.4787 THz )
      8     52.5877 cm^-1  (      1.5765 THz )
      9     53.4466 cm^-1  (      1.6023 THz )
     10     58.8476 cm^-1  (      1.7642 THz )
     11     67.5353 cm^-1  (      2.0247 THz )
     12     84.2046 cm^-1  (      2.5244 THz )
     13    141.6831 cm^-1  (      4.2476 THz )
     14    156.1136 cm^-1  (      4.6802 THz )
     15    180.9717 cm^-1  (      5.4254 THz )

 # Irred. k point   16 : (  0.0000,  0.1667,  0.3333)
   Mode, Frequency 
      1     26.9823 cm^-1  (      0.8089 THz )
      2     28.0967 cm^-1  (      0.8423 THz )
      3     38.6039 cm^-1  (      1.1573 THz )
      4     39.9829 cm^-1  (      1.1987 THz )
      5     42.2691 cm^-1  (      1.2672 THz )
      6     48.2524 cm^-1  (      1.4466 THz )
      7     49.4179 cm^-1  (      1.4815 THz )
      8     53.4310 cm^-1  (      1.6018 THz )
      9     55.2764 cm^-1  (      1.6571 THz )
     10     60.9448 cm^-1  (      1.8271 THz )
     11     69.8081 cm^-1  (      2.0928 THz )
     12     97.7434 cm^-1  (      2.9303 THz )
     13    137.9957 cm^-1  (      4.1370 THz )
     14    156.4492 cm^-1  (      4.6902 THz )
     15    176.8065 cm^-1  (      5.3005 THz )

 # Irred. k point   17 : (  0.0000,  0.1667,  0.4167)
   Mode, Frequency 
      1     29.9279 cm^-1  (      0.8972 THz )
      2     30.9385 cm^-1  (      0.9275 THz )
      3     38.5400 cm^-1  (      1.1554 THz )
      4     40.4464 cm^-1  (      1.2126 THz )
      5     42.0829 cm^-1  (      1.2616 THz )
      6     48.4057 cm^-1  (      1.4512 THz )
      7     49.4494 cm^-1  (      1.4825 THz )
      8     54.2208 cm^-1  (      1.6255 THz )
      9     56.1735 cm^-1  (      1.6840 THz )
     10     63.0580 cm^-1  (      1.8904 THz )
     11     69.1443 cm^-1  (      2.0729 THz )
     12    111.3216 cm^-1  (      3.3373 THz )
     13    133.5424 cm^-1  (      4.0035 THz )
     14    156.6995 cm^-1  (      4.6977 THz )
     15    172.7342 cm^-1  (      5.1784 THz )

 # Irred. k point   18 : (  0.0000,  0.1667, -0.5000)
   Mode, Frequency 
      1     31.2590 cm^-1  (      0.9371 THz )
      2     32.0711 cm^-1  (      0.9615 THz )
      3     38.3468 cm^-1  (      1.1496 THz )
      4     39.9364 cm^-1  (      1.1973 THz )
      5     42.1121 cm^-1  (      1.2625 THz )
      6     48.8446 cm^-1  (      1.4643 THz )
      7     49.4623 cm^-1  (      1.4828 THz )
      8     54.5316 cm^-1  (      1.6348 THz )
      9     56.3900 cm^-1  (      1.6905 THz )
     10     64.1863 cm^-1  (      1.9243 THz )
     11     68.4305 cm^-1  (      2.0515 THz )
     12    118.7952 cm^-1  (      3.5614 THz )
     13    129.6447 cm^-1  (      3.8866 THz )
     14    156.7920 cm^-1  (      4.7005 THz )
     15    170.9869 cm^-1  (      5.1261 THz )

 # Irred. k point   19 : (  0.0000,  0.2500,  0.2500)
   Mode, Frequency 
      1     25.0227 cm^-1  (      0.7502 THz )
      2     27.5492 cm^-1  (      0.8259 THz )
      3     39.1698 cm^-1  (      1.1743 THz )
      4     39.3924 cm^-1  (      1.1810 THz )
      5     40.4173 cm^-1  (      1.2117 THz )
      6     50.1220 cm^-1  (      1.5026 THz )
      7     51.6631 cm^-1  (      1.5488 THz )
      8     52.5165 cm^-1  (      1.5744 THz )
      9     52.8776 cm^-1  (      1.5852 THz )
     10     67.5568 cm^-1  (      2.0253 THz )
     11     72.0715 cm^-1  (      2.1606 THz )
     12     88.1779 cm^-1  (      2.6435 THz )
     13    134.2838 cm^-1  (      4.0257 THz )
     14    156.4368 cm^-1  (      4.6899 THz )
     15    180.6557 cm^-1  (      5.4159 THz )

 # Irred. k point   20 : (  0.0000,  0.2500,  0.3333)
   Mode, Frequency 
      1     26.6128 cm^-1  (      0.7978 THz )
      2     30.5648 cm^-1  (      0.9163 THz )
      3     38.7335 cm^-1  (      1.1612 THz )
      4     40.4399 cm^-1  (      1.2124 THz )
      5     40.9397 cm^-1  (      1.2273 THz )
      6     50.4992 cm^-1  (      1.5139 THz )
      7     50.6727 cm^-1  (      1.5191 THz )
      8     52.9892 cm^-1  (      1.5886 THz )
      9     54.5029 cm^-1  (      1.6340 THz )
     10     69.3707 cm^-1  (      2.0797 THz )
     11     76.1193 cm^-1  (      2.2820 THz )
     12     98.4495 cm^-1  (      2.9514 THz )
     13    128.5833 cm^-1  (      3.8548 THz )
     14    156.7674 cm^-1  (      4.6998 THz )
     15    177.9163 cm^-1  (      5.3338 THz )

 # Irred. k point   21 : (  0.0000,  0.2500,  0.4167)
   Mode, Frequency 
      1     28.1208 cm^-1  (      0.8430 THz )
      2     32.7185 cm^-1  (      0.9809 THz )
      3     38.3792 cm^-1  (      1.1506 THz )
      4     40.9713 cm^-1  (      1.2283 THz )
      5     41.0417 cm^-1  (      1.2304 THz )
      6     49.9923 cm^-1  (      1.4987 THz )
      7     50.4965 cm^-1  (      1.5138 THz )
      8     53.6752 cm^-1  (      1.6091 THz )
      9     55.6859 cm^-1  (      1.6694 THz )
     10     70.5228 cm^-1  (      2.1142 THz )
     11     76.5634 cm^-1  (      2.2953 THz )
     12    109.7033 cm^-1  (      3.2888 THz )
     13    123.7997 cm^-1  (      3.7114 THz )
     14    157.0140 cm^-1  (      4.7072 THz )
     15    174.6209 cm^-1  (      5.2350 THz )

 # Irred. k point   22 : (  0.0000,  0.2500, -0.5000)
   Mode, Frequency 
      1     28.7625 cm^-1  (      0.8623 THz )
      2     33.5264 cm^-1  (      1.0051 THz )
      3     38.9505 cm^-1  (      1.1677 THz )
      4     40.1416 cm^-1  (      1.2034 THz )
      5     41.0853 cm^-1  (      1.2317 THz )
      6     49.9747 cm^-1  (      1.4982 THz )
      7     50.4747 cm^-1  (      1.5132 THz )
      8     53.9673 cm^-1  (      1.6179 THz )
      9     56.0493 cm^-1  (      1.6803 THz )
     10     71.0188 cm^-1  (      2.1291 THz )
     11     76.4195 cm^-1  (      2.2910 THz )
     12    117.2250 cm^-1  (      3.5143 THz )
     13    119.0600 cm^-1  (      3.5693 THz )
     14    157.1053 cm^-1  (      4.7099 THz )
     15    173.0953 cm^-1  (      5.1893 THz )

 # Irred. k point   23 : (  0.0000,  0.3333,  0.3333)
   Mode, Frequency 
      1     25.0072 cm^-1  (      0.7497 THz )
      2     32.8272 cm^-1  (      0.9841 THz )
      3     37.2739 cm^-1  (      1.1174 THz )
      4     41.6346 cm^-1  (      1.2482 THz )
      5     42.1356 cm^-1  (      1.2632 THz )
      6     51.4031 cm^-1  (      1.5410 THz )
      7     52.3538 cm^-1  (      1.5695 THz )
      8     52.7353 cm^-1  (      1.5810 THz )
      9     53.7875 cm^-1  (      1.6125 THz )
     10     71.5682 cm^-1  (      2.1456 THz )
     11     81.6389 cm^-1  (      2.4475 THz )
     12    103.2392 cm^-1  (      3.0950 THz )
     13    122.3855 cm^-1  (      3.6690 THz )
     14    157.0930 cm^-1  (      4.7095 THz )
     15    176.2707 cm^-1  (      5.2845 THz )

 # Irred. k point   24 : (  0.0000,  0.3333,  0.4167)
   Mode, Frequency 
      1     23.3181 cm^-1  (      0.6991 THz )
      2     34.4364 cm^-1  (      1.0324 THz )
      3     37.8379 cm^-1  (      1.1344 THz )
      4     41.2664 cm^-1  (      1.2371 THz )
      5     43.2237 cm^-1  (      1.2958 THz )
      6     51.5624 cm^-1  (      1.5458 THz )
      7     51.8927 cm^-1  (      1.5557 THz )
      8     53.0783 cm^-1  (      1.5912 THz )
      9     54.9624 cm^-1  (      1.6477 THz )
     10     72.6263 cm^-1  (      2.1773 THz )
     11     81.0785 cm^-1  (      2.4307 THz )
     12    110.1979 cm^-1  (      3.3036 THz )
     13    119.7091 cm^-1  (      3.5888 THz )
     14    157.3363 cm^-1  (      4.7168 THz )
     15    173.6052 cm^-1  (      5.2046 THz )

 # Irred. k point   25 : (  0.0000,  0.3333, -0.5000)
   Mode, Frequency 
      1     22.6496 cm^-1  (      0.6790 THz )
      2     35.0291 cm^-1  (      1.0501 THz )
      3     39.2259 cm^-1  (      1.1760 THz )
      4     39.9956 cm^-1  (      1.1990 THz )
      5     43.5740 cm^-1  (      1.3063 THz )
      6     51.5101 cm^-1  (      1.5442 THz )
      7     51.6306 cm^-1  (      1.5478 THz )
      8     53.3263 cm^-1  (      1.5987 THz )
      9     55.5784 cm^-1  (      1.6662 THz )
     10     72.9850 cm^-1  (      2.1880 THz )
     11     80.1470 cm^-1  (      2.4027 THz )
     12    112.8598 cm^-1  (      3.3835 THz )
     13    119.4722 cm^-1  (      3.5817 THz )
     14    157.4263 cm^-1  (      4.7195 THz )
     15    172.2697 cm^-1  (      5.1645 THz )

 # Irred. k point   26 : (  0.0000,  0.4167,  0.4167)
   Mode, Frequency 
      1     18.5593 cm^-1  (      0.5564 THz )
      2     35.7037 cm^-1  (      1.0704 THz )
      3     38.7446 cm^-1  (      1.1615 THz )
      4     41.0971 cm^-1  (      1.2321 THz )
      5     44.7343 cm^-1  (      1.3411 THz )
      6     52.2745 cm^-1  (      1.5672 THz )
      7     52.6910 cm^-1  (      1.5796 THz )
      8     53.4967 cm^-1  (      1.6038 THz )
      9     54.6875 cm^-1  (      1.6395 THz )
     10     73.7913 cm^-1  (      2.2122 THz )
     11     77.0143 cm^-1  (      2.3088 THz )
     12    115.2579 cm^-1  (      3.4553 THz )
     13    119.0657 cm^-1  (      3.5695 THz )
     14    157.5771 cm^-1  (      4.7240 THz )
     15    171.3092 cm^-1  (      5.1357 THz )

 # Irred. k point   27 : (  0.0000,  0.4167, -0.5000)
   Mode, Frequency 
      1     16.5411 cm^-1  (      0.4959 THz )
      2     36.1768 cm^-1  (      1.0846 THz )
      3     40.0658 cm^-1  (      1.2011 THz )
      4     40.1881 cm^-1  (      1.2048 THz )
      5     45.2525 cm^-1  (      1.3566 THz )
      6     52.2892 cm^-1  (      1.5676 THz )
      7     52.7927 cm^-1  (      1.5827 THz )
      8     53.7131 cm^-1  (      1.6103 THz )
      9     55.2481 cm^-1  (      1.6563 THz )
     10     74.1399 cm^-1  (      2.2227 THz )
     11     74.1722 cm^-1  (      2.2236 THz )
     12    117.2373 cm^-1  (      3.5147 THz )
     13    119.8613 cm^-1  (      3.5934 THz )
     14    157.6663 cm^-1  (      4.7267 THz )
     15    170.0804 cm^-1  (      5.0989 THz )

 # Irred. k point   28 : (  0.0000, -0.5000, -0.5000)
   Mode, Frequency 
      1     13.7430 cm^-1  (      0.4120 THz )
      2     36.6108 cm^-1  (      1.0976 THz )
      3     40.4096 cm^-1  (      1.2114 THz )
      4     40.4096 cm^-1  (      1.2114 THz )
      5     45.8380 cm^-1  (      1.3742 THz )
      6     52.5801 cm^-1  (      1.5763 THz )
      7     52.5801 cm^-1  (      1.5763 THz )
      8     55.1378 cm^-1  (      1.6530 THz )
      9     55.1378 cm^-1  (      1.6530 THz )
     10     70.0415 cm^-1  (      2.0998 THz )
     11     74.5652 cm^-1  (      2.2354 THz )
     12    120.0213 cm^-1  (      3.5981 THz )
     13    120.0213 cm^-1  (      3.5981 THz )
     14    157.7552 cm^-1  (      4.7294 THz )
     15    168.8774 cm^-1  (      5.0628 THz )

 # Irred. k point   29 : (  0.0833,  0.0833,  0.0833)
   Mode, Frequency 
      1     14.1350 cm^-1  (      0.4238 THz )
      2     14.1350 cm^-1  (      0.4238 THz )
      3     24.3768 cm^-1  (      0.7308 THz )
      4     41.3699 cm^-1  (      1.2402 THz )
      5     41.3699 cm^-1  (      1.2402 THz )
      6     42.2857 cm^-1  (      1.2677 THz )
      7     46.1196 cm^-1  (      1.3826 THz )
      8     48.0989 cm^-1  (      1.4420 THz )
      9     48.0989 cm^-1  (      1.4420 THz )
     10     52.4517 cm^-1  (      1.5725 THz )
     11     52.4517 cm^-1  (      1.5725 THz )
     12     76.2371 cm^-1  (      2.2855 THz )
     13    152.9024 cm^-1  (      4.5839 THz )
     14    152.9024 cm^-1  (      4.5839 THz )
     15    185.3657 cm^-1  (      5.5571 THz )

 # Irred. k point   30 : (  0.0833,  0.0833,  0.1667)
   Mode, Frequency 
      1     18.1430 cm^-1  (      0.5439 THz )
      2     18.4551 cm^-1  (      0.5533 THz )
      3     30.5434 cm^-1  (      0.9157 THz )
      4     41.7154 cm^-1  (      1.2506 THz )
      5     42.5961 cm^-1  (      1.2770 THz )
      6     45.6097 cm^-1  (      1.3673 THz )
      7     48.3832 cm^-1  (      1.4505 THz )
      8     48.3873 cm^-1  (      1.4506 THz )
      9     52.2202 cm^-1  (      1.5655 THz )
     10     53.9574 cm^-1  (      1.6176 THz )
     11     55.8563 cm^-1  (      1.6745 THz )
     12     77.1325 cm^-1  (      2.3124 THz )
     13    150.3736 cm^-1  (      4.5081 THz )
     14    153.0637 cm^-1  (      4.5887 THz )
     15    184.1164 cm^-1  (      5.5197 THz )

 # Irred. k point   31 : (  0.0833,  0.0833,  0.2500)
   Mode, Frequency 
      1     22.6194 cm^-1  (      0.6781 THz )
      2     22.8282 cm^-1  (      0.6844 THz )
      3     35.5190 cm^-1  (      1.0648 THz )
      4     41.6417 cm^-1  (      1.2484 THz )
      5     43.7497 cm^-1  (      1.3116 THz )
      6     45.6619 cm^-1  (      1.3689 THz )
      7     48.5872 cm^-1  (      1.4566 THz )
      8     49.6005 cm^-1  (      1.4870 THz )
      9     52.4478 cm^-1  (      1.5723 THz )
     10     55.8441 cm^-1  (      1.6742 THz )
     11     66.4294 cm^-1  (      1.9915 THz )
     12     83.3968 cm^-1  (      2.5002 THz )
     13    148.4856 cm^-1  (      4.4515 THz )
     14    153.2868 cm^-1  (      4.5954 THz )
     15    180.3932 cm^-1  (      5.4081 THz )

 # Irred. k point   32 : (  0.0833,  0.0833,  0.3333)
   Mode, Frequency 
      1     26.6555 cm^-1  (      0.7991 THz )
      2     26.9535 cm^-1  (      0.8080 THz )
      3     38.0753 cm^-1  (      1.1415 THz )
      4     40.8999 cm^-1  (      1.2261 THz )
      5     45.8290 cm^-1  (      1.3739 THz )
      6     45.9400 cm^-1  (      1.3772 THz )
      7     49.0923 cm^-1  (      1.4718 THz )
      8     51.0324 cm^-1  (      1.5299 THz )
      9     52.6905 cm^-1  (      1.5796 THz )
     10     57.5646 cm^-1  (      1.7257 THz )
     11     68.0746 cm^-1  (      2.0408 THz )
     12     97.8030 cm^-1  (      2.9321 THz )
     13    146.0327 cm^-1  (      4.3780 THz )
     14    153.5133 cm^-1  (      4.6022 THz )
     15    175.5308 cm^-1  (      5.2623 THz )

 # Irred. k point   33 : (  0.0833,  0.0833,  0.4167)
   Mode, Frequency 
      1     29.7114 cm^-1  (      0.8907 THz )
      2     30.2182 cm^-1  (      0.9059 THz )
      3     38.2162 cm^-1  (      1.1457 THz )
      4     39.7962 cm^-1  (      1.1931 THz )
      5     46.1341 cm^-1  (      1.3831 THz )
      6     48.2576 cm^-1  (      1.4467 THz )
      7     49.6930 cm^-1  (      1.4898 THz )
      8     51.4727 cm^-1  (      1.5431 THz )
      9     53.9642 cm^-1  (      1.6178 THz )
     10     58.7482 cm^-1  (      1.7612 THz )
     11     67.1048 cm^-1  (      2.0118 THz )
     12    111.8214 cm^-1  (      3.3523 THz )
     13    142.1337 cm^-1  (      4.2611 THz )
     14    153.6813 cm^-1  (      4.6073 THz )
     15    171.3054 cm^-1  (      5.1356 THz )

 # Irred. k point   34 : (  0.0833,  0.0833, -0.5000)
   Mode, Frequency 
      1     30.9733 cm^-1  (      0.9286 THz )
      2     31.6367 cm^-1  (      0.9484 THz )
      3     37.8161 cm^-1  (      1.1337 THz )
      4     39.1742 cm^-1  (      1.1744 THz )
      5     46.2019 cm^-1  (      1.3851 THz )
      6     49.3808 cm^-1  (      1.4804 THz )
      7     49.9512 cm^-1  (      1.4975 THz )
      8     51.3235 cm^-1  (      1.5386 THz )
      9     54.8494 cm^-1  (      1.6443 THz )
     10     59.1686 cm^-1  (      1.7738 THz )
     11     66.4291 cm^-1  (      1.9915 THz )
     12    118.7269 cm^-1  (      3.5593 THz )
     13    139.0121 cm^-1  (      4.1675 THz )
     14    153.7433 cm^-1  (      4.6091 THz )
     15    169.6330 cm^-1  (      5.0855 THz )

 # Irred. k point   35 : (  0.0833,  0.1667,  0.1667)
   Mode, Frequency 
      1     21.1537 cm^-1  (      0.6342 THz )
      2     21.2714 cm^-1  (      0.6377 THz )
      3     33.6931 cm^-1  (      1.0101 THz )
      4     42.9864 cm^-1  (      1.2887 THz )
      5     44.0148 cm^-1  (      1.3195 THz )
      6     47.3758 cm^-1  (      1.4203 THz )
      7     48.2520 cm^-1  (      1.4466 THz )
      8     52.0334 cm^-1  (      1.5599 THz )
      9     55.2217 cm^-1  (      1.6555 THz )
     10     57.1335 cm^-1  (      1.7128 THz )
     11     57.5558 cm^-1  (      1.7255 THz )
     12     78.2938 cm^-1  (      2.3472 THz )
     13    145.7843 cm^-1  (      4.3705 THz )
     14    152.2662 cm^-1  (      4.5648 THz )
     15    184.9252 cm^-1  (      5.5439 THz )

 # Irred. k point   36 : (  0.0833,  0.1667,  0.2500)
   Mode, Frequency 
      1     24.1405 cm^-1  (      0.7237 THz )
      2     24.9560 cm^-1  (      0.7482 THz )
      3     36.8370 cm^-1  (      1.1043 THz )
      4     42.6449 cm^-1  (      1.2785 THz )
      5     43.7581 cm^-1  (      1.3118 THz )
      6     47.4053 cm^-1  (      1.4212 THz )
      7     48.3963 cm^-1  (      1.4509 THz )
      8     52.6312 cm^-1  (      1.5778 THz )
      9     57.1419 cm^-1  (      1.7131 THz )
     10     59.2951 cm^-1  (      1.7776 THz )
     11     67.5011 cm^-1  (      2.0236 THz )
     12     84.2893 cm^-1  (      2.5269 THz )
     13    141.4169 cm^-1  (      4.2396 THz )
     14    152.2506 cm^-1  (      4.5644 THz )
     15    182.9735 cm^-1  (      5.4854 THz )

 # Irred. k point   37 : (  0.0833,  0.1667,  0.3333)
   Mode, Frequency 
      1     27.3568 cm^-1  (      0.8201 THz )
      2     28.5018 cm^-1  (      0.8545 THz )
      3     38.9222 cm^-1  (      1.1669 THz )
      4     41.7241 cm^-1  (      1.2509 THz )
      5     43.3397 cm^-1  (      1.2993 THz )
      6     48.1437 cm^-1  (      1.4433 THz )
      7     49.0306 cm^-1  (      1.4699 THz )
      8     52.3915 cm^-1  (      1.5707 THz )
      9     59.0385 cm^-1  (      1.7699 THz )
     10     61.3382 cm^-1  (      1.8389 THz )
     11     69.7509 cm^-1  (      2.0911 THz )
     12     97.6271 cm^-1  (      2.9268 THz )
     13    137.3067 cm^-1  (      4.1164 THz )
     14    152.2577 cm^-1  (      4.5646 THz )
     15    179.3831 cm^-1  (      5.3778 THz )

 # Irred. k point   38 : (  0.0833,  0.1667,  0.4167)
   Mode, Frequency 
      1     30.0730 cm^-1  (      0.9016 THz )
      2     31.3452 cm^-1  (      0.9397 THz )
      3     39.4395 cm^-1  (      1.1824 THz )
      4     41.1276 cm^-1  (      1.2330 THz )
      5     42.2973 cm^-1  (      1.2680 THz )
      6     48.9933 cm^-1  (      1.4688 THz )
      7     49.9479 cm^-1  (      1.4974 THz )
      8     52.2432 cm^-1  (      1.5662 THz )
      9     60.2284 cm^-1  (      1.8056 THz )
     10     63.3865 cm^-1  (      1.9003 THz )
     11     69.1183 cm^-1  (      2.0721 THz )
     12    111.0767 cm^-1  (      3.3300 THz )
     13    132.3896 cm^-1  (      3.9689 THz )
     14    152.2055 cm^-1  (      4.5630 THz )
     15    175.9064 cm^-1  (      5.2735 THz )

 # Irred. k point   39 : (  0.0833,  0.1667, -0.5000)
   Mode, Frequency 
      1     31.2107 cm^-1  (      0.9357 THz )
      2     32.5998 cm^-1  (      0.9773 THz )
      3     39.1919 cm^-1  (      1.1749 THz )
      4     40.9026 cm^-1  (      1.2262 THz )
      5     41.7885 cm^-1  (      1.2528 THz )
      6     49.4586 cm^-1  (      1.4827 THz )
      7     50.2851 cm^-1  (      1.5075 THz )
      8     52.2056 cm^-1  (      1.5651 THz )
      9     60.6158 cm^-1  (      1.8172 THz )
     10     64.5041 cm^-1  (      1.9338 THz )
     11     68.4057 cm^-1  (      2.0508 THz )
     12    118.8526 cm^-1  (      3.5631 THz )
     13    127.9353 cm^-1  (      3.8354 THz )
     14    152.1616 cm^-1  (      4.5617 THz )
     15    174.4420 cm^-1  (      5.2296 THz )

 # Irred. k point   40 : (  0.0833,  0.2500,  0.2500)
   Mode, Frequency 
      1     25.3524 cm^-1  (      0.7600 THz )
      2     27.8211 cm^-1  (      0.8341 THz )
      3     38.6049 cm^-1  (      1.1573 THz )
      4     40.1033 cm^-1  (      1.2023 THz )
      5     45.2566 cm^-1  (      1.3568 THz )
      6     46.8435 cm^-1  (      1.4043 THz )
      7     48.4975 cm^-1  (      1.4539 THz )
      8     54.9746 cm^-1  (      1.6481 THz )
      9     57.6682 cm^-1  (      1.7288 THz )
     10     67.3611 cm^-1  (      2.0194 THz )
     11     72.1823 cm^-1  (      2.1640 THz )
     12     88.1961 cm^-1  (      2.6441 THz )
     13    134.2616 cm^-1  (      4.0251 THz )
     14    152.0902 cm^-1  (      4.5595 THz )
     15    182.7886 cm^-1  (      5.4799 THz )

 # Irred. k point   41 : (  0.0833,  0.2500,  0.3333)
   Mode, Frequency 
      1     26.8268 cm^-1  (      0.8042 THz )
      2     30.6342 cm^-1  (      0.9184 THz )
      3     38.4435 cm^-1  (      1.1525 THz )
      4     39.9809 cm^-1  (      1.1986 THz )
      5     44.7389 cm^-1  (      1.3412 THz )
      6     47.7885 cm^-1  (      1.4327 THz )
      7     48.9899 cm^-1  (      1.4687 THz )
      8     55.0257 cm^-1  (      1.6496 THz )
      9     58.9906 cm^-1  (      1.7685 THz )
     10     69.1946 cm^-1  (      2.0744 THz )
     11     76.1159 cm^-1  (      2.2819 THz )
     12     98.3402 cm^-1  (      2.9482 THz )
     13    128.4946 cm^-1  (      3.8522 THz )
     14    151.9498 cm^-1  (      4.5553 THz )
     15    180.4751 cm^-1  (      5.4105 THz )

 # Irred. k point   42 : (  0.0833,  0.2500,  0.4167)
   Mode, Frequency 
      1     28.2247 cm^-1  (      0.8462 THz )
      2     32.8207 cm^-1  (      0.9839 THz )
      3     38.1273 cm^-1  (      1.1430 THz )
      4     40.2367 cm^-1  (      1.2063 THz )
      5     43.3229 cm^-1  (      1.2988 THz )
      6     48.4447 cm^-1  (      1.4523 THz )
      7     50.0211 cm^-1  (      1.4996 THz )
      8     54.5826 cm^-1  (      1.6363 THz )
      9     60.1801 cm^-1  (      1.8042 THz )
     10     70.3501 cm^-1  (      2.1090 THz )
     11     76.5521 cm^-1  (      2.2950 THz )
     12    109.4037 cm^-1  (      3.2798 THz )
     13    123.6195 cm^-1  (      3.7060 THz )
     14    151.7146 cm^-1  (      4.5483 THz )
     15    177.7176 cm^-1  (      5.3278 THz )

 # Irred. k point   43 : (  0.0833,  0.2500, -0.5000)
   Mode, Frequency 
      1     28.7993 cm^-1  (      0.8634 THz )
      2     33.7058 cm^-1  (      1.0105 THz )
      3     38.8085 cm^-1  (      1.1634 THz )
      4     39.4695 cm^-1  (      1.1833 THz )
      5     42.6948 cm^-1  (      1.2800 THz )
      6     48.5763 cm^-1  (      1.4563 THz )
      7     50.5440 cm^-1  (      1.5153 THz )
      8     54.4226 cm^-1  (      1.6315 THz )
      9     60.5972 cm^-1  (      1.8167 THz )
     10     70.8300 cm^-1  (      2.1234 THz )
     11     76.4236 cm^-1  (      2.2911 THz )
     12    116.5248 cm^-1  (      3.4933 THz )
     13    119.1538 cm^-1  (      3.5721 THz )
     14    151.5660 cm^-1  (      4.5438 THz )
     15    176.4719 cm^-1  (      5.2905 THz )

 # Irred. k point   44 : (  0.0833,  0.3333,  0.3333)
   Mode, Frequency 
      1     25.0895 cm^-1  (      0.7522 THz )
      2     32.7797 cm^-1  (      0.9827 THz )
      3     37.0081 cm^-1  (      1.1095 THz )
      4     40.8297 cm^-1  (      1.2240 THz )
      5     46.1374 cm^-1  (      1.3832 THz )
      6     46.6209 cm^-1  (      1.3977 THz )
      7     49.8362 cm^-1  (      1.4941 THz )
      8     56.7474 cm^-1  (      1.7012 THz )
      9     58.7283 cm^-1  (      1.7606 THz )
     10     71.3275 cm^-1  (      2.1383 THz )
     11     81.5105 cm^-1  (      2.4436 THz )
     12    103.1562 cm^-1  (      3.0925 THz )
     13    122.4720 cm^-1  (      3.6716 THz )
     14    151.6700 cm^-1  (      4.5470 THz )
     15    179.1931 cm^-1  (      5.3721 THz )

 # Irred. k point   45 : (  0.0833,  0.3333,  0.4167)
   Mode, Frequency 
      1     23.3076 cm^-1  (      0.6987 THz )
      2     34.4334 cm^-1  (      1.0323 THz )
      3     37.5904 cm^-1  (      1.1269 THz )
      4     40.7294 cm^-1  (      1.2210 THz )
      5     45.1341 cm^-1  (      1.3531 THz )
      6     47.4912 cm^-1  (      1.4238 THz )
      7     50.5634 cm^-1  (      1.5159 THz )
      8     56.7284 cm^-1  (      1.7007 THz )
      9     59.6311 cm^-1  (      1.7877 THz )
     10     72.4092 cm^-1  (      2.1708 THz )
     11     80.8932 cm^-1  (      2.4251 THz )
     12    110.0715 cm^-1  (      3.2999 THz )
     13    119.8342 cm^-1  (      3.5925 THz )
     14    151.2652 cm^-1  (      4.5348 THz )
     15    177.0774 cm^-1  (      5.3086 THz )

 # Irred. k point   46 : (  0.0833,  0.3333, -0.5000)
   Mode, Frequency 
      1     22.6035 cm^-1  (      0.6776 THz )
      2     35.0769 cm^-1  (      1.0516 THz )
      3     39.0912 cm^-1  (      1.1719 THz )
      4     39.4803 cm^-1  (      1.1836 THz )
      5     44.6826 cm^-1  (      1.3396 THz )
      6     47.8493 cm^-1  (      1.4345 THz )
      7     50.8620 cm^-1  (      1.5248 THz )
      8     56.5353 cm^-1  (      1.6949 THz )
      9     60.1653 cm^-1  (      1.8037 THz )
     10     72.7770 cm^-1  (      2.1818 THz )
     11     79.9523 cm^-1  (      2.3969 THz )
     12    112.7189 cm^-1  (      3.3792 THz )
     13    119.5937 cm^-1  (      3.5853 THz )
     14    151.0173 cm^-1  (      4.5274 THz )
     15    176.0467 cm^-1  (      5.2777 THz )

 # Irred. k point   47 : (  0.0833,  0.4167,  0.4167)
   Mode, Frequency 
      1     18.4562 cm^-1  (      0.5533 THz )
      2     35.7230 cm^-1  (      1.0709 THz )
      3     38.4954 cm^-1  (      1.1541 THz )
      4     40.7305 cm^-1  (      1.2211 THz )
      5     46.5906 cm^-1  (      1.3968 THz )
      6     46.7036 cm^-1  (      1.4001 THz )
      7     51.0472 cm^-1  (      1.5304 THz )
      8     58.2571 cm^-1  (      1.7465 THz )
      9     59.3556 cm^-1  (      1.7794 THz )
     10     73.5831 cm^-1  (      2.2060 THz )
     11     76.8428 cm^-1  (      2.3037 THz )
     12    115.2549 cm^-1  (      3.4553 THz )
     13    119.2282 cm^-1  (      3.5744 THz )
     14    150.6622 cm^-1  (      4.5167 THz )
     15    175.4054 cm^-1  (      5.2585 THz )

 # Irred. k point   48 : (  0.0833,  0.4167, -0.5000)
   Mode, Frequency 
      1     16.3937 cm^-1  (      0.4915 THz )
      2     36.2276 cm^-1  (      1.0861 THz )
      3     39.8498 cm^-1  (      1.1947 THz )
      4     39.8572 cm^-1  (      1.1949 THz )
      5     46.3065 cm^-1  (      1.3882 THz )
      6     47.2851 cm^-1  (      1.4176 THz )
      7     51.2155 cm^-1  (      1.5354 THz )
      8     58.4584 cm^-1  (      1.7525 THz )
      9     59.7915 cm^-1  (      1.7925 THz )
     10     73.9700 cm^-1  (      2.2176 THz )
     11     74.0040 cm^-1  (      2.2186 THz )
     12    117.3059 cm^-1  (      3.5167 THz )
     13    119.9980 cm^-1  (      3.5974 THz )
     14    150.2988 cm^-1  (      4.5058 THz )
     15    174.5354 cm^-1  (      5.2324 THz )

 # Irred. k point   49 : (  0.0833, -0.5000, -0.5000)
   Mode, Frequency 
      1     13.5302 cm^-1  (      0.4056 THz )
      2     36.6832 cm^-1  (      1.0997 THz )
      3     40.1524 cm^-1  (      1.2037 THz )
      4     40.1524 cm^-1  (      1.2037 THz )
      5     47.0605 cm^-1  (      1.4108 THz )
      6     47.0605 cm^-1  (      1.4108 THz )
      7     51.3508 cm^-1  (      1.5395 THz )
      8     59.6537 cm^-1  (      1.7884 THz )
      9     59.6537 cm^-1  (      1.7884 THz )
     10     69.9403 cm^-1  (      2.0968 THz )
     11     74.3668 cm^-1  (      2.2295 THz )
     12    120.1626 cm^-1  (      3.6024 THz )
     13    120.1626 cm^-1  (      3.6024 THz )
     14    149.8671 cm^-1  (      4.4929 THz )
     15    173.7268 cm^-1  (      5.2082 THz )

 # Irred. k point   50 : (  0.1667,  0.1667,  0.1667)
   Mode, Frequency 
      1     23.1120 cm^-1  (      0.6929 THz )
      2     23.1120 cm^-1  (      0.6929 THz )
      3     35.7174 cm^-1  (      1.0708 THz )
      4     42.6486 cm^-1  (      1.2786 THz )
      5     46.0067 cm^-1  (      1.3792 THz )
      6     46.0067 cm^-1  (      1.3792 THz )
      7     54.0835 cm^-1  (      1.6214 THz )
      8     54.0835 cm^-1  (      1.6214 THz )
      9     58.5772 cm^-1  (      1.7561 THz )
     10     59.0914 cm^-1  (      1.7715 THz )
     11     59.0914 cm^-1  (      1.7715 THz )
     12     79.3007 cm^-1  (      2.3774 THz )
     13    145.7791 cm^-1  (      4.3703 THz )
     14    145.7791 cm^-1  (      4.3703 THz )
     15    186.3727 cm^-1  (      5.5873 THz )

 # Irred. k point   51 : (  0.1667,  0.1667,  0.2500)
   Mode, Frequency 
      1     25.5145 cm^-1  (      0.7649 THz )
      2     25.6896 cm^-1  (      0.7702 THz )
      3     37.9175 cm^-1  (      1.1367 THz )
      4     41.1089 cm^-1  (      1.2324 THz )
      5     44.6920 cm^-1  (      1.3398 THz )
      6     45.3673 cm^-1  (      1.3601 THz )
      7     54.9996 cm^-1  (      1.6488 THz )
      8     56.0891 cm^-1  (      1.6815 THz )
      9     60.9812 cm^-1  (      1.8282 THz )
     10     61.3724 cm^-1  (      1.8399 THz )
     11     67.8903 cm^-1  (      2.0353 THz )
     12     84.9820 cm^-1  (      2.5477 THz )
     13    139.7246 cm^-1  (      4.1888 THz )
     14    145.7707 cm^-1  (      4.3701 THz )
     15    185.4293 cm^-1  (      5.5590 THz )

 # Irred. k point   52 : (  0.1667,  0.1667,  0.3333)
   Mode, Frequency 
      1     28.3065 cm^-1  (      0.8486 THz )
      2     28.6884 cm^-1  (      0.8601 THz )
      3     39.4557 cm^-1  (      1.1829 THz )
      4     39.9956 cm^-1  (      1.1990 THz )
      5     43.1181 cm^-1  (      1.2926 THz )
      6     45.0803 cm^-1  (      1.3515 THz )
      7     54.5929 cm^-1  (      1.6367 THz )
      8     57.9598 cm^-1  (      1.7376 THz )
      9     62.6084 cm^-1  (      1.8770 THz )
     10     63.7050 cm^-1  (      1.9098 THz )
     11     70.2786 cm^-1  (      2.1069 THz )
     12     97.4256 cm^-1  (      2.9207 THz )
     13    134.2219 cm^-1  (      4.0239 THz )
     14    145.7609 cm^-1  (      4.3698 THz )
     15    182.7702 cm^-1  (      5.4793 THz )

 # Irred. k point   53 : (  0.1667,  0.1667,  0.4167)
   Mode, Frequency 
      1     30.3952 cm^-1  (      0.9112 THz )
      2     31.8348 cm^-1  (      0.9544 THz )
      3     39.5824 cm^-1  (      1.1867 THz )
      4     39.9191 cm^-1  (      1.1967 THz )
      5     41.4374 cm^-1  (      1.2423 THz )
      6     44.6342 cm^-1  (      1.3381 THz )
      7     54.4450 cm^-1  (      1.6322 THz )
      8     59.3430 cm^-1  (      1.7791 THz )
      9     63.6448 cm^-1  (      1.9080 THz )
     10     65.8475 cm^-1  (      1.9741 THz )
     11     69.7349 cm^-1  (      2.0906 THz )
     12    110.1494 cm^-1  (      3.3022 THz )
     13    128.3643 cm^-1  (      3.8483 THz )
     14    145.7528 cm^-1  (      4.3696 THz )
     15    179.9624 cm^-1  (      5.3951 THz )

 # Irred. k point   54 : (  0.1667,  0.1667, -0.5000)
   Mode, Frequency 
      1     31.2412 cm^-1  (      0.9366 THz )
      2     33.3738 cm^-1  (      1.0005 THz )
      3     39.7089 cm^-1  (      1.1904 THz )
      4     39.9975 cm^-1  (      1.1991 THz )
      5     40.1798 cm^-1  (      1.2046 THz )
      6     44.4052 cm^-1  (      1.3312 THz )
      7     54.4542 cm^-1  (      1.6325 THz )
      8     59.8592 cm^-1  (      1.7945 THz )
      9     63.9917 cm^-1  (      1.9184 THz )
     10     67.2584 cm^-1  (      2.0164 THz )
     11     68.7632 cm^-1  (      2.0615 THz )
     12    119.0578 cm^-1  (      3.5693 THz )
     13    122.1568 cm^-1  (      3.6622 THz )
     14    145.7496 cm^-1  (      4.3695 THz )
     15    178.7439 cm^-1  (      5.3586 THz )

 # Irred. k point   55 : (  0.1667,  0.2500,  0.2500)
   Mode, Frequency 
      1     26.2626 cm^-1  (      0.7873 THz )
      2     27.7144 cm^-1  (      0.8309 THz )
      3     38.8333 cm^-1  (      1.1642 THz )
      4     39.2885 cm^-1  (      1.1778 THz )
      5     43.6044 cm^-1  (      1.3072 THz )
      6     43.8166 cm^-1  (      1.3136 THz )
      7     57.5348 cm^-1  (      1.7248 THz )
      8     58.6778 cm^-1  (      1.7591 THz )
      9     63.1128 cm^-1  (      1.8921 THz )
     10     67.0554 cm^-1  (      2.0103 THz )
     11     72.4717 cm^-1  (      2.1726 THz )
     12     88.6419 cm^-1  (      2.6574 THz )
     13    134.2039 cm^-1  (      4.0233 THz )
     14    143.2088 cm^-1  (      4.2933 THz )
     15    185.6510 cm^-1  (      5.5657 THz )

 # Irred. k point   56 : (  0.1667,  0.2500,  0.3333)
   Mode, Frequency 
      1     27.4489 cm^-1  (      0.8229 THz )
      2     30.1185 cm^-1  (      0.9029 THz )
      3     37.1792 cm^-1  (      1.1146 THz )
      4     40.1843 cm^-1  (      1.2047 THz )
      5     42.1075 cm^-1  (      1.2623 THz )
      6     43.2421 cm^-1  (      1.2964 THz )
      7     57.8722 cm^-1  (      1.7350 THz )
      8     60.4963 cm^-1  (      1.8136 THz )
      9     64.2846 cm^-1  (      1.9272 THz )
     10     68.7779 cm^-1  (      2.0619 THz )
     11     76.2109 cm^-1  (      2.2847 THz )
     12     98.1826 cm^-1  (      2.9434 THz )
     13    128.1258 cm^-1  (      3.8411 THz )
     14    142.5010 cm^-1  (      4.2721 THz )
     15    183.9487 cm^-1  (      5.5146 THz )

 # Irred. k point   57 : (  0.1667,  0.2500,  0.4167)
   Mode, Frequency 
      1     28.5478 cm^-1  (      0.8558 THz )
      2     32.4919 cm^-1  (      0.9741 THz )
      3     36.9955 cm^-1  (      1.1091 THz )
      4     40.0606 cm^-1  (      1.2010 THz )
      5     40.5488 cm^-1  (      1.2156 THz )
      6     42.7072 cm^-1  (      1.2803 THz )
      7     57.5987 cm^-1  (      1.7268 THz )
      8     62.1331 cm^-1  (      1.8627 THz )
      9     64.8356 cm^-1  (      1.9437 THz )
     10     69.9264 cm^-1  (      2.0963 THz )
     11     76.6500 cm^-1  (      2.2979 THz )
     12    108.4096 cm^-1  (      3.2500 THz )
     13    123.0074 cm^-1  (      3.6877 THz )
     14    142.0836 cm^-1  (      4.2596 THz )
     15    181.7462 cm^-1  (      5.4486 THz )

 # Irred. k point   58 : (  0.1667,  0.2500, -0.5000)
   Mode, Frequency 
      1     28.9132 cm^-1  (      0.8668 THz )
      2     33.7172 cm^-1  (      1.0108 THz )
      3     38.1265 cm^-1  (      1.1430 THz )
      4     38.4598 cm^-1  (      1.1530 THz )
      5     40.1428 cm^-1  (      1.2035 THz )
      6     42.4384 cm^-1  (      1.2723 THz )
      7     57.4948 cm^-1  (      1.7237 THz )
      8     62.8161 cm^-1  (      1.8832 THz )
      9     64.9341 cm^-1  (      1.9467 THz )
     10     70.3721 cm^-1  (      2.1097 THz )
     11     76.5542 cm^-1  (      2.2950 THz )
     12    114.1625 cm^-1  (      3.4225 THz )
     13    119.4461 cm^-1  (      3.5809 THz )
     14    141.9076 cm^-1  (      4.2543 THz )
     15    180.7334 cm^-1  (      5.4183 THz )

 # Irred. k point   59 : (  0.1667,  0.3333,  0.3333)
   Mode, Frequency 
      1     25.3400 cm^-1  (      0.7597 THz )
      2     32.0362 cm^-1  (      0.9604 THz )
      3     35.7305 cm^-1  (      1.0712 THz )
      4     40.6684 cm^-1  (      1.2192 THz )
      5     41.7460 cm^-1  (      1.2515 THz )
      6     41.7728 cm^-1  (      1.2523 THz )
      7     60.2764 cm^-1  (      1.8070 THz )
      8     60.9786 cm^-1  (      1.8281 THz )
      9     64.6532 cm^-1  (      1.9383 THz )
     10     70.6804 cm^-1  (      2.1189 THz )
     11     81.1340 cm^-1  (      2.4323 THz )
     12    103.0030 cm^-1  (      3.0880 THz )
     13    122.7186 cm^-1  (      3.6790 THz )
     14    141.0581 cm^-1  (      4.2288 THz )
     15    183.0556 cm^-1  (      5.4879 THz )

 # Irred. k point   60 : (  0.1667,  0.3333,  0.4167)
   Mode, Frequency 
      1     23.2941 cm^-1  (      0.6983 THz )
      2     33.8850 cm^-1  (      1.0158 THz )
      3     36.3067 cm^-1  (      1.0884 THz )
      4     40.0220 cm^-1  (      1.1998 THz )
      5     40.6475 cm^-1  (      1.2186 THz )
      6     41.5406 cm^-1  (      1.2454 THz )
      7     60.3090 cm^-1  (      1.8080 THz )
      8     62.6468 cm^-1  (      1.8781 THz )
      9     64.7390 cm^-1  (      1.9408 THz )
     10     71.8274 cm^-1  (      2.1533 THz )
     11     80.3632 cm^-1  (      2.4092 THz )
     12    109.6476 cm^-1  (      3.2872 THz )
     13    120.1828 cm^-1  (      3.6030 THz )
     14    140.0539 cm^-1  (      4.1987 THz )
     15    181.3847 cm^-1  (      5.4378 THz )

 # Irred. k point   61 : (  0.1667,  0.3333, -0.5000)
   Mode, Frequency 
      1     22.4849 cm^-1  (      0.6741 THz )
      2     34.7942 cm^-1  (      1.0431 THz )
      3     37.8160 cm^-1  (      1.1337 THz )
      4     38.3401 cm^-1  (      1.1494 THz )
      5     40.3265 cm^-1  (      1.2090 THz )
      6     41.4570 cm^-1  (      1.2428 THz )
      7     60.1362 cm^-1  (      1.8028 THz )
      8     63.5187 cm^-1  (      1.9042 THz )
      9     64.6675 cm^-1  (      1.9387 THz )
     10     72.2246 cm^-1  (      2.1652 THz )
     11     79.3920 cm^-1  (      2.3801 THz )
     12    112.1627 cm^-1  (      3.3626 THz )
     13    119.9507 cm^-1  (      3.5960 THz )
     14    139.5800 cm^-1  (      4.1845 THz )
     15    180.5577 cm^-1  (      5.4130 THz )

 # Irred. k point   62 : (  0.1667,  0.4167,  0.4167)
   Mode, Frequency 
      1     18.1764 cm^-1  (      0.5449 THz )
      2     35.3577 cm^-1  (      1.0600 THz )
      3     37.0444 cm^-1  (      1.1106 THz )
      4     39.6786 cm^-1  (      1.1895 THz )
      5     40.6559 cm^-1  (      1.2188 THz )
      6     40.6848 cm^-1  (      1.2197 THz )
      7     62.4490 cm^-1  (      1.8722 THz )
      8     62.6474 cm^-1  (      1.8781 THz )
      9     64.5581 cm^-1  (      1.9354 THz )
     10     73.0298 cm^-1  (      2.1894 THz )
     11     76.3616 cm^-1  (      2.2893 THz )
     12    115.1419 cm^-1  (      3.4519 THz )
     13    119.6835 cm^-1  (      3.5880 THz )
     14    138.4725 cm^-1  (      4.1513 THz )
     15    180.0849 cm^-1  (      5.3988 THz )

 # Irred. k point   63 : (  0.1667,  0.4167, -0.5000)
   Mode, Frequency 
      1     15.9860 cm^-1  (      0.4792 THz )
      2     36.1094 cm^-1  (      1.0825 THz )
      3     38.1954 cm^-1  (      1.1451 THz )
      4     38.6855 cm^-1  (      1.1598 THz )
      5     40.3623 cm^-1  (      1.2100 THz )
      6     40.6847 cm^-1  (      1.2197 THz )
      7     62.3814 cm^-1  (      1.8701 THz )
      8     63.8138 cm^-1  (      1.9131 THz )
      9     64.3126 cm^-1  (      1.9280 THz )
     10     73.4356 cm^-1  (      2.2015 THz )
     11     73.6309 cm^-1  (      2.2074 THz )
     12    117.3980 cm^-1  (      3.5195 THz )
     13    120.3892 cm^-1  (      3.6092 THz )
     14    137.6555 cm^-1  (      4.1268 THz )
     15    179.3927 cm^-1  (      5.3781 THz )

 # Irred. k point   64 : (  0.1667, -0.5000, -0.5000)
   Mode, Frequency 
      1     12.9306 cm^-1  (      0.3877 THz )
      2     36.8303 cm^-1  (      1.1041 THz )
      3     38.6513 cm^-1  (      1.1587 THz )
      4     38.6513 cm^-1  (      1.1587 THz )
      5     40.3603 cm^-1  (      1.2100 THz )
      6     40.3603 cm^-1  (      1.2100 THz )
      7     63.5209 cm^-1  (      1.9043 THz )
      8     64.1753 cm^-1  (      1.9239 THz )
      9     64.1753 cm^-1  (      1.9239 THz )
     10     69.6631 cm^-1  (      2.0884 THz )
     11     73.8444 cm^-1  (      2.2138 THz )
     12    120.5636 cm^-1  (      3.6144 THz )
     13    120.5636 cm^-1  (      3.6144 THz )
     14    136.6006 cm^-1  (      4.0952 THz )
     15    178.7509 cm^-1  (      5.3588 THz )

 # Irred. k point   65 : (  0.2500,  0.2500,  0.2500)
   Mode, Frequency 
      1     27.5133 cm^-1  (      0.8248 THz )
      2     27.5133 cm^-1  (      0.8248 THz )
      3     36.4439 cm^-1  (      1.0926 THz )
      4     40.1923 cm^-1  (      1.2049 THz )
      5     41.5232 cm^-1  (      1.2448 THz )
      6     41.5232 cm^-1  (      1.2448 THz )
      7     62.0060 cm^-1  (      1.8589 THz )
      8     62.0060 cm^-1  (      1.8589 THz )
      9     67.0749 cm^-1  (      2.0109 THz )
     10     72.8008 cm^-1  (      2.1825 THz )
     11     72.8008 cm^-1  (      2.1825 THz )
     12     91.3959 cm^-1  (      2.7400 THz )
     13    134.1317 cm^-1  (      4.0212 THz )
     14    134.1317 cm^-1  (      4.0212 THz )
     15    186.4751 cm^-1  (      5.5904 THz )

 # Irred. k point   66 : (  0.2500,  0.2500,  0.3333)
   Mode, Frequency 
      1     28.2409 cm^-1  (      0.8466 THz )
      2     28.5637 cm^-1  (      0.8563 THz )
      3     34.4004 cm^-1  (      1.0313 THz )
      4     39.8379 cm^-1  (      1.1943 THz )
      5     40.2064 cm^-1  (      1.2054 THz )
      6     40.7463 cm^-1  (      1.2215 THz )
      7     62.0121 cm^-1  (      1.8591 THz )
      8     64.8324 cm^-1  (      1.9436 THz )
      9     68.6083 cm^-1  (      2.0568 THz )
     10     72.9697 cm^-1  (      2.1876 THz )
     11     77.4397 cm^-1  (      2.3216 THz )
     12     99.0209 cm^-1  (      2.9686 THz )
     13    126.7548 cm^-1  (      3.8000 THz )
     14    134.0678 cm^-1  (      4.0193 THz )
     15    185.3733 cm^-1  (      5.5574 THz )

 # Irred. k point   67 : (  0.2500,  0.2500,  0.4167)
   Mode, Frequency 
      1     28.6039 cm^-1  (      0.8575 THz )
      2     30.0027 cm^-1  (      0.8995 THz )
      3     34.2992 cm^-1  (      1.0283 THz )
      4     38.0645 cm^-1  (      1.1411 THz )
      5     39.7190 cm^-1  (      1.1907 THz )
      6     40.2129 cm^-1  (      1.2056 THz )
      7     61.4147 cm^-1  (      1.8412 THz )
      8     66.9113 cm^-1  (      2.0059 THz )
      9     69.8081 cm^-1  (      2.0928 THz )
     10     72.8759 cm^-1  (      2.1848 THz )
     11     77.9729 cm^-1  (      2.3376 THz )
     12    107.1294 cm^-1  (      3.2117 THz )
     13    121.8584 cm^-1  (      3.6532 THz )
     14    134.0265 cm^-1  (      4.0180 THz )
     15    183.6100 cm^-1  (      5.5045 THz )

 # Irred. k point   68 : (  0.2500,  0.2500, -0.5000)
   Mode, Frequency 
      1     28.3370 cm^-1  (      0.8495 THz )
      2     31.1490 cm^-1  (      0.9338 THz )
      3     35.2024 cm^-1  (      1.0553 THz )
      4     36.7682 cm^-1  (      1.1023 THz )
      5     39.3846 cm^-1  (      1.1807 THz )
      6     39.8098 cm^-1  (      1.1935 THz )
      7     61.1689 cm^-1  (      1.8338 THz )
      8     67.7376 cm^-1  (      2.0307 THz )
      9     70.2253 cm^-1  (      2.1053 THz )
     10     72.7466 cm^-1  (      2.1809 THz )
     11     77.8396 cm^-1  (      2.3336 THz )
     12    110.6138 cm^-1  (      3.3161 THz )
     13    119.9268 cm^-1  (      3.5953 THz )
     14    134.0127 cm^-1  (      4.0176 THz )
     15    182.7605 cm^-1  (      5.4790 THz )

 # Irred. k point   69 : (  0.2500,  0.3333,  0.3333)
   Mode, Frequency 
      1     25.7458 cm^-1  (      0.7718 THz )
      2     29.4687 cm^-1  (      0.8834 THz )
      3     32.0897 cm^-1  (      0.9620 THz )
      4     38.5642 cm^-1  (      1.1561 THz )
      5     38.9658 cm^-1  (      1.1682 THz )
      6     40.6655 cm^-1  (      1.2191 THz )
      7     64.5571 cm^-1  (      1.9354 THz )
      8     65.5748 cm^-1  (      1.9659 THz )
      9     69.8625 cm^-1  (      2.0944 THz )
     10     74.8439 cm^-1  (      2.2438 THz )
     11     80.5336 cm^-1  (      2.4143 THz )
     12    103.4637 cm^-1  (      3.1018 THz )
     13    123.0805 cm^-1  (      3.6899 THz )
     14    130.5857 cm^-1  (      3.9149 THz )
     15    184.8038 cm^-1  (      5.5403 THz )

 # Irred. k point   70 : (  0.2500,  0.3333,  0.4167)
   Mode, Frequency 
      1     23.3090 cm^-1  (      0.6988 THz )
      2     30.1260 cm^-1  (      0.9032 THz )
      3     32.0176 cm^-1  (      0.9599 THz )
      4     37.3107 cm^-1  (      1.1185 THz )
      5     38.6824 cm^-1  (      1.1597 THz )
      6     40.0856 cm^-1  (      1.2017 THz )
      7     64.3203 cm^-1  (      1.9283 THz )
      8     67.2994 cm^-1  (      2.0176 THz )
      9     71.0822 cm^-1  (      2.1310 THz )
     10     74.8070 cm^-1  (      2.2427 THz )
     11     79.5386 cm^-1  (      2.3845 THz )
     12    109.1672 cm^-1  (      3.2727 THz )
     13    120.6552 cm^-1  (      3.6172 THz )
     14    129.6770 cm^-1  (      3.8876 THz )
     15    183.4122 cm^-1  (      5.4986 THz )

 # Irred. k point   71 : (  0.2500,  0.3333, -0.5000)
   Mode, Frequency 
      1     22.3203 cm^-1  (      0.6691 THz )
      2     30.4594 cm^-1  (      0.9132 THz )
      3     32.5012 cm^-1  (      0.9744 THz )
      4     36.6362 cm^-1  (      1.0983 THz )
      5     39.0331 cm^-1  (      1.1702 THz )
      6     39.2924 cm^-1  (      1.1780 THz )
      7     64.0215 cm^-1  (      1.9193 THz )
      8     68.1049 cm^-1  (      2.0417 THz )
      9     71.5274 cm^-1  (      2.1443 THz )
     10     74.6986 cm^-1  (      2.2394 THz )
     11     78.4885 cm^-1  (      2.3530 THz )
     12    111.1730 cm^-1  (      3.3329 THz )
     13    120.4953 cm^-1  (      3.6124 THz )
     14    129.3798 cm^-1  (      3.8787 THz )
     15    182.6978 cm^-1  (      5.4771 THz )

 # Irred. k point   72 : (  0.2500,  0.4167,  0.4167)
   Mode, Frequency 
      1     17.8000 cm^-1  (      0.5336 THz )
      2     30.7577 cm^-1  (      0.9221 THz )
      3     31.0808 cm^-1  (      0.9318 THz )
      4     36.9905 cm^-1  (      1.1089 THz )
      5     38.4049 cm^-1  (      1.1513 THz )
      6     39.6360 cm^-1  (      1.1883 THz )
      7     66.1304 cm^-1  (      1.9825 THz )
      8     67.1339 cm^-1  (      2.0126 THz )
      9     72.3126 cm^-1  (      2.1679 THz )
     10     74.8324 cm^-1  (      2.2434 THz )
     11     75.6531 cm^-1  (      2.2680 THz )
     12    114.6081 cm^-1  (      3.4359 THz )
     13    120.3316 cm^-1  (      3.6075 THz )
     14    127.4930 cm^-1  (      3.8221 THz )
     15    182.2817 cm^-1  (      5.4647 THz )

 # Irred. k point   73 : (  0.2500,  0.4167, -0.5000)
   Mode, Frequency 
      1     15.4164 cm^-1  (      0.4622 THz )
      2     30.8058 cm^-1  (      0.9235 THz )
      3     31.2151 cm^-1  (      0.9358 THz )
      4     36.7923 cm^-1  (      1.1030 THz )
      5     38.8296 cm^-1  (      1.1641 THz )
      6     38.9699 cm^-1  (      1.1683 THz )
      7     66.1581 cm^-1  (      1.9834 THz )
      8     67.7948 cm^-1  (      2.0324 THz )
      9     72.7531 cm^-1  (      2.1811 THz )
     10     73.1022 cm^-1  (      2.1915 THz )
     11     74.7562 cm^-1  (      2.2411 THz )
     12    116.9667 cm^-1  (      3.5066 THz )
     13    120.9636 cm^-1  (      3.6264 THz )
     14    126.4148 cm^-1  (      3.7898 THz )
     15    181.6630 cm^-1  (      5.4461 THz )

 # Irred. k point   74 : (  0.2500, -0.5000, -0.5000)
   Mode, Frequency 
      1     12.0637 cm^-1  (      0.3617 THz )
      2     30.9667 cm^-1  (      0.9284 THz )
      3     30.9667 cm^-1  (      0.9284 THz )
      4     36.9098 cm^-1  (      1.1065 THz )
      5     38.7923 cm^-1  (      1.1630 THz )
      6     38.7923 cm^-1  (      1.1630 THz )
      7     67.6610 cm^-1  (      2.0284 THz )
      8     67.6610 cm^-1  (      2.0284 THz )
      9     69.2828 cm^-1  (      2.0770 THz )
     10     73.1803 cm^-1  (      2.1939 THz )
     11     74.6998 cm^-1  (      2.2394 THz )
     12    121.1456 cm^-1  (      3.6319 THz )
     13    121.1456 cm^-1  (      3.6319 THz )
     14    124.1065 cm^-1  (      3.7206 THz )
     15    181.0796 cm^-1  (      5.4286 THz )

 # Irred. k point   75 : (  0.3333,  0.3333,  0.3333)
   Mode, Frequency 
      1     25.9938 cm^-1  (      0.7793 THz )
      2     25.9938 cm^-1  (      0.7793 THz )
      3     27.4982 cm^-1  (      0.8244 THz )
      4     37.6544 cm^-1  (      1.1288 THz )
      5     37.6544 cm^-1  (      1.1288 THz )
      6     40.3317 cm^-1  (      1.2091 THz )
      7     67.4402 cm^-1  (      2.0218 THz )
      8     67.4402 cm^-1  (      2.0218 THz )
      9     69.7149 cm^-1  (      2.0900 THz )
     10     79.7668 cm^-1  (      2.3913 THz )
     11     79.7668 cm^-1  (      2.3913 THz )
     12    106.6004 cm^-1  (      3.1958 THz )
     13    123.4713 cm^-1  (      3.7016 THz )
     14    123.4713 cm^-1  (      3.7016 THz )
     15    184.5271 cm^-1  (      5.5320 THz )

 # Irred. k point   76 : (  0.3333,  0.3333,  0.4167)
   Mode, Frequency 
      1     23.0166 cm^-1  (      0.6900 THz )
      2     23.8444 cm^-1  (      0.7148 THz )
      3     27.0218 cm^-1  (      0.8101 THz )
      4     36.8063 cm^-1  (      1.1034 THz )
      5     37.7633 cm^-1  (      1.1321 THz )
      6     39.5657 cm^-1  (      1.1862 THz )
      7     67.1467 cm^-1  (      2.0130 THz )
      8     69.4665 cm^-1  (      2.0826 THz )
      9     70.6842 cm^-1  (      2.1191 THz )
     10     78.2286 cm^-1  (      2.3452 THz )
     11     79.0099 cm^-1  (      2.3687 THz )
     12    110.9117 cm^-1  (      3.3250 THz )
     13    120.9944 cm^-1  (      3.6273 THz )
     14    123.7755 cm^-1  (      3.7107 THz )
     15    183.3528 cm^-1  (      5.4968 THz )

 # Irred. k point   77 : (  0.3333,  0.3333, -0.5000)
   Mode, Frequency 
      1     21.4855 cm^-1  (      0.6441 THz )
      2     23.3096 cm^-1  (      0.6988 THz )
      3     27.2182 cm^-1  (      0.8160 THz )
      4     36.4746 cm^-1  (      1.0935 THz )
      5     38.3524 cm^-1  (      1.1498 THz )
      6     38.6918 cm^-1  (      1.1600 THz )
      7     66.7922 cm^-1  (      2.0024 THz )
      8     70.2412 cm^-1  (      2.1058 THz )
      9     71.1476 cm^-1  (      2.1330 THz )
     10     76.7819 cm^-1  (      2.3019 THz )
     11     78.6590 cm^-1  (      2.3581 THz )
     12    112.3052 cm^-1  (      3.3668 THz )
     13    121.1015 cm^-1  (      3.6305 THz )
     14    123.8907 cm^-1  (      3.7141 THz )
     15    182.7204 cm^-1  (      5.4778 THz )

 # Irred. k point   78 : (  0.3333,  0.4167,  0.4167)
   Mode, Frequency 
      1     17.4318 cm^-1  (      0.5226 THz )
      2     23.4672 cm^-1  (      0.7035 THz )
      3     23.6295 cm^-1  (      0.7084 THz )
      4     36.7398 cm^-1  (      1.1014 THz )
      5     37.4760 cm^-1  (      1.1235 THz )
      6     38.8349 cm^-1  (      1.1642 THz )
      7     68.7795 cm^-1  (      2.0620 THz )
      8     69.6295 cm^-1  (      2.0874 THz )
      9     71.6502 cm^-1  (      2.1480 THz )
     10     74.8073 cm^-1  (      2.2427 THz )
     11     78.1665 cm^-1  (      2.3434 THz )
     12    114.9631 cm^-1  (      3.4465 THz )
     13    121.0085 cm^-1  (      3.6277 THz )
     14    122.3356 cm^-1  (      3.6675 THz )
     15    182.3298 cm^-1  (      5.4661 THz )

 # Irred. k point   79 : (  0.3333,  0.4167, -0.5000)
   Mode, Frequency 
      1     14.8272 cm^-1  (      0.4445 THz )
      2     22.3975 cm^-1  (      0.6715 THz )
      3     23.5845 cm^-1  (      0.7070 THz )
      4     36.6433 cm^-1  (      1.0985 THz )
      5     37.8927 cm^-1  (      1.1360 THz )
      6     38.1044 cm^-1  (      1.1423 THz )
      7     68.5840 cm^-1  (      2.0561 THz )
      8     70.2376 cm^-1  (      2.1057 THz )
      9     72.1328 cm^-1  (      2.1625 THz )
     10     72.5229 cm^-1  (      2.1742 THz )
     11     77.7468 cm^-1  (      2.3308 THz )
     12    116.5337 cm^-1  (      3.4936 THz )
     13    121.5819 cm^-1  (      3.6449 THz )
     14    122.0711 cm^-1  (      3.6596 THz )
     15    181.7528 cm^-1  (      5.4488 THz )

 # Irred. k point   80 : (  0.3333, -0.5000, -0.5000)
   Mode, Frequency 
      1     11.1293 cm^-1  (      0.3336 THz )
      2     22.3484 cm^-1  (      0.6700 THz )
      3     22.3484 cm^-1  (      0.6700 THz )
      4     36.8455 cm^-1  (      1.1046 THz )
      5     37.7391 cm^-1  (      1.1314 THz )
      6     37.7391 cm^-1  (      1.1314 THz )
      7     68.9003 cm^-1  (      2.0656 THz )
      8     70.1107 cm^-1  (      2.1019 THz )
      9     70.1107 cm^-1  (      2.1019 THz )
     10     72.5773 cm^-1  (      2.1758 THz )
     11     77.3239 cm^-1  (      2.3181 THz )
     12    118.6355 cm^-1  (      3.5566 THz )
     13    121.7652 cm^-1  (      3.6504 THz )
     14    121.7652 cm^-1  (      3.6504 THz )
     15    181.1958 cm^-1  (      5.4321 THz )

 # Irred. k point   81 : (  0.4167,  0.4167,  0.4167)
   Mode, Frequency 
      1     16.8966 cm^-1  (      0.5065 THz )
      2     17.3464 cm^-1  (      0.5200 THz )
      3     17.3464 cm^-1  (      0.5200 THz )
      4     36.8350 cm^-1  (      1.1043 THz )
      5     36.8350 cm^-1  (      1.1043 THz )
      6     38.0084 cm^-1  (      1.1395 THz )
      7     70.6861 cm^-1  (      2.1191 THz )
      8     70.6861 cm^-1  (      2.1191 THz )
      9     71.3993 cm^-1  (      2.1405 THz )
     10     73.9026 cm^-1  (      2.2155 THz )
     11     73.9026 cm^-1  (      2.2155 THz )
     12    118.0445 cm^-1  (      3.5389 THz )
     13    121.5214 cm^-1  (      3.6431 THz )
     14    121.5214 cm^-1  (      3.6431 THz )
     15    181.3757 cm^-1  (      5.4375 THz )

 # Irred. k point   82 : (  0.4167,  0.4167, -0.5000)
   Mode, Frequency 
      1     14.0830 cm^-1  (      0.4222 THz )
      2     14.7948 cm^-1  (      0.4435 THz )
      3     17.1070 cm^-1  (      0.5129 THz )
      4     36.5946 cm^-1  (      1.0971 THz )
      5     37.1959 cm^-1  (      1.1151 THz )
      6     37.3610 cm^-1  (      1.1201 THz )
      7     69.7894 cm^-1  (      2.0922 THz )
      8     71.6116 cm^-1  (      2.1469 THz )
      9     71.7896 cm^-1  (      2.1522 THz )
     10     71.8027 cm^-1  (      2.1526 THz )
     11     73.2969 cm^-1  (      2.1974 THz )
     12    119.3210 cm^-1  (      3.5772 THz )
     13    121.7127 cm^-1  (      3.6489 THz )
     14    122.0609 cm^-1  (      3.6593 THz )
     15    180.8228 cm^-1  (      5.4209 THz )

 # Irred. k point   83 : (  0.4167, -0.5000, -0.5000)
   Mode, Frequency 
      1     10.3923 cm^-1  (      0.3116 THz )
      2     14.2823 cm^-1  (      0.4282 THz )
      3     14.2823 cm^-1  (      0.4282 THz )
      4     36.7048 cm^-1  (      1.1004 THz )
      5     36.9366 cm^-1  (      1.1073 THz )
      6     36.9366 cm^-1  (      1.1073 THz )
      7     68.6190 cm^-1  (      2.0571 THz )
      8     71.5597 cm^-1  (      2.1453 THz )
      9     71.5597 cm^-1  (      2.1453 THz )
     10     71.8741 cm^-1  (      2.1547 THz )
     11     72.1766 cm^-1  (      2.1638 THz )
     12    120.6740 cm^-1  (      3.6177 THz )
     13    122.2415 cm^-1  (      3.6647 THz )
     14    122.2415 cm^-1  (      3.6647 THz )
     15    180.2776 cm^-1  (      5.4046 THz )

 # Irred. k point   84 : ( -0.5000, -0.5000, -0.5000)
   Mode, Frequency 
      1     10.1090 cm^-1  (      0.3031 THz )
      2     10.1090 cm^-1  (      0.3031 THz )
      3     10.1090 cm^-1  (      0.3031 THz )
      4     36.6332 cm^-1  (      1.0982 THz )
      5     36.6332 cm^-1  (      1.0982 THz )
      6     36.6332 cm^-1  (      1.0982 THz )
      7     68.5157 cm^-1  (      2.0540 THz )
      8     68.5157 cm^-1  (      2.0540 THz )
      9     72.0388 cm^-1  (      2.1597 THz )
     10     72.0388 cm^-1  (      2.1597 THz )
     11     72.0388 cm^-1  (      2.1597 THz )
     12    122.4204 cm^-1  (      3.6701 THz )
     13    122.4204 cm^-1  (      3.6701 THz )
     14    122.4204 cm^-1  (      3.6701 THz )
     15    179.7353 cm^-1  (      5.3883 THz )


 -----------------------------------------------------------------

 ANIME-tag is given: Making animation files for the given
                     k point ( 0.0000, 0.0000, 0.0000).
 ANIME_CELLSIZE =   2  2  2
 ANIME_FORMAT = XSF

 -----------------------------------------------------------------

 The following files are created: 
  pc_dos.phvel_all   : Phonon velocity at all k points
  pc_dos.dos         : Phonon DOS and atom projected DOS
  pc_dos.tdos        : Two-phonon DOS
  pc_dos.sps_Bose    : Three-phonon scattering phase space 
                       with the Bose distribution function
  pc_dos.thermo      : Thermodynamic quantities
  pc_dos.msd         : Mean-square-displacement (MSD)
  pc_dos.gru_all     : Gruneisen parameters at all k points
  pc_dos.anime*.axsf : AXSF files for animate phonon modes

 Job finished at Sun Dec 13 22:08:54 2020

