 +-----------------------------------------------------------------+
 +                         Program ANPHON                          +
 +                             Ver.  1.1.0                         +
 +-----------------------------------------------------------------+

 Job started at Tue Oct 27 18:13:54 2020

 The number of MPI processes: 1
 The number of OpenMP threads: 24


 Input variables:
 -----------------------------------------------------------------
 General:
  PREFIX = pc_dos
  MODE = PHONONS
  FCSXML = uc.xml
  FC2XML = uc_2nd_600K.xml

  NKD = 3; KD =   Br  Ca  Cs
  MASS =     79.904    40.078    132.91
  NSYM = 0; TOLERANCE = 1e-06; PRINTSYM = 0

  NONANALYTIC = 3
  BORNINFO = BORN; NA_SIGMA = 0.1

  TMIN = 0; TMAX = 1000; DT = 10
  EMIN = 0; EMAX = 1200; DELTA_E = 2

  ISMEAR = -1; EPSILON = 2

  CLASSICAL = 0
  BCONNECT = 2


 Kpoint:
  KPMODE (1st entry for &kpoint) = 2


 Analysis:
  PRINTVEL = 1
  PRINTVEC = 0
  PRINTXSF = 0

  ANIME =     0    0    0
  ANIME_CELL =     2    2    2
  ANIME_FORMAT = XSF

  PDOS = 1; TDOS = 1
  PRINTMSD = 1
  SPS = 2

  GRUNEISEN = 1
  NEWFCS = 0


 -----------------------------------------------------------------

                      MODE = phonons                         
                                                             
      Phonon calculation within harmonic approximation       
      Harmonic force constants will be used.                 

      GRUNEISEN = 1 : Cubic force constants are necessary.

 -----------------------------------------------------------------

 Crystal structure
 =================

 Lattice Vectors:

 * Supercell (from uc.xml )

    2.134264e+01   0.000000e+00   0.000000e+00 : a1
    0.000000e+00   2.134264e+01   0.000000e+00 : a2
    0.000000e+00   0.000000e+00   2.134264e+01 : a3

    2.943959e-01   0.000000e+00   0.000000e+00 : b1
    0.000000e+00   2.943959e-01   0.000000e+00 : b2
    0.000000e+00   0.000000e+00   2.943959e-01 : b3

 * Primitive cell 

    1.067132e+01   0.000000e+00   0.000000e+00 : a1
    0.000000e+00   1.067132e+01   0.000000e+00 : a2
    0.000000e+00   0.000000e+00   1.067132e+01 : a3

    5.887919e-01   0.000000e+00   0.000000e+00 : b1
    0.000000e+00   5.887919e-01   0.000000e+00 : b2
    0.000000e+00   0.000000e+00   5.887919e-01 : b3


  Volume of the primitive cell : 1.215218e+03 (a.u.)^3

  Number of atoms in the supercell     : 40
  Number of atoms in the primitive cell: 5


  FC2XML is given: Harmonic IFCs will be replaced by the values in uc_2nd_600K.xml

 * Supercell for HARMONIC (from uc_2nd_600K.xml )

    2.134264e+01   0.000000e+00   0.000000e+00 : a1
    0.000000e+00   2.134264e+01   0.000000e+00 : a2
    0.000000e+00   0.000000e+00   2.134264e+01 : a3

    2.943959e-01   0.000000e+00   0.000000e+00 : b1
    0.000000e+00   2.943959e-01   0.000000e+00 : b2
    0.000000e+00   0.000000e+00   2.943959e-01 : b3

  Number of atoms in the supercell (HARMONIC)   : 40

  Atomic positions in the primitive cell (fractional):
   1:   0.000000e+00   5.000000e-01   5.000000e-01  Br
   2:   5.000000e-01   0.000000e+00   5.000000e-01  Br
   3:   5.000000e-01   5.000000e-01   0.000000e+00  Br
   4:   5.000000e-01   5.000000e-01   5.000000e-01  Ca
   5:   0.000000e+00   0.000000e+00   0.000000e+00  Cs

  Mass of atomic species (u):
  Br:   79.904000
  Ca:   40.078000
  Cs:  132.910000


 Symmetry
 ========

  NSYM = 0 is given: Trying to find symmetry operations.
  Number of symmetry operations : 48

 k points
 ========

  KPMODE = 2: Uniform grid
  Gamma-centered uniform grid with the following mesh density: 
  nk1:  12
  nk2:  12
  nk3:  12

  Number of k points : 1728
  Number of irreducible k points : 84

  List of irreducible k points (reciprocal coordinate, weight) : 
      1:   0.00000e+00   0.00000e+00   0.00000e+00   0.000579
      2:   0.00000e+00   0.00000e+00   8.33333e-02   0.003472
      3:   0.00000e+00   0.00000e+00   1.66667e-01   0.003472
      4:   0.00000e+00   0.00000e+00   2.50000e-01   0.003472
      5:   0.00000e+00   0.00000e+00   3.33333e-01   0.003472
      6:   0.00000e+00   0.00000e+00   4.16667e-01   0.003472
      7:   0.00000e+00   0.00000e+00  -5.00000e-01   0.001736
      8:   0.00000e+00   8.33333e-02   8.33333e-02   0.006944
      9:   0.00000e+00   8.33333e-02   1.66667e-01   0.013889
     10:   0.00000e+00   8.33333e-02   2.50000e-01   0.013889
     11:   0.00000e+00   8.33333e-02   3.33333e-01   0.013889
     12:   0.00000e+00   8.33333e-02   4.16667e-01   0.013889
     13:   0.00000e+00   8.33333e-02  -5.00000e-01   0.006944
     14:   0.00000e+00   1.66667e-01   1.66667e-01   0.006944
     15:   0.00000e+00   1.66667e-01   2.50000e-01   0.013889
     16:   0.00000e+00   1.66667e-01   3.33333e-01   0.013889
     17:   0.00000e+00   1.66667e-01   4.16667e-01   0.013889
     18:   0.00000e+00   1.66667e-01  -5.00000e-01   0.006944
     19:   0.00000e+00   2.50000e-01   2.50000e-01   0.006944
     20:   0.00000e+00   2.50000e-01   3.33333e-01   0.013889
     21:   0.00000e+00   2.50000e-01   4.16667e-01   0.013889
     22:   0.00000e+00   2.50000e-01  -5.00000e-01   0.006944
     23:   0.00000e+00   3.33333e-01   3.33333e-01   0.006944
     24:   0.00000e+00   3.33333e-01   4.16667e-01   0.013889
     25:   0.00000e+00   3.33333e-01  -5.00000e-01   0.006944
     26:   0.00000e+00   4.16667e-01   4.16667e-01   0.006944
     27:   0.00000e+00   4.16667e-01  -5.00000e-01   0.006944
     28:   0.00000e+00  -5.00000e-01  -5.00000e-01   0.001736
     29:   8.33333e-02   8.33333e-02   8.33333e-02   0.004630
     30:   8.33333e-02   8.33333e-02   1.66667e-01   0.013889
     31:   8.33333e-02   8.33333e-02   2.50000e-01   0.013889
     32:   8.33333e-02   8.33333e-02   3.33333e-01   0.013889
     33:   8.33333e-02   8.33333e-02   4.16667e-01   0.013889
     34:   8.33333e-02   8.33333e-02  -5.00000e-01   0.006944
     35:   8.33333e-02   1.66667e-01   1.66667e-01   0.013889
     36:   8.33333e-02   1.66667e-01   2.50000e-01   0.027778
     37:   8.33333e-02   1.66667e-01   3.33333e-01   0.027778
     38:   8.33333e-02   1.66667e-01   4.16667e-01   0.027778
     39:   8.33333e-02   1.66667e-01  -5.00000e-01   0.013889
     40:   8.33333e-02   2.50000e-01   2.50000e-01   0.013889
     41:   8.33333e-02   2.50000e-01   3.33333e-01   0.027778
     42:   8.33333e-02   2.50000e-01   4.16667e-01   0.027778
     43:   8.33333e-02   2.50000e-01  -5.00000e-01   0.013889
     44:   8.33333e-02   3.33333e-01   3.33333e-01   0.013889
     45:   8.33333e-02   3.33333e-01   4.16667e-01   0.027778
     46:   8.33333e-02   3.33333e-01  -5.00000e-01   0.013889
     47:   8.33333e-02   4.16667e-01   4.16667e-01   0.013889
     48:   8.33333e-02   4.16667e-01  -5.00000e-01   0.013889
     49:   8.33333e-02  -5.00000e-01  -5.00000e-01   0.003472
     50:   1.66667e-01   1.66667e-01   1.66667e-01   0.004630
     51:   1.66667e-01   1.66667e-01   2.50000e-01   0.013889
     52:   1.66667e-01   1.66667e-01   3.33333e-01   0.013889
     53:   1.66667e-01   1.66667e-01   4.16667e-01   0.013889
     54:   1.66667e-01   1.66667e-01  -5.00000e-01   0.006944
     55:   1.66667e-01   2.50000e-01   2.50000e-01   0.013889
     56:   1.66667e-01   2.50000e-01   3.33333e-01   0.027778
     57:   1.66667e-01   2.50000e-01   4.16667e-01   0.027778
     58:   1.66667e-01   2.50000e-01  -5.00000e-01   0.013889
     59:   1.66667e-01   3.33333e-01   3.33333e-01   0.013889
     60:   1.66667e-01   3.33333e-01   4.16667e-01   0.027778
     61:   1.66667e-01   3.33333e-01  -5.00000e-01   0.013889
     62:   1.66667e-01   4.16667e-01   4.16667e-01   0.013889
     63:   1.66667e-01   4.16667e-01  -5.00000e-01   0.013889
     64:   1.66667e-01  -5.00000e-01  -5.00000e-01   0.003472
     65:   2.50000e-01   2.50000e-01   2.50000e-01   0.004630
     66:   2.50000e-01   2.50000e-01   3.33333e-01   0.013889
     67:   2.50000e-01   2.50000e-01   4.16667e-01   0.013889
     68:   2.50000e-01   2.50000e-01  -5.00000e-01   0.006944
     69:   2.50000e-01   3.33333e-01   3.33333e-01   0.013889
     70:   2.50000e-01   3.33333e-01   4.16667e-01   0.027778
     71:   2.50000e-01   3.33333e-01  -5.00000e-01   0.013889
     72:   2.50000e-01   4.16667e-01   4.16667e-01   0.013889
     73:   2.50000e-01   4.16667e-01  -5.00000e-01   0.013889
     74:   2.50000e-01  -5.00000e-01  -5.00000e-01   0.003472
     75:   3.33333e-01   3.33333e-01   3.33333e-01   0.004630
     76:   3.33333e-01   3.33333e-01   4.16667e-01   0.013889
     77:   3.33333e-01   3.33333e-01  -5.00000e-01   0.006944
     78:   3.33333e-01   4.16667e-01   4.16667e-01   0.013889
     79:   3.33333e-01   4.16667e-01  -5.00000e-01   0.013889
     80:   3.33333e-01  -5.00000e-01  -5.00000e-01   0.003472
     81:   4.16667e-01   4.16667e-01   4.16667e-01   0.004630
     82:   4.16667e-01   4.16667e-01  -5.00000e-01   0.006944
     83:   4.16667e-01  -5.00000e-01  -5.00000e-01   0.003472
     84:  -5.00000e-01  -5.00000e-01  -5.00000e-01   0.000579

 Force constant
 ==============

  Reading force constants from the XML file ... done !
  Number of non-zero IFCs for 2 order: 1593
  Number of non-zero IFCs for 3 order: 314004

  Maximum deviation from the translational invariance: 
   Order 2 : 2.959872e-16
   Order 3 : 1.984293e-16


 Dynamical matrix
 ================

  NONANALYTIC = 3 : Non-analytic part of the dynamical matrix will be included 
                    by the Ewald method.

  Dielectric constants and Born effective charges are read from BORN.

  Dielectric constant tensor in Cartesian coordinate : 
   3.140051e+00   0.000000e+00   0.000000e+00
   0.000000e+00   3.140051e+00   0.000000e+00
   0.000000e+00  -0.000000e+00   3.140051e+00

  Born effective charge tensor in Cartesian coordinate
  Atom    1( Br) :
      -2.045100      -0.000000       0.000000
       0.000000      -0.891350       0.000000
       0.000000      -0.000000      -0.891350
  Atom    2( Br) :
      -0.891350      -0.000000      -0.000000
       0.000000      -2.045100      -0.000000
       0.000000      -0.000000      -0.891350
  Atom    3( Br) :
      -0.891350      -0.000000      -0.000000
       0.000000      -0.891350      -0.000000
      -0.000000       0.000000      -2.045100
  Atom    4( Ca) :
       2.474970      -0.000000      -0.000000
      -0.000000       2.474970       0.000000
      -0.000000       0.000000       2.474970
  Atom    5( Cs) :
       1.352820       0.000000      -0.000000
       0.000000       1.352820       0.000000
      -0.000000       0.000000       1.352820

  WARNING: Born effective charges do not satisfy the acoustic sum rule.
           The born effective charges are modified to satisfy the ASR.

  Symmetrized Born effective charge tensor in Cartesian coordinate.
  Atom    1( Br) :
      -2.045098       0.000000       0.000000
       0.000000      -0.891348       0.000000
       0.000000       0.000000      -0.891348
  Atom    2( Br) :
      -0.891348       0.000000       0.000000
       0.000000      -2.045098       0.000000
       0.000000       0.000000      -0.891348
  Atom    3( Br) :
      -0.891348       0.000000       0.000000
       0.000000      -0.891348       0.000000
       0.000000       0.000000      -2.045098
  Atom    4( Ca) :
       2.474972       0.000000       0.000000
       0.000000       2.474972       0.000000
       0.000000       0.000000       2.474972
  Atom    5( Cs) :
       1.352822       0.000000       0.000000
       0.000000       1.352822       0.000000
       0.000000       0.000000       1.352822

 -----------------------------------------------------------------


  Preparing for the Ewald summation ...

  Inverse dielectric tensor : 
   3.184662e-01  -0.000000e+00   0.000000e+00
   0.000000e+00   3.184662e-01   0.000000e+00
  -0.000000e+00   0.000000e+00   3.184662e-01

  Determinant of epsilon:    3.096065e+01

  Parameters for the Ewald summation :
  - Force constant
    Lambda :    1.639188e-01
    Lmax   :    5.682482e+01
    Gmax   :    9.724984e-01
    Maximum number of real-space cells :   3x  3x  3
    Maximum number of reciprocal cells :   4x  4x  4

  - Dynamical matrix
    Lambda :    3.278376e-01
    Lmax   :    2.841241e+01
    Gmax   :    1.944997e+00
    Maximum number of real-space cells :   3x  3x  3
    Maximum number of reciprocal cells :   4x  4x  4

 Calculating long-range (dipole-dipole) FCs in the supercell ... done.
 Now, move on to phonon calculations.

 Diagonalizing dynamical matrices for all k points ... done!
 Calculating group velocities of phonons on uniform grid ... done!

 ISMEAR = -1: Tetrahedron method will be used.

 PDOS = 1 : Calculating atom-projected phonon DOS ...  done!
 TDOS = 1 : Calculating two-phonon DOS for all irreducible k points.
            This may take a while ... done!
 SPS = 2 : Calculating three-phonon scattering phase space
           with the Bose distribution function ... done!

 GRUNEISEN = 1 : Calculating Gruneisen parameters ... done!

 -----------------------------------------------------------------

 Phonon frequencies below:

 # Irred. k point    1 : (  0.0000,  0.0000,  0.0000)
   Mode, Frequency 
      1      0.0000 cm^-1  (      0.0000 THz )
      2      0.0000 cm^-1  (      0.0000 THz )
      3      0.0000 cm^-1  (      0.0000 THz )
      4     50.2710 cm^-1  (      1.5071 THz )
      5     50.2710 cm^-1  (      1.5071 THz )
      6     50.2710 cm^-1  (      1.5071 THz )
      7     52.4190 cm^-1  (      1.5715 THz )
      8     52.4190 cm^-1  (      1.5715 THz )
      9     52.4190 cm^-1  (      1.5715 THz )
     10     76.0865 cm^-1  (      2.2810 THz )
     11     76.0865 cm^-1  (      2.2810 THz )
     12     76.0865 cm^-1  (      2.2810 THz )
     13    207.2572 cm^-1  (      6.2134 THz )
     14    207.2572 cm^-1  (      6.2134 THz )
     15    207.2572 cm^-1  (      6.2134 THz )

 # Irred. k point    2 : (  0.0000,  0.0000,  0.0833)
   Mode, Frequency 
      1      8.1888 cm^-1  (      0.2455 THz )
      2      8.1888 cm^-1  (      0.2455 THz )
      3     17.7638 cm^-1  (      0.5325 THz )
      4     50.4307 cm^-1  (      1.5119 THz )
      5     50.4307 cm^-1  (      1.5119 THz )
      6     50.4474 cm^-1  (      1.5124 THz )
      7     52.3849 cm^-1  (      1.5705 THz )
      8     52.3849 cm^-1  (      1.5705 THz )
      9     62.6403 cm^-1  (      1.8779 THz )
     10     75.9552 cm^-1  (      2.2771 THz )
     11     75.9552 cm^-1  (      2.2771 THz )
     12     89.4390 cm^-1  (      2.6813 THz )
     13    207.2746 cm^-1  (      6.2139 THz )
     14    207.2746 cm^-1  (      6.2139 THz )
     15    245.7004 cm^-1  (      7.3659 THz )

 # Irred. k point    3 : (  0.0000,  0.0000,  0.1667)
   Mode, Frequency 
      1     16.0476 cm^-1  (      0.4811 THz )
      2     16.0476 cm^-1  (      0.4811 THz )
      3     31.1425 cm^-1  (      0.9336 THz )
      4     50.1608 cm^-1  (      1.5038 THz )
      5     50.1608 cm^-1  (      1.5038 THz )
      6     50.9257 cm^-1  (      1.5267 THz )
      7     52.9447 cm^-1  (      1.5872 THz )
      8     52.9447 cm^-1  (      1.5872 THz )
      9     69.3186 cm^-1  (      2.0781 THz )
     10     75.5647 cm^-1  (      2.2654 THz )
     11     75.5647 cm^-1  (      2.2654 THz )
     12     96.9707 cm^-1  (      2.9071 THz )
     13    207.3223 cm^-1  (      6.2154 THz )
     14    207.3223 cm^-1  (      6.2154 THz )
     15    241.5208 cm^-1  (      7.2406 THz )

 # Irred. k point    4 : (  0.0000,  0.0000,  0.2500)
   Mode, Frequency 
      1     23.2934 cm^-1  (      0.6983 THz )
      2     23.2934 cm^-1  (      0.6983 THz )
      3     40.5929 cm^-1  (      1.2169 THz )
      4     48.8092 cm^-1  (      1.4633 THz )
      5     48.8092 cm^-1  (      1.4633 THz )
      6     51.5705 cm^-1  (      1.5460 THz )
      7     54.4938 cm^-1  (      1.6337 THz )
      8     54.4938 cm^-1  (      1.6337 THz )
      9     71.7446 cm^-1  (      2.1508 THz )
     10     74.9384 cm^-1  (      2.2466 THz )
     11     74.9384 cm^-1  (      2.2466 THz )
     12    113.3352 cm^-1  (      3.3977 THz )
     13    207.3877 cm^-1  (      6.2173 THz )
     14    207.3877 cm^-1  (      6.2173 THz )
     15    234.7399 cm^-1  (      7.0373 THz )

 # Irred. k point    5 : (  0.0000,  0.0000,  0.3333)
   Mode, Frequency 
      1     29.7290 cm^-1  (      0.8913 THz )
      2     29.7290 cm^-1  (      0.8913 THz )
      3     46.6268 cm^-1  (      1.3978 THz )
      4     46.6268 cm^-1  (      1.3978 THz )
      5     48.0166 cm^-1  (      1.4395 THz )
      6     52.2060 cm^-1  (      1.5651 THz )
      7     56.3597 cm^-1  (      1.6896 THz )
      8     56.3597 cm^-1  (      1.6896 THz )
      9     70.5942 cm^-1  (      2.1164 THz )
     10     74.1634 cm^-1  (      2.2234 THz )
     11     74.1634 cm^-1  (      2.2234 THz )
     12    132.8283 cm^-1  (      3.9821 THz )
     13    207.4535 cm^-1  (      6.2193 THz )
     14    207.4535 cm^-1  (      6.2193 THz )
     15    225.9221 cm^-1  (      6.7730 THz )

 # Irred. k point    6 : (  0.0000,  0.0000,  0.4167)
   Mode, Frequency 
      1     35.2566 cm^-1  (      1.0570 THz )
      2     35.2566 cm^-1  (      1.0570 THz )
      3     43.6778 cm^-1  (      1.3094 THz )
      4     43.6778 cm^-1  (      1.3094 THz )
      5     52.6654 cm^-1  (      1.5789 THz )
      6     53.8855 cm^-1  (      1.6154 THz )
      7     57.9018 cm^-1  (      1.7359 THz )
      8     57.9018 cm^-1  (      1.7359 THz )
      9     68.0183 cm^-1  (      2.0391 THz )
     10     73.4556 cm^-1  (      2.2021 THz )
     11     73.4556 cm^-1  (      2.2021 THz )
     12    149.3981 cm^-1  (      4.4788 THz )
     13    207.5019 cm^-1  (      6.2208 THz )
     14    207.5019 cm^-1  (      6.2208 THz )
     15    216.8481 cm^-1  (      6.5009 THz )

 # Irred. k point    7 : (  0.0000,  0.0000, -0.5000)
   Mode, Frequency 
      1     39.5380 cm^-1  (      1.1853 THz )
      2     39.5380 cm^-1  (      1.1853 THz )
      3     40.2600 cm^-1  (      1.2070 THz )
      4     40.2600 cm^-1  (      1.2070 THz )
      5     52.8323 cm^-1  (      1.5839 THz )
      6     56.6905 cm^-1  (      1.6995 THz )
      7     58.5134 cm^-1  (      1.7542 THz )
      8     58.5134 cm^-1  (      1.7542 THz )
      9     66.2652 cm^-1  (      1.9866 THz )
     10     73.1542 cm^-1  (      2.1931 THz )
     11     73.1542 cm^-1  (      2.1931 THz )
     12    156.5461 cm^-1  (      4.6931 THz )
     13    207.5197 cm^-1  (      6.2213 THz )
     14    207.5197 cm^-1  (      6.2213 THz )
     15    212.3455 cm^-1  (      6.3660 THz )

 # Irred. k point    8 : (  0.0000,  0.0833,  0.0833)
   Mode, Frequency 
      1     11.5603 cm^-1  (      0.3466 THz )
      2     16.4313 cm^-1  (      0.4926 THz )
      3     21.9507 cm^-1  (      0.6581 THz )
      4     49.8543 cm^-1  (      1.4946 THz )
      5     50.7059 cm^-1  (      1.5201 THz )
      6     51.3845 cm^-1  (      1.5405 THz )
      7     52.2417 cm^-1  (      1.5662 THz )
      8     54.0367 cm^-1  (      1.6200 THz )
      9     61.9603 cm^-1  (      1.8575 THz )
     10     75.8202 cm^-1  (      2.2730 THz )
     11     79.7244 cm^-1  (      2.3901 THz )
     12     89.7440 cm^-1  (      2.6905 THz )
     13    206.3145 cm^-1  (      6.1852 THz )
     14    207.2912 cm^-1  (      6.2144 THz )
     15    245.1122 cm^-1  (      7.3483 THz )

 # Irred. k point    9 : (  0.0000,  0.0833,  0.1667)
   Mode, Frequency 
      1     17.9624 cm^-1  (      0.5385 THz )
      2     21.9439 cm^-1  (      0.6579 THz )
      3     32.7322 cm^-1  (      0.9813 THz )
      4     49.5520 cm^-1  (      1.4855 THz )
      5     50.5971 cm^-1  (      1.5169 THz )
      6     51.9588 cm^-1  (      1.5577 THz )
      7     52.6621 cm^-1  (      1.5788 THz )
      8     54.5658 cm^-1  (      1.6358 THz )
      9     66.8154 cm^-1  (      2.0031 THz )
     10     75.4184 cm^-1  (      2.2610 THz )
     11     81.6694 cm^-1  (      2.4484 THz )
     12     96.8505 cm^-1  (      2.9035 THz )
     13    205.9013 cm^-1  (      6.1728 THz )
     14    207.3367 cm^-1  (      6.2158 THz )
     15    241.5285 cm^-1  (      7.2408 THz )

 # Irred. k point   10 : (  0.0000,  0.0833,  0.2500)
   Mode, Frequency 
      1     24.6004 cm^-1  (      0.7375 THz )
      2     27.2522 cm^-1  (      0.8170 THz )
      3     41.2815 cm^-1  (      1.2376 THz )
      4     49.2295 cm^-1  (      1.4759 THz )
      5     49.2622 cm^-1  (      1.4768 THz )
      6     51.1681 cm^-1  (      1.5340 THz )
      7     54.2697 cm^-1  (      1.6270 THz )
      8     55.9961 cm^-1  (      1.6787 THz )
      9     69.5667 cm^-1  (      2.0856 THz )
     10     74.7732 cm^-1  (      2.2416 THz )
     11     81.1645 cm^-1  (      2.4332 THz )
     12    113.3520 cm^-1  (      3.3982 THz )
     13    206.0003 cm^-1  (      6.1757 THz )
     14    207.3991 cm^-1  (      6.2177 THz )
     15    235.1236 cm^-1  (      7.0488 THz )

 # Irred. k point   11 : (  0.0000,  0.0833,  0.3333)
   Mode, Frequency 
      1     30.7066 cm^-1  (      0.9206 THz )
      2     32.4751 cm^-1  (      0.9736 THz )
      3     47.0695 cm^-1  (      1.4111 THz )
      4     47.7654 cm^-1  (      1.4320 THz )
      5     47.9822 cm^-1  (      1.4385 THz )
      6     50.7876 cm^-1  (      1.5226 THz )
      7     56.1806 cm^-1  (      1.6843 THz )
      8     57.7299 cm^-1  (      1.7307 THz )
      9     69.5459 cm^-1  (      2.0849 THz )
     10     73.9728 cm^-1  (      2.2176 THz )
     11     80.0780 cm^-1  (      2.4007 THz )
     12    132.5833 cm^-1  (      3.9747 THz )
     13    206.3609 cm^-1  (      6.1865 THz )
     14    207.4619 cm^-1  (      6.2196 THz )
     15    226.6056 cm^-1  (      6.7935 THz )

 # Irred. k point   12 : (  0.0000,  0.0833,  0.4167)
   Mode, Frequency 
      1     36.0306 cm^-1  (      1.0802 THz )
      2     37.1893 cm^-1  (      1.1149 THz )
      3     44.1760 cm^-1  (      1.3244 THz )
      4     45.2723 cm^-1  (      1.3572 THz )
      5     50.4763 cm^-1  (      1.5132 THz )
      6     53.4633 cm^-1  (      1.6028 THz )
      7     57.7557 cm^-1  (      1.7315 THz )
      8     58.7515 cm^-1  (      1.7613 THz )
      9     68.4352 cm^-1  (      2.0516 THz )
     10     73.2392 cm^-1  (      2.1957 THz )
     11     79.1108 cm^-1  (      2.3717 THz )
     12    148.6265 cm^-1  (      4.4557 THz )
     13    207.1741 cm^-1  (      6.2109 THz )
     14    207.5081 cm^-1  (      6.2209 THz )
     15    217.5007 cm^-1  (      6.5205 THz )

 # Irred. k point   13 : (  0.0000,  0.0833, -0.5000)
   Mode, Frequency 
      1     40.3134 cm^-1  (      1.2086 THz )
      2     40.4842 cm^-1  (      1.2137 THz )
      3     40.5410 cm^-1  (      1.2154 THz )
      4     42.8493 cm^-1  (      1.2846 THz )
      5     50.6042 cm^-1  (      1.5171 THz )
      6     55.9732 cm^-1  (      1.6780 THz )
      7     58.3813 cm^-1  (      1.7502 THz )
      8     58.6109 cm^-1  (      1.7571 THz )
      9     67.7568 cm^-1  (      2.0313 THz )
     10     72.9258 cm^-1  (      2.1863 THz )
     11     78.7198 cm^-1  (      2.3600 THz )
     12    155.3824 cm^-1  (      4.6582 THz )
     13    207.5251 cm^-1  (      6.2214 THz )
     14    208.6898 cm^-1  (      6.2564 THz )
     15    211.9655 cm^-1  (      6.3546 THz )

 # Irred. k point   14 : (  0.0000,  0.1667,  0.1667)
   Mode, Frequency 
      1     22.5164 cm^-1  (      0.6750 THz )
      2     28.2934 cm^-1  (      0.8482 THz )
      3     37.6609 cm^-1  (      1.1290 THz )
      4     48.2144 cm^-1  (      1.4454 THz )
      5     51.7862 cm^-1  (      1.5525 THz )
      6     51.8575 cm^-1  (      1.5546 THz )
      7     53.8673 cm^-1  (      1.6149 THz )
      8     56.0187 cm^-1  (      1.6794 THz )
      9     67.8145 cm^-1  (      2.0330 THz )
     10     74.9823 cm^-1  (      2.2479 THz )
     11     91.8948 cm^-1  (      2.7549 THz )
     12     98.6210 cm^-1  (      2.9566 THz )
     13    204.2107 cm^-1  (      6.1221 THz )
     14    207.3762 cm^-1  (      6.2170 THz )
     15    239.5825 cm^-1  (      7.1825 THz )

 # Irred. k point   15 : (  0.0000,  0.1667,  0.2500)
   Mode, Frequency 
      1     27.9459 cm^-1  (      0.8378 THz )
      2     32.2403 cm^-1  (      0.9665 THz )
      3     43.2861 cm^-1  (      1.2977 THz )
      4     47.2171 cm^-1  (      1.4155 THz )
      5     50.3753 cm^-1  (      1.5102 THz )
      6     53.6518 cm^-1  (      1.6084 THz )
      7     53.6711 cm^-1  (      1.6090 THz )
      8     57.1066 cm^-1  (      1.7120 THz )
      9     69.9308 cm^-1  (      2.0965 THz )
     10     74.2789 cm^-1  (      2.2268 THz )
     11     94.2044 cm^-1  (      2.8242 THz )
     12    113.5838 cm^-1  (      3.4052 THz )
     13    203.7981 cm^-1  (      6.1097 THz )
     14    207.4304 cm^-1  (      6.2186 THz )
     15    234.6299 cm^-1  (      7.0340 THz )

 # Irred. k point   16 : (  0.0000,  0.1667,  0.3333)
   Mode, Frequency 
      1     33.2481 cm^-1  (      0.9968 THz )
      2     35.6584 cm^-1  (      1.0690 THz )
      3     46.2256 cm^-1  (      1.3858 THz )
      4     48.3451 cm^-1  (      1.4493 THz )
      5     48.3487 cm^-1  (      1.4495 THz )
      6     52.1329 cm^-1  (      1.5629 THz )
      7     55.6699 cm^-1  (      1.6689 THz )
      8     58.4243 cm^-1  (      1.7515 THz )
      9     70.6555 cm^-1  (      2.1182 THz )
     10     73.3997 cm^-1  (      2.2005 THz )
     11     93.9700 cm^-1  (      2.8171 THz )
     12    132.1367 cm^-1  (      3.9614 THz )
     13    204.5008 cm^-1  (      6.1308 THz )
     14    207.4850 cm^-1  (      6.2202 THz )
     15    227.2326 cm^-1  (      6.8123 THz )

 # Irred. k point   17 : (  0.0000,  0.1667,  0.4167)
   Mode, Frequency 
      1     37.9530 cm^-1  (      1.1378 THz )
      2     38.4306 cm^-1  (      1.1521 THz )
      3     45.7230 cm^-1  (      1.3707 THz )
      4     46.3172 cm^-1  (      1.3886 THz )
      5     49.0651 cm^-1  (      1.4709 THz )
      6     53.0345 cm^-1  (      1.5899 THz )
      7     57.3364 cm^-1  (      1.7189 THz )
      8     58.7815 cm^-1  (      1.7622 THz )
      9     70.6970 cm^-1  (      2.1194 THz )
     10     72.5844 cm^-1  (      2.1760 THz )
     11     93.6643 cm^-1  (      2.8080 THz )
     12    146.9807 cm^-1  (      4.4064 THz )
     13    206.5491 cm^-1  (      6.1922 THz )
     14    207.5252 cm^-1  (      6.2214 THz )
     15    218.6383 cm^-1  (      6.5546 THz )

 # Irred. k point   18 : (  0.0000,  0.1667, -0.5000)
   Mode, Frequency 
      1     39.6047 cm^-1  (      1.1873 THz )
      2     41.1124 cm^-1  (      1.2325 THz )
      3     43.2734 cm^-1  (      1.2973 THz )
      4     46.8607 cm^-1  (      1.4048 THz )
      5     47.7544 cm^-1  (      1.4316 THz )
      6     54.6446 cm^-1  (      1.6382 THz )
      7     58.0038 cm^-1  (      1.7389 THz )
      8     58.4668 cm^-1  (      1.7528 THz )
      9     70.6592 cm^-1  (      2.1183 THz )
     10     72.2324 cm^-1  (      2.1655 THz )
     11     93.5393 cm^-1  (      2.8042 THz )
     12    152.9269 cm^-1  (      4.5846 THz )
     13    207.5399 cm^-1  (      6.2219 THz )
     14    211.0766 cm^-1  (      6.3279 THz )
     15    211.0983 cm^-1  (      6.3286 THz )

 # Irred. k point   19 : (  0.0000,  0.2500,  0.2500)
   Mode, Frequency 
      1     32.2132 cm^-1  (      0.9657 THz )
      2     34.8347 cm^-1  (      1.0443 THz )
      3     45.2555 cm^-1  (      1.3567 THz )
      4     46.0640 cm^-1  (      1.3810 THz )
      5     51.3492 cm^-1  (      1.5394 THz )
      6     53.3495 cm^-1  (      1.5994 THz )
      7     55.6343 cm^-1  (      1.6679 THz )
      8     56.6312 cm^-1  (      1.6978 THz )
      9     71.5602 cm^-1  (      2.1453 THz )
     10     73.4757 cm^-1  (      2.2027 THz )
     11    108.7744 cm^-1  (      3.2610 THz )
     12    117.1180 cm^-1  (      3.5111 THz )
     13    202.8539 cm^-1  (      6.0814 THz )
     14    207.4735 cm^-1  (      6.2199 THz )
     15    231.6094 cm^-1  (      6.9435 THz )

 # Irred. k point   20 : (  0.0000,  0.2500,  0.3333)
   Mode, Frequency 
      1     35.8221 cm^-1  (      1.0739 THz )
      2     36.4951 cm^-1  (      1.0941 THz )
      3     44.5729 cm^-1  (      1.3363 THz )
      4     48.7001 cm^-1  (      1.4600 THz )
      5     50.2159 cm^-1  (      1.5054 THz )
      6     54.6626 cm^-1  (      1.6387 THz )
      7     54.9636 cm^-1  (      1.6478 THz )
      8     57.6490 cm^-1  (      1.7283 THz )
      9     72.4571 cm^-1  (      2.1722 THz )
     10     72.6584 cm^-1  (      2.1782 THz )
     11    111.3600 cm^-1  (      3.3385 THz )
     12    132.6385 cm^-1  (      3.9764 THz )
     13    203.5869 cm^-1  (      6.1034 THz )
     14    207.5168 cm^-1  (      6.2212 THz )
     15    226.0209 cm^-1  (      6.7759 THz )

 # Irred. k point   21 : (  0.0000,  0.2500,  0.4167)
   Mode, Frequency 
      1     35.8608 cm^-1  (      1.0751 THz )
      2     40.1594 cm^-1  (      1.2039 THz )
      3     45.1438 cm^-1  (      1.3534 THz )
      4     48.3271 cm^-1  (      1.4488 THz )
      5     49.9694 cm^-1  (      1.4980 THz )
      6     54.0707 cm^-1  (      1.6210 THz )
      7     56.7086 cm^-1  (      1.7001 THz )
      8     58.1400 cm^-1  (      1.7430 THz )
      9     71.4913 cm^-1  (      2.1433 THz )
     10     73.2141 cm^-1  (      2.1949 THz )
     11    111.5163 cm^-1  (      3.3432 THz )
     12    146.1602 cm^-1  (      4.3818 THz )
     13    206.1963 cm^-1  (      6.1816 THz )
     14    207.5486 cm^-1  (      6.2222 THz )
     15    218.7927 cm^-1  (      6.5592 THz )

 # Irred. k point   22 : (  0.0000,  0.2500, -0.5000)
   Mode, Frequency 
      1     35.7575 cm^-1  (      1.0720 THz )
      2     42.0143 cm^-1  (      1.2596 THz )
      3     45.7193 cm^-1  (      1.3706 THz )
      4     47.0681 cm^-1  (      1.4111 THz )
      5     49.8021 cm^-1  (      1.4930 THz )
      6     54.3758 cm^-1  (      1.6301 THz )
      7     57.4411 cm^-1  (      1.7220 THz )
      8     58.1291 cm^-1  (      1.7427 THz )
      9     71.0651 cm^-1  (      2.1305 THz )
     10     73.3854 cm^-1  (      2.2000 THz )
     11    111.5161 cm^-1  (      3.3432 THz )
     12    151.4003 cm^-1  (      4.5389 THz )
     13    207.5604 cm^-1  (      6.2225 THz )
     14    210.1894 cm^-1  (      6.3013 THz )
     15    212.7506 cm^-1  (      6.3781 THz )

 # Irred. k point   23 : (  0.0000,  0.3333,  0.3333)
   Mode, Frequency 
      1     33.5162 cm^-1  (      1.0048 THz )
      2     39.6292 cm^-1  (      1.1881 THz )
      3     44.9294 cm^-1  (      1.3469 THz )
      4     49.1108 cm^-1  (      1.4723 THz )
      5     51.7431 cm^-1  (      1.5512 THz )
      6     54.7549 cm^-1  (      1.6415 THz )
      7     56.1237 cm^-1  (      1.6825 THz )
      8     56.9255 cm^-1  (      1.7066 THz )
      9     71.2339 cm^-1  (      2.1355 THz )
     10     74.2085 cm^-1  (      2.2247 THz )
     11    122.8156 cm^-1  (      3.6819 THz )
     12    138.5531 cm^-1  (      4.1537 THz )
     13    204.1766 cm^-1  (      6.1211 THz )
     14    207.5488 cm^-1  (      6.2222 THz )
     15    222.4486 cm^-1  (      6.6688 THz )

 # Irred. k point   24 : (  0.0000,  0.3333,  0.4167)
   Mode, Frequency 
      1     31.2332 cm^-1  (      0.9363 THz )
      2     42.0214 cm^-1  (      1.2598 THz )
      3     45.8540 cm^-1  (      1.3747 THz )
      4     49.1385 cm^-1  (      1.4731 THz )
      5     51.5307 cm^-1  (      1.5449 THz )
      6     55.9010 cm^-1  (      1.6759 THz )
      7     56.0211 cm^-1  (      1.6795 THz )
      8     57.5480 cm^-1  (      1.7252 THz )
      9     70.0290 cm^-1  (      2.0994 THz )
     10     75.1168 cm^-1  (      2.2519 THz )
     11    125.1657 cm^-1  (      3.7524 THz )
     12    149.0619 cm^-1  (      4.4688 THz )
     13    206.4590 cm^-1  (      6.1895 THz )
     14    207.5723 cm^-1  (      6.2229 THz )
     15    217.0744 cm^-1  (      6.5077 THz )

 # Irred. k point   25 : (  0.0000,  0.3333, -0.5000)
   Mode, Frequency 
      1     30.3443 cm^-1  (      0.9097 THz )
      2     42.9823 cm^-1  (      1.2886 THz )
      3     46.3598 cm^-1  (      1.3898 THz )
      4     48.9400 cm^-1  (      1.4672 THz )
      5     51.1329 cm^-1  (      1.5329 THz )
      6     55.8395 cm^-1  (      1.6740 THz )
      7     56.8090 cm^-1  (      1.7031 THz )
      8     57.8002 cm^-1  (      1.7328 THz )
      9     69.4758 cm^-1  (      2.0828 THz )
     10     75.4127 cm^-1  (      2.2608 THz )
     11    125.4384 cm^-1  (      3.7605 THz )
     12    153.6496 cm^-1  (      4.6063 THz )
     13    207.5810 cm^-1  (      6.2231 THz )
     14    209.6430 cm^-1  (      6.2849 THz )
     15    212.4672 cm^-1  (      6.3696 THz )

 # Irred. k point   26 : (  0.0000,  0.4167,  0.4167)
   Mode, Frequency 
      1     27.4070 cm^-1  (      0.8216 THz )
      2     43.2863 cm^-1  (      1.2977 THz )
      3     46.6748 cm^-1  (      1.3993 THz )
      4     48.2350 cm^-1  (      1.4460 THz )
      5     54.1187 cm^-1  (      1.6224 THz )
      6     55.7325 cm^-1  (      1.6708 THz )
      7     57.0403 cm^-1  (      1.7100 THz )
      8     57.3145 cm^-1  (      1.7182 THz )
      9     68.5067 cm^-1  (      2.0538 THz )
     10     76.2480 cm^-1  (      2.2859 THz )
     11    130.3799 cm^-1  (      3.9087 THz )
     12    156.2943 cm^-1  (      4.6856 THz )
     13    207.5633 cm^-1  (      6.2226 THz )
     14    207.5898 cm^-1  (      6.2234 THz )
     15    213.7120 cm^-1  (      6.4069 THz )

 # Irred. k point   27 : (  0.0000,  0.4167, -0.5000)
   Mode, Frequency 
      1     25.9251 cm^-1  (      0.7772 THz )
      2     43.7480 cm^-1  (      1.3115 THz )
      3     47.0676 cm^-1  (      1.4111 THz )
      4     47.7933 cm^-1  (      1.4328 THz )
      5     54.5787 cm^-1  (      1.6362 THz )
      6     56.2871 cm^-1  (      1.6874 THz )
      7     57.0892 cm^-1  (      1.7115 THz )
      8     57.5965 cm^-1  (      1.7267 THz )
      9     67.7605 cm^-1  (      2.0314 THz )
     10     76.6188 cm^-1  (      2.2970 THz )
     11    131.3123 cm^-1  (      3.9366 THz )
     12    160.1631 cm^-1  (      4.8016 THz )
     13    207.5962 cm^-1  (      6.2236 THz )
     14    209.4386 cm^-1  (      6.2788 THz )
     15    210.6160 cm^-1  (      6.3141 THz )

 # Irred. k point   28 : (  0.0000, -0.5000, -0.5000)
   Mode, Frequency 
      1     24.1892 cm^-1  (      0.7252 THz )
      2     44.0439 cm^-1  (      1.3204 THz )
      3     47.3389 cm^-1  (      1.4192 THz )
      4     47.3389 cm^-1  (      1.4192 THz )
      5     56.0801 cm^-1  (      1.6812 THz )
      6     56.0801 cm^-1  (      1.6812 THz )
      7     57.5340 cm^-1  (      1.7248 THz )
      8     57.5340 cm^-1  (      1.7248 THz )
      9     66.8770 cm^-1  (      2.0049 THz )
     10     77.0145 cm^-1  (      2.3088 THz )
     11    132.4881 cm^-1  (      3.9719 THz )
     12    163.8658 cm^-1  (      4.9126 THz )
     13    207.6018 cm^-1  (      6.2237 THz )
     14    209.4022 cm^-1  (      6.2777 THz )
     15    209.4022 cm^-1  (      6.2777 THz )

 # Irred. k point   29 : (  0.0833,  0.0833,  0.0833)
   Mode, Frequency 
      1     18.1972 cm^-1  (      0.5455 THz )
      2     18.1972 cm^-1  (      0.5455 THz )
      3     25.3811 cm^-1  (      0.7609 THz )
      4     49.3228 cm^-1  (      1.4787 THz )
      5     51.3104 cm^-1  (      1.5382 THz )
      6     51.3104 cm^-1  (      1.5382 THz )
      7     54.1950 cm^-1  (      1.6247 THz )
      8     54.1950 cm^-1  (      1.6247 THz )
      9     61.2904 cm^-1  (      1.8374 THz )
     10     79.6284 cm^-1  (      2.3872 THz )
     11     79.6284 cm^-1  (      2.3872 THz )
     12     90.0312 cm^-1  (      2.6991 THz )
     13    206.3618 cm^-1  (      6.1866 THz )
     14    206.3618 cm^-1  (      6.1866 THz )
     15    244.5518 cm^-1  (      7.3315 THz )

 # Irred. k point   30 : (  0.0833,  0.0833,  0.1667)
   Mode, Frequency 
      1     22.4572 cm^-1  (      0.6733 THz )
      2     23.7837 cm^-1  (      0.7130 THz )
      3     34.3362 cm^-1  (      1.0294 THz )
      4     48.7813 cm^-1  (      1.4624 THz )
      5     51.3902 cm^-1  (      1.5406 THz )
      6     51.8303 cm^-1  (      1.5538 THz )
      7     54.1527 cm^-1  (      1.6235 THz )
      8     55.2447 cm^-1  (      1.6562 THz )
      9     65.2851 cm^-1  (      1.9572 THz )
     10     79.3371 cm^-1  (      2.3785 THz )
     11     82.8589 cm^-1  (      2.4840 THz )
     12     96.7852 cm^-1  (      2.9015 THz )
     13    205.6164 cm^-1  (      6.1642 THz )
     14    206.4915 cm^-1  (      6.1905 THz )
     15    241.3808 cm^-1  (      7.2364 THz )

 # Irred. k point   31 : (  0.0833,  0.0833,  0.2500)
   Mode, Frequency 
      1     27.6100 cm^-1  (      0.8277 THz )
      2     28.7138 cm^-1  (      0.8608 THz )
      3     41.9904 cm^-1  (      1.2588 THz )
      4     48.2853 cm^-1  (      1.4476 THz )
      5     50.5569 cm^-1  (      1.5157 THz )
      6     51.5361 cm^-1  (      1.5450 THz )
      7     54.0072 cm^-1  (      1.6191 THz )
      8     57.2081 cm^-1  (      1.7151 THz )
      9     68.2832 cm^-1  (      2.0471 THz )
     10     78.8556 cm^-1  (      2.3640 THz )
     11     82.4155 cm^-1  (      2.4708 THz )
     12    113.3661 cm^-1  (      3.3986 THz )
     13    205.5786 cm^-1  (      6.1631 THz )
     14    206.6695 cm^-1  (      6.1958 THz )
     15    235.3626 cm^-1  (      7.0560 THz )

 # Irred. k point   32 : (  0.0833,  0.0833,  0.3333)
   Mode, Frequency 
      1     32.7020 cm^-1  (      0.9804 THz )
      2     33.6227 cm^-1  (      1.0080 THz )
      3     47.1276 cm^-1  (      1.4128 THz )
      4     47.6954 cm^-1  (      1.4299 THz )
      5     49.7248 cm^-1  (      1.4907 THz )
      6     49.7744 cm^-1  (      1.4922 THz )
      7     55.2084 cm^-1  (      1.6551 THz )
      8     59.3386 cm^-1  (      1.7789 THz )
      9     68.9754 cm^-1  (      2.0678 THz )
     10     78.2432 cm^-1  (      2.3457 THz )
     11     81.1609 cm^-1  (      2.4331 THz )
     12    132.3613 cm^-1  (      3.9681 THz )
     13    206.0411 cm^-1  (      6.1770 THz )
     14    206.8484 cm^-1  (      6.2012 THz )
     15    227.1673 cm^-1  (      6.8103 THz )

 # Irred. k point   33 : (  0.0833,  0.0833,  0.4167)
   Mode, Frequency 
      1     37.2645 cm^-1  (      1.1172 THz )
      2     38.0759 cm^-1  (      1.1415 THz )
      3     44.8409 cm^-1  (      1.3443 THz )
      4     46.6351 cm^-1  (      1.3981 THz )
      5     49.5438 cm^-1  (      1.4853 THz )
      6     52.5424 cm^-1  (      1.5752 THz )
      7     55.9745 cm^-1  (      1.6781 THz )
      8     61.0071 cm^-1  (      1.8289 THz )
      9     68.7309 cm^-1  (      2.0605 THz )
     10     77.6751 cm^-1  (      2.3286 THz )
     11     80.0080 cm^-1  (      2.3986 THz )
     12    147.9407 cm^-1  (      4.4352 THz )
     13    206.9800 cm^-1  (      6.2051 THz )
     14    207.3219 cm^-1  (      6.2154 THz )
     15    218.1647 cm^-1  (      6.5404 THz )

 # Irred. k point   34 : (  0.0833,  0.0833, -0.5000)
   Mode, Frequency 
      1     40.3176 cm^-1  (      1.2087 THz )
      2     40.7421 cm^-1  (      1.2214 THz )
      3     42.5231 cm^-1  (      1.2748 THz )
      4     44.6124 cm^-1  (      1.3374 THz )
      5     49.5138 cm^-1  (      1.4844 THz )
      6     54.8908 cm^-1  (      1.6456 THz )
      7     55.5482 cm^-1  (      1.6653 THz )
      8     61.6504 cm^-1  (      1.8482 THz )
      9     68.5135 cm^-1  (      2.0540 THz )
     10     77.4325 cm^-1  (      2.3214 THz )
     11     79.5308 cm^-1  (      2.3843 THz )
     12    154.3700 cm^-1  (      4.6279 THz )
     13    207.0283 cm^-1  (      6.2066 THz )
     14    210.2010 cm^-1  (      6.3017 THz )
     15    211.6292 cm^-1  (      6.3445 THz )

 # Irred. k point   35 : (  0.0833,  0.1667,  0.1667)
   Mode, Frequency 
      1     26.2365 cm^-1  (      0.7866 THz )
      2     29.0077 cm^-1  (      0.8696 THz )
      3     38.9351 cm^-1  (      1.1672 THz )
      4     47.6191 cm^-1  (      1.4276 THz )
      5     51.6426 cm^-1  (      1.5482 THz )
      6     51.7990 cm^-1  (      1.5529 THz )
      7     55.6935 cm^-1  (      1.6696 THz )
      8     56.9057 cm^-1  (      1.7060 THz )
      9     66.3652 cm^-1  (      1.9896 THz )
     10     80.2809 cm^-1  (      2.4068 THz )
     11     91.8360 cm^-1  (      2.7532 THz )
     12     98.6362 cm^-1  (      2.9570 THz )
     13    204.3288 cm^-1  (      6.1256 THz )
     14    206.3392 cm^-1  (      6.1859 THz )
     15    239.4574 cm^-1  (      7.1788 THz )

 # Irred. k point   36 : (  0.0833,  0.1667,  0.2500)
   Mode, Frequency 
      1     30.4891 cm^-1  (      0.9140 THz )
      2     32.7772 cm^-1  (      0.9826 THz )
      3     43.8995 cm^-1  (      1.3161 THz )
      4     46.6110 cm^-1  (      1.3974 THz )
      5     50.6358 cm^-1  (      1.5180 THz )
      6     52.5320 cm^-1  (      1.5749 THz )
      7     55.2063 cm^-1  (      1.6550 THz )
      8     58.6798 cm^-1  (      1.7592 THz )
      9     68.7952 cm^-1  (      2.0624 THz )
     10     79.7165 cm^-1  (      2.3898 THz )
     11     94.1838 cm^-1  (      2.8236 THz )
     12    113.5961 cm^-1  (      3.4055 THz )
     13    203.8837 cm^-1  (      6.1123 THz )
     14    206.5095 cm^-1  (      6.1910 THz )
     15    234.7441 cm^-1  (      7.0375 THz )

 # Irred. k point   37 : (  0.0833,  0.1667,  0.3333)
   Mode, Frequency 
      1     34.7910 cm^-1  (      1.0430 THz )
      2     36.1653 cm^-1  (      1.0842 THz )
      3     45.7051 cm^-1  (      1.3702 THz )
      4     47.9618 cm^-1  (      1.4379 THz )
      5     48.9692 cm^-1  (      1.4681 THz )
      6     52.7762 cm^-1  (      1.5822 THz )
      7     54.4496 cm^-1  (      1.6324 THz )
      8     60.7471 cm^-1  (      1.8212 THz )
      9     70.0558 cm^-1  (      2.1002 THz )
     10     78.8669 cm^-1  (      2.3644 THz )
     11     93.9490 cm^-1  (      2.8165 THz )
     12    131.9653 cm^-1  (      3.9562 THz )
     13    204.5692 cm^-1  (      6.1328 THz )
     14    206.7248 cm^-1  (      6.1975 THz )
     15    227.6392 cm^-1  (      6.8245 THz )

 # Irred. k point   38 : (  0.0833,  0.1667,  0.4167)
   Mode, Frequency 
      1     38.3032 cm^-1  (      1.1483 THz )
      2     39.2628 cm^-1  (      1.1771 THz )
      3     45.2497 cm^-1  (      1.3566 THz )
      4     47.1384 cm^-1  (      1.4132 THz )
      5     49.3503 cm^-1  (      1.4795 THz )
      6     52.4165 cm^-1  (      1.5714 THz )
      7     54.9520 cm^-1  (      1.6474 THz )
      8     62.2808 cm^-1  (      1.8671 THz )
      9     70.5637 cm^-1  (      2.1154 THz )
     10     78.0579 cm^-1  (      2.3401 THz )
     11     93.6365 cm^-1  (      2.8072 THz )
     12    146.4753 cm^-1  (      4.3912 THz )
     13    206.3813 cm^-1  (      6.1872 THz )
     14    207.2414 cm^-1  (      6.2129 THz )
     15    219.2975 cm^-1  (      6.5744 THz )

 # Irred. k point   39 : (  0.0833,  0.1667, -0.5000)
   Mode, Frequency 
      1     39.6623 cm^-1  (      1.1890 THz )
      2     41.2572 cm^-1  (      1.2369 THz )
      3     44.4183 cm^-1  (      1.3316 THz )
      4     46.5736 cm^-1  (      1.3962 THz )
      5     48.6912 cm^-1  (      1.4597 THz )
      6     53.0450 cm^-1  (      1.5902 THz )
      7     55.1079 cm^-1  (      1.6521 THz )
      8     62.8566 cm^-1  (      1.8844 THz )
      9     70.7045 cm^-1  (      2.1197 THz )
     10     77.7087 cm^-1  (      2.3296 THz )
     11     93.5085 cm^-1  (      2.8033 THz )
     12    152.2117 cm^-1  (      4.5632 THz )
     13    206.7728 cm^-1  (      6.1989 THz )
     14    210.8454 cm^-1  (      6.3210 THz )
     15    212.5699 cm^-1  (      6.3727 THz )

 # Irred. k point   40 : (  0.0833,  0.2500,  0.2500)
   Mode, Frequency 
      1     33.8867 cm^-1  (      1.0159 THz )
      2     35.0903 cm^-1  (      1.0520 THz )
      3     44.8164 cm^-1  (      1.3436 THz )
      4     46.2721 cm^-1  (      1.3872 THz )
      5     51.3797 cm^-1  (      1.5403 THz )
      6     51.3976 cm^-1  (      1.5409 THz )
      7     57.3689 cm^-1  (      1.7199 THz )
      8     58.8373 cm^-1  (      1.7639 THz )
      9     70.6476 cm^-1  (      2.1180 THz )
     10     79.0653 cm^-1  (      2.3703 THz )
     11    108.6941 cm^-1  (      3.2586 THz )
     12    117.1467 cm^-1  (      3.5120 THz )
     13    203.0313 cm^-1  (      6.0867 THz )
     14    206.6489 cm^-1  (      6.1952 THz )
     15    231.7947 cm^-1  (      6.9490 THz )

 # Irred. k point   41 : (  0.0833,  0.2500,  0.3333)
   Mode, Frequency 
      1     35.9432 cm^-1  (      1.0776 THz )
      2     37.4536 cm^-1  (      1.1228 THz )
      3     44.1778 cm^-1  (      1.3244 THz )
      4     48.2538 cm^-1  (      1.4466 THz )
      5     49.8151 cm^-1  (      1.4934 THz )
      6     52.2236 cm^-1  (      1.5656 THz )
      7     56.9069 cm^-1  (      1.7060 THz )
      8     60.6201 cm^-1  (      1.8173 THz )
      9     72.0868 cm^-1  (      2.1611 THz )
     10     78.1355 cm^-1  (      2.3424 THz )
     11    111.2952 cm^-1  (      3.3365 THz )
     12    132.5095 cm^-1  (      3.9725 THz )
     13    203.7467 cm^-1  (      6.1082 THz )
     14    206.8415 cm^-1  (      6.2010 THz )
     15    226.3990 cm^-1  (      6.7873 THz )

 # Irred. k point   42 : (  0.0833,  0.2500,  0.4167)
   Mode, Frequency 
      1     35.9160 cm^-1  (      1.0767 THz )
      2     40.5419 cm^-1  (      1.2154 THz )
      3     44.8026 cm^-1  (      1.3431 THz )
      4     47.8953 cm^-1  (      1.4359 THz )
      5     49.5062 cm^-1  (      1.4842 THz )
      6     52.3246 cm^-1  (      1.5687 THz )
      7     56.5123 cm^-1  (      1.6942 THz )
      8     62.2303 cm^-1  (      1.8656 THz )
      9     72.9310 cm^-1  (      2.1864 THz )
     10     77.2430 cm^-1  (      2.3157 THz )
     11    111.4508 cm^-1  (      3.3412 THz )
     12    145.8000 cm^-1  (      4.3710 THz )
     13    206.0477 cm^-1  (      6.1772 THz )
     14    207.2639 cm^-1  (      6.2136 THz )
     15    219.4311 cm^-1  (      6.5784 THz )

 # Irred. k point   43 : (  0.0833,  0.2500, -0.5000)
   Mode, Frequency 
      1     35.7861 cm^-1  (      1.0728 THz )
      2     42.0669 cm^-1  (      1.2611 THz )
      3     45.6006 cm^-1  (      1.3671 THz )
      4     46.5541 cm^-1  (      1.3957 THz )
      5     49.7399 cm^-1  (      1.4912 THz )
      6     52.1790 cm^-1  (      1.5643 THz )
      7     56.5243 cm^-1  (      1.6946 THz )
      8     62.8536 cm^-1  (      1.8843 THz )
      9     73.2223 cm^-1  (      2.1951 THz )
     10     76.8461 cm^-1  (      2.3038 THz )
     11    111.4492 cm^-1  (      3.3412 THz )
     12    150.9092 cm^-1  (      4.5241 THz )
     13    206.7843 cm^-1  (      6.1992 THz )
     14    210.0718 cm^-1  (      6.2978 THz )
     15    214.0192 cm^-1  (      6.4161 THz )

 # Irred. k point   44 : (  0.0833,  0.3333,  0.3333)
   Mode, Frequency 
      1     33.5632 cm^-1  (      1.0062 THz )
      2     40.0038 cm^-1  (      1.1993 THz )
      3     44.5522 cm^-1  (      1.3356 THz )
      4     48.6422 cm^-1  (      1.4583 THz )
      5     50.5204 cm^-1  (      1.5146 THz )
      6     51.0859 cm^-1  (      1.5315 THz )
      7     59.0637 cm^-1  (      1.7707 THz )
      8     60.4502 cm^-1  (      1.8123 THz )
      9     73.7569 cm^-1  (      2.2112 THz )
     10     77.1516 cm^-1  (      2.3129 THz )
     11    122.7129 cm^-1  (      3.6788 THz )
     12    138.3765 cm^-1  (      4.1484 THz )
     13    204.3375 cm^-1  (      6.1259 THz )
     14    207.0022 cm^-1  (      6.2058 THz )
     15    222.9113 cm^-1  (      6.6827 THz )

 # Irred. k point   45 : (  0.0833,  0.3333,  0.4167)
   Mode, Frequency 
      1     31.2322 cm^-1  (      0.9363 THz )
      2     42.1264 cm^-1  (      1.2629 THz )
      3     45.5537 cm^-1  (      1.3657 THz )
      4     48.7993 cm^-1  (      1.4630 THz )
      5     49.3711 cm^-1  (      1.4801 THz )
      6     51.4212 cm^-1  (      1.5416 THz )
      7     59.1759 cm^-1  (      1.7740 THz )
      8     61.8178 cm^-1  (      1.8532 THz )
      9     74.7925 cm^-1  (      2.2422 THz )
     10     76.2008 cm^-1  (      2.2844 THz )
     11    125.0743 cm^-1  (      3.7496 THz )
     12    148.7073 cm^-1  (      4.4581 THz )
     13    206.3692 cm^-1  (      6.1868 THz )
     14    207.3488 cm^-1  (      6.2162 THz )
     15    217.7077 cm^-1  (      6.5267 THz )

 # Irred. k point   46 : (  0.0833,  0.3333, -0.5000)
   Mode, Frequency 
      1     30.3277 cm^-1  (      0.9092 THz )
      2     43.0344 cm^-1  (      1.2901 THz )
      3     46.2192 cm^-1  (      1.3856 THz )
      4     48.1409 cm^-1  (      1.4432 THz )
      5     49.2323 cm^-1  (      1.4759 THz )
      6     51.5262 cm^-1  (      1.5447 THz )
      7     59.0978 cm^-1  (      1.7717 THz )
      8     62.5129 cm^-1  (      1.8741 THz )
      9     75.2025 cm^-1  (      2.2545 THz )
     10     75.7211 cm^-1  (      2.2701 THz )
     11    125.3517 cm^-1  (      3.7579 THz )
     12    153.1921 cm^-1  (      4.5926 THz )
     13    206.9806 cm^-1  (      6.2051 THz )
     14    209.6092 cm^-1  (      6.2839 THz )
     15    213.5447 cm^-1  (      6.4019 THz )

 # Irred. k point   47 : (  0.0833,  0.4167,  0.4167)
   Mode, Frequency 
      1     27.3689 cm^-1  (      0.8205 THz )
      2     43.3683 cm^-1  (      1.3001 THz )
      3     46.3694 cm^-1  (      1.3901 THz )
      4     48.0017 cm^-1  (      1.4391 THz )
      5     50.3209 cm^-1  (      1.5086 THz )
      6     50.8939 cm^-1  (      1.5258 THz )
      7     61.0992 cm^-1  (      1.8317 THz )
      8     61.6448 cm^-1  (      1.8481 THz )
      9     75.0616 cm^-1  (      2.2503 THz )
     10     76.0556 cm^-1  (      2.2801 THz )
     11    130.3029 cm^-1  (      3.9064 THz )
     12    155.7777 cm^-1  (      4.6701 THz )
     13    207.4102 cm^-1  (      6.2180 THz )
     14    207.6374 cm^-1  (      6.2248 THz )
     15    214.3403 cm^-1  (      6.4258 THz )

 # Irred. k point   48 : (  0.0833,  0.4167, -0.5000)
   Mode, Frequency 
      1     25.8722 cm^-1  (      0.7756 THz )
      2     43.8602 cm^-1  (      1.3149 THz )
      3     46.8506 cm^-1  (      1.4045 THz )
      4     47.4676 cm^-1  (      1.4230 THz )
      5     50.3400 cm^-1  (      1.5092 THz )
      6     51.0391 cm^-1  (      1.5301 THz )
      7     61.2376 cm^-1  (      1.8359 THz )
      8     62.2105 cm^-1  (      1.8650 THz )
      9     74.6374 cm^-1  (      2.2376 THz )
     10     76.4031 cm^-1  (      2.2905 THz )
     11    131.2450 cm^-1  (      3.9346 THz )
     12    159.5319 cm^-1  (      4.7826 THz )
     13    207.4748 cm^-1  (      6.2199 THz )
     14    209.4496 cm^-1  (      6.2791 THz )
     15    211.3719 cm^-1  (      6.3368 THz )

 # Irred. k point   49 : (  0.0833, -0.5000, -0.5000)
   Mode, Frequency 
      1     24.1202 cm^-1  (      0.7231 THz )
      2     44.1975 cm^-1  (      1.3250 THz )
      3     47.0806 cm^-1  (      1.4114 THz )
      4     47.0806 cm^-1  (      1.4114 THz )
      5     50.8483 cm^-1  (      1.5244 THz )
      6     50.8483 cm^-1  (      1.5244 THz )
      7     62.0975 cm^-1  (      1.8616 THz )
      8     62.0975 cm^-1  (      1.8616 THz )
      9     74.1493 cm^-1  (      2.2229 THz )
     10     76.8000 cm^-1  (      2.3024 THz )
     11    132.4333 cm^-1  (      3.9703 THz )
     12    163.0977 cm^-1  (      4.8895 THz )
     13    208.3382 cm^-1  (      6.2458 THz )
     14    209.4265 cm^-1  (      6.2784 THz )
     15    209.4265 cm^-1  (      6.2784 THz )

 # Irred. k point   50 : (  0.1667,  0.1667,  0.1667)
   Mode, Frequency 
      1     30.9277 cm^-1  (      0.9272 THz )
      2     30.9277 cm^-1  (      0.9272 THz )
      3     42.1474 cm^-1  (      1.2635 THz )
      4     46.3505 cm^-1  (      1.3896 THz )
      5     51.0310 cm^-1  (      1.5299 THz )
      6     51.0310 cm^-1  (      1.5299 THz )
      7     58.9674 cm^-1  (      1.7678 THz )
      8     58.9674 cm^-1  (      1.7678 THz )
      9     66.3791 cm^-1  (      1.9900 THz )
     10     91.6601 cm^-1  (      2.7479 THz )
     11     91.6601 cm^-1  (      2.7479 THz )
     12    100.1615 cm^-1  (      3.0028 THz )
     13    204.6527 cm^-1  (      6.1353 THz )
     14    204.6527 cm^-1  (      6.1353 THz )
     15    238.0052 cm^-1  (      7.1352 THz )

 # Irred. k point   51 : (  0.1667,  0.1667,  0.2500)
   Mode, Frequency 
      1     33.5435 cm^-1  (      1.0056 THz )
      2     34.3096 cm^-1  (      1.0286 THz )
      3     45.0658 cm^-1  (      1.3510 THz )
      4     45.4100 cm^-1  (      1.3614 THz )
      5     50.0055 cm^-1  (      1.4991 THz )
      6     50.6847 cm^-1  (      1.5195 THz )
      7     58.9564 cm^-1  (      1.7675 THz )
      8     61.4232 cm^-1  (      1.8414 THz )
      9     68.5442 cm^-1  (      2.0549 THz )
     10     91.3787 cm^-1  (      2.7395 THz )
     11     95.7044 cm^-1  (      2.8691 THz )
     12    113.8476 cm^-1  (      3.4131 THz )
     13    203.9121 cm^-1  (      6.1131 THz )
     14    205.0977 cm^-1  (      6.1487 THz )
     15    234.1377 cm^-1  (      7.0193 THz )

 # Irred. k point   52 : (  0.1667,  0.1667,  0.3333)
   Mode, Frequency 
      1     36.2949 cm^-1  (      1.0881 THz )
      2     37.3839 cm^-1  (      1.1207 THz )
      3     44.1362 cm^-1  (      1.3232 THz )
      4     47.5890 cm^-1  (      1.4267 THz )
      5     48.5626 cm^-1  (      1.4559 THz )
      6     50.7543 cm^-1  (      1.5216 THz )
      7     57.9750 cm^-1  (      1.7380 THz )
      8     63.7220 cm^-1  (      1.9103 THz )
      9     70.1765 cm^-1  (      2.1038 THz )
     10     91.0388 cm^-1  (      2.7293 THz )
     11     95.6444 cm^-1  (      2.8673 THz )
     12    131.6865 cm^-1  (      3.9479 THz )
     13    204.5723 cm^-1  (      6.1329 THz )
     14    205.5459 cm^-1  (      6.1621 THz )
     15    227.9426 cm^-1  (      6.8335 THz )

 # Irred. k point   53 : (  0.1667,  0.1667,  0.4167)
   Mode, Frequency 
      1     38.5472 cm^-1  (      1.1556 THz )
      2     39.9980 cm^-1  (      1.1991 THz )
      3     43.9100 cm^-1  (      1.3164 THz )
      4     46.8170 cm^-1  (      1.4035 THz )
      5     48.6571 cm^-1  (      1.4587 THz )
      6     50.4205 cm^-1  (      1.5116 THz )
      7     57.5149 cm^-1  (      1.7243 THz )
      8     65.3729 cm^-1  (      1.9598 THz )
      9     70.9932 cm^-1  (      2.1283 THz )
     10     90.7439 cm^-1  (      2.7204 THz )
     11     95.3675 cm^-1  (      2.8590 THz )
     12    145.4036 cm^-1  (      4.3591 THz )
     13    205.8759 cm^-1  (      6.1720 THz )
     14    206.9916 cm^-1  (      6.2055 THz )
     15    220.3983 cm^-1  (      6.6074 THz )

 # Irred. k point   54 : (  0.1667,  0.1667, -0.5000)
   Mode, Frequency 
      1     39.4392 cm^-1  (      1.1824 THz )
      2     41.1530 cm^-1  (      1.2337 THz )
      3     44.4763 cm^-1  (      1.3334 THz )
      4     45.4594 cm^-1  (      1.3628 THz )
      5     49.0585 cm^-1  (      1.4707 THz )
      6     49.9075 cm^-1  (      1.4962 THz )
      7     57.5012 cm^-1  (      1.7238 THz )
      8     65.9768 cm^-1  (      1.9779 THz )
      9     71.2353 cm^-1  (      2.1356 THz )
     10     90.6243 cm^-1  (      2.7168 THz )
     11     95.2480 cm^-1  (      2.8555 THz )
     12    150.6701 cm^-1  (      4.5170 THz )
     13    205.9972 cm^-1  (      6.1756 THz )
     14    210.3153 cm^-1  (      6.3051 THz )
     15    214.8434 cm^-1  (      6.4408 THz )

 # Irred. k point   55 : (  0.1667,  0.2500,  0.2500)
   Mode, Frequency 
      1     35.7914 cm^-1  (      1.0730 THz )
      2     35.8052 cm^-1  (      1.0734 THz )
      3     43.3413 cm^-1  (      1.2993 THz )
      4     46.9692 cm^-1  (      1.4081 THz )
      5     49.1405 cm^-1  (      1.4732 THz )
      6     49.4389 cm^-1  (      1.4821 THz )
      7     62.0358 cm^-1  (      1.8598 THz )
      8     62.2440 cm^-1  (      1.8660 THz )
      9     69.9518 cm^-1  (      2.0971 THz )
     10     92.8535 cm^-1  (      2.7837 THz )
     11    108.4721 cm^-1  (      3.2519 THz )
     12    117.5020 cm^-1  (      3.5226 THz )
     13    203.5188 cm^-1  (      6.1013 THz )
     14    205.0799 cm^-1  (      6.1481 THz )
     15    231.5688 cm^-1  (      6.9423 THz )

 # Irred. k point   56 : (  0.1667,  0.2500,  0.3333)
   Mode, Frequency 
      1     36.3405 cm^-1  (      1.0895 THz )
      2     38.1491 cm^-1  (      1.1437 THz )
      3     42.5588 cm^-1  (      1.2759 THz )
      4     47.5977 cm^-1  (      1.4269 THz )
      5     47.8754 cm^-1  (      1.4353 THz )
      6     49.3718 cm^-1  (      1.4801 THz )
      7     61.5597 cm^-1  (      1.8455 THz )
      8     64.6615 cm^-1  (      1.9385 THz )
      9     71.5494 cm^-1  (      2.1450 THz )
     10     92.5050 cm^-1  (      2.7732 THz )
     11    111.2003 cm^-1  (      3.3337 THz )
     12    132.3550 cm^-1  (      3.9679 THz )
     13    204.1905 cm^-1  (      6.1215 THz )
     14    205.5589 cm^-1  (      6.1625 THz )
     15    226.7794 cm^-1  (      6.7987 THz )

 # Irred. k point   57 : (  0.1667,  0.2500,  0.4167)
   Mode, Frequency 
      1     36.0682 cm^-1  (      1.0813 THz )
      2     40.2816 cm^-1  (      1.2076 THz )
      3     43.1289 cm^-1  (      1.2930 THz )
      4     46.2458 cm^-1  (      1.3864 THz )
      5     47.6838 cm^-1  (      1.4295 THz )
      6     49.4617 cm^-1  (      1.4828 THz )
      7     61.0551 cm^-1  (      1.8304 THz )
      8     66.3518 cm^-1  (      1.9892 THz )
      9     72.5328 cm^-1  (      2.1745 THz )
     10     92.1600 cm^-1  (      2.7629 THz )
     11    111.3778 cm^-1  (      3.3390 THz )
     12    145.0683 cm^-1  (      4.3490 THz )
     13    205.5925 cm^-1  (      6.1635 THz )
     14    207.0402 cm^-1  (      6.2069 THz )
     15    220.5158 cm^-1  (      6.6109 THz )

 # Irred. k point   58 : (  0.1667,  0.2500, -0.5000)
   Mode, Frequency 
      1     35.8422 cm^-1  (      1.0745 THz )
      2     41.2884 cm^-1  (      1.2378 THz )
      3     44.0826 cm^-1  (      1.3216 THz )
      4     44.9446 cm^-1  (      1.3474 THz )
      5     47.6760 cm^-1  (      1.4293 THz )
      6     49.3562 cm^-1  (      1.4797 THz )
      7     60.9058 cm^-1  (      1.8259 THz )
      8     66.9535 cm^-1  (      2.0072 THz )
      9     72.8535 cm^-1  (      2.1841 THz )
     10     92.0209 cm^-1  (      2.7587 THz )
     11    111.3771 cm^-1  (      3.3390 THz )
     12    149.8708 cm^-1  (      4.4930 THz )
     13    205.8238 cm^-1  (      6.1704 THz )
     14    209.8159 cm^-1  (      6.2901 THz )
     15    216.0541 cm^-1  (      6.4771 THz )

 # Irred. k point   59 : (  0.1667,  0.3333,  0.3333)
   Mode, Frequency 
      1     33.7028 cm^-1  (      1.0104 THz )
      2     39.7425 cm^-1  (      1.1914 THz )
      3     42.6066 cm^-1  (      1.2773 THz )
      4     47.0577 cm^-1  (      1.4108 THz )
      5     47.6137 cm^-1  (      1.4274 THz )
      6     48.6610 cm^-1  (      1.4588 THz )
      7     64.3430 cm^-1  (      1.9290 THz )
      8     64.3652 cm^-1  (      1.9296 THz )
      9     73.1934 cm^-1  (      2.1943 THz )
     10     92.1160 cm^-1  (      2.7616 THz )
     11    122.4342 cm^-1  (      3.6705 THz )
     12    138.1368 cm^-1  (      4.1412 THz )
     13    204.7846 cm^-1  (      6.1393 THz )
     14    205.9848 cm^-1  (      6.1753 THz )
     15    223.5934 cm^-1  (      6.7032 THz )

 # Irred. k point   60 : (  0.1667,  0.3333,  0.4167)
   Mode, Frequency 
      1     31.2334 cm^-1  (      0.9364 THz )
      2     41.3329 cm^-1  (      1.2391 THz )
      3     43.2629 cm^-1  (      1.2970 THz )
      4     46.0181 cm^-1  (      1.3796 THz )
      5     47.2980 cm^-1  (      1.4180 THz )
      6     48.4690 cm^-1  (      1.4531 THz )
      7     63.9605 cm^-1  (      1.9175 THz )
      8     66.1815 cm^-1  (      1.9841 THz )
      9     74.2803 cm^-1  (      2.2269 THz )
     10     91.7355 cm^-1  (      2.7502 THz )
     11    124.8428 cm^-1  (      3.7427 THz )
     12    148.0145 cm^-1  (      4.4374 THz )
     13    206.0404 cm^-1  (      6.1769 THz )
     14    207.2641 cm^-1  (      6.2136 THz )
     15    218.8456 cm^-1  (      6.5608 THz )

 # Irred. k point   61 : (  0.1667,  0.3333, -0.5000)
   Mode, Frequency 
      1     30.2837 cm^-1  (      0.9079 THz )
      2     42.1022 cm^-1  (      1.2622 THz )
      3     43.8244 cm^-1  (      1.3138 THz )
      4     45.1372 cm^-1  (      1.3532 THz )
      5     47.2607 cm^-1  (      1.4168 THz )
      6     48.3486 cm^-1  (      1.4495 THz )
      7     63.8168 cm^-1  (      1.9132 THz )
      8     66.8237 cm^-1  (      2.0033 THz )
      9     74.6468 cm^-1  (      2.2379 THz )
     10     91.5826 cm^-1  (      2.7456 THz )
     11    125.1388 cm^-1  (      3.7516 THz )
     12    152.2529 cm^-1  (      4.5644 THz )
     13    206.2478 cm^-1  (      6.1832 THz )
     14    209.5547 cm^-1  (      6.2823 THz )
     15    215.3543 cm^-1  (      6.4562 THz )

 # Irred. k point   62 : (  0.1667,  0.4167,  0.4167)
   Mode, Frequency 
      1     27.2661 cm^-1  (      0.8174 THz )
      2     42.4724 cm^-1  (      1.2733 THz )
      3     43.4553 cm^-1  (      1.3028 THz )
      4     45.4679 cm^-1  (      1.3631 THz )
      5     47.2171 cm^-1  (      1.4155 THz )
      6     47.8123 cm^-1  (      1.4334 THz )
      7     65.8572 cm^-1  (      1.9743 THz )
      8     65.8938 cm^-1  (      1.9754 THz )
      9     75.4383 cm^-1  (      2.2616 THz )
     10     91.3278 cm^-1  (      2.7379 THz )
     11    130.0934 cm^-1  (      3.9001 THz )
     12    154.7156 cm^-1  (      4.6383 THz )
     13    207.1805 cm^-1  (      6.2111 THz )
     14    207.8547 cm^-1  (      6.2313 THz )
     15    215.5690 cm^-1  (      6.4626 THz )

 # Irred. k point   63 : (  0.1667,  0.4167, -0.5000)
   Mode, Frequency 
      1     25.7278 cm^-1  (      0.7713 THz )
      2     43.0328 cm^-1  (      1.2901 THz )
      3     43.6707 cm^-1  (      1.3092 THz )
      4     44.9225 cm^-1  (      1.3467 THz )
      5     47.2593 cm^-1  (      1.4168 THz )
      6     47.5807 cm^-1  (      1.4264 THz )
      7     65.7532 cm^-1  (      1.9712 THz )
      8     66.5491 cm^-1  (      1.9951 THz )
      9     75.8309 cm^-1  (      2.2734 THz )
     10     91.1644 cm^-1  (      2.7330 THz )
     11    131.0628 cm^-1  (      3.9292 THz )
     12    158.2118 cm^-1  (      4.7431 THz )
     13    207.4310 cm^-1  (      6.2186 THz )
     14    209.5023 cm^-1  (      6.2807 THz )
     15    212.8582 cm^-1  (      6.3813 THz )

 # Irred. k point   64 : (  0.1667, -0.5000, -0.5000)
   Mode, Frequency 
      1     23.9305 cm^-1  (      0.7174 THz )
      2     43.6073 cm^-1  (      1.3073 THz )
      3     43.6073 cm^-1  (      1.3073 THz )
      4     44.5746 cm^-1  (      1.3363 THz )
      5     47.3119 cm^-1  (      1.4184 THz )
      6     47.3119 cm^-1  (      1.4184 THz )
      7     66.4359 cm^-1  (      1.9917 THz )
      8     66.4359 cm^-1  (      1.9917 THz )
      9     76.2322 cm^-1  (      2.2854 THz )
     10     90.9969 cm^-1  (      2.7280 THz )
     11    132.2835 cm^-1  (      3.9658 THz )
     12    161.4846 cm^-1  (      4.8412 THz )
     13    209.5107 cm^-1  (      6.2810 THz )
     14    209.5107 cm^-1  (      6.2810 THz )
     15    209.9667 cm^-1  (      6.2946 THz )

 # Irred. k point   65 : (  0.2500,  0.2500,  0.2500)
   Mode, Frequency 
      1     36.6875 cm^-1  (      1.0999 THz )
      2     36.6875 cm^-1  (      1.0999 THz )
      3     41.1592 cm^-1  (      1.2339 THz )
      4     47.6182 cm^-1  (      1.4276 THz )
      5     47.6182 cm^-1  (      1.4276 THz )
      6     47.9033 cm^-1  (      1.4361 THz )
      7     65.0118 cm^-1  (      1.9490 THz )
      8     65.0118 cm^-1  (      1.9490 THz )
      9     70.1154 cm^-1  (      2.1020 THz )
     10    108.1612 cm^-1  (      3.2426 THz )
     11    108.1612 cm^-1  (      3.2426 THz )
     12    120.6829 cm^-1  (      3.6180 THz )
     13    204.1914 cm^-1  (      6.1215 THz )
     14    204.1914 cm^-1  (      6.1215 THz )
     15    229.7625 cm^-1  (      6.8881 THz )

 # Irred. k point   66 : (  0.2500,  0.2500,  0.3333)
   Mode, Frequency 
      1     36.8302 cm^-1  (      1.1041 THz )
      2     37.1019 cm^-1  (      1.1123 THz )
      3     39.9436 cm^-1  (      1.1975 THz )
      4     46.3635 cm^-1  (      1.3899 THz )
      5     46.7231 cm^-1  (      1.4007 THz )
      6     48.5132 cm^-1  (      1.4544 THz )
      7     65.2082 cm^-1  (      1.9549 THz )
      8     67.4364 cm^-1  (      2.0217 THz )
      9     71.4048 cm^-1  (      2.1407 THz )
     10    107.8394 cm^-1  (      3.2329 THz )
     11    112.9800 cm^-1  (      3.3871 THz )
     12    133.2586 cm^-1  (      3.9950 THz )
     13    204.7955 cm^-1  (      6.1396 THz )
     14    204.8716 cm^-1  (      6.1419 THz )
     15    225.9529 cm^-1  (      6.7739 THz )

 # Irred. k point   67 : (  0.2500,  0.2500,  0.4167)
   Mode, Frequency 
      1     35.7546 cm^-1  (      1.0719 THz )
      2     37.3303 cm^-1  (      1.1191 THz )
      3     40.6392 cm^-1  (      1.2183 THz )
      4     45.1711 cm^-1  (      1.3542 THz )
      5     46.5636 cm^-1  (      1.3959 THz )
      6     48.6187 cm^-1  (      1.4576 THz )
      7     64.8443 cm^-1  (      1.9440 THz )
      8     69.0346 cm^-1  (      2.0696 THz )
      9     72.4679 cm^-1  (      2.1725 THz )
     10    107.5953 cm^-1  (      3.2256 THz )
     11    113.5375 cm^-1  (      3.4038 THz )
     12    145.0895 cm^-1  (      4.3497 THz )
     13    205.3744 cm^-1  (      6.1570 THz )
     14    207.1834 cm^-1  (      6.2112 THz )
     15    220.7123 cm^-1  (      6.6168 THz )

 # Irred. k point   68 : (  0.2500,  0.2500, -0.5000)
   Mode, Frequency 
      1     35.2264 cm^-1  (      1.0561 THz )
      2     37.4095 cm^-1  (      1.1215 THz )
      3     41.2574 cm^-1  (      1.2369 THz )
      4     44.5210 cm^-1  (      1.3347 THz )
      5     46.6545 cm^-1  (      1.3987 THz )
      6     48.5169 cm^-1  (      1.4545 THz )
      7     64.6929 cm^-1  (      1.9394 THz )
      8     69.5944 cm^-1  (      2.0864 THz )
      9     72.8350 cm^-1  (      2.1835 THz )
     10    107.5038 cm^-1  (      3.2229 THz )
     11    113.5999 cm^-1  (      3.4056 THz )
     12    149.5513 cm^-1  (      4.4834 THz )
     13    205.5594 cm^-1  (      6.1625 THz )
     14    209.6126 cm^-1  (      6.2840 THz )
     15    217.0983 cm^-1  (      6.5084 THz )

 # Irred. k point   69 : (  0.2500,  0.3333,  0.3333)
   Mode, Frequency 
      1     33.9233 cm^-1  (      1.0170 THz )
      2     37.4726 cm^-1  (      1.1234 THz )
      3     38.4697 cm^-1  (      1.1533 THz )
      4     45.6045 cm^-1  (      1.3672 THz )
      5     46.2089 cm^-1  (      1.3853 THz )
      6     48.2512 cm^-1  (      1.4465 THz )
      7     67.6434 cm^-1  (      2.0279 THz )
      8     68.1825 cm^-1  (      2.0441 THz )
      9     72.4633 cm^-1  (      2.1724 THz )
     10    109.6470 cm^-1  (      3.2871 THz )
     11    122.0574 cm^-1  (      3.6592 THz )
     12    138.9702 cm^-1  (      4.1662 THz )
     13    205.4129 cm^-1  (      6.1581 THz )
     14    205.4754 cm^-1  (      6.1600 THz )
     15    223.3264 cm^-1  (      6.6952 THz )

 # Irred. k point   70 : (  0.2500,  0.3333,  0.4167)
   Mode, Frequency 
      1     31.2379 cm^-1  (      0.9365 THz )
      2     36.9827 cm^-1  (      1.1087 THz )
      3     38.6489 cm^-1  (      1.1587 THz )
      4     44.9837 cm^-1  (      1.3486 THz )
      5     46.3494 cm^-1  (      1.3895 THz )
      6     47.8920 cm^-1  (      1.4358 THz )
      7     67.6258 cm^-1  (      2.0274 THz )
      8     69.5959 cm^-1  (      2.0864 THz )
      9     73.5624 cm^-1  (      2.2053 THz )
     10    109.5421 cm^-1  (      3.2840 THz )
     11    124.6412 cm^-1  (      3.7366 THz )
     12    148.1583 cm^-1  (      4.4417 THz )
     13    205.9450 cm^-1  (      6.1741 THz )
     14    207.5239 cm^-1  (      6.2214 THz )
     15    219.2564 cm^-1  (      6.5731 THz )

 # Irred. k point   71 : (  0.2500,  0.3333, -0.5000)
   Mode, Frequency 
      1     30.2157 cm^-1  (      0.9058 THz )
      2     36.6762 cm^-1  (      1.0995 THz )
      3     38.9049 cm^-1  (      1.1663 THz )
      4     44.7017 cm^-1  (      1.3401 THz )
      5     46.6159 cm^-1  (      1.3975 THz )
      6     47.5902 cm^-1  (      1.4267 THz )
      7     67.5023 cm^-1  (      2.0237 THz )
      8     70.1538 cm^-1  (      2.1032 THz )
      9     73.9609 cm^-1  (      2.2173 THz )
     10    109.4727 cm^-1  (      3.2819 THz )
     11    125.0030 cm^-1  (      3.7475 THz )
     12    152.0987 cm^-1  (      4.5598 THz )
     13    206.1252 cm^-1  (      6.1795 THz )
     14    209.5668 cm^-1  (      6.2827 THz )
     15    216.3630 cm^-1  (      6.4864 THz )

 # Irred. k point   72 : (  0.2500,  0.4167,  0.4167)
   Mode, Frequency 
      1     27.1290 cm^-1  (      0.8133 THz )
      2     37.1726 cm^-1  (      1.1144 THz )
      3     37.3459 cm^-1  (      1.1196 THz )
      4     44.9395 cm^-1  (      1.3473 THz )
      5     46.4008 cm^-1  (      1.3911 THz )
      6     47.2918 cm^-1  (      1.4178 THz )
      7     69.2819 cm^-1  (      2.0770 THz )
      8     69.4499 cm^-1  (      2.0821 THz )
      9     74.6868 cm^-1  (      2.2391 THz )
     10    109.4504 cm^-1  (      3.2812 THz )
     11    129.8089 cm^-1  (      3.8916 THz )
     12    154.4755 cm^-1  (      4.6311 THz )
     13    207.2536 cm^-1  (      6.2133 THz )
     14    208.1854 cm^-1  (      6.2412 THz )
     15    216.2847 cm^-1  (      6.4841 THz )

 # Irred. k point   73 : (  0.2500,  0.4167, -0.5000)
   Mode, Frequency 
      1     25.5307 cm^-1  (      0.7654 THz )
      2     36.7793 cm^-1  (      1.1026 THz )
      3     37.3679 cm^-1  (      1.1203 THz )
      4     44.8963 cm^-1  (      1.3460 THz )
      5     46.6362 cm^-1  (      1.3981 THz )
      6     46.8859 cm^-1  (      1.4056 THz )
      7     69.2488 cm^-1  (      2.0760 THz )
      8     69.9536 cm^-1  (      2.0972 THz )
      9     75.0944 cm^-1  (      2.2513 THz )
     10    109.3797 cm^-1  (      3.2791 THz )
     11    130.8214 cm^-1  (      3.9219 THz )
     12    157.7056 cm^-1  (      4.7279 THz )
     13    207.6548 cm^-1  (      6.2253 THz )
     14    209.6265 cm^-1  (      6.2844 THz )
     15    213.9029 cm^-1  (      6.4126 THz )

 # Irred. k point   74 : (  0.2500, -0.5000, -0.5000)
   Mode, Frequency 
      1     23.6690 cm^-1  (      0.7096 THz )
      2     36.8337 cm^-1  (      1.1042 THz )
      3     36.8337 cm^-1  (      1.1042 THz )
      4     44.9860 cm^-1  (      1.3486 THz )
      5     46.6241 cm^-1  (      1.3978 THz )
      6     46.6241 cm^-1  (      1.3978 THz )
      7     69.8434 cm^-1  (      2.0939 THz )
      8     69.8434 cm^-1  (      2.0939 THz )
      9     75.5038 cm^-1  (      2.2635 THz )
     10    109.3071 cm^-1  (      3.2769 THz )
     11    132.0786 cm^-1  (      3.9596 THz )
     12    160.7055 cm^-1  (      4.8178 THz )
     13    209.6671 cm^-1  (      6.2857 THz )
     14    209.6671 cm^-1  (      6.2857 THz )
     15    211.3202 cm^-1  (      6.3352 THz )

 # Irred. k point   75 : (  0.3333,  0.3333,  0.3333)
   Mode, Frequency 
      1     34.0349 cm^-1  (      1.0203 THz )
      2     34.2675 cm^-1  (      1.0273 THz )
      3     34.2675 cm^-1  (      1.0273 THz )
      4     45.5245 cm^-1  (      1.3648 THz )
      5     45.5245 cm^-1  (      1.3648 THz )
      6     47.8650 cm^-1  (      1.4350 THz )
      7     70.1205 cm^-1  (      2.1022 THz )
      8     70.1205 cm^-1  (      2.1022 THz )
      9     72.3662 cm^-1  (      2.1695 THz )
     10    121.6848 cm^-1  (      3.6480 THz )
     11    121.6848 cm^-1  (      3.6480 THz )
     12    143.6019 cm^-1  (      4.3051 THz )
     13    206.0608 cm^-1  (      6.1775 THz )
     14    206.0608 cm^-1  (      6.1775 THz )
     15    221.4554 cm^-1  (      6.6391 THz )

 # Irred. k point   76 : (  0.3333,  0.3333,  0.4167)
   Mode, Frequency 
      1     30.8893 cm^-1  (      0.9260 THz )
      2     31.8006 cm^-1  (      0.9534 THz )
      3     34.4226 cm^-1  (      1.0320 THz )
      4     45.0791 cm^-1  (      1.3514 THz )
      5     45.9405 cm^-1  (      1.3773 THz )
      6     47.3279 cm^-1  (      1.4189 THz )
      7     70.2377 cm^-1  (      2.1057 THz )
      8     71.6689 cm^-1  (      2.1486 THz )
      9     73.2318 cm^-1  (      2.1954 THz )
     10    121.4145 cm^-1  (      3.6399 THz )
     11    125.6982 cm^-1  (      3.7683 THz )
     12    151.2111 cm^-1  (      4.5332 THz )
     13    206.5472 cm^-1  (      6.1921 THz )
     14    207.9261 cm^-1  (      6.2335 THz )
     15    218.1980 cm^-1  (      6.5414 THz )

 # Irred. k point   77 : (  0.3333,  0.3333, -0.5000)
   Mode, Frequency 
      1     29.6926 cm^-1  (      0.8902 THz )
      2     30.8910 cm^-1  (      0.9261 THz )
      3     34.5140 cm^-1  (      1.0347 THz )
      4     44.9129 cm^-1  (      1.3465 THz )
      5     46.4045 cm^-1  (      1.3912 THz )
      6     46.8281 cm^-1  (      1.4039 THz )
      7     70.1433 cm^-1  (      2.1028 THz )
      8     72.1964 cm^-1  (      2.1644 THz )
      9     73.6383 cm^-1  (      2.2076 THz )
     10    121.3160 cm^-1  (      3.6370 THz )
     11    126.4096 cm^-1  (      3.7897 THz )
     12    154.6997 cm^-1  (      4.6378 THz )
     13    206.7278 cm^-1  (      6.1975 THz )
     14    209.6736 cm^-1  (      6.2859 THz )
     15    215.8199 cm^-1  (      6.4701 THz )

 # Irred. k point   78 : (  0.3333,  0.4167,  0.4167)
   Mode, Frequency 
      1     26.9937 cm^-1  (      0.8093 THz )
      2     31.3772 cm^-1  (      0.9407 THz )
      3     31.4277 cm^-1  (      0.9422 THz )
      4     45.1789 cm^-1  (      1.3544 THz )
      5     45.8491 cm^-1  (      1.3745 THz )
      6     46.7620 cm^-1  (      1.4019 THz )
      7     71.7409 cm^-1  (      2.1507 THz )
      8     71.9525 cm^-1  (      2.1571 THz )
      9     74.0070 cm^-1  (      2.2187 THz )
     10    123.0010 cm^-1  (      3.6875 THz )
     11    129.5267 cm^-1  (      3.8831 THz )
     12    156.9887 cm^-1  (      4.7064 THz )
     13    207.7734 cm^-1  (      6.2289 THz )
     14    208.5543 cm^-1  (      6.2523 THz )
     15    215.7386 cm^-1  (      6.4677 THz )

 # Irred. k point   79 : (  0.3333,  0.4167, -0.5000)
   Mode, Frequency 
      1     25.3321 cm^-1  (      0.7594 THz )
      2     30.2960 cm^-1  (      0.9083 THz )
      3     31.4073 cm^-1  (      0.9416 THz )
      4     45.1407 cm^-1  (      1.3533 THz )
      5     46.1821 cm^-1  (      1.3845 THz )
      6     46.2534 cm^-1  (      1.3866 THz )
      7     71.7454 cm^-1  (      2.1509 THz )
      8     72.3826 cm^-1  (      2.1700 THz )
      9     74.4217 cm^-1  (      2.2311 THz )
     10    123.0432 cm^-1  (      3.6887 THz )
     11    130.6163 cm^-1  (      3.9158 THz )
     12    159.9362 cm^-1  (      4.7948 THz )
     13    208.1441 cm^-1  (      6.2400 THz )
     14    209.8088 cm^-1  (      6.2899 THz )
     15    213.7297 cm^-1  (      6.4075 THz )

 # Irred. k point   80 : (  0.3333, -0.5000, -0.5000)
   Mode, Frequency 
      1     23.4045 cm^-1  (      0.7016 THz )
      2     30.2705 cm^-1  (      0.9075 THz )
      3     30.2705 cm^-1  (      0.9075 THz )
      4     45.2734 cm^-1  (      1.3573 THz )
      5     46.0388 cm^-1  (      1.3802 THz )
      6     46.0388 cm^-1  (      1.3802 THz )
      7     72.2833 cm^-1  (      2.1670 THz )
      8     72.2833 cm^-1  (      2.1670 THz )
      9     74.8356 cm^-1  (      2.2435 THz )
     10    123.1197 cm^-1  (      3.6910 THz )
     11    131.8734 cm^-1  (      3.9535 THz )
     12    162.7049 cm^-1  (      4.8778 THz )
     13    209.8699 cm^-1  (      6.2917 THz )
     14    209.8699 cm^-1  (      6.2917 THz )
     15    211.5496 cm^-1  (      6.3421 THz )

 # Irred. k point   81 : (  0.4167,  0.4167,  0.4167)
   Mode, Frequency 
      1     26.6678 cm^-1  (      0.7995 THz )
      2     27.0613 cm^-1  (      0.8113 THz )
      3     27.0613 cm^-1  (      0.8113 THz )
      4     45.4461 cm^-1  (      1.3624 THz )
      5     45.4461 cm^-1  (      1.3624 THz )
      6     46.2448 cm^-1  (      1.3864 THz )
      7     73.2314 cm^-1  (      2.1954 THz )
      8     73.2314 cm^-1  (      2.1954 THz )
      9     73.7562 cm^-1  (      2.2112 THz )
     10    129.3215 cm^-1  (      3.8770 THz )
     11    129.3215 cm^-1  (      3.8770 THz )
     12    162.0056 cm^-1  (      4.8568 THz )
     13    208.8477 cm^-1  (      6.2611 THz )
     14    208.8477 cm^-1  (      6.2611 THz )
     15    213.9204 cm^-1  (      6.4132 THz )

 # Irred. k point   82 : (  0.4167,  0.4167, -0.5000)
   Mode, Frequency 
      1     25.0386 cm^-1  (      0.7506 THz )
      2     25.3836 cm^-1  (      0.7610 THz )
      3     26.8979 cm^-1  (      0.8064 THz )
      4     45.2950 cm^-1  (      1.3579 THz )
      5     45.7767 cm^-1  (      1.3723 THz )
      6     45.8061 cm^-1  (      1.3732 THz )
      7     73.2459 cm^-1  (      2.1959 THz )
      8     73.7308 cm^-1  (      2.2104 THz )
      9     74.0762 cm^-1  (      2.2207 THz )
     10    129.2467 cm^-1  (      3.8747 THz )
     11    130.8339 cm^-1  (      3.9223 THz )
     12    164.6686 cm^-1  (      4.9366 THz )
     13    208.9600 cm^-1  (      6.2645 THz )
     14    209.9777 cm^-1  (      6.2950 THz )
     15    212.3012 cm^-1  (      6.3646 THz )

 # Irred. k point   83 : (  0.4167, -0.5000, -0.5000)
   Mode, Frequency 
      1     23.2090 cm^-1  (      0.6958 THz )
      2     25.1594 cm^-1  (      0.7543 THz )
      3     25.1594 cm^-1  (      0.7543 THz )
      4     45.4026 cm^-1  (      1.3611 THz )
      5     45.5979 cm^-1  (      1.3670 THz )
      6     45.5979 cm^-1  (      1.3670 THz )
      7     73.7466 cm^-1  (      2.2109 THz )
      8     73.7466 cm^-1  (      2.2109 THz )
      9     74.3883 cm^-1  (      2.2301 THz )
     10    129.9298 cm^-1  (      3.8952 THz )
     11    131.7230 cm^-1  (      3.9490 THz )
     12    167.2427 cm^-1  (      5.0138 THz )
     13    210.0469 cm^-1  (      6.2970 THz )
     14    210.0469 cm^-1  (      6.2970 THz )
     15    210.7302 cm^-1  (      6.3175 THz )

 # Irred. k point   84 : ( -0.5000, -0.5000, -0.5000)
   Mode, Frequency 
      1     23.1370 cm^-1  (      0.6936 THz )
      2     23.1370 cm^-1  (      0.6936 THz )
      3     23.1370 cm^-1  (      0.6936 THz )
      4     45.4322 cm^-1  (      1.3620 THz )
      5     45.4322 cm^-1  (      1.3620 THz )
      6     45.4322 cm^-1  (      1.3620 THz )
      7     74.2339 cm^-1  (      2.2255 THz )
      8     74.2339 cm^-1  (      2.2255 THz )
      9     74.2339 cm^-1  (      2.2255 THz )
     10    131.6679 cm^-1  (      3.9473 THz )
     11    131.6679 cm^-1  (      3.9473 THz )
     12    169.7683 cm^-1  (      5.0895 THz )
     13    210.1176 cm^-1  (      6.2992 THz )
     14    210.1176 cm^-1  (      6.2992 THz )
     15    210.1176 cm^-1  (      6.2992 THz )


 -----------------------------------------------------------------

 ANIME-tag is given: Making animation files for the given
                     k point ( 0.0000, 0.0000, 0.0000).
 ANIME_CELLSIZE =   2  2  2
 ANIME_FORMAT = XSF

 -----------------------------------------------------------------

 The following files are created: 
  pc_dos.phvel_all   : Phonon velocity at all k points
  pc_dos.dos         : Phonon DOS and atom projected DOS
  pc_dos.tdos        : Two-phonon DOS
  pc_dos.sps_Bose    : Three-phonon scattering phase space 
                       with the Bose distribution function
  pc_dos.thermo      : Thermodynamic quantities
  pc_dos.msd         : Mean-square-displacement (MSD)
  pc_dos.gru_all     : Gruneisen parameters at all k points
  pc_dos.anime*.axsf : AXSF files for animate phonon modes

 Job finished at Tue Oct 27 18:24:22 2020

