 +-----------------------------------------------------------------+
 +                         Program ANPHON                          +
 +                             Ver.  1.1.0                         +
 +-----------------------------------------------------------------+

 Job started at Tue Oct 27 18:24:22 2020

 The number of MPI processes: 1
 The number of OpenMP threads: 24


 Input variables:
 -----------------------------------------------------------------
 General:
  PREFIX = pc_rta
  MODE = RTA
  FCSXML = uc.xml
  FC2XML = uc_2nd_600K.xml

  NKD = 3; KD =   Br  Ca  Cs
  MASS =     79.904    40.078    132.91
  NSYM = 0; TOLERANCE = 1e-06; PRINTSYM = 0

  NONANALYTIC = 3
  BORNINFO = BORN; NA_SIGMA = 0.1

  TMIN = 600; TMAX = 600; DT = 10
  EMIN = 0; EMAX = 1200; DELTA_E = 2

  ISMEAR = -1; EPSILON = 2

  CLASSICAL = 0
  BCONNECT = 2

  RESTART = 0
  TRISYM = 1


 Kpoint:
  KPMODE (1st entry for &kpoint) = 2


 Analysis:
  ISOTOPE = 2
  ISOFACT = 
  KAPPA_SPEC = 1


 -----------------------------------------------------------------

                        MODE = RTA                           
                                                             
      Calculation of phonon line width (lifetime) and        
      lattice thermal conductivity within the RTA            
      (relaxation time approximation).                       
      Harmonic and anharmonic force constants will be used.  

 -----------------------------------------------------------------

 Crystal structure
 =================

 Lattice Vectors:

 * Supercell (from uc.xml )

    2.134264e+01   0.000000e+00   0.000000e+00 : a1
    0.000000e+00   2.134264e+01   0.000000e+00 : a2
    0.000000e+00   0.000000e+00   2.134264e+01 : a3

    2.943959e-01   0.000000e+00   0.000000e+00 : b1
    0.000000e+00   2.943959e-01   0.000000e+00 : b2
    0.000000e+00   0.000000e+00   2.943959e-01 : b3

 * Primitive cell 

    1.067132e+01   0.000000e+00   0.000000e+00 : a1
    0.000000e+00   1.067132e+01   0.000000e+00 : a2
    0.000000e+00   0.000000e+00   1.067132e+01 : a3

    5.887919e-01   0.000000e+00   0.000000e+00 : b1
    0.000000e+00   5.887919e-01   0.000000e+00 : b2
    0.000000e+00   0.000000e+00   5.887919e-01 : b3


  Volume of the primitive cell : 1.215218e+03 (a.u.)^3

  Number of atoms in the supercell     : 40
  Number of atoms in the primitive cell: 5


  FC2XML is given: Harmonic IFCs will be replaced by the values in uc_2nd_600K.xml

 * Supercell for HARMONIC (from uc_2nd_600K.xml )

    2.134264e+01   0.000000e+00   0.000000e+00 : a1
    0.000000e+00   2.134264e+01   0.000000e+00 : a2
    0.000000e+00   0.000000e+00   2.134264e+01 : a3

    2.943959e-01   0.000000e+00   0.000000e+00 : b1
    0.000000e+00   2.943959e-01   0.000000e+00 : b2
    0.000000e+00   0.000000e+00   2.943959e-01 : b3

  Number of atoms in the supercell (HARMONIC)   : 40

  Atomic positions in the primitive cell (fractional):
   1:   0.000000e+00   5.000000e-01   5.000000e-01  Br
   2:   5.000000e-01   0.000000e+00   5.000000e-01  Br
   3:   5.000000e-01   5.000000e-01   0.000000e+00  Br
   4:   5.000000e-01   5.000000e-01   5.000000e-01  Ca
   5:   0.000000e+00   0.000000e+00   0.000000e+00  Cs

  Mass of atomic species (u):
  Br:   79.904000
  Ca:   40.078000
  Cs:  132.910000


 Symmetry
 ========

  NSYM = 0 is given: Trying to find symmetry operations.
  Number of symmetry operations : 48

 k points
 ========

  KPMODE = 2: Uniform grid
  Gamma-centered uniform grid with the following mesh density: 
  nk1:  12
  nk2:  12
  nk3:  12

  Number of k points : 1728
  Number of irreducible k points : 84

  List of irreducible k points (reciprocal coordinate, weight) : 
      1:   0.00000e+00   0.00000e+00   0.00000e+00   0.000579
      2:   0.00000e+00   0.00000e+00   8.33333e-02   0.003472
      3:   0.00000e+00   0.00000e+00   1.66667e-01   0.003472
      4:   0.00000e+00   0.00000e+00   2.50000e-01   0.003472
      5:   0.00000e+00   0.00000e+00   3.33333e-01   0.003472
      6:   0.00000e+00   0.00000e+00   4.16667e-01   0.003472
      7:   0.00000e+00   0.00000e+00  -5.00000e-01   0.001736
      8:   0.00000e+00   8.33333e-02   8.33333e-02   0.006944
      9:   0.00000e+00   8.33333e-02   1.66667e-01   0.013889
     10:   0.00000e+00   8.33333e-02   2.50000e-01   0.013889
     11:   0.00000e+00   8.33333e-02   3.33333e-01   0.013889
     12:   0.00000e+00   8.33333e-02   4.16667e-01   0.013889
     13:   0.00000e+00   8.33333e-02  -5.00000e-01   0.006944
     14:   0.00000e+00   1.66667e-01   1.66667e-01   0.006944
     15:   0.00000e+00   1.66667e-01   2.50000e-01   0.013889
     16:   0.00000e+00   1.66667e-01   3.33333e-01   0.013889
     17:   0.00000e+00   1.66667e-01   4.16667e-01   0.013889
     18:   0.00000e+00   1.66667e-01  -5.00000e-01   0.006944
     19:   0.00000e+00   2.50000e-01   2.50000e-01   0.006944
     20:   0.00000e+00   2.50000e-01   3.33333e-01   0.013889
     21:   0.00000e+00   2.50000e-01   4.16667e-01   0.013889
     22:   0.00000e+00   2.50000e-01  -5.00000e-01   0.006944
     23:   0.00000e+00   3.33333e-01   3.33333e-01   0.006944
     24:   0.00000e+00   3.33333e-01   4.16667e-01   0.013889
     25:   0.00000e+00   3.33333e-01  -5.00000e-01   0.006944
     26:   0.00000e+00   4.16667e-01   4.16667e-01   0.006944
     27:   0.00000e+00   4.16667e-01  -5.00000e-01   0.006944
     28:   0.00000e+00  -5.00000e-01  -5.00000e-01   0.001736
     29:   8.33333e-02   8.33333e-02   8.33333e-02   0.004630
     30:   8.33333e-02   8.33333e-02   1.66667e-01   0.013889
     31:   8.33333e-02   8.33333e-02   2.50000e-01   0.013889
     32:   8.33333e-02   8.33333e-02   3.33333e-01   0.013889
     33:   8.33333e-02   8.33333e-02   4.16667e-01   0.013889
     34:   8.33333e-02   8.33333e-02  -5.00000e-01   0.006944
     35:   8.33333e-02   1.66667e-01   1.66667e-01   0.013889
     36:   8.33333e-02   1.66667e-01   2.50000e-01   0.027778
     37:   8.33333e-02   1.66667e-01   3.33333e-01   0.027778
     38:   8.33333e-02   1.66667e-01   4.16667e-01   0.027778
     39:   8.33333e-02   1.66667e-01  -5.00000e-01   0.013889
     40:   8.33333e-02   2.50000e-01   2.50000e-01   0.013889
     41:   8.33333e-02   2.50000e-01   3.33333e-01   0.027778
     42:   8.33333e-02   2.50000e-01   4.16667e-01   0.027778
     43:   8.33333e-02   2.50000e-01  -5.00000e-01   0.013889
     44:   8.33333e-02   3.33333e-01   3.33333e-01   0.013889
     45:   8.33333e-02   3.33333e-01   4.16667e-01   0.027778
     46:   8.33333e-02   3.33333e-01  -5.00000e-01   0.013889
     47:   8.33333e-02   4.16667e-01   4.16667e-01   0.013889
     48:   8.33333e-02   4.16667e-01  -5.00000e-01   0.013889
     49:   8.33333e-02  -5.00000e-01  -5.00000e-01   0.003472
     50:   1.66667e-01   1.66667e-01   1.66667e-01   0.004630
     51:   1.66667e-01   1.66667e-01   2.50000e-01   0.013889
     52:   1.66667e-01   1.66667e-01   3.33333e-01   0.013889
     53:   1.66667e-01   1.66667e-01   4.16667e-01   0.013889
     54:   1.66667e-01   1.66667e-01  -5.00000e-01   0.006944
     55:   1.66667e-01   2.50000e-01   2.50000e-01   0.013889
     56:   1.66667e-01   2.50000e-01   3.33333e-01   0.027778
     57:   1.66667e-01   2.50000e-01   4.16667e-01   0.027778
     58:   1.66667e-01   2.50000e-01  -5.00000e-01   0.013889
     59:   1.66667e-01   3.33333e-01   3.33333e-01   0.013889
     60:   1.66667e-01   3.33333e-01   4.16667e-01   0.027778
     61:   1.66667e-01   3.33333e-01  -5.00000e-01   0.013889
     62:   1.66667e-01   4.16667e-01   4.16667e-01   0.013889
     63:   1.66667e-01   4.16667e-01  -5.00000e-01   0.013889
     64:   1.66667e-01  -5.00000e-01  -5.00000e-01   0.003472
     65:   2.50000e-01   2.50000e-01   2.50000e-01   0.004630
     66:   2.50000e-01   2.50000e-01   3.33333e-01   0.013889
     67:   2.50000e-01   2.50000e-01   4.16667e-01   0.013889
     68:   2.50000e-01   2.50000e-01  -5.00000e-01   0.006944
     69:   2.50000e-01   3.33333e-01   3.33333e-01   0.013889
     70:   2.50000e-01   3.33333e-01   4.16667e-01   0.027778
     71:   2.50000e-01   3.33333e-01  -5.00000e-01   0.013889
     72:   2.50000e-01   4.16667e-01   4.16667e-01   0.013889
     73:   2.50000e-01   4.16667e-01  -5.00000e-01   0.013889
     74:   2.50000e-01  -5.00000e-01  -5.00000e-01   0.003472
     75:   3.33333e-01   3.33333e-01   3.33333e-01   0.004630
     76:   3.33333e-01   3.33333e-01   4.16667e-01   0.013889
     77:   3.33333e-01   3.33333e-01  -5.00000e-01   0.006944
     78:   3.33333e-01   4.16667e-01   4.16667e-01   0.013889
     79:   3.33333e-01   4.16667e-01  -5.00000e-01   0.013889
     80:   3.33333e-01  -5.00000e-01  -5.00000e-01   0.003472
     81:   4.16667e-01   4.16667e-01   4.16667e-01   0.004630
     82:   4.16667e-01   4.16667e-01  -5.00000e-01   0.006944
     83:   4.16667e-01  -5.00000e-01  -5.00000e-01   0.003472
     84:  -5.00000e-01  -5.00000e-01  -5.00000e-01   0.000579

 Force constant
 ==============

  Reading force constants from the XML file ... done !
  Number of non-zero IFCs for 2 order: 1593
  Number of non-zero IFCs for 3 order: 314004

  Maximum deviation from the translational invariance: 
   Order 2 : 2.959872e-16
   Order 3 : 1.984293e-16


 Dynamical matrix
 ================

  NONANALYTIC = 3 : Non-analytic part of the dynamical matrix will be included 
                    by the Ewald method.

  Dielectric constants and Born effective charges are read from BORN.

  Dielectric constant tensor in Cartesian coordinate : 
   3.140051e+00   0.000000e+00   0.000000e+00
   0.000000e+00   3.140051e+00   0.000000e+00
   0.000000e+00  -0.000000e+00   3.140051e+00

  Born effective charge tensor in Cartesian coordinate
  Atom    1( Br) :
      -2.045100      -0.000000       0.000000
       0.000000      -0.891350       0.000000
       0.000000      -0.000000      -0.891350
  Atom    2( Br) :
      -0.891350      -0.000000      -0.000000
       0.000000      -2.045100      -0.000000
       0.000000      -0.000000      -0.891350
  Atom    3( Br) :
      -0.891350      -0.000000      -0.000000
       0.000000      -0.891350      -0.000000
      -0.000000       0.000000      -2.045100
  Atom    4( Ca) :
       2.474970      -0.000000      -0.000000
      -0.000000       2.474970       0.000000
      -0.000000       0.000000       2.474970
  Atom    5( Cs) :
       1.352820       0.000000      -0.000000
       0.000000       1.352820       0.000000
      -0.000000       0.000000       1.352820

  WARNING: Born effective charges do not satisfy the acoustic sum rule.
           The born effective charges are modified to satisfy the ASR.

  Symmetrized Born effective charge tensor in Cartesian coordinate.
  Atom    1( Br) :
      -2.045098       0.000000       0.000000
       0.000000      -0.891348       0.000000
       0.000000       0.000000      -0.891348
  Atom    2( Br) :
      -0.891348       0.000000       0.000000
       0.000000      -2.045098       0.000000
       0.000000       0.000000      -0.891348
  Atom    3( Br) :
      -0.891348       0.000000       0.000000
       0.000000      -0.891348       0.000000
       0.000000       0.000000      -2.045098
  Atom    4( Ca) :
       2.474972       0.000000       0.000000
       0.000000       2.474972       0.000000
       0.000000       0.000000       2.474972
  Atom    5( Cs) :
       1.352822       0.000000       0.000000
       0.000000       1.352822       0.000000
       0.000000       0.000000       1.352822

 -----------------------------------------------------------------


  Preparing for the Ewald summation ...

  Inverse dielectric tensor : 
   3.184662e-01  -0.000000e+00   0.000000e+00
   0.000000e+00   3.184662e-01   0.000000e+00
  -0.000000e+00   0.000000e+00   3.184662e-01

  Determinant of epsilon:    3.096065e+01

  Parameters for the Ewald summation :
  - Force constant
    Lambda :    1.639188e-01
    Lmax   :    5.682482e+01
    Gmax   :    9.724984e-01
    Maximum number of real-space cells :   3x  3x  3
    Maximum number of reciprocal cells :   4x  4x  4

  - Dynamical matrix
    Lambda :    3.278376e-01
    Lmax   :    2.841241e+01
    Gmax   :    1.944997e+00
    Maximum number of real-space cells :   3x  3x  3
    Maximum number of reciprocal cells :   4x  4x  4

 Calculating long-range (dipole-dipole) FCs in the supercell ... done.
 Now, move on to phonon calculations.

 Diagonalizing dynamical matrices for all k points ... done!

 ISMEAR = -1: Tetrahedron method will be used.

 ISOTOPE >= 1: Isotope scattering effects will be considered
               with the following scattering factors.
   Br:     1.562772e-04
   Ca:     2.975638e-04
   Cs:     0.000000e+00

 Calculating self-energies from isotope scatterings ... done!

 Start calculating anharmonic phonon self-energies ... 
 Total Number of phonon modes to be calculated : 1260
 All modes are distributed to MPI threads as the following :
 RANK:     1 MODES:  1260

 MODE     1 done.
 MODE     2 done.
 MODE     3 done.
 MODE     4 done.
 MODE     5 done.
 MODE     6 done.
 MODE     7 done.
 MODE     8 done.
 MODE     9 done.
 MODE    10 done.
 MODE    11 done.
 MODE    12 done.
 MODE    13 done.
 MODE    14 done.
 MODE    15 done.
 MODE    16 done.
 MODE    17 done.
 MODE    18 done.
 MODE    19 done.
 MODE    20 done.
 MODE    21 done.
 MODE    22 done.
 MODE    23 done.
 MODE    24 done.
 MODE    25 done.
 MODE    26 done.
 MODE    27 done.
 MODE    28 done.
 MODE    29 done.
 MODE    30 done.
 MODE    31 done.
 MODE    32 done.
 MODE    33 done.
 MODE    34 done.
 MODE    35 done.
 MODE    36 done.
 MODE    37 done.
 MODE    38 done.
 MODE    39 done.
 MODE    40 done.
 MODE    41 done.
 MODE    42 done.
 MODE    43 done.
 MODE    44 done.
 MODE    45 done.
 MODE    46 done.
 MODE    47 done.
 MODE    48 done.
 MODE    49 done.
 MODE    50 done.
 MODE    51 done.
 MODE    52 done.
 MODE    53 done.
 MODE    54 done.
 MODE    55 done.
 MODE    56 done.
 MODE    57 done.
 MODE    58 done.
 MODE    59 done.
 MODE    60 done.
 MODE    61 done.
 MODE    62 done.
 MODE    63 done.
 MODE    64 done.
 MODE    65 done.
 MODE    66 done.
 MODE    67 done.
 MODE    68 done.
 MODE    69 done.
 MODE    70 done.
 MODE    71 done.
 MODE    72 done.
 MODE    73 done.
 MODE    74 done.
 MODE    75 done.
 MODE    76 done.
 MODE    77 done.
 MODE    78 done.
 MODE    79 done.
 MODE    80 done.
 MODE    81 done.
 MODE    82 done.
 MODE    83 done.
 MODE    84 done.
 MODE    85 done.
 MODE    86 done.
 MODE    87 done.
 MODE    88 done.
 MODE    89 done.
 MODE    90 done.
 MODE    91 done.
 MODE    92 done.
 MODE    93 done.
 MODE    94 done.
 MODE    95 done.
 MODE    96 done.
 MODE    97 done.
 MODE    98 done.
 MODE    99 done.
 MODE   100 done.
 MODE   101 done.
 MODE   102 done.
 MODE   103 done.
 MODE   104 done.
 MODE   105 done.
 MODE   106 done.
 MODE   107 done.
 MODE   108 done.
 MODE   109 done.
 MODE   110 done.
 MODE   111 done.
 MODE   112 done.
 MODE   113 done.
 MODE   114 done.
 MODE   115 done.
 MODE   116 done.
 MODE   117 done.
 MODE   118 done.
 MODE   119 done.
 MODE   120 done.
 MODE   121 done.
 MODE   122 done.
 MODE   123 done.
 MODE   124 done.
 MODE   125 done.
 MODE   126 done.
 MODE   127 done.
 MODE   128 done.
 MODE   129 done.
 MODE   130 done.
 MODE   131 done.
 MODE   132 done.
 MODE   133 done.
 MODE   134 done.
 MODE   135 done.
 MODE   136 done.
 MODE   137 done.
 MODE   138 done.
 MODE   139 done.
 MODE   140 done.
 MODE   141 done.
 MODE   142 done.
 MODE   143 done.
 MODE   144 done.
 MODE   145 done.
 MODE   146 done.
 MODE   147 done.
 MODE   148 done.
 MODE   149 done.
 MODE   150 done.
 MODE   151 done.
 MODE   152 done.
 MODE   153 done.
 MODE   154 done.
 MODE   155 done.
 MODE   156 done.
 MODE   157 done.
 MODE   158 done.
 MODE   159 done.
 MODE   160 done.
 MODE   161 done.
 MODE   162 done.
 MODE   163 done.
 MODE   164 done.
 MODE   165 done.
 MODE   166 done.
 MODE   167 done.
 MODE   168 done.
 MODE   169 done.
 MODE   170 done.
 MODE   171 done.
 MODE   172 done.
 MODE   173 done.
 MODE   174 done.
 MODE   175 done.
 MODE   176 done.
 MODE   177 done.
 MODE   178 done.
 MODE   179 done.
 MODE   180 done.
 MODE   181 done.
 MODE   182 done.
 MODE   183 done.
 MODE   184 done.
 MODE   185 done.
 MODE   186 done.
 MODE   187 done.
 MODE   188 done.
 MODE   189 done.
 MODE   190 done.
 MODE   191 done.
 MODE   192 done.
 MODE   193 done.
 MODE   194 done.
 MODE   195 done.
 MODE   196 done.
 MODE   197 done.
 MODE   198 done.
 MODE   199 done.
 MODE   200 done.
 MODE   201 done.
 MODE   202 done.
 MODE   203 done.
 MODE   204 done.
 MODE   205 done.
 MODE   206 done.
 MODE   207 done.
 MODE   208 done.
 MODE   209 done.
 MODE   210 done.
 MODE   211 done.
 MODE   212 done.
 MODE   213 done.
 MODE   214 done.
 MODE   215 done.
 MODE   216 done.
 MODE   217 done.
 MODE   218 done.
 MODE   219 done.
 MODE   220 done.
 MODE   221 done.
 MODE   222 done.
 MODE   223 done.
 MODE   224 done.
 MODE   225 done.
 MODE   226 done.
 MODE   227 done.
 MODE   228 done.
 MODE   229 done.
 MODE   230 done.
 MODE   231 done.
 MODE   232 done.
 MODE   233 done.
 MODE   234 done.
 MODE   235 done.
 MODE   236 done.
 MODE   237 done.
 MODE   238 done.
 MODE   239 done.
 MODE   240 done.
 MODE   241 done.
 MODE   242 done.
 MODE   243 done.
 MODE   244 done.
 MODE   245 done.
 MODE   246 done.
 MODE   247 done.
 MODE   248 done.
 MODE   249 done.
 MODE   250 done.
 MODE   251 done.
 MODE   252 done.
 MODE   253 done.
 MODE   254 done.
 MODE   255 done.
 MODE   256 done.
 MODE   257 done.
 MODE   258 done.
 MODE   259 done.
 MODE   260 done.
 MODE   261 done.
 MODE   262 done.
 MODE   263 done.
 MODE   264 done.
 MODE   265 done.
 MODE   266 done.
 MODE   267 done.
 MODE   268 done.
 MODE   269 done.
 MODE   270 done.
 MODE   271 done.
 MODE   272 done.
 MODE   273 done.
 MODE   274 done.
 MODE   275 done.
 MODE   276 done.
 MODE   277 done.
 MODE   278 done.
 MODE   279 done.
 MODE   280 done.
 MODE   281 done.
 MODE   282 done.
 MODE   283 done.
 MODE   284 done.
 MODE   285 done.
 MODE   286 done.
 MODE   287 done.
 MODE   288 done.
 MODE   289 done.
 MODE   290 done.
 MODE   291 done.
 MODE   292 done.
 MODE   293 done.
 MODE   294 done.
 MODE   295 done.
 MODE   296 done.
 MODE   297 done.
 MODE   298 done.
 MODE   299 done.
 MODE   300 done.
 MODE   301 done.
 MODE   302 done.
 MODE   303 done.
 MODE   304 done.
 MODE   305 done.
 MODE   306 done.
 MODE   307 done.
 MODE   308 done.
 MODE   309 done.
 MODE   310 done.
 MODE   311 done.
 MODE   312 done.
 MODE   313 done.
 MODE   314 done.
 MODE   315 done.
 MODE   316 done.
 MODE   317 done.
 MODE   318 done.
 MODE   319 done.
 MODE   320 done.
 MODE   321 done.
 MODE   322 done.
 MODE   323 done.
 MODE   324 done.
 MODE   325 done.
 MODE   326 done.
 MODE   327 done.
 MODE   328 done.
 MODE   329 done.
 MODE   330 done.
 MODE   331 done.
 MODE   332 done.
 MODE   333 done.
 MODE   334 done.
 MODE   335 done.
 MODE   336 done.
 MODE   337 done.
 MODE   338 done.
 MODE   339 done.
 MODE   340 done.
 MODE   341 done.
 MODE   342 done.
 MODE   343 done.
 MODE   344 done.
 MODE   345 done.
 MODE   346 done.
 MODE   347 done.
 MODE   348 done.
 MODE   349 done.
 MODE   350 done.
 MODE   351 done.
 MODE   352 done.
 MODE   353 done.
 MODE   354 done.
 MODE   355 done.
 MODE   356 done.
 MODE   357 done.
 MODE   358 done.
 MODE   359 done.
 MODE   360 done.
 MODE   361 done.
 MODE   362 done.
 MODE   363 done.
 MODE   364 done.
 MODE   365 done.
 MODE   366 done.
 MODE   367 done.
 MODE   368 done.
 MODE   369 done.
 MODE   370 done.
 MODE   371 done.
 MODE   372 done.
 MODE   373 done.
 MODE   374 done.
 MODE   375 done.
 MODE   376 done.
 MODE   377 done.
 MODE   378 done.
 MODE   379 done.
 MODE   380 done.
 MODE   381 done.
 MODE   382 done.
 MODE   383 done.
 MODE   384 done.
 MODE   385 done.
 MODE   386 done.
 MODE   387 done.
 MODE   388 done.
 MODE   389 done.
 MODE   390 done.
 MODE   391 done.
 MODE   392 done.
 MODE   393 done.
 MODE   394 done.
 MODE   395 done.
 MODE   396 done.
 MODE   397 done.
 MODE   398 done.
 MODE   399 done.
 MODE   400 done.
 MODE   401 done.
 MODE   402 done.
 MODE   403 done.
 MODE   404 done.
 MODE   405 done.
 MODE   406 done.
 MODE   407 done.
 MODE   408 done.
 MODE   409 done.
 MODE   410 done.
 MODE   411 done.
 MODE   412 done.
 MODE   413 done.
 MODE   414 done.
 MODE   415 done.
 MODE   416 done.
 MODE   417 done.
 MODE   418 done.
 MODE   419 done.
 MODE   420 done.
 MODE   421 done.
 MODE   422 done.
 MODE   423 done.
 MODE   424 done.
 MODE   425 done.
 MODE   426 done.
 MODE   427 done.
 MODE   428 done.
 MODE   429 done.
 MODE   430 done.
 MODE   431 done.
 MODE   432 done.
 MODE   433 done.
 MODE   434 done.
 MODE   435 done.
 MODE   436 done.
 MODE   437 done.
 MODE   438 done.
 MODE   439 done.
 MODE   440 done.
 MODE   441 done.
 MODE   442 done.
 MODE   443 done.
 MODE   444 done.
 MODE   445 done.
 MODE   446 done.
 MODE   447 done.
 MODE   448 done.
 MODE   449 done.
 MODE   450 done.
 MODE   451 done.
 MODE   452 done.
 MODE   453 done.
 MODE   454 done.
 MODE   455 done.
 MODE   456 done.
 MODE   457 done.
 MODE   458 done.
 MODE   459 done.
 MODE   460 done.
 MODE   461 done.
 MODE   462 done.
 MODE   463 done.
 MODE   464 done.
 MODE   465 done.
 MODE   466 done.
 MODE   467 done.
 MODE   468 done.
 MODE   469 done.
 MODE   470 done.
 MODE   471 done.
 MODE   472 done.
 MODE   473 done.
 MODE   474 done.
 MODE   475 done.
 MODE   476 done.
 MODE   477 done.
 MODE   478 done.
 MODE   479 done.
 MODE   480 done.
 MODE   481 done.
 MODE   482 done.
 MODE   483 done.
 MODE   484 done.
 MODE   485 done.
 MODE   486 done.
 MODE   487 done.
 MODE   488 done.
 MODE   489 done.
 MODE   490 done.
 MODE   491 done.
 MODE   492 done.
 MODE   493 done.
 MODE   494 done.
 MODE   495 done.
 MODE   496 done.
 MODE   497 done.
 MODE   498 done.
 MODE   499 done.
 MODE   500 done.
 MODE   501 done.
 MODE   502 done.
 MODE   503 done.
 MODE   504 done.
 MODE   505 done.
 MODE   506 done.
 MODE   507 done.
 MODE   508 done.
 MODE   509 done.
 MODE   510 done.
 MODE   511 done.
 MODE   512 done.
 MODE   513 done.
 MODE   514 done.
 MODE   515 done.
 MODE   516 done.
 MODE   517 done.
 MODE   518 done.
 MODE   519 done.
 MODE   520 done.
 MODE   521 done.
 MODE   522 done.
 MODE   523 done.
 MODE   524 done.
 MODE   525 done.
 MODE   526 done.
 MODE   527 done.
 MODE   528 done.
 MODE   529 done.
 MODE   530 done.
 MODE   531 done.
 MODE   532 done.
 MODE   533 done.
 MODE   534 done.
 MODE   535 done.
 MODE   536 done.
 MODE   537 done.
 MODE   538 done.
 MODE   539 done.
 MODE   540 done.
 MODE   541 done.
 MODE   542 done.
 MODE   543 done.
 MODE   544 done.
 MODE   545 done.
 MODE   546 done.
 MODE   547 done.
 MODE   548 done.
 MODE   549 done.
 MODE   550 done.
 MODE   551 done.
 MODE   552 done.
 MODE   553 done.
 MODE   554 done.
 MODE   555 done.
 MODE   556 done.
 MODE   557 done.
 MODE   558 done.
 MODE   559 done.
 MODE   560 done.
 MODE   561 done.
 MODE   562 done.
 MODE   563 done.
 MODE   564 done.
 MODE   565 done.
 MODE   566 done.
 MODE   567 done.
 MODE   568 done.
 MODE   569 done.
 MODE   570 done.
 MODE   571 done.
 MODE   572 done.
 MODE   573 done.
 MODE   574 done.
 MODE   575 done.
 MODE   576 done.
 MODE   577 done.
 MODE   578 done.
 MODE   579 done.
 MODE   580 done.
 MODE   581 done.
 MODE   582 done.
 MODE   583 done.
 MODE   584 done.
 MODE   585 done.
 MODE   586 done.
 MODE   587 done.
 MODE   588 done.
 MODE   589 done.
 MODE   590 done.
 MODE   591 done.
 MODE   592 done.
 MODE   593 done.
 MODE   594 done.
 MODE   595 done.
 MODE   596 done.
 MODE   597 done.
 MODE   598 done.
 MODE   599 done.
 MODE   600 done.
 MODE   601 done.
 MODE   602 done.
 MODE   603 done.
 MODE   604 done.
 MODE   605 done.
 MODE   606 done.
 MODE   607 done.
 MODE   608 done.
 MODE   609 done.
 MODE   610 done.
 MODE   611 done.
 MODE   612 done.
 MODE   613 done.
 MODE   614 done.
 MODE   615 done.
 MODE   616 done.
 MODE   617 done.
 MODE   618 done.
 MODE   619 done.
 MODE   620 done.
 MODE   621 done.
 MODE   622 done.
 MODE   623 done.
 MODE   624 done.
 MODE   625 done.
 MODE   626 done.
 MODE   627 done.
 MODE   628 done.
 MODE   629 done.
 MODE   630 done.
 MODE   631 done.
 MODE   632 done.
 MODE   633 done.
 MODE   634 done.
 MODE   635 done.
 MODE   636 done.
 MODE   637 done.
 MODE   638 done.
 MODE   639 done.
 MODE   640 done.
 MODE   641 done.
 MODE   642 done.
 MODE   643 done.
 MODE   644 done.
 MODE   645 done.
 MODE   646 done.
 MODE   647 done.
 MODE   648 done.
 MODE   649 done.
 MODE   650 done.
 MODE   651 done.
 MODE   652 done.
 MODE   653 done.
 MODE   654 done.
 MODE   655 done.
 MODE   656 done.
 MODE   657 done.
 MODE   658 done.
 MODE   659 done.
 MODE   660 done.
 MODE   661 done.
 MODE   662 done.
 MODE   663 done.
 MODE   664 done.
 MODE   665 done.
 MODE   666 done.
 MODE   667 done.
 MODE   668 done.
 MODE   669 done.
 MODE   670 done.
 MODE   671 done.
 MODE   672 done.
 MODE   673 done.
 MODE   674 done.
 MODE   675 done.
 MODE   676 done.
 MODE   677 done.
 MODE   678 done.
 MODE   679 done.
 MODE   680 done.
 MODE   681 done.
 MODE   682 done.
 MODE   683 done.
 MODE   684 done.
 MODE   685 done.
 MODE   686 done.
 MODE   687 done.
 MODE   688 done.
 MODE   689 done.
 MODE   690 done.
 MODE   691 done.
 MODE   692 done.
 MODE   693 done.
 MODE   694 done.
 MODE   695 done.
 MODE   696 done.
 MODE   697 done.
 MODE   698 done.
 MODE   699 done.
 MODE   700 done.
 MODE   701 done.
 MODE   702 done.
 MODE   703 done.
 MODE   704 done.
 MODE   705 done.
 MODE   706 done.
 MODE   707 done.
 MODE   708 done.
 MODE   709 done.
 MODE   710 done.
 MODE   711 done.
 MODE   712 done.
 MODE   713 done.
 MODE   714 done.
 MODE   715 done.
 MODE   716 done.
 MODE   717 done.
 MODE   718 done.
 MODE   719 done.
 MODE   720 done.
 MODE   721 done.
 MODE   722 done.
 MODE   723 done.
 MODE   724 done.
 MODE   725 done.
 MODE   726 done.
 MODE   727 done.
 MODE   728 done.
 MODE   729 done.
 MODE   730 done.
 MODE   731 done.
 MODE   732 done.
 MODE   733 done.
 MODE   734 done.
 MODE   735 done.
 MODE   736 done.
 MODE   737 done.
 MODE   738 done.
 MODE   739 done.
 MODE   740 done.
 MODE   741 done.
 MODE   742 done.
 MODE   743 done.
 MODE   744 done.
 MODE   745 done.
 MODE   746 done.
 MODE   747 done.
 MODE   748 done.
 MODE   749 done.
 MODE   750 done.
 MODE   751 done.
 MODE   752 done.
 MODE   753 done.
 MODE   754 done.
 MODE   755 done.
 MODE   756 done.
 MODE   757 done.
 MODE   758 done.
 MODE   759 done.
 MODE   760 done.
 MODE   761 done.
 MODE   762 done.
 MODE   763 done.
 MODE   764 done.
 MODE   765 done.
 MODE   766 done.
 MODE   767 done.
 MODE   768 done.
 MODE   769 done.
 MODE   770 done.
 MODE   771 done.
 MODE   772 done.
 MODE   773 done.
 MODE   774 done.
 MODE   775 done.
 MODE   776 done.
 MODE   777 done.
 MODE   778 done.
 MODE   779 done.
 MODE   780 done.
 MODE   781 done.
 MODE   782 done.
 MODE   783 done.
 MODE   784 done.
 MODE   785 done.
 MODE   786 done.
 MODE   787 done.
 MODE   788 done.
 MODE   789 done.
 MODE   790 done.
 MODE   791 done.
 MODE   792 done.
 MODE   793 done.
 MODE   794 done.
 MODE   795 done.
 MODE   796 done.
 MODE   797 done.
 MODE   798 done.
 MODE   799 done.
 MODE   800 done.
 MODE   801 done.
 MODE   802 done.
 MODE   803 done.
 MODE   804 done.
 MODE   805 done.
 MODE   806 done.
 MODE   807 done.
 MODE   808 done.
 MODE   809 done.
 MODE   810 done.
 MODE   811 done.
 MODE   812 done.
 MODE   813 done.
 MODE   814 done.
 MODE   815 done.
 MODE   816 done.
 MODE   817 done.
 MODE   818 done.
 MODE   819 done.
 MODE   820 done.
 MODE   821 done.
 MODE   822 done.
 MODE   823 done.
 MODE   824 done.
 MODE   825 done.
 MODE   826 done.
 MODE   827 done.
 MODE   828 done.
 MODE   829 done.
 MODE   830 done.
 MODE   831 done.
 MODE   832 done.
 MODE   833 done.
 MODE   834 done.
 MODE   835 done.
 MODE   836 done.
 MODE   837 done.
 MODE   838 done.
 MODE   839 done.
 MODE   840 done.
 MODE   841 done.
 MODE   842 done.
 MODE   843 done.
 MODE   844 done.
 MODE   845 done.
 MODE   846 done.
 MODE   847 done.
 MODE   848 done.
 MODE   849 done.
 MODE   850 done.
 MODE   851 done.
 MODE   852 done.
 MODE   853 done.
 MODE   854 done.
 MODE   855 done.
 MODE   856 done.
 MODE   857 done.
 MODE   858 done.
 MODE   859 done.
 MODE   860 done.
 MODE   861 done.
 MODE   862 done.
 MODE   863 done.
 MODE   864 done.
 MODE   865 done.
 MODE   866 done.
 MODE   867 done.
 MODE   868 done.
 MODE   869 done.
 MODE   870 done.
 MODE   871 done.
 MODE   872 done.
 MODE   873 done.
 MODE   874 done.
 MODE   875 done.
 MODE   876 done.
 MODE   877 done.
 MODE   878 done.
 MODE   879 done.
 MODE   880 done.
 MODE   881 done.
 MODE   882 done.
 MODE   883 done.
 MODE   884 done.
 MODE   885 done.
 MODE   886 done.
 MODE   887 done.
 MODE   888 done.
 MODE   889 done.
 MODE   890 done.
 MODE   891 done.
 MODE   892 done.
 MODE   893 done.
 MODE   894 done.
 MODE   895 done.
 MODE   896 done.
 MODE   897 done.
 MODE   898 done.
 MODE   899 done.
 MODE   900 done.
 MODE   901 done.
 MODE   902 done.
 MODE   903 done.
 MODE   904 done.
 MODE   905 done.
 MODE   906 done.
 MODE   907 done.
 MODE   908 done.
 MODE   909 done.
 MODE   910 done.
 MODE   911 done.
 MODE   912 done.
 MODE   913 done.
 MODE   914 done.
 MODE   915 done.
 MODE   916 done.
 MODE   917 done.
 MODE   918 done.
 MODE   919 done.
 MODE   920 done.
 MODE   921 done.
 MODE   922 done.
 MODE   923 done.
 MODE   924 done.
 MODE   925 done.
 MODE   926 done.
 MODE   927 done.
 MODE   928 done.
 MODE   929 done.
 MODE   930 done.
 MODE   931 done.
 MODE   932 done.
 MODE   933 done.
 MODE   934 done.
 MODE   935 done.
 MODE   936 done.
 MODE   937 done.
 MODE   938 done.
 MODE   939 done.
 MODE   940 done.
 MODE   941 done.
 MODE   942 done.
 MODE   943 done.
 MODE   944 done.
 MODE   945 done.
 MODE   946 done.
 MODE   947 done.
 MODE   948 done.
 MODE   949 done.
 MODE   950 done.
 MODE   951 done.
 MODE   952 done.
 MODE   953 done.
 MODE   954 done.
 MODE   955 done.
 MODE   956 done.
 MODE   957 done.
 MODE   958 done.
 MODE   959 done.
 MODE   960 done.
 MODE   961 done.
 MODE   962 done.
 MODE   963 done.
 MODE   964 done.
 MODE   965 done.
 MODE   966 done.
 MODE   967 done.
 MODE   968 done.
 MODE   969 done.
 MODE   970 done.
 MODE   971 done.
 MODE   972 done.
 MODE   973 done.
 MODE   974 done.
 MODE   975 done.
 MODE   976 done.
 MODE   977 done.
 MODE   978 done.
 MODE   979 done.
 MODE   980 done.
 MODE   981 done.
 MODE   982 done.
 MODE   983 done.
 MODE   984 done.
 MODE   985 done.
 MODE   986 done.
 MODE   987 done.
 MODE   988 done.
 MODE   989 done.
 MODE   990 done.
 MODE   991 done.
 MODE   992 done.
 MODE   993 done.
 MODE   994 done.
 MODE   995 done.
 MODE   996 done.
 MODE   997 done.
 MODE   998 done.
 MODE   999 done.
 MODE  1000 done.
 MODE  1001 done.
 MODE  1002 done.
 MODE  1003 done.
 MODE  1004 done.
 MODE  1005 done.
 MODE  1006 done.
 MODE  1007 done.
 MODE  1008 done.
 MODE  1009 done.
 MODE  1010 done.
 MODE  1011 done.
 MODE  1012 done.
 MODE  1013 done.
 MODE  1014 done.
 MODE  1015 done.
 MODE  1016 done.
 MODE  1017 done.
 MODE  1018 done.
 MODE  1019 done.
 MODE  1020 done.
 MODE  1021 done.
 MODE  1022 done.
 MODE  1023 done.
 MODE  1024 done.
 MODE  1025 done.
 MODE  1026 done.
 MODE  1027 done.
 MODE  1028 done.
 MODE  1029 done.
 MODE  1030 done.
 MODE  1031 done.
 MODE  1032 done.
 MODE  1033 done.
 MODE  1034 done.
 MODE  1035 done.
 MODE  1036 done.
 MODE  1037 done.
 MODE  1038 done.
 MODE  1039 done.
 MODE  1040 done.
 MODE  1041 done.
 MODE  1042 done.
 MODE  1043 done.
 MODE  1044 done.
 MODE  1045 done.
 MODE  1046 done.
 MODE  1047 done.
 MODE  1048 done.
 MODE  1049 done.
 MODE  1050 done.
 MODE  1051 done.
 MODE  1052 done.
 MODE  1053 done.
 MODE  1054 done.
 MODE  1055 done.
 MODE  1056 done.
 MODE  1057 done.
 MODE  1058 done.
 MODE  1059 done.
 MODE  1060 done.
 MODE  1061 done.
 MODE  1062 done.
 MODE  1063 done.
 MODE  1064 done.
 MODE  1065 done.
 MODE  1066 done.
 MODE  1067 done.
 MODE  1068 done.
 MODE  1069 done.
 MODE  1070 done.
 MODE  1071 done.
 MODE  1072 done.
 MODE  1073 done.
 MODE  1074 done.
 MODE  1075 done.
 MODE  1076 done.
 MODE  1077 done.
 MODE  1078 done.
 MODE  1079 done.
 MODE  1080 done.
 MODE  1081 done.
 MODE  1082 done.
 MODE  1083 done.
 MODE  1084 done.
 MODE  1085 done.
 MODE  1086 done.
 MODE  1087 done.
 MODE  1088 done.
 MODE  1089 done.
 MODE  1090 done.
 MODE  1091 done.
 MODE  1092 done.
 MODE  1093 done.
 MODE  1094 done.
 MODE  1095 done.
 MODE  1096 done.
 MODE  1097 done.
 MODE  1098 done.
 MODE  1099 done.
 MODE  1100 done.
 MODE  1101 done.
 MODE  1102 done.
 MODE  1103 done.
 MODE  1104 done.
 MODE  1105 done.
 MODE  1106 done.
 MODE  1107 done.
 MODE  1108 done.
 MODE  1109 done.
 MODE  1110 done.
 MODE  1111 done.
 MODE  1112 done.
 MODE  1113 done.
 MODE  1114 done.
 MODE  1115 done.
 MODE  1116 done.
 MODE  1117 done.
 MODE  1118 done.
 MODE  1119 done.
 MODE  1120 done.
 MODE  1121 done.
 MODE  1122 done.
 MODE  1123 done.
 MODE  1124 done.
 MODE  1125 done.
 MODE  1126 done.
 MODE  1127 done.
 MODE  1128 done.
 MODE  1129 done.
 MODE  1130 done.
 MODE  1131 done.
 MODE  1132 done.
 MODE  1133 done.
 MODE  1134 done.
 MODE  1135 done.
 MODE  1136 done.
 MODE  1137 done.
 MODE  1138 done.
 MODE  1139 done.
 MODE  1140 done.
 MODE  1141 done.
 MODE  1142 done.
 MODE  1143 done.
 MODE  1144 done.
 MODE  1145 done.
 MODE  1146 done.
 MODE  1147 done.
 MODE  1148 done.
 MODE  1149 done.
 MODE  1150 done.
 MODE  1151 done.
 MODE  1152 done.
 MODE  1153 done.
 MODE  1154 done.
 MODE  1155 done.
 MODE  1156 done.
 MODE  1157 done.
 MODE  1158 done.
 MODE  1159 done.
 MODE  1160 done.
 MODE  1161 done.
 MODE  1162 done.
 MODE  1163 done.
 MODE  1164 done.
 MODE  1165 done.
 MODE  1166 done.
 MODE  1167 done.
 MODE  1168 done.
 MODE  1169 done.
 MODE  1170 done.
 MODE  1171 done.
 MODE  1172 done.
 MODE  1173 done.
 MODE  1174 done.
 MODE  1175 done.
 MODE  1176 done.
 MODE  1177 done.
 MODE  1178 done.
 MODE  1179 done.
 MODE  1180 done.
 MODE  1181 done.
 MODE  1182 done.
 MODE  1183 done.
 MODE  1184 done.
 MODE  1185 done.
 MODE  1186 done.
 MODE  1187 done.
 MODE  1188 done.
 MODE  1189 done.
 MODE  1190 done.
 MODE  1191 done.
 MODE  1192 done.
 MODE  1193 done.
 MODE  1194 done.
 MODE  1195 done.
 MODE  1196 done.
 MODE  1197 done.
 MODE  1198 done.
 MODE  1199 done.
 MODE  1200 done.
 MODE  1201 done.
 MODE  1202 done.
 MODE  1203 done.
 MODE  1204 done.
 MODE  1205 done.
 MODE  1206 done.
 MODE  1207 done.
 MODE  1208 done.
 MODE  1209 done.
 MODE  1210 done.
 MODE  1211 done.
 MODE  1212 done.
 MODE  1213 done.
 MODE  1214 done.
 MODE  1215 done.
 MODE  1216 done.
 MODE  1217 done.
 MODE  1218 done.
 MODE  1219 done.
 MODE  1220 done.
 MODE  1221 done.
 MODE  1222 done.
 MODE  1223 done.
 MODE  1224 done.
 MODE  1225 done.
 MODE  1226 done.
 MODE  1227 done.
 MODE  1228 done.
 MODE  1229 done.
 MODE  1230 done.
 MODE  1231 done.
 MODE  1232 done.
 MODE  1233 done.
 MODE  1234 done.
 MODE  1235 done.
 MODE  1236 done.
 MODE  1237 done.
 MODE  1238 done.
 MODE  1239 done.
 MODE  1240 done.
 MODE  1241 done.
 MODE  1242 done.
 MODE  1243 done.
 MODE  1244 done.
 MODE  1245 done.
 MODE  1246 done.
 MODE  1247 done.
 MODE  1248 done.
 MODE  1249 done.
 MODE  1250 done.
 MODE  1251 done.
 MODE  1252 done.
 MODE  1253 done.
 MODE  1254 done.
 MODE  1255 done.
 MODE  1256 done.
 MODE  1257 done.
 MODE  1258 done.
 MODE  1259 done.
 MODE  1260 done.

 KAPPA_SPEC = 1 : Calculating thermal conductivity spectra ...  done!

 -----------------------------------------------------------------

 Lattice thermal conductivity is stored in the file pc_rta.kl
 Thermal conductivity spectra is stored in the file pc_rta.kl_spec

 ISOTOPE = 2: Phonon selfenergy due to phonon-isotope 
              scatterings is stored in the file pc_rta.self_isotope

 Job finished at Tue Oct 27 18:28:06 2020

