 +-----------------------------------------------------------------+
 +                         Program ANPHON                          +
 +                             Ver.  1.1.0                         +
 +-----------------------------------------------------------------+

 Job started at Mon Dec 14 00:25:32 2020

 The number of MPI processes: 1
 The number of OpenMP threads: 24


 Input variables:
 -----------------------------------------------------------------
 General:
  PREFIX = pc_dos
  MODE = PHONONS
  FCSXML = uc.xml
  FC2XML = uc_2nd_600K.xml

  NKD = 3; KD =   Br  Cd  Cs
  MASS =     79.904    112.41    132.91
  NSYM = 0; TOLERANCE = 1e-06; PRINTSYM = 0

  NONANALYTIC = 3
  BORNINFO = BORN; NA_SIGMA = 0.1

  TMIN = 0; TMAX = 1000; DT = 10
  EMIN = 0; EMAX = 1200; DELTA_E = 2

  ISMEAR = -1; EPSILON = 2

  CLASSICAL = 0
  BCONNECT = 2


 Kpoint:
  KPMODE (1st entry for &kpoint) = 2


 Analysis:
  PRINTVEL = 1
  PRINTVEC = 0
  PRINTXSF = 0

  ANIME =     0    0    0
  ANIME_CELL =     2    2    2
  ANIME_FORMAT = XSF

  PDOS = 1; TDOS = 1
  PRINTMSD = 1
  SPS = 2

  GRUNEISEN = 1
  NEWFCS = 0


 -----------------------------------------------------------------

                      MODE = phonons                         
                                                             
      Phonon calculation within harmonic approximation       
      Harmonic force constants will be used.                 

      GRUNEISEN = 1 : Cubic force constants are necessary.

 -----------------------------------------------------------------

 Crystal structure
 =================

 Lattice Vectors:

 * Supercell (from uc.xml )

    2.073879e+01   0.000000e+00   0.000000e+00 : a1
    0.000000e+00   2.073879e+01   0.000000e+00 : a2
    0.000000e+00   0.000000e+00   2.073879e+01 : a3

    3.029678e-01   0.000000e+00   0.000000e+00 : b1
    0.000000e+00   3.029678e-01   0.000000e+00 : b2
    0.000000e+00   0.000000e+00   3.029678e-01 : b3

 * Primitive cell 

    1.036939e+01  -0.000000e+00   0.000000e+00 : a1
    0.000000e+00   1.036939e+01   0.000000e+00 : a2
   -0.000000e+00   0.000000e+00   1.036939e+01 : a3

    6.059356e-01  -0.000000e+00   0.000000e+00 : b1
    0.000000e+00   6.059356e-01   0.000000e+00 : b2
   -0.000000e+00   0.000000e+00   6.059356e-01 : b3


  Volume of the primitive cell : 1.114962e+03 (a.u.)^3

  Number of atoms in the supercell     : 40
  Number of atoms in the primitive cell: 5


  FC2XML is given: Harmonic IFCs will be replaced by the values in uc_2nd_600K.xml

 * Supercell for HARMONIC (from uc_2nd_600K.xml )

    2.073879e+01   0.000000e+00   0.000000e+00 : a1
    0.000000e+00   2.073879e+01   0.000000e+00 : a2
    0.000000e+00   0.000000e+00   2.073879e+01 : a3

    3.029678e-01   0.000000e+00   0.000000e+00 : b1
    0.000000e+00   3.029678e-01   0.000000e+00 : b2
    0.000000e+00   0.000000e+00   3.029678e-01 : b3

  Number of atoms in the supercell (HARMONIC)   : 40

  Atomic positions in the primitive cell (fractional):
   1:   0.000000e+00   5.000000e-01   5.000000e-01  Br
   2:   5.000000e-01   0.000000e+00   5.000000e-01  Br
   3:   5.000000e-01   5.000000e-01   0.000000e+00  Br
   4:   5.000000e-01   5.000000e-01   5.000000e-01  Cd
   5:   0.000000e+00   0.000000e+00   0.000000e+00  Cs

  Mass of atomic species (u):
  Br:   79.904000
  Cd:  112.410000
  Cs:  132.910000


 Symmetry
 ========

  NSYM = 0 is given: Trying to find symmetry operations.
  Number of symmetry operations : 48

 k points
 ========

  KPMODE = 2: Uniform grid
  Gamma-centered uniform grid with the following mesh density: 
  nk1:  12
  nk2:  12
  nk3:  12

  Number of k points : 1728
  Number of irreducible k points : 84

  List of irreducible k points (reciprocal coordinate, weight) : 
      1:   0.00000e+00   0.00000e+00   0.00000e+00   0.000579
      2:   0.00000e+00   0.00000e+00   8.33333e-02   0.003472
      3:   0.00000e+00   0.00000e+00   1.66667e-01   0.003472
      4:   0.00000e+00   0.00000e+00   2.50000e-01   0.003472
      5:   0.00000e+00   0.00000e+00   3.33333e-01   0.003472
      6:   0.00000e+00   0.00000e+00   4.16667e-01   0.003472
      7:   0.00000e+00   0.00000e+00  -5.00000e-01   0.001736
      8:   0.00000e+00   8.33333e-02   8.33333e-02   0.006944
      9:   0.00000e+00   8.33333e-02   1.66667e-01   0.013889
     10:   0.00000e+00   8.33333e-02   2.50000e-01   0.013889
     11:   0.00000e+00   8.33333e-02   3.33333e-01   0.013889
     12:   0.00000e+00   8.33333e-02   4.16667e-01   0.013889
     13:   0.00000e+00   8.33333e-02  -5.00000e-01   0.006944
     14:   0.00000e+00   1.66667e-01   1.66667e-01   0.006944
     15:   0.00000e+00   1.66667e-01   2.50000e-01   0.013889
     16:   0.00000e+00   1.66667e-01   3.33333e-01   0.013889
     17:   0.00000e+00   1.66667e-01   4.16667e-01   0.013889
     18:   0.00000e+00   1.66667e-01  -5.00000e-01   0.006944
     19:   0.00000e+00   2.50000e-01   2.50000e-01   0.006944
     20:   0.00000e+00   2.50000e-01   3.33333e-01   0.013889
     21:   0.00000e+00   2.50000e-01   4.16667e-01   0.013889
     22:   0.00000e+00   2.50000e-01  -5.00000e-01   0.006944
     23:   0.00000e+00   3.33333e-01   3.33333e-01   0.006944
     24:   0.00000e+00   3.33333e-01   4.16667e-01   0.013889
     25:   0.00000e+00   3.33333e-01  -5.00000e-01   0.006944
     26:   0.00000e+00   4.16667e-01   4.16667e-01   0.006944
     27:   0.00000e+00   4.16667e-01  -5.00000e-01   0.006944
     28:   0.00000e+00  -5.00000e-01  -5.00000e-01   0.001736
     29:   8.33333e-02   8.33333e-02   8.33333e-02   0.004630
     30:   8.33333e-02   8.33333e-02   1.66667e-01   0.013889
     31:   8.33333e-02   8.33333e-02   2.50000e-01   0.013889
     32:   8.33333e-02   8.33333e-02   3.33333e-01   0.013889
     33:   8.33333e-02   8.33333e-02   4.16667e-01   0.013889
     34:   8.33333e-02   8.33333e-02  -5.00000e-01   0.006944
     35:   8.33333e-02   1.66667e-01   1.66667e-01   0.013889
     36:   8.33333e-02   1.66667e-01   2.50000e-01   0.027778
     37:   8.33333e-02   1.66667e-01   3.33333e-01   0.027778
     38:   8.33333e-02   1.66667e-01   4.16667e-01   0.027778
     39:   8.33333e-02   1.66667e-01  -5.00000e-01   0.013889
     40:   8.33333e-02   2.50000e-01   2.50000e-01   0.013889
     41:   8.33333e-02   2.50000e-01   3.33333e-01   0.027778
     42:   8.33333e-02   2.50000e-01   4.16667e-01   0.027778
     43:   8.33333e-02   2.50000e-01  -5.00000e-01   0.013889
     44:   8.33333e-02   3.33333e-01   3.33333e-01   0.013889
     45:   8.33333e-02   3.33333e-01   4.16667e-01   0.027778
     46:   8.33333e-02   3.33333e-01  -5.00000e-01   0.013889
     47:   8.33333e-02   4.16667e-01   4.16667e-01   0.013889
     48:   8.33333e-02   4.16667e-01  -5.00000e-01   0.013889
     49:   8.33333e-02  -5.00000e-01  -5.00000e-01   0.003472
     50:   1.66667e-01   1.66667e-01   1.66667e-01   0.004630
     51:   1.66667e-01   1.66667e-01   2.50000e-01   0.013889
     52:   1.66667e-01   1.66667e-01   3.33333e-01   0.013889
     53:   1.66667e-01   1.66667e-01   4.16667e-01   0.013889
     54:   1.66667e-01   1.66667e-01  -5.00000e-01   0.006944
     55:   1.66667e-01   2.50000e-01   2.50000e-01   0.013889
     56:   1.66667e-01   2.50000e-01   3.33333e-01   0.027778
     57:   1.66667e-01   2.50000e-01   4.16667e-01   0.027778
     58:   1.66667e-01   2.50000e-01  -5.00000e-01   0.013889
     59:   1.66667e-01   3.33333e-01   3.33333e-01   0.013889
     60:   1.66667e-01   3.33333e-01   4.16667e-01   0.027778
     61:   1.66667e-01   3.33333e-01  -5.00000e-01   0.013889
     62:   1.66667e-01   4.16667e-01   4.16667e-01   0.013889
     63:   1.66667e-01   4.16667e-01  -5.00000e-01   0.013889
     64:   1.66667e-01  -5.00000e-01  -5.00000e-01   0.003472
     65:   2.50000e-01   2.50000e-01   2.50000e-01   0.004630
     66:   2.50000e-01   2.50000e-01   3.33333e-01   0.013889
     67:   2.50000e-01   2.50000e-01   4.16667e-01   0.013889
     68:   2.50000e-01   2.50000e-01  -5.00000e-01   0.006944
     69:   2.50000e-01   3.33333e-01   3.33333e-01   0.013889
     70:   2.50000e-01   3.33333e-01   4.16667e-01   0.027778
     71:   2.50000e-01   3.33333e-01  -5.00000e-01   0.013889
     72:   2.50000e-01   4.16667e-01   4.16667e-01   0.013889
     73:   2.50000e-01   4.16667e-01  -5.00000e-01   0.013889
     74:   2.50000e-01  -5.00000e-01  -5.00000e-01   0.003472
     75:   3.33333e-01   3.33333e-01   3.33333e-01   0.004630
     76:   3.33333e-01   3.33333e-01   4.16667e-01   0.013889
     77:   3.33333e-01   3.33333e-01  -5.00000e-01   0.006944
     78:   3.33333e-01   4.16667e-01   4.16667e-01   0.013889
     79:   3.33333e-01   4.16667e-01  -5.00000e-01   0.013889
     80:   3.33333e-01  -5.00000e-01  -5.00000e-01   0.003472
     81:   4.16667e-01   4.16667e-01   4.16667e-01   0.004630
     82:   4.16667e-01   4.16667e-01  -5.00000e-01   0.006944
     83:   4.16667e-01  -5.00000e-01  -5.00000e-01   0.003472
     84:  -5.00000e-01  -5.00000e-01  -5.00000e-01   0.000579

 Force constant
 ==============

  Reading force constants from the XML file ... done !
  Number of non-zero IFCs for 2 order: 1593
  Number of non-zero IFCs for 3 order: 267972

  Maximum deviation from the translational invariance: 
   Order 2 : 2.684485e-16
   Order 3 : 1.015897e-16


 Dynamical matrix
 ================

  NONANALYTIC = 3 : Non-analytic part of the dynamical matrix will be included 
                    by the Ewald method.

  Dielectric constants and Born effective charges are read from BORN.

  Dielectric constant tensor in Cartesian coordinate : 
   4.427409e+00   0.000000e+00  -0.000000e+00
   0.000000e+00   4.427409e+00  -0.000000e+00
  -0.000000e+00   0.000000e+00   4.427409e+00

  Born effective charge tensor in Cartesian coordinate
  Atom    1( Br) :
      -2.651110       0.000000      -0.000000
      -0.000000      -0.829950       0.000000
      -0.000000       0.000000      -0.829950
  Atom    2( Br) :
      -0.829950      -0.000000      -0.000000
       0.000000      -2.651110       0.000000
       0.000000       0.000000      -0.829950
  Atom    3( Br) :
      -0.829950      -0.000000       0.000000
       0.000000      -0.829950      -0.000000
       0.000000      -0.000000      -2.651110
  Atom    4( Cd) :
       2.951140       0.000000      -0.000000
       0.000000       2.951140       0.000000
      -0.000000       0.000000       2.951140
  Atom    5( Cs) :
       1.359870       0.000000      -0.000000
       0.000000       1.359870       0.000000
      -0.000000       0.000000       1.359870

 -----------------------------------------------------------------


  Preparing for the Ewald summation ...

  Inverse dielectric tensor : 
   2.258657e-01  -0.000000e+00   0.000000e+00
   0.000000e+00   2.258657e-01   0.000000e+00
   0.000000e+00  -0.000000e+00   2.258657e-01

  Determinant of epsilon:    8.678585e+01

  Parameters for the Ewald summation :
  - Force constant
    Lambda :    2.003088e-01
    Lmax   :    5.521707e+01
    Gmax   :    1.000814e+00
    Maximum number of real-space cells :   3x  3x  3
    Maximum number of reciprocal cells :   4x  4x  4

  - Dynamical matrix
    Lambda :    4.006175e-01
    Lmax   :    2.760854e+01
    Gmax   :    2.001629e+00
    Maximum number of real-space cells :   3x  3x  3
    Maximum number of reciprocal cells :   4x  4x  4

 Calculating long-range (dipole-dipole) FCs in the supercell ... done.
 Now, move on to phonon calculations.

 Diagonalizing dynamical matrices for all k points ... done!
 Calculating group velocities of phonons on uniform grid ... done!

 ISMEAR = -1: Tetrahedron method will be used.

 PDOS = 1 : Calculating atom-projected phonon DOS ...  done!
 TDOS = 1 : Calculating two-phonon DOS for all irreducible k points.
            This may take a while ... done!
 SPS = 2 : Calculating three-phonon scattering phase space
           with the Bose distribution function ... done!

 GRUNEISEN = 1 : Calculating Gruneisen parameters ... done!

 -----------------------------------------------------------------

 Phonon frequencies below:

 # Irred. k point    1 : (  0.0000,  0.0000,  0.0000)
   Mode, Frequency 
      1      0.0000 cm^-1  (      0.0000 THz )
      2      0.0000 cm^-1  (      0.0000 THz )
      3      0.0000 cm^-1  (      0.0000 THz )
      4     44.3511 cm^-1  (      1.3296 THz )
      5     44.3511 cm^-1  (      1.3296 THz )
      6     44.3511 cm^-1  (      1.3296 THz )
      7     57.4986 cm^-1  (      1.7238 THz )
      8     57.4986 cm^-1  (      1.7238 THz )
      9     57.4986 cm^-1  (      1.7238 THz )
     10     67.5564 cm^-1  (      2.0253 THz )
     11     67.5564 cm^-1  (      2.0253 THz )
     12     67.5564 cm^-1  (      2.0253 THz )
     13    161.1714 cm^-1  (      4.8318 THz )
     14    161.1714 cm^-1  (      4.8318 THz )
     15    161.1714 cm^-1  (      4.8318 THz )

 # Irred. k point    2 : (  0.0000,  0.0000,  0.0833)
   Mode, Frequency 
      1      8.1582 cm^-1  (      0.2446 THz )
      2      8.1582 cm^-1  (      0.2446 THz )
      3     17.4783 cm^-1  (      0.5240 THz )
      4     44.4720 cm^-1  (      1.3332 THz )
      5     44.4720 cm^-1  (      1.3332 THz )
      6     49.5371 cm^-1  (      1.4851 THz )
      7     57.6774 cm^-1  (      1.7291 THz )
      8     57.6774 cm^-1  (      1.7291 THz )
      9     57.6888 cm^-1  (      1.7295 THz )
     10     67.4783 cm^-1  (      2.0229 THz )
     11     67.4783 cm^-1  (      2.0229 THz )
     12     86.9160 cm^-1  (      2.6057 THz )
     13    161.3648 cm^-1  (      4.8376 THz )
     14    161.3648 cm^-1  (      4.8376 THz )
     15    188.8581 cm^-1  (      5.6618 THz )

 # Irred. k point    3 : (  0.0000,  0.0000,  0.1667)
   Mode, Frequency 
      1     15.9642 cm^-1  (      0.4786 THz )
      2     15.9642 cm^-1  (      0.4786 THz )
      3     31.1512 cm^-1  (      0.9339 THz )
      4     44.6961 cm^-1  (      1.3400 THz )
      5     44.6961 cm^-1  (      1.3400 THz )
      6     58.1355 cm^-1  (      1.7429 THz )
      7     58.1355 cm^-1  (      1.7429 THz )
      8     58.2049 cm^-1  (      1.7449 THz )
      9     61.4863 cm^-1  (      1.8433 THz )
     10     67.3014 cm^-1  (      2.0176 THz )
     11     67.3014 cm^-1  (      2.0176 THz )
     12     86.5638 cm^-1  (      2.5951 THz )
     13    161.8959 cm^-1  (      4.8535 THz )
     14    161.8959 cm^-1  (      4.8535 THz )
     15    185.5229 cm^-1  (      5.5618 THz )

 # Irred. k point    4 : (  0.0000,  0.0000,  0.2500)
   Mode, Frequency 
      1     23.1232 cm^-1  (      0.6932 THz )
      2     23.1232 cm^-1  (      0.6932 THz )
      3     41.3246 cm^-1  (      1.2389 THz )
      4     44.6667 cm^-1  (      1.3391 THz )
      5     44.6667 cm^-1  (      1.3391 THz )
      6     58.6679 cm^-1  (      1.7588 THz )
      7     58.6679 cm^-1  (      1.7588 THz )
      8     58.9018 cm^-1  (      1.7658 THz )
      9     67.1703 cm^-1  (      2.0137 THz )
     10     67.1703 cm^-1  (      2.0137 THz )
     11     74.0406 cm^-1  (      2.2197 THz )
     12     89.3338 cm^-1  (      2.6782 THz )
     13    162.6284 cm^-1  (      4.8755 THz )
     14    162.6284 cm^-1  (      4.8755 THz )
     15    180.0644 cm^-1  (      5.3982 THz )

 # Irred. k point    5 : (  0.0000,  0.0000,  0.3333)
   Mode, Frequency 
      1     29.4160 cm^-1  (      0.8819 THz )
      2     29.4160 cm^-1  (      0.8819 THz )
      3     43.9547 cm^-1  (      1.3177 THz )
      4     43.9547 cm^-1  (      1.3177 THz )
      5     49.6649 cm^-1  (      1.4889 THz )
      6     59.0630 cm^-1  (      1.7707 THz )
      7     59.0630 cm^-1  (      1.7707 THz )
      8     59.5896 cm^-1  (      1.7865 THz )
      9     67.2049 cm^-1  (      2.0148 THz )
     10     67.2049 cm^-1  (      2.0148 THz )
     11     76.1573 cm^-1  (      2.2831 THz )
     12    101.8806 cm^-1  (      3.0543 THz )
     13    163.3688 cm^-1  (      4.8977 THz )
     14    163.3688 cm^-1  (      4.8977 THz )
     15    172.8486 cm^-1  (      5.1819 THz )

 # Irred. k point    6 : (  0.0000,  0.0000,  0.4167)
   Mode, Frequency 
      1     34.6521 cm^-1  (      1.0388 THz )
      2     34.6521 cm^-1  (      1.0388 THz )
      3     42.2505 cm^-1  (      1.2666 THz )
      4     42.2505 cm^-1  (      1.2666 THz )
      5     56.2694 cm^-1  (      1.6869 THz )
      6     59.2569 cm^-1  (      1.7765 THz )
      7     59.2569 cm^-1  (      1.7765 THz )
      8     60.0877 cm^-1  (      1.8014 THz )
      9     67.3526 cm^-1  (      2.0192 THz )
     10     67.3526 cm^-1  (      2.0192 THz )
     11     73.7647 cm^-1  (      2.2114 THz )
     12    115.3641 cm^-1  (      3.4585 THz )
     13    163.9157 cm^-1  (      4.9141 THz )
     14    163.9157 cm^-1  (      4.9141 THz )
     15    165.1852 cm^-1  (      4.9521 THz )

 # Irred. k point    7 : (  0.0000,  0.0000, -0.5000)
   Mode, Frequency 
      1     37.8758 cm^-1  (      1.1355 THz )
      2     37.8758 cm^-1  (      1.1355 THz )
      3     40.2310 cm^-1  (      1.2061 THz )
      4     40.2310 cm^-1  (      1.2061 THz )
      5     59.2933 cm^-1  (      1.7776 THz )
      6     59.3086 cm^-1  (      1.7780 THz )
      7     59.3086 cm^-1  (      1.7780 THz )
      8     60.2689 cm^-1  (      1.8068 THz )
      9     67.4335 cm^-1  (      2.0216 THz )
     10     67.4335 cm^-1  (      2.0216 THz )
     11     72.0298 cm^-1  (      2.1594 THz )
     12    121.4865 cm^-1  (      3.6421 THz )
     13    161.2085 cm^-1  (      4.8329 THz )
     14    164.1169 cm^-1  (      4.9201 THz )
     15    164.1169 cm^-1  (      4.9201 THz )

 # Irred. k point    8 : (  0.0000,  0.0833,  0.0833)
   Mode, Frequency 
      1     11.5310 cm^-1  (      0.3457 THz )
      2     14.3250 cm^-1  (      0.4295 THz )
      3     22.8422 cm^-1  (      0.6848 THz )
      4     44.6144 cm^-1  (      1.3375 THz )
      5     48.9180 cm^-1  (      1.4665 THz )
      6     49.6428 cm^-1  (      1.4883 THz )
      7     57.0922 cm^-1  (      1.7116 THz )
      8     57.8576 cm^-1  (      1.7345 THz )
      9     58.5804 cm^-1  (      1.7562 THz )
     10     67.3784 cm^-1  (      2.0200 THz )
     11     67.3892 cm^-1  (      2.0203 THz )
     12     86.7973 cm^-1  (      2.6021 THz )
     13    159.3040 cm^-1  (      4.7758 THz )
     14    161.5564 cm^-1  (      4.8433 THz )
     15    189.5536 cm^-1  (      5.6827 THz )

 # Irred. k point    9 : (  0.0000,  0.0833,  0.1667)
   Mode, Frequency 
      1     17.9090 cm^-1  (      0.5369 THz )
      2     20.0775 cm^-1  (      0.6019 THz )
      3     33.6057 cm^-1  (      1.0075 THz )
      4     44.9000 cm^-1  (      1.3461 THz )
      5     49.1079 cm^-1  (      1.4722 THz )
      6     56.8817 cm^-1  (      1.7053 THz )
      7     58.3208 cm^-1  (      1.7484 THz )
      8     59.4619 cm^-1  (      1.7826 THz )
      9     61.5633 cm^-1  (      1.8456 THz )
     10     67.1800 cm^-1  (      2.0140 THz )
     11     67.2975 cm^-1  (      2.0175 THz )
     12     86.5885 cm^-1  (      2.5959 THz )
     13    158.2532 cm^-1  (      4.7443 THz )
     14    162.0829 cm^-1  (      4.8591 THz )
     15    187.4415 cm^-1  (      5.6194 THz )

 # Irred. k point   10 : (  0.0000,  0.0833,  0.2500)
   Mode, Frequency 
      1     24.4840 cm^-1  (      0.7340 THz )
      2     25.8714 cm^-1  (      0.7756 THz )
      3     42.6078 cm^-1  (      1.2773 THz )
      4     44.9633 cm^-1  (      1.3480 THz )
      5     48.7334 cm^-1  (      1.4610 THz )
      6     57.1395 cm^-1  (      1.7130 THz )
      7     58.8604 cm^-1  (      1.7646 THz )
      8     60.3493 cm^-1  (      1.8092 THz )
      9     67.0023 cm^-1  (      2.0087 THz )
     10     67.2145 cm^-1  (      2.0150 THz )
     11     74.1869 cm^-1  (      2.2241 THz )
     12     89.4205 cm^-1  (      2.6808 THz )
     13    157.7896 cm^-1  (      4.7304 THz )
     14    162.8090 cm^-1  (      4.8809 THz )
     15    182.9374 cm^-1  (      5.4843 THz )

 # Irred. k point   11 : (  0.0000,  0.0833,  0.3333)
   Mode, Frequency 
      1     30.4687 cm^-1  (      0.9134 THz )
      2     31.5348 cm^-1  (      0.9454 THz )
      3     44.3612 cm^-1  (      1.3299 THz )
      4     46.6727 cm^-1  (      1.3992 THz )
      5     51.0471 cm^-1  (      1.5304 THz )
      6     57.6552 cm^-1  (      1.7285 THz )
      7     59.2573 cm^-1  (      1.7765 THz )
      8     60.7917 cm^-1  (      1.8225 THz )
      9     66.9931 cm^-1  (      2.0084 THz )
     10     67.4638 cm^-1  (      2.0225 THz )
     11     76.6223 cm^-1  (      2.2971 THz )
     12    101.7831 cm^-1  (      3.0514 THz )
     13    156.7328 cm^-1  (      4.6987 THz )
     14    163.5431 cm^-1  (      4.9029 THz )
     15    177.3111 cm^-1  (      5.3157 THz )

 # Irred. k point   12 : (  0.0000,  0.0833,  0.4167)
   Mode, Frequency 
      1     35.5214 cm^-1  (      1.0649 THz )
      2     36.6589 cm^-1  (      1.0990 THz )
      3     42.7631 cm^-1  (      1.2820 THz )
      4     44.5675 cm^-1  (      1.3361 THz )
      5     56.8425 cm^-1  (      1.7041 THz )
      6     58.2069 cm^-1  (      1.7450 THz )
      7     59.4450 cm^-1  (      1.7821 THz )
      8     60.9983 cm^-1  (      1.8287 THz )
      9     67.1150 cm^-1  (      2.0121 THz )
     10     67.5541 cm^-1  (      2.0252 THz )
     11     74.7585 cm^-1  (      2.2412 THz )
     12    115.2275 cm^-1  (      3.4544 THz )
     13    154.1072 cm^-1  (      4.6200 THz )
     14    164.0854 cm^-1  (      4.9192 THz )
     15    172.5910 cm^-1  (      5.1741 THz )

 # Irred. k point   13 : (  0.0000,  0.0833, -0.5000)
   Mode, Frequency 
      1     38.7047 cm^-1  (      1.1603 THz )
      2     40.4134 cm^-1  (      1.2116 THz )
      3     40.7639 cm^-1  (      1.2221 THz )
      4     41.7803 cm^-1  (      1.2525 THz )
      5     58.1622 cm^-1  (      1.7437 THz )
      6     59.4926 cm^-1  (      1.7835 THz )
      7     59.7634 cm^-1  (      1.7917 THz )
      8     61.1765 cm^-1  (      1.8340 THz )
      9     67.1883 cm^-1  (      2.0143 THz )
     10     67.3292 cm^-1  (      2.0185 THz )
     11     73.5178 cm^-1  (      2.2040 THz )
     12    121.4608 cm^-1  (      3.6413 THz )
     13    151.8497 cm^-1  (      4.5523 THz )
     14    164.2849 cm^-1  (      4.9251 THz )
     15    170.8692 cm^-1  (      5.1225 THz )

 # Irred. k point   14 : (  0.0000,  0.1667,  0.1667)
   Mode, Frequency 
      1     22.5086 cm^-1  (      0.6748 THz )
      2     24.9272 cm^-1  (      0.7473 THz )
      3     39.5852 cm^-1  (      1.1867 THz )
      4     45.3629 cm^-1  (      1.3599 THz )
      5     55.1679 cm^-1  (      1.6539 THz )
      6     58.8026 cm^-1  (      1.7629 THz )
      7     59.3277 cm^-1  (      1.7786 THz )
      8     61.0486 cm^-1  (      1.8302 THz )
      9     63.4243 cm^-1  (      1.9014 THz )
     10     66.8741 cm^-1  (      2.0048 THz )
     11     67.5151 cm^-1  (      2.0241 THz )
     12     86.8056 cm^-1  (      2.6024 THz )
     13    153.4364 cm^-1  (      4.5999 THz )
     14    162.5967 cm^-1  (      4.8745 THz )
     15    188.0364 cm^-1  (      5.6372 THz )

 # Irred. k point   15 : (  0.0000,  0.1667,  0.2500)
   Mode, Frequency 
      1     27.9577 cm^-1  (      0.8382 THz )
      2     29.2667 cm^-1  (      0.8774 THz )
      3     45.6355 cm^-1  (      1.3681 THz )
      4     45.6969 cm^-1  (      1.3700 THz )
      5     53.8801 cm^-1  (      1.6153 THz )
      6     58.8460 cm^-1  (      1.7642 THz )
      7     59.3732 cm^-1  (      1.7800 THz )
      8     64.3658 cm^-1  (      1.9296 THz )
      9     66.5484 cm^-1  (      1.9951 THz )
     10     67.2879 cm^-1  (      2.0172 THz )
     11     74.8403 cm^-1  (      2.2437 THz )
     12     89.8390 cm^-1  (      2.6933 THz )
     13    150.0152 cm^-1  (      4.4973 THz )
     14    163.3055 cm^-1  (      4.8958 THz )
     15    185.5114 cm^-1  (      5.5615 THz )

 # Irred. k point   16 : (  0.0000,  0.1667,  0.3333)
   Mode, Frequency 
      1     33.2337 cm^-1  (      0.9963 THz )
      2     33.8307 cm^-1  (      1.0142 THz )
      3     45.4200 cm^-1  (      1.3617 THz )
      4     49.4943 cm^-1  (      1.4838 THz )
      5     53.2041 cm^-1  (      1.5950 THz )
      6     58.1885 cm^-1  (      1.7444 THz )
      7     59.7882 cm^-1  (      1.7924 THz )
      8     66.3920 cm^-1  (      1.9904 THz )
      9     66.5524 cm^-1  (      1.9952 THz )
     10     67.5698 cm^-1  (      2.0257 THz )
     11     78.0617 cm^-1  (      2.3402 THz )
     12    101.5743 cm^-1  (      3.0451 THz )
     13    146.8422 cm^-1  (      4.4022 THz )
     14    164.0223 cm^-1  (      4.9173 THz )
     15    181.2698 cm^-1  (      5.4343 THz )

 # Irred. k point   17 : (  0.0000,  0.1667,  0.4167)
   Mode, Frequency 
      1     37.8159 cm^-1  (      1.1337 THz )
      2     38.1998 cm^-1  (      1.1452 THz )
      3     44.1463 cm^-1  (      1.3235 THz )
      4     48.4090 cm^-1  (      1.4513 THz )
      5     53.8333 cm^-1  (      1.6139 THz )
      6     59.6651 cm^-1  (      1.7887 THz )
      7     59.9639 cm^-1  (      1.7977 THz )
      8     66.4245 cm^-1  (      1.9914 THz )
      9     67.3963 cm^-1  (      2.0205 THz )
     10     68.4061 cm^-1  (      2.0508 THz )
     11     77.0638 cm^-1  (      2.3103 THz )
     12    114.8040 cm^-1  (      3.4417 THz )
     13    142.8454 cm^-1  (      4.2824 THz )
     14    164.5520 cm^-1  (      4.9331 THz )
     15    177.2457 cm^-1  (      5.3137 THz )

 # Irred. k point   18 : (  0.0000,  0.1667, -0.5000)
   Mode, Frequency 
      1     40.6601 cm^-1  (      1.2190 THz )
      2     40.8581 cm^-1  (      1.2249 THz )
      3     42.2525 cm^-1  (      1.2667 THz )
      4     46.7279 cm^-1  (      1.4009 THz )
      5     53.9075 cm^-1  (      1.6161 THz )
      6     59.9998 cm^-1  (      1.7987 THz )
      7     61.0398 cm^-1  (      1.8299 THz )
      8     66.4715 cm^-1  (      1.9928 THz )
      9     67.1276 cm^-1  (      2.0124 THz )
     10     69.2446 cm^-1  (      2.0759 THz )
     11     76.2402 cm^-1  (      2.2856 THz )
     12    121.4469 cm^-1  (      3.6409 THz )
     13    139.8340 cm^-1  (      4.1921 THz )
     14    164.7469 cm^-1  (      4.9390 THz )
     15    175.5670 cm^-1  (      5.2634 THz )

 # Irred. k point   19 : (  0.0000,  0.2500,  0.2500)
   Mode, Frequency 
      1     32.0842 cm^-1  (      0.9619 THz )
      2     32.3918 cm^-1  (      0.9711 THz )
      3     46.4531 cm^-1  (      1.3926 THz )
      4     49.0256 cm^-1  (      1.4698 THz )
      5     51.6749 cm^-1  (      1.5492 THz )
      6     60.0124 cm^-1  (      1.7991 THz )
      7     61.5455 cm^-1  (      1.8451 THz )
      8     65.9702 cm^-1  (      1.9777 THz )
      9     65.9766 cm^-1  (      1.9779 THz )
     10     74.7306 cm^-1  (      2.2404 THz )
     11     77.8579 cm^-1  (      2.3341 THz )
     12     92.2536 cm^-1  (      2.7657 THz )
     13    143.4195 cm^-1  (      4.2996 THz )
     14    163.9907 cm^-1  (      4.9163 THz )
     15    184.8471 cm^-1  (      5.5416 THz )

 # Irred. k point   20 : (  0.0000,  0.2500,  0.3333)
   Mode, Frequency 
      1     35.2135 cm^-1  (      1.0557 THz )
      2     36.8795 cm^-1  (      1.1056 THz )
      3     46.6997 cm^-1  (      1.4000 THz )
      4     49.7193 cm^-1  (      1.4905 THz )
      5     51.2899 cm^-1  (      1.5376 THz )
      6     60.5001 cm^-1  (      1.8137 THz )
      7     61.5312 cm^-1  (      1.8447 THz )
      8     65.5227 cm^-1  (      1.9643 THz )
      9     66.5825 cm^-1  (      1.9961 THz )
     10     76.6166 cm^-1  (      2.2969 THz )
     11     82.4639 cm^-1  (      2.4722 THz )
     12    101.8055 cm^-1  (      3.0521 THz )
     13    138.0001 cm^-1  (      4.1371 THz )
     14    164.6839 cm^-1  (      4.9371 THz )
     15    181.8505 cm^-1  (      5.4517 THz )

 # Irred. k point   21 : (  0.0000,  0.2500,  0.4167)
   Mode, Frequency 
      1     38.3717 cm^-1  (      1.1504 THz )
      2     40.8476 cm^-1  (      1.2246 THz )
      3     45.9728 cm^-1  (      1.3782 THz )
      4     48.5010 cm^-1  (      1.4540 THz )
      5     50.9989 cm^-1  (      1.5289 THz )
      6     60.6849 cm^-1  (      1.8193 THz )
      7     62.1407 cm^-1  (      1.8629 THz )
      8     65.3611 cm^-1  (      1.9595 THz )
      9     67.0107 cm^-1  (      2.0089 THz )
     10     77.9764 cm^-1  (      2.3377 THz )
     11     82.5248 cm^-1  (      2.4740 THz )
     12    114.0320 cm^-1  (      3.4186 THz )
     13    132.7584 cm^-1  (      3.9800 THz )
     14    165.1964 cm^-1  (      4.9525 THz )
     15    178.4160 cm^-1  (      5.3488 THz )

 # Irred. k point   22 : (  0.0000,  0.2500, -0.5000)
   Mode, Frequency 
      1     39.9841 cm^-1  (      1.1987 THz )
      2     43.5687 cm^-1  (      1.3062 THz )
      3     44.3955 cm^-1  (      1.3309 THz )
      4     48.0336 cm^-1  (      1.4400 THz )
      5     50.1506 cm^-1  (      1.5035 THz )
      6     60.7050 cm^-1  (      1.8199 THz )
      7     62.8212 cm^-1  (      1.8833 THz )
      8     65.3508 cm^-1  (      1.9592 THz )
      9     66.9872 cm^-1  (      2.0082 THz )
     10     78.7235 cm^-1  (      2.3601 THz )
     11     82.0513 cm^-1  (      2.4598 THz )
     12    121.5540 cm^-1  (      3.6441 THz )
     13    128.2273 cm^-1  (      3.8442 THz )
     14    165.3851 cm^-1  (      4.9581 THz )
     15    176.8595 cm^-1  (      5.3021 THz )

 # Irred. k point   23 : (  0.0000,  0.3333,  0.3333)
   Mode, Frequency 
      1     36.4231 cm^-1  (      1.0919 THz )
      2     40.6382 cm^-1  (      1.2183 THz )
      3     47.4155 cm^-1  (      1.4215 THz )
      4     47.6268 cm^-1  (      1.4278 THz )
      5     51.5487 cm^-1  (      1.5454 THz )
      6     61.1339 cm^-1  (      1.8327 THz )
      7     63.4839 cm^-1  (      1.9032 THz )
      8     64.6417 cm^-1  (      1.9379 THz )
      9     66.2489 cm^-1  (      1.9861 THz )
     10     79.2606 cm^-1  (      2.3762 THz )
     11     90.6278 cm^-1  (      2.7170 THz )
     12    105.3855 cm^-1  (      3.1594 THz )
     13    131.1819 cm^-1  (      3.9327 THz )
     14    165.3537 cm^-1  (      4.9572 THz )
     15    179.7796 cm^-1  (      5.3897 THz )

 # Irred. k point   24 : (  0.0000,  0.3333,  0.4167)
   Mode, Frequency 
      1     37.3225 cm^-1  (      1.1189 THz )
      2     43.9378 cm^-1  (      1.3172 THz )
      3     46.8450 cm^-1  (      1.4044 THz )
      4     47.6574 cm^-1  (      1.4287 THz )
      5     50.3531 cm^-1  (      1.5095 THz )
      6     61.4139 cm^-1  (      1.8411 THz )
      7     64.1091 cm^-1  (      1.9219 THz )
      8     64.4369 cm^-1  (      1.9318 THz )
      9     66.7132 cm^-1  (      2.0000 THz )
     10     80.2383 cm^-1  (      2.4055 THz )
     11     92.4142 cm^-1  (      2.7705 THz )
     12    113.8148 cm^-1  (      3.4121 THz )
     13    126.1390 cm^-1  (      3.7816 THz )
     14    165.8491 cm^-1  (      4.9720 THz )
     15    176.8216 cm^-1  (      5.3010 THz )

 # Irred. k point   25 : (  0.0000,  0.3333, -0.5000)
   Mode, Frequency 
      1     37.5981 cm^-1  (      1.1272 THz )
      2     46.0501 cm^-1  (      1.3805 THz )
      3     46.7492 cm^-1  (      1.4015 THz )
      4     48.0619 cm^-1  (      1.4409 THz )
      5     48.4552 cm^-1  (      1.4527 THz )
      6     61.4276 cm^-1  (      1.8416 THz )
      7     63.9859 cm^-1  (      1.9182 THz )
      8     64.7713 cm^-1  (      1.9418 THz )
      9     67.0163 cm^-1  (      2.0091 THz )
     10     80.5585 cm^-1  (      2.4151 THz )
     11     92.3065 cm^-1  (      2.7673 THz )
     12    120.3859 cm^-1  (      3.6091 THz )
     13    121.7978 cm^-1  (      3.6514 THz )
     14    166.0315 cm^-1  (      4.9775 THz )
     15    175.3810 cm^-1  (      5.2578 THz )

 # Irred. k point   26 : (  0.0000,  0.4167,  0.4167)
   Mode, Frequency 
      1     35.7165 cm^-1  (      1.0708 THz )
      2     46.4989 cm^-1  (      1.3940 THz )
      3     46.8750 cm^-1  (      1.4053 THz )
      4     48.6301 cm^-1  (      1.4579 THz )
      5     49.4187 cm^-1  (      1.4815 THz )
      6     61.9016 cm^-1  (      1.8558 THz )
      7     63.0575 cm^-1  (      1.8904 THz )
      8     66.1475 cm^-1  (      1.9831 THz )
      9     66.7455 cm^-1  (      2.0010 THz )
     10     81.3065 cm^-1  (      2.4375 THz )
     11     94.9194 cm^-1  (      2.8456 THz )
     12    117.2748 cm^-1  (      3.5158 THz )
     13    123.2428 cm^-1  (      3.6947 THz )
     14    166.3320 cm^-1  (      4.9865 THz )
     15    174.1023 cm^-1  (      5.2195 THz )

 # Irred. k point   27 : (  0.0000,  0.4167, -0.5000)
   Mode, Frequency 
      1     34.9831 cm^-1  (      1.0488 THz )
      2     47.7386 cm^-1  (      1.4312 THz )
      3     48.0216 cm^-1  (      1.4397 THz )
      4     48.0855 cm^-1  (      1.4416 THz )
      5     48.7143 cm^-1  (      1.4604 THz )
      6     61.9700 cm^-1  (      1.8578 THz )
      7     62.7249 cm^-1  (      1.8804 THz )
      8     66.4842 cm^-1  (      1.9931 THz )
      9     67.1599 cm^-1  (      2.0134 THz )
     10     81.6492 cm^-1  (      2.4478 THz )
     11     94.3143 cm^-1  (      2.8275 THz )
     12    120.3352 cm^-1  (      3.6076 THz )
     13    122.0587 cm^-1  (      3.6592 THz )
     14    166.5099 cm^-1  (      4.9918 THz )
     15    172.7068 cm^-1  (      5.1776 THz )

 # Irred. k point   28 : (  0.0000, -0.5000, -0.5000)
   Mode, Frequency 
      1     33.9128 cm^-1  (      1.0167 THz )
      2     48.0414 cm^-1  (      1.4402 THz )
      3     48.0414 cm^-1  (      1.4402 THz )
      4     48.3316 cm^-1  (      1.4489 THz )
      5     49.5214 cm^-1  (      1.4846 THz )
      6     62.1717 cm^-1  (      1.8639 THz )
      7     62.1717 cm^-1  (      1.8639 THz )
      8     67.2405 cm^-1  (      2.0158 THz )
      9     67.2405 cm^-1  (      2.0158 THz )
     10     82.0065 cm^-1  (      2.4585 THz )
     11     93.2462 cm^-1  (      2.7955 THz )
     12    122.1712 cm^-1  (      3.6626 THz )
     13    122.1712 cm^-1  (      3.6626 THz )
     14    166.6860 cm^-1  (      4.9971 THz )
     15    171.3076 cm^-1  (      5.1357 THz )

 # Irred. k point   29 : (  0.0833,  0.0833,  0.0833)
   Mode, Frequency 
      1     16.3764 cm^-1  (      0.4910 THz )
      2     16.3764 cm^-1  (      0.4910 THz )
      3     27.0166 cm^-1  (      0.8099 THz )
      4     49.0293 cm^-1  (      1.4699 THz )
      5     49.0293 cm^-1  (      1.4699 THz )
      6     49.8039 cm^-1  (      1.4931 THz )
      7     56.5426 cm^-1  (      1.6951 THz )
      8     58.5030 cm^-1  (      1.7539 THz )
      9     58.5030 cm^-1  (      1.7539 THz )
     10     67.4912 cm^-1  (      2.0233 THz )
     11     67.4912 cm^-1  (      2.0233 THz )
     12     86.6417 cm^-1  (      2.5975 THz )
     13    159.4667 cm^-1  (      4.7807 THz )
     14    159.4667 cm^-1  (      4.7807 THz )
     15    190.2566 cm^-1  (      5.7038 THz )

 # Irred. k point   30 : (  0.0833,  0.0833,  0.1667)
   Mode, Frequency 
      1     21.1568 cm^-1  (      0.6343 THz )
      2     21.7798 cm^-1  (      0.6529 THz )
      3     35.9150 cm^-1  (      1.0767 THz )
      4     49.1589 cm^-1  (      1.4737 THz )
      5     49.4573 cm^-1  (      1.4827 THz )
      6     56.0870 cm^-1  (      1.6814 THz )
      7     58.8915 cm^-1  (      1.7655 THz )
      8     59.2027 cm^-1  (      1.7749 THz )
      9     61.4941 cm^-1  (      1.8435 THz )
     10     67.2624 cm^-1  (      2.0165 THz )
     11     67.8909 cm^-1  (      2.0353 THz )
     12     86.4980 cm^-1  (      2.5931 THz )
     13    157.4544 cm^-1  (      4.7204 THz )
     14    159.9132 cm^-1  (      4.7941 THz )
     15    188.8991 cm^-1  (      5.6631 THz )

 # Irred. k point   31 : (  0.0833,  0.0833,  0.2500)
   Mode, Frequency 
      1     26.7978 cm^-1  (      0.8034 THz )
      2     27.1293 cm^-1  (      0.8133 THz )
      3     43.8013 cm^-1  (      1.3131 THz )
      4     48.8121 cm^-1  (      1.4634 THz )
      5     49.3782 cm^-1  (      1.4803 THz )
      6     56.1062 cm^-1  (      1.6820 THz )
      7     59.5367 cm^-1  (      1.7849 THz )
      8     59.8869 cm^-1  (      1.7954 THz )
      9     66.4699 cm^-1  (      1.9927 THz )
     10     68.6157 cm^-1  (      2.0570 THz )
     11     74.1484 cm^-1  (      2.2229 THz )
     12     89.4323 cm^-1  (      2.6811 THz )
     13    156.1025 cm^-1  (      4.6798 THz )
     14    160.5277 cm^-1  (      4.8125 THz )
     15    185.1276 cm^-1  (      5.5500 THz )

 # Irred. k point   32 : (  0.0833,  0.0833,  0.3333)
   Mode, Frequency 
      1     32.3326 cm^-1  (      0.9693 THz )
      2     32.4954 cm^-1  (      0.9742 THz )
      3     46.8479 cm^-1  (      1.4045 THz )
      4     47.5644 cm^-1  (      1.4259 THz )
      5     52.2890 cm^-1  (      1.5676 THz )
      6     56.4549 cm^-1  (      1.6925 THz )
      7     59.6206 cm^-1  (      1.7874 THz )
      8     61.0797 cm^-1  (      1.8311 THz )
      9     65.6592 cm^-1  (      1.9684 THz )
     10     69.4791 cm^-1  (      2.0829 THz )
     11     76.7777 cm^-1  (      2.3017 THz )
     12    101.6753 cm^-1  (      3.0481 THz )
     13    154.1257 cm^-1  (      4.6206 THz )
     14    161.1476 cm^-1  (      4.8311 THz )
     15    180.3103 cm^-1  (      5.4056 THz )

 # Irred. k point   33 : (  0.0833,  0.0833,  0.4167)
   Mode, Frequency 
      1     37.2832 cm^-1  (      1.1177 THz )
      2     37.4485 cm^-1  (      1.1227 THz )
      3     44.9895 cm^-1  (      1.3488 THz )
      4     45.3089 cm^-1  (      1.3583 THz )
      5     56.7892 cm^-1  (      1.7025 THz )
      6     57.7093 cm^-1  (      1.7301 THz )
      7     59.6642 cm^-1  (      1.7887 THz )
      8     62.1193 cm^-1  (      1.8623 THz )
      9     64.7277 cm^-1  (      1.9405 THz )
     10     70.1631 cm^-1  (      2.1034 THz )
     11     75.1475 cm^-1  (      2.2529 THz )
     12    115.0886 cm^-1  (      3.4503 THz )
     13    150.6499 cm^-1  (      4.5164 THz )
     14    161.6047 cm^-1  (      4.8448 THz )
     15    176.2900 cm^-1  (      5.2850 THz )

 # Irred. k point   34 : (  0.0833,  0.0833, -0.5000)
   Mode, Frequency 
      1     40.5513 cm^-1  (      1.2157 THz )
      2     41.2520 cm^-1  (      1.2367 THz )
      3     42.1740 cm^-1  (      1.2643 THz )
      4     42.9522 cm^-1  (      1.2877 THz )
      5     56.9116 cm^-1  (      1.7062 THz )
      6     59.6934 cm^-1  (      1.7896 THz )
      7     60.4954 cm^-1  (      1.8136 THz )
      8     62.5748 cm^-1  (      1.8759 THz )
      9     63.9264 cm^-1  (      1.9165 THz )
     10     70.4205 cm^-1  (      2.1112 THz )
     11     73.9996 cm^-1  (      2.2185 THz )
     12    121.4448 cm^-1  (      3.6408 THz )
     13    148.0020 cm^-1  (      4.4370 THz )
     14    161.7728 cm^-1  (      4.8498 THz )
     15    174.7734 cm^-1  (      5.2396 THz )

 # Irred. k point   35 : (  0.0833,  0.1667,  0.1667)
   Mode, Frequency 
      1     25.1186 cm^-1  (      0.7530 THz )
      2     25.9091 cm^-1  (      0.7767 THz )
      3     41.2830 cm^-1  (      1.2376 THz )
      4     49.7219 cm^-1  (      1.4906 THz )
      5     54.7251 cm^-1  (      1.6406 THz )
      6     58.6525 cm^-1  (      1.7584 THz )
      7     58.9349 cm^-1  (      1.7668 THz )
      8     61.0196 cm^-1  (      1.8293 THz )
      9     62.6414 cm^-1  (      1.8779 THz )
     10     68.2387 cm^-1  (      2.0457 THz )
     11     68.2396 cm^-1  (      2.0458 THz )
     12     86.6010 cm^-1  (      2.5962 THz )
     13    153.5300 cm^-1  (      4.6027 THz )
     14    159.4698 cm^-1  (      4.7808 THz )
     15    189.4574 cm^-1  (      5.6798 THz )

 # Irred. k point   36 : (  0.0833,  0.1667,  0.2500)
   Mode, Frequency 
      1     29.8711 cm^-1  (      0.8955 THz )
      2     30.0086 cm^-1  (      0.8996 THz )
      3     46.5070 cm^-1  (      1.3942 THz )
      4     50.0036 cm^-1  (      1.4991 THz )
      5     53.5613 cm^-1  (      1.6057 THz )
      6     58.2014 cm^-1  (      1.7448 THz )
      7     58.9173 cm^-1  (      1.7663 THz )
      8     62.9409 cm^-1  (      1.8869 THz )
      9     67.9191 cm^-1  (      2.0362 THz )
     10     69.1717 cm^-1  (      2.0737 THz )
     11     74.6295 cm^-1  (      2.2373 THz )
     12     89.7199 cm^-1  (      2.6897 THz )
     13    149.8496 cm^-1  (      4.4924 THz )
     14    159.8421 cm^-1  (      4.7919 THz )
     15    187.3184 cm^-1  (      5.6157 THz )

 # Irred. k point   37 : (  0.0833,  0.1667,  0.3333)
   Mode, Frequency 
      1     34.4012 cm^-1  (      1.0313 THz )
      2     34.7817 cm^-1  (      1.0427 THz )
      3     48.2521 cm^-1  (      1.4466 THz )
      4     50.4893 cm^-1  (      1.5136 THz )
      5     53.2189 cm^-1  (      1.5955 THz )
      6     57.5954 cm^-1  (      1.7267 THz )
      7     59.5951 cm^-1  (      1.7866 THz )
      8     63.9167 cm^-1  (      1.9162 THz )
      9     67.9675 cm^-1  (      2.0376 THz )
     10     70.4393 cm^-1  (      2.1117 THz )
     11     77.8167 cm^-1  (      2.3329 THz )
     12    101.4463 cm^-1  (      3.0413 THz )
     13    146.2443 cm^-1  (      4.3843 THz )
     14    160.2276 cm^-1  (      4.8035 THz )
     15    183.6310 cm^-1  (      5.5051 THz )

 # Irred. k point   38 : (  0.0833,  0.1667,  0.4167)
   Mode, Frequency 
      1     38.5825 cm^-1  (      1.1567 THz )
      2     39.3240 cm^-1  (      1.1789 THz )
      3     46.6163 cm^-1  (      1.3975 THz )
      4     48.9330 cm^-1  (      1.4670 THz )
      5     53.5126 cm^-1  (      1.6043 THz )
      6     59.0160 cm^-1  (      1.7693 THz )
      7     60.6539 cm^-1  (      1.8184 THz )
      8     63.8854 cm^-1  (      1.9152 THz )
      9     68.7569 cm^-1  (      2.0613 THz )
     10     71.1849 cm^-1  (      2.1341 THz )
     11     76.9119 cm^-1  (      2.3058 THz )
     12    114.6552 cm^-1  (      3.4373 THz )
     13    141.7618 cm^-1  (      4.2499 THz )
     14    160.4482 cm^-1  (      4.8101 THz )
     15    180.1851 cm^-1  (      5.4018 THz )

 # Irred. k point   39 : (  0.0833,  0.1667, -0.5000)
   Mode, Frequency 
      1     40.8120 cm^-1  (      1.2235 THz )
      2     42.4824 cm^-1  (      1.2736 THz )
      3     44.4312 cm^-1  (      1.3320 THz )
      4     47.4041 cm^-1  (      1.4211 THz )
      5     53.4121 cm^-1  (      1.6013 THz )
      6     59.7271 cm^-1  (      1.7906 THz )
      7     62.0038 cm^-1  (      1.8588 THz )
      8     63.1268 cm^-1  (      1.8925 THz )
      9     69.4975 cm^-1  (      2.0835 THz )
     10     71.3244 cm^-1  (      2.1383 THz )
     11     76.1398 cm^-1  (      2.2826 THz )
     12    121.4556 cm^-1  (      3.6411 THz )
     13    138.3741 cm^-1  (      4.1484 THz )
     14    160.5033 cm^-1  (      4.8118 THz )
     15    178.7766 cm^-1  (      5.3596 THz )

 # Irred. k point   40 : (  0.0833,  0.2500,  0.2500)
   Mode, Frequency 
      1     32.5767 cm^-1  (      0.9766 THz )
      2     33.8245 cm^-1  (      1.0140 THz )
      3     49.0250 cm^-1  (      1.4697 THz )
      4     51.3763 cm^-1  (      1.5402 THz )
      5     51.3807 cm^-1  (      1.5404 THz )
      6     58.3923 cm^-1  (      1.7506 THz )
      7     59.2043 cm^-1  (      1.7749 THz )
      8     67.5851 cm^-1  (      2.0262 THz )
      9     68.6047 cm^-1  (      2.0567 THz )
     10     74.5256 cm^-1  (      2.2342 THz )
     11     77.9392 cm^-1  (      2.3366 THz )
     12     92.1007 cm^-1  (      2.7611 THz )
     13    143.4649 cm^-1  (      4.3010 THz )
     14    160.0450 cm^-1  (      4.7980 THz )
     15    186.8005 cm^-1  (      5.6001 THz )

 # Irred. k point   41 : (  0.0833,  0.2500,  0.3333)
   Mode, Frequency 
      1     35.5549 cm^-1  (      1.0659 THz )
      2     38.0230 cm^-1  (      1.1399 THz )
      3     49.4537 cm^-1  (      1.4826 THz )
      4     49.7491 cm^-1  (      1.4914 THz )
      5     52.4139 cm^-1  (      1.5713 THz )
      6     58.3718 cm^-1  (      1.7499 THz )
      7     59.4772 cm^-1  (      1.7831 THz )
      8     66.8283 cm^-1  (      2.0035 THz )
      9     69.8706 cm^-1  (      2.0947 THz )
     10     76.5401 cm^-1  (      2.2946 THz )
     11     82.3620 cm^-1  (      2.4691 THz )
     12    101.6713 cm^-1  (      3.0480 THz )
     13    137.9408 cm^-1  (      4.1354 THz )
     14    160.2419 cm^-1  (      4.8039 THz )
     15    184.2551 cm^-1  (      5.5238 THz )

 # Irred. k point   42 : (  0.0833,  0.2500,  0.4167)
   Mode, Frequency 
      1     38.5928 cm^-1  (      1.1570 THz )
      2     41.8972 cm^-1  (      1.2560 THz )
      3     48.1017 cm^-1  (      1.4421 THz )
      4     48.9953 cm^-1  (      1.4688 THz )
      5     51.2830 cm^-1  (      1.5374 THz )
      6     58.9813 cm^-1  (      1.7682 THz )
      7     60.3637 cm^-1  (      1.8097 THz )
      8     66.0185 cm^-1  (      1.9792 THz )
      9     70.8036 cm^-1  (      2.1226 THz )
     10     77.9200 cm^-1  (      2.3360 THz )
     11     82.4544 cm^-1  (      2.4719 THz )
     12    113.8708 cm^-1  (      3.4138 THz )
     13    132.4876 cm^-1  (      3.9719 THz )
     14    160.2300 cm^-1  (      4.8036 THz )
     15    181.4062 cm^-1  (      5.4384 THz )

 # Irred. k point   43 : (  0.0833,  0.2500, -0.5000)
   Mode, Frequency 
      1     40.1180 cm^-1  (      1.2027 THz )
      2     44.2975 cm^-1  (      1.3280 THz )
      3     46.6952 cm^-1  (      1.3999 THz )
      4     48.8862 cm^-1  (      1.4656 THz )
      5     49.8858 cm^-1  (      1.4955 THz )
      6     59.3464 cm^-1  (      1.7792 THz )
      7     60.8551 cm^-1  (      1.8244 THz )
      8     65.7704 cm^-1  (      1.9717 THz )
      9     71.0711 cm^-1  (      2.1307 THz )
     10     78.6331 cm^-1  (      2.3574 THz )
     11     82.0376 cm^-1  (      2.4594 THz )
     12    121.5921 cm^-1  (      3.6452 THz )
     13    127.6388 cm^-1  (      3.8265 THz )
     14    160.1549 cm^-1  (      4.8013 THz )
     15    180.1595 cm^-1  (      5.4010 THz )

 # Irred. k point   44 : (  0.0833,  0.3333,  0.3333)
   Mode, Frequency 
      1     36.6081 cm^-1  (      1.0975 THz )
      2     41.5255 cm^-1  (      1.2449 THz )
      3     47.1967 cm^-1  (      1.4149 THz )
      4     50.4426 cm^-1  (      1.5122 THz )
      5     52.7241 cm^-1  (      1.5806 THz )
      6     58.2004 cm^-1  (      1.7448 THz )
      7     59.6187 cm^-1  (      1.7873 THz )
      8     68.8552 cm^-1  (      2.0642 THz )
      9     68.8739 cm^-1  (      2.0648 THz )
     10     79.1321 cm^-1  (      2.3723 THz )
     11     90.5331 cm^-1  (      2.7141 THz )
     12    105.2756 cm^-1  (      3.1561 THz )
     13    131.2592 cm^-1  (      3.9351 THz )
     14    160.2311 cm^-1  (      4.8036 THz )
     15    182.6378 cm^-1  (      5.4753 THz )

 # Irred. k point   45 : (  0.0833,  0.3333,  0.4167)
   Mode, Frequency 
      1     37.4004 cm^-1  (      1.1212 THz )
      2     44.6987 cm^-1  (      1.3400 THz )
      3     46.6162 cm^-1  (      1.3975 THz )
      4     49.7771 cm^-1  (      1.4923 THz )
      5     51.7428 cm^-1  (      1.5512 THz )
      6     58.4942 cm^-1  (      1.7536 THz )
      7     59.8354 cm^-1  (      1.7938 THz )
      8     68.2294 cm^-1  (      2.0455 THz )
      9     70.2497 cm^-1  (      2.1060 THz )
     10     80.1730 cm^-1  (      2.4035 THz )
     11     92.2979 cm^-1  (      2.7670 THz )
     12    113.7049 cm^-1  (      3.4088 THz )
     13    126.1960 cm^-1  (      3.7833 THz )
     14    159.9608 cm^-1  (      4.7955 THz )
     15    180.3674 cm^-1  (      5.4073 THz )

 # Irred. k point   46 : (  0.0833,  0.3333, -0.5000)
   Mode, Frequency 
      1     37.6311 cm^-1  (      1.1282 THz )
      2     46.4118 cm^-1  (      1.3914 THz )
      3     47.5302 cm^-1  (      1.4249 THz )
      4     48.2961 cm^-1  (      1.4479 THz )
      5     50.8067 cm^-1  (      1.5231 THz )
      6     58.8921 cm^-1  (      1.7655 THz )
      7     59.7747 cm^-1  (      1.7920 THz )
      8     68.0693 cm^-1  (      2.0407 THz )
      9     70.7430 cm^-1  (      2.1208 THz )
     10     80.5148 cm^-1  (      2.4138 THz )
     11     92.1947 cm^-1  (      2.7639 THz )
     12    120.2371 cm^-1  (      3.6046 THz )
     13    121.8603 cm^-1  (      3.6533 THz )
     14    159.7376 cm^-1  (      4.7888 THz )
     15    179.3159 cm^-1  (      5.3758 THz )

 # Irred. k point   47 : (  0.0833,  0.4167,  0.4167)
   Mode, Frequency 
      1     35.7040 cm^-1  (      1.0704 THz )
      2     46.6356 cm^-1  (      1.3981 THz )
      3     47.1419 cm^-1  (      1.4133 THz )
      4     49.1720 cm^-1  (      1.4741 THz )
      5     52.7026 cm^-1  (      1.5800 THz )
      6     58.1435 cm^-1  (      1.7431 THz )
      7     59.2786 cm^-1  (      1.7771 THz )
      8     69.8966 cm^-1  (      2.0954 THz )
      9     69.9411 cm^-1  (      2.0968 THz )
     10     81.2785 cm^-1  (      2.4367 THz )
     11     94.7999 cm^-1  (      2.8420 THz )
     12    117.2510 cm^-1  (      3.5151 THz )
     13    123.3607 cm^-1  (      3.6983 THz )
     14    159.3699 cm^-1  (      4.7778 THz )
     15    178.5344 cm^-1  (      5.3523 THz )

 # Irred. k point   48 : (  0.0833,  0.4167, -0.5000)
   Mode, Frequency 
      1     34.9416 cm^-1  (      1.0475 THz )
      2     47.6812 cm^-1  (      1.4294 THz )
      3     47.7389 cm^-1  (      1.4312 THz )
      4     48.5186 cm^-1  (      1.4546 THz )
      5     52.8532 cm^-1  (      1.5845 THz )
      6     58.4258 cm^-1  (      1.7516 THz )
      7     58.7029 cm^-1  (      1.7599 THz )
      8     69.8316 cm^-1  (      2.0935 THz )
      9     70.5880 cm^-1  (      2.1162 THz )
     10     81.6351 cm^-1  (      2.4474 THz )
     11     94.2273 cm^-1  (      2.8249 THz )
     12    120.3756 cm^-1  (      3.6088 THz )
     13    122.1357 cm^-1  (      3.6615 THz )
     14    158.9620 cm^-1  (      4.7656 THz )
     15    177.6557 cm^-1  (      5.3260 THz )

 # Irred. k point   49 : (  0.0833, -0.5000, -0.5000)
   Mode, Frequency 
      1     33.8463 cm^-1  (      1.0147 THz )
      2     47.7538 cm^-1  (      1.4316 THz )
      3     47.7538 cm^-1  (      1.4316 THz )
      4     49.2903 cm^-1  (      1.4777 THz )
      5     53.7254 cm^-1  (      1.6106 THz )
      6     58.1750 cm^-1  (      1.7440 THz )
      7     58.1750 cm^-1  (      1.7440 THz )
      8     70.5588 cm^-1  (      2.1153 THz )
      9     70.5588 cm^-1  (      2.1153 THz )
     10     82.0024 cm^-1  (      2.4584 THz )
     11     93.2139 cm^-1  (      2.7945 THz )
     12    122.2527 cm^-1  (      3.6650 THz )
     13    122.2527 cm^-1  (      3.6650 THz )
     14    158.4468 cm^-1  (      4.7501 THz )
     15    176.8516 cm^-1  (      5.3019 THz )

 # Irred. k point   50 : (  0.1667,  0.1667,  0.1667)
   Mode, Frequency 
      1     28.5426 cm^-1  (      0.8557 THz )
      2     28.5426 cm^-1  (      0.8557 THz )
      3     45.0198 cm^-1  (      1.3497 THz )
      4     53.5737 cm^-1  (      1.6061 THz )
      5     57.9782 cm^-1  (      1.7381 THz )
      6     57.9782 cm^-1  (      1.7381 THz )
      7     61.3710 cm^-1  (      1.8399 THz )
      8     61.3710 cm^-1  (      1.8399 THz )
      9     62.6561 cm^-1  (      1.8784 THz )
     10     69.9149 cm^-1  (      2.0960 THz )
     11     69.9149 cm^-1  (      2.0960 THz )
     12     86.5573 cm^-1  (      2.5949 THz )
     13    153.7865 cm^-1  (      4.6104 THz )
     14    153.7865 cm^-1  (      4.6104 THz )
     15    190.6070 cm^-1  (      5.7143 THz )

 # Irred. k point   51 : (  0.1667,  0.1667,  0.2500)
   Mode, Frequency 
      1     31.9493 cm^-1  (      0.9578 THz )
      2     32.1505 cm^-1  (      0.9638 THz )
      3     48.6717 cm^-1  (      1.4591 THz )
      4     52.2131 cm^-1  (      1.5653 THz )
      5     56.4476 cm^-1  (      1.6923 THz )
      6     57.3441 cm^-1  (      1.7191 THz )
      7     62.4170 cm^-1  (      1.8712 THz )
      8     62.5582 cm^-1  (      1.8754 THz )
      9     70.1309 cm^-1  (      2.1025 THz )
     10     71.7793 cm^-1  (      2.1519 THz )
     11     74.4714 cm^-1  (      2.2326 THz )
     12     89.7464 cm^-1  (      2.6905 THz )
     13    148.5002 cm^-1  (      4.4519 THz )
     14    154.1384 cm^-1  (      4.6210 THz )
     15    189.4012 cm^-1  (      5.6781 THz )

 # Irred. k point   52 : (  0.1667,  0.1667,  0.3333)
   Mode, Frequency 
      1     35.9771 cm^-1  (      1.0786 THz )
      2     36.0492 cm^-1  (      1.0807 THz )
      3     50.4596 cm^-1  (      1.5127 THz )
      4     50.9988 cm^-1  (      1.5289 THz )
      5     54.3384 cm^-1  (      1.6290 THz )
      6     57.0880 cm^-1  (      1.7115 THz )
      7     63.6766 cm^-1  (      1.9090 THz )
      8     63.7227 cm^-1  (      1.9104 THz )
      9     70.6803 cm^-1  (      2.1189 THz )
     10     73.3531 cm^-1  (      2.1991 THz )
     11     77.6821 cm^-1  (      2.3289 THz )
     12    101.1799 cm^-1  (      3.0333 THz )
     13    143.4585 cm^-1  (      4.3008 THz )
     14    154.4923 cm^-1  (      4.6316 THz )
     15    186.5603 cm^-1  (      5.5929 THz )

 # Irred. k point   53 : (  0.1667,  0.1667,  0.4167)
   Mode, Frequency 
      1     39.5235 cm^-1  (      1.1849 THz )
      2     40.2208 cm^-1  (      1.2058 THz )
      3     49.1792 cm^-1  (      1.4744 THz )
      4     49.9276 cm^-1  (      1.4968 THz )
      5     52.3212 cm^-1  (      1.5686 THz )
      6     57.7699 cm^-1  (      1.7319 THz )
      7     64.6494 cm^-1  (      1.9381 THz )
      8     64.9942 cm^-1  (      1.9485 THz )
      9     71.3334 cm^-1  (      2.1385 THz )
     10     74.3787 cm^-1  (      2.2298 THz )
     11     76.9867 cm^-1  (      2.3080 THz )
     12    114.1859 cm^-1  (      3.4232 THz )
     13    137.8011 cm^-1  (      4.1312 THz )
     14    154.7524 cm^-1  (      4.6394 THz )
     15    183.6848 cm^-1  (      5.5067 THz )

 # Irred. k point   54 : (  0.1667,  0.1667, -0.5000)
   Mode, Frequency 
      1     41.1789 cm^-1  (      1.2345 THz )
      2     42.9430 cm^-1  (      1.2874 THz )
      3     47.2681 cm^-1  (      1.4171 THz )
      4     49.2021 cm^-1  (      1.4750 THz )
      5     51.5279 cm^-1  (      1.5448 THz )
      6     58.2091 cm^-1  (      1.7451 THz )
      7     65.0117 cm^-1  (      1.9490 THz )
      8     65.4958 cm^-1  (      1.9635 THz )
      9     71.9367 cm^-1  (      2.1566 THz )
     10     74.7324 cm^-1  (      2.2404 THz )
     11     76.2117 cm^-1  (      2.2848 THz )
     12    121.5279 cm^-1  (      3.6433 THz )
     13    133.3658 cm^-1  (      3.9982 THz )
     14    154.8479 cm^-1  (      4.6422 THz )
     15    182.4660 cm^-1  (      5.4702 THz )

 # Irred. k point   55 : (  0.1667,  0.2500,  0.2500)
   Mode, Frequency 
      1     33.9649 cm^-1  (      1.0182 THz )
      2     35.0291 cm^-1  (      1.0501 THz )
      3     50.3386 cm^-1  (      1.5091 THz )
      4     50.8201 cm^-1  (      1.5235 THz )
      5     55.7265 cm^-1  (      1.6706 THz )
      6     55.7996 cm^-1  (      1.6728 THz )
      7     63.1353 cm^-1  (      1.8927 THz )
      8     70.2884 cm^-1  (      2.1072 THz )
      9     72.5261 cm^-1  (      2.1743 THz )
     10     73.9642 cm^-1  (      2.2174 THz )
     11     78.1889 cm^-1  (      2.3440 THz )
     12     91.9987 cm^-1  (      2.7581 THz )
     13    143.5910 cm^-1  (      4.3047 THz )
     14    152.0725 cm^-1  (      4.5590 THz )
     15    189.2681 cm^-1  (      5.6741 THz )

 # Irred. k point   56 : (  0.1667,  0.2500,  0.3333)
   Mode, Frequency 
      1     36.5375 cm^-1  (      1.0954 THz )
      2     38.3990 cm^-1  (      1.1512 THz )
      3     48.6274 cm^-1  (      1.4578 THz )
      4     51.5414 cm^-1  (      1.5452 THz )
      5     53.7240 cm^-1  (      1.6106 THz )
      6     55.5206 cm^-1  (      1.6645 THz )
      7     64.3845 cm^-1  (      1.9302 THz )
      8     70.2788 cm^-1  (      2.1069 THz )
      9     73.8563 cm^-1  (      2.2142 THz )
     10     76.3187 cm^-1  (      2.2880 THz )
     11     82.2326 cm^-1  (      2.4653 THz )
     12    101.4072 cm^-1  (      3.0401 THz )
     13    137.6344 cm^-1  (      4.1262 THz )
     14    151.7101 cm^-1  (      4.5482 THz )
     15    187.2937 cm^-1  (      5.6149 THz )

 # Irred. k point   57 : (  0.1667,  0.2500,  0.4167)
   Mode, Frequency 
      1     39.2604 cm^-1  (      1.1770 THz )
      2     41.7395 cm^-1  (      1.2513 THz )
      3     47.7704 cm^-1  (      1.4321 THz )
      4     50.0820 cm^-1  (      1.5014 THz )
      5     51.4031 cm^-1  (      1.5410 THz )
      6     55.9217 cm^-1  (      1.6765 THz )
      7     65.6280 cm^-1  (      1.9675 THz )
      8     69.8468 cm^-1  (      2.0940 THz )
      9     74.8019 cm^-1  (      2.2425 THz )
     10     77.7767 cm^-1  (      2.3317 THz )
     11     82.4318 cm^-1  (      2.4712 THz )
     12    113.3738 cm^-1  (      3.3989 THz )
     13    131.4928 cm^-1  (      3.9421 THz )
     14    151.5419 cm^-1  (      4.5431 THz )
     15    184.9415 cm^-1  (      5.5444 THz )

 # Irred. k point   58 : (  0.1667,  0.2500, -0.5000)
   Mode, Frequency 
      1     40.5440 cm^-1  (      1.2155 THz )
      2     43.7821 cm^-1  (      1.3126 THz )
      3     47.6721 cm^-1  (      1.4292 THz )
      4     48.7965 cm^-1  (      1.4629 THz )
      5     49.8403 cm^-1  (      1.4942 THz )
      6     56.1666 cm^-1  (      1.6838 THz )
      7     66.1477 cm^-1  (      1.9831 THz )
      8     69.7245 cm^-1  (      2.0903 THz )
      9     75.0885 cm^-1  (      2.2511 THz )
     10     78.4125 cm^-1  (      2.3507 THz )
     11     82.1601 cm^-1  (      2.4631 THz )
     12    121.7351 cm^-1  (      3.6495 THz )
     13    125.5892 cm^-1  (      3.7651 THz )
     14    151.4635 cm^-1  (      4.5408 THz )
     15    183.8903 cm^-1  (      5.5129 THz )

 # Irred. k point   59 : (  0.1667,  0.3333,  0.3333)
   Mode, Frequency 
      1     37.1554 cm^-1  (      1.1139 THz )
      2     41.1889 cm^-1  (      1.2348 THz )
      3     46.3834 cm^-1  (      1.3905 THz )
      4     51.1934 cm^-1  (      1.5347 THz )
      5     53.8112 cm^-1  (      1.6132 THz )
      6     54.0095 cm^-1  (      1.6192 THz )
      7     65.2748 cm^-1  (      1.9569 THz )
      8     72.5601 cm^-1  (      2.1753 THz )
      9     73.3088 cm^-1  (      2.1977 THz )
     10     78.8115 cm^-1  (      2.3627 THz )
     11     90.2685 cm^-1  (      2.7062 THz )
     12    105.0520 cm^-1  (      3.1494 THz )
     13    131.4767 cm^-1  (      3.9416 THz )
     14    150.5449 cm^-1  (      4.5132 THz )
     15    186.0576 cm^-1  (      5.5779 THz )

 # Irred. k point   60 : (  0.1667,  0.3333,  0.4167)
   Mode, Frequency 
      1     37.6447 cm^-1  (      1.1286 THz )
      2     43.9249 cm^-1  (      1.3168 THz )
      3     45.8567 cm^-1  (      1.3747 THz )
      4     49.4389 cm^-1  (      1.4821 THz )
      5     52.0878 cm^-1  (      1.5616 THz )
      6     54.4945 cm^-1  (      1.6337 THz )
      7     65.9941 cm^-1  (      1.9785 THz )
      8     72.3854 cm^-1  (      2.1701 THz )
      9     74.3725 cm^-1  (      2.2296 THz )
     10     80.0277 cm^-1  (      2.3992 THz )
     11     91.9908 cm^-1  (      2.7578 THz )
     12    113.3802 cm^-1  (      3.3991 THz )
     13    126.3316 cm^-1  (      3.7873 THz )
     14    149.7276 cm^-1  (      4.4887 THz )
     15    184.1894 cm^-1  (      5.5219 THz )

 # Irred. k point   61 : (  0.1667,  0.3333, -0.5000)
   Mode, Frequency 
      1     37.7431 cm^-1  (      1.1315 THz )
      2     45.4396 cm^-1  (      1.3622 THz )
      3     47.1079 cm^-1  (      1.4123 THz )
      4     47.3637 cm^-1  (      1.4199 THz )
      5     50.9751 cm^-1  (      1.5282 THz )
      6     54.7314 cm^-1  (      1.6408 THz )
      7     66.2589 cm^-1  (      1.9864 THz )
      8     72.2485 cm^-1  (      2.1660 THz )
      9     74.8535 cm^-1  (      2.2441 THz )
     10     80.4292 cm^-1  (      2.4112 THz )
     11     91.9044 cm^-1  (      2.7552 THz )
     12    119.6890 cm^-1  (      3.5882 THz )
     13    122.0589 cm^-1  (      3.6592 THz )
     14    149.3435 cm^-1  (      4.4772 THz )
     15    183.3060 cm^-1  (      5.4954 THz )

 # Irred. k point   62 : (  0.1667,  0.4167,  0.4167)
   Mode, Frequency 
      1     35.6794 cm^-1  (      1.0696 THz )
      2     45.7800 cm^-1  (      1.3724 THz )
      3     46.1611 cm^-1  (      1.3839 THz )
      4     48.2582 cm^-1  (      1.4467 THz )
      5     52.6361 cm^-1  (      1.5780 THz )
      6     53.1568 cm^-1  (      1.5936 THz )
      7     66.1887 cm^-1  (      1.9843 THz )
      8     74.0261 cm^-1  (      2.2192 THz )
      9     74.1701 cm^-1  (      2.2236 THz )
     10     81.2350 cm^-1  (      2.4354 THz )
     11     94.4715 cm^-1  (      2.8322 THz )
     12    117.1611 cm^-1  (      3.5124 THz )
     13    123.6932 cm^-1  (      3.7082 THz )
     14    148.2647 cm^-1  (      4.4449 THz )
     15    182.6737 cm^-1  (      5.4764 THz )

 # Irred. k point   63 : (  0.1667,  0.4167, -0.5000)
   Mode, Frequency 
      1     34.8316 cm^-1  (      1.0442 THz )
      2     46.8063 cm^-1  (      1.4032 THz )
      3     46.8550 cm^-1  (      1.4047 THz )
      4     47.4543 cm^-1  (      1.4226 THz )
      5     51.8974 cm^-1  (      1.5558 THz )
      6     53.2239 cm^-1  (      1.5956 THz )
      7     66.2505 cm^-1  (      1.9861 THz )
      8     74.0268 cm^-1  (      2.2193 THz )
      9     74.7505 cm^-1  (      2.2410 THz )
     10     81.6278 cm^-1  (      2.4471 THz )
     11     93.9888 cm^-1  (      2.8177 THz )
     12    120.4512 cm^-1  (      3.6110 THz )
     13    122.3652 cm^-1  (      3.6684 THz )
     14    147.5359 cm^-1  (      4.4230 THz )
     15    181.9220 cm^-1  (      5.4539 THz )

 # Irred. k point   64 : (  0.1667, -0.5000, -0.5000)
   Mode, Frequency 
      1     33.6639 cm^-1  (      1.0092 THz )
      2     46.7626 cm^-1  (      1.4019 THz )
      3     46.7626 cm^-1  (      1.4019 THz )
      4     48.5997 cm^-1  (      1.4570 THz )
      5     52.2467 cm^-1  (      1.5663 THz )
      6     52.2467 cm^-1  (      1.5663 THz )
      7     66.2423 cm^-1  (      1.9859 THz )
      8     74.7356 cm^-1  (      2.2405 THz )
      9     74.7356 cm^-1  (      2.2405 THz )
     10     82.0207 cm^-1  (      2.4589 THz )
     11     93.1258 cm^-1  (      2.7918 THz )
     12    122.4914 cm^-1  (      3.6722 THz )
     13    122.4914 cm^-1  (      3.6722 THz )
     14    146.6030 cm^-1  (      4.3950 THz )
     15    181.2220 cm^-1  (      5.4329 THz )

 # Irred. k point   65 : (  0.2500,  0.2500,  0.2500)
   Mode, Frequency 
      1     36.0086 cm^-1  (      1.0795 THz )
      2     36.0086 cm^-1  (      1.0795 THz )
      3     48.5239 cm^-1  (      1.4547 THz )
      4     52.2117 cm^-1  (      1.5653 THz )
      5     53.5850 cm^-1  (      1.6064 THz )
      6     53.5850 cm^-1  (      1.6064 THz )
      7     72.8186 cm^-1  (      2.1830 THz )
      8     72.8186 cm^-1  (      2.1830 THz )
      9     73.3351 cm^-1  (      2.1985 THz )
     10     78.5509 cm^-1  (      2.3549 THz )
     11     78.5509 cm^-1  (      2.3549 THz )
     12     93.7192 cm^-1  (      2.8096 THz )
     13    143.7683 cm^-1  (      4.3101 THz )
     14    143.7683 cm^-1  (      4.3101 THz )
     15    189.6862 cm^-1  (      5.6866 THz )

 # Irred. k point   66 : (  0.2500,  0.2500,  0.3333)
   Mode, Frequency 
      1     37.8623 cm^-1  (      1.1351 THz )
      2     38.3313 cm^-1  (      1.1491 THz )
      3     46.6959 cm^-1  (      1.3999 THz )
      4     51.5099 cm^-1  (      1.5442 THz )
      5     51.5686 cm^-1  (      1.5460 THz )
      6     53.0956 cm^-1  (      1.5918 THz )
      7     72.5112 cm^-1  (      2.1738 THz )
      8     74.9755 cm^-1  (      2.2477 THz )
      9     76.2346 cm^-1  (      2.2855 THz )
     10     78.8164 cm^-1  (      2.3629 THz )
     11     83.5770 cm^-1  (      2.5056 THz )
     12    101.6908 cm^-1  (      3.0486 THz )
     13    136.2486 cm^-1  (      4.0846 THz )
     14    143.9516 cm^-1  (      4.3156 THz )
     15    188.2507 cm^-1  (      5.6436 THz )

 # Irred. k point   67 : (  0.2500,  0.2500,  0.4167)
   Mode, Frequency 
      1     40.2596 cm^-1  (      1.2070 THz )
      2     40.5314 cm^-1  (      1.2151 THz )
      3     45.9499 cm^-1  (      1.3775 THz )
      4     49.2736 cm^-1  (      1.4772 THz )
      5     49.4860 cm^-1  (      1.4836 THz )
      6     53.2199 cm^-1  (      1.5955 THz )
      7     72.3814 cm^-1  (      2.1699 THz )
      8     76.7082 cm^-1  (      2.2997 THz )
      9     77.6716 cm^-1  (      2.3285 THz )
     10     78.7143 cm^-1  (      2.3598 THz )
     11     84.2700 cm^-1  (      2.5264 THz )
     12    112.6201 cm^-1  (      3.3763 THz )
     13    129.3271 cm^-1  (      3.8771 THz )
     14    144.0896 cm^-1  (      4.3197 THz )
     15    186.2744 cm^-1  (      5.5844 THz )

 # Irred. k point   68 : (  0.2500,  0.2500, -0.5000)
   Mode, Frequency 
      1     40.9291 cm^-1  (      1.2270 THz )
      2     42.3197 cm^-1  (      1.2687 THz )
      3     46.8784 cm^-1  (      1.4054 THz )
      4     47.3008 cm^-1  (      1.4180 THz )
      5     47.9580 cm^-1  (      1.4377 THz )
      6     53.2348 cm^-1  (      1.5959 THz )
      7     72.4125 cm^-1  (      2.1709 THz )
      8     77.7323 cm^-1  (      2.3304 THz )
      9     78.1333 cm^-1  (      2.3424 THz )
     10     78.2678 cm^-1  (      2.3464 THz )
     11     84.2273 cm^-1  (      2.5251 THz )
     12    121.7639 cm^-1  (      3.6504 THz )
     13    122.0174 cm^-1  (      3.6580 THz )
     14    144.1409 cm^-1  (      4.3212 THz )
     15    185.3549 cm^-1  (      5.5568 THz )

 # Irred. k point   69 : (  0.2500,  0.3333,  0.3333)
   Mode, Frequency 
      1     38.0261 cm^-1  (      1.1400 THz )
      2     40.0334 cm^-1  (      1.2002 THz )
      3     44.5377 cm^-1  (      1.3352 THz )
      4     49.5688 cm^-1  (      1.4860 THz )
      5     50.1644 cm^-1  (      1.5039 THz )
      6     52.4181 cm^-1  (      1.5715 THz )
      7     74.9677 cm^-1  (      2.2475 THz )
      8     75.7857 cm^-1  (      2.2720 THz )
      9     78.3693 cm^-1  (      2.3495 THz )
     10     80.5212 cm^-1  (      2.4140 THz )
     11     89.8760 cm^-1  (      2.6944 THz )
     12    105.2221 cm^-1  (      3.1545 THz )
     13    131.7888 cm^-1  (      3.9509 THz )
     14    140.5389 cm^-1  (      4.2132 THz )
     15    187.2918 cm^-1  (      5.6149 THz )

 # Irred. k point   70 : (  0.2500,  0.3333,  0.4167)
   Mode, Frequency 
      1     38.0677 cm^-1  (      1.1412 THz )
      2     41.8655 cm^-1  (      1.2551 THz )
      3     44.0125 cm^-1  (      1.3195 THz )
      4     47.5822 cm^-1  (      1.4265 THz )
      5     48.7890 cm^-1  (      1.4627 THz )
      6     51.7219 cm^-1  (      1.5506 THz )
      7     75.2197 cm^-1  (      2.2550 THz )
      8     77.3205 cm^-1  (      2.3180 THz )
      9     79.7251 cm^-1  (      2.3901 THz )
     10     80.4429 cm^-1  (      2.4116 THz )
     11     91.6324 cm^-1  (      2.7471 THz )
     12    112.9679 cm^-1  (      3.3867 THz )
     13    126.4111 cm^-1  (      3.7897 THz )
     14    139.6721 cm^-1  (      4.1873 THz )
     15    185.6434 cm^-1  (      5.5655 THz )

 # Irred. k point   71 : (  0.2500,  0.3333, -0.5000)
   Mode, Frequency 
      1     37.9459 cm^-1  (      1.1376 THz )
      2     42.7858 cm^-1  (      1.2827 THz )
      3     45.2459 cm^-1  (      1.3564 THz )
      4     45.8187 cm^-1  (      1.3736 THz )
      5     47.9116 cm^-1  (      1.4364 THz )
      6     51.4141 cm^-1  (      1.5414 THz )
      7     75.2347 cm^-1  (      2.2555 THz )
      8     78.0801 cm^-1  (      2.3408 THz )
      9     80.0197 cm^-1  (      2.3989 THz )
     10     80.4055 cm^-1  (      2.4105 THz )
     11     91.5907 cm^-1  (      2.7458 THz )
     12    118.5446 cm^-1  (      3.5539 THz )
     13    122.3929 cm^-1  (      3.6692 THz )
     14    139.4351 cm^-1  (      4.1802 THz )
     15    184.8407 cm^-1  (      5.5414 THz )

 # Irred. k point   72 : (  0.2500,  0.4167,  0.4167)
   Mode, Frequency 
      1     35.6730 cm^-1  (      1.0694 THz )
      2     43.4068 cm^-1  (      1.3013 THz )
      3     43.4583 cm^-1  (      1.3028 THz )
      4     46.4443 cm^-1  (      1.3924 THz )
      5     48.2283 cm^-1  (      1.4458 THz )
      6     50.3309 cm^-1  (      1.5089 THz )
      7     77.1010 cm^-1  (      2.3114 THz )
      8     77.4116 cm^-1  (      2.3207 THz )
      9     80.1721 cm^-1  (      2.4035 THz )
     10     81.2830 cm^-1  (      2.4368 THz )
     11     94.0123 cm^-1  (      2.8184 THz )
     12    116.9698 cm^-1  (      3.5067 THz )
     13    124.1708 cm^-1  (      3.7225 THz )
     14    137.2774 cm^-1  (      4.1155 THz )
     15    184.2308 cm^-1  (      5.5231 THz )

 # Irred. k point   73 : (  0.2500,  0.4167, -0.5000)
   Mode, Frequency 
      1     34.6911 cm^-1  (      1.0400 THz )
      2     43.6071 cm^-1  (      1.3073 THz )
      3     44.0882 cm^-1  (      1.3217 THz )
      4     46.1064 cm^-1  (      1.3822 THz )
      5     47.8655 cm^-1  (      1.4350 THz )
      6     49.6076 cm^-1  (      1.4872 THz )
      7     77.2547 cm^-1  (      2.3160 THz )
      8     78.0903 cm^-1  (      2.3411 THz )
      9     80.0444 cm^-1  (      2.3997 THz )
     10     81.6898 cm^-1  (      2.4490 THz )
     11     93.6580 cm^-1  (      2.8078 THz )
     12    120.3947 cm^-1  (      3.6093 THz )
     13    122.7228 cm^-1  (      3.6791 THz )
     14    136.3039 cm^-1  (      4.0863 THz )
     15    183.5153 cm^-1  (      5.5016 THz )

 # Irred. k point   74 : (  0.2500, -0.5000, -0.5000)
   Mode, Frequency 
      1     33.4130 cm^-1  (      1.0017 THz )
      2     43.7633 cm^-1  (      1.3120 THz )
      3     43.7633 cm^-1  (      1.3120 THz )
      4     47.5194 cm^-1  (      1.4246 THz )
      5     47.8384 cm^-1  (      1.4342 THz )
      6     47.8384 cm^-1  (      1.4342 THz )
      7     78.1138 cm^-1  (      2.3418 THz )
      8     78.1138 cm^-1  (      2.3418 THz )
      9     79.9050 cm^-1  (      2.3955 THz )
     10     82.1111 cm^-1  (      2.4616 THz )
     11     93.0052 cm^-1  (      2.7882 THz )
     12    122.8546 cm^-1  (      3.6831 THz )
     13    122.8546 cm^-1  (      3.6831 THz )
     14    134.7271 cm^-1  (      4.0390 THz )
     15    182.8328 cm^-1  (      5.4812 THz )

 # Irred. k point   75 : (  0.3333,  0.3333,  0.3333)
   Mode, Frequency 
      1     39.0097 cm^-1  (      1.1695 THz )
      2     39.0097 cm^-1  (      1.1695 THz )
      3     41.9396 cm^-1  (      1.2573 THz )
      4     47.7667 cm^-1  (      1.4320 THz )
      5     47.7667 cm^-1  (      1.4320 THz )
      6     51.4176 cm^-1  (      1.5415 THz )
      7     77.8976 cm^-1  (      2.3353 THz )
      8     78.3409 cm^-1  (      2.3486 THz )
      9     78.3409 cm^-1  (      2.3486 THz )
     10     89.4062 cm^-1  (      2.6803 THz )
     11     89.4062 cm^-1  (      2.6803 THz )
     12    107.6802 cm^-1  (      3.2282 THz )
     13    132.1185 cm^-1  (      3.9608 THz )
     14    132.1185 cm^-1  (      3.9608 THz )
     15    186.5736 cm^-1  (      5.5933 THz )

 # Irred. k point   76 : (  0.3333,  0.3333,  0.4167)
   Mode, Frequency 
      1     38.6309 cm^-1  (      1.1581 THz )
      2     38.6334 cm^-1  (      1.1582 THz )
      3     41.2561 cm^-1  (      1.2368 THz )
      4     46.0316 cm^-1  (      1.3800 THz )
      5     46.9793 cm^-1  (      1.4084 THz )
      6     50.1378 cm^-1  (      1.5031 THz )
      7     78.0838 cm^-1  (      2.3409 THz )
      8     79.6435 cm^-1  (      2.3877 THz )
      9     80.0653 cm^-1  (      2.4003 THz )
     10     88.9636 cm^-1  (      2.6671 THz )
     11     92.0146 cm^-1  (      2.7585 THz )
     12    113.5864 cm^-1  (      3.4052 THz )
     13    126.0689 cm^-1  (      3.7794 THz )
     14    132.3710 cm^-1  (      3.9684 THz )
     15    185.0945 cm^-1  (      5.5490 THz )

 # Irred. k point   77 : (  0.3333,  0.3333, -0.5000)
   Mode, Frequency 
      1     37.9047 cm^-1  (      1.1364 THz )
      2     38.6392 cm^-1  (      1.1584 THz )
      3     41.8541 cm^-1  (      1.2548 THz )
      4     45.1502 cm^-1  (      1.3536 THz )
      5     46.8638 cm^-1  (      1.4049 THz )
      6     49.4282 cm^-1  (      1.4818 THz )
      7     78.0842 cm^-1  (      2.3409 THz )
      8     80.1449 cm^-1  (      2.4027 THz )
      9     80.6971 cm^-1  (      2.4192 THz )
     10     88.7655 cm^-1  (      2.6611 THz )
     11     92.0753 cm^-1  (      2.7603 THz )
     12    117.7244 cm^-1  (      3.5293 THz )
     13    122.7944 cm^-1  (      3.6813 THz )
     14    132.4658 cm^-1  (      3.9712 THz )
     15    184.3517 cm^-1  (      5.5267 THz )

 # Irred. k point   78 : (  0.3333,  0.4167,  0.4167)
   Mode, Frequency 
      1     35.7078 cm^-1  (      1.0705 THz )
      2     39.1159 cm^-1  (      1.1727 THz )
      3     39.2805 cm^-1  (      1.1776 THz )
      4     45.4881 cm^-1  (      1.3637 THz )
      5     46.2174 cm^-1  (      1.3856 THz )
      6     48.6179 cm^-1  (      1.4575 THz )
      7     79.7746 cm^-1  (      2.3916 THz )
      8     79.9341 cm^-1  (      2.3964 THz )
      9     81.3447 cm^-1  (      2.4387 THz )
     10     89.9683 cm^-1  (      2.6972 THz )
     11     93.5284 cm^-1  (      2.8039 THz )
     12    117.1220 cm^-1  (      3.5112 THz )
     13    124.6745 cm^-1  (      3.7376 THz )
     14    129.1449 cm^-1  (      3.8717 THz )
     15    183.7314 cm^-1  (      5.5081 THz )

 # Irred. k point   79 : (  0.3333,  0.4167, -0.5000)
   Mode, Frequency 
      1     34.5628 cm^-1  (      1.0362 THz )
      2     38.5238 cm^-1  (      1.1549 THz )
      3     39.4304 cm^-1  (      1.1821 THz )
      4     45.2820 cm^-1  (      1.3575 THz )
      5     46.3263 cm^-1  (      1.3888 THz )
      6     47.7030 cm^-1  (      1.4301 THz )
      7     79.8877 cm^-1  (      2.3950 THz )
      8     80.4772 cm^-1  (      2.4126 THz )
      9     81.8326 cm^-1  (      2.4533 THz )
     10     89.8867 cm^-1  (      2.6947 THz )
     11     93.3148 cm^-1  (      2.7975 THz )
     12    120.1525 cm^-1  (      3.6021 THz )
     13    123.1283 cm^-1  (      3.6913 THz )
     14    128.4308 cm^-1  (      3.8503 THz )
     15    183.0299 cm^-1  (      5.4871 THz )

 # Irred. k point   80 : (  0.3333, -0.5000, -0.5000)
   Mode, Frequency 
      1     33.1603 cm^-1  (      0.9941 THz )
      2     38.5998 cm^-1  (      1.1572 THz )
      3     38.5998 cm^-1  (      1.1572 THz )
      4     46.1356 cm^-1  (      1.3831 THz )
      5     46.1356 cm^-1  (      1.3831 THz )
      6     46.2852 cm^-1  (      1.3876 THz )
      7     80.5432 cm^-1  (      2.4146 THz )
      8     80.5432 cm^-1  (      2.4146 THz )
      9     82.2686 cm^-1  (      2.4664 THz )
     10     89.8488 cm^-1  (      2.6936 THz )
     11     92.8845 cm^-1  (      2.7846 THz )
     12    123.2585 cm^-1  (      3.6952 THz )
     13    123.2585 cm^-1  (      3.6952 THz )
     14    125.9822 cm^-1  (      3.7769 THz )
     15    182.3432 cm^-1  (      5.4665 THz )

 # Irred. k point   81 : (  0.4167,  0.4167,  0.4167)
   Mode, Frequency 
      1     35.6634 cm^-1  (      1.0692 THz )
      2     35.8297 cm^-1  (      1.0741 THz )
      3     35.8297 cm^-1  (      1.0741 THz )
      4     45.2575 cm^-1  (      1.3568 THz )
      5     45.2575 cm^-1  (      1.3568 THz )
      6     47.1282 cm^-1  (      1.4129 THz )
      7     81.2244 cm^-1  (      2.4350 THz )
      8     81.5125 cm^-1  (      2.4437 THz )
      9     81.5125 cm^-1  (      2.4437 THz )
     10     93.1462 cm^-1  (      2.7925 THz )
     11     93.1462 cm^-1  (      2.7925 THz )
     12    119.1770 cm^-1  (      3.5728 THz )
     13    125.0593 cm^-1  (      3.7492 THz )
     14    125.0593 cm^-1  (      3.7492 THz )
     15    182.3896 cm^-1  (      5.4679 THz )

 # Irred. k point   82 : (  0.4167,  0.4167, -0.5000)
   Mode, Frequency 
      1     34.3598 cm^-1  (      1.0301 THz )
      2     34.6343 cm^-1  (      1.0383 THz )
      3     35.8099 cm^-1  (      1.0736 THz )
      4     44.9303 cm^-1  (      1.3470 THz )
      5     45.5093 cm^-1  (      1.3643 THz )
      6     46.2450 cm^-1  (      1.3864 THz )
      7     81.4615 cm^-1  (      2.4422 THz )
      8     81.8290 cm^-1  (      2.4532 THz )
      9     82.0553 cm^-1  (      2.4600 THz )
     10     92.9974 cm^-1  (      2.7880 THz )
     11     93.0450 cm^-1  (      2.7894 THz )
     12    121.2606 cm^-1  (      3.6353 THz )
     13    123.4539 cm^-1  (      3.7011 THz )
     14    125.2034 cm^-1  (      3.7535 THz )
     15    181.6915 cm^-1  (      5.4470 THz )

 # Irred. k point   83 : (  0.4167, -0.5000, -0.5000)
   Mode, Frequency 
      1     32.9740 cm^-1  (      0.9885 THz )
      2     34.4713 cm^-1  (      1.0334 THz )
      3     34.4713 cm^-1  (      1.0334 THz )
      4     45.2221 cm^-1  (      1.3557 THz )
      5     45.2221 cm^-1  (      1.3557 THz )
      6     45.2863 cm^-1  (      1.3576 THz )
      7     81.9996 cm^-1  (      2.4583 THz )
      8     81.9996 cm^-1  (      2.4583 THz )
      9     82.4212 cm^-1  (      2.4709 THz )
     10     92.7960 cm^-1  (      2.7820 THz )
     11     92.9655 cm^-1  (      2.7870 THz )
     12    123.3709 cm^-1  (      3.6986 THz )
     13    123.5789 cm^-1  (      3.7048 THz )
     14    123.5789 cm^-1  (      3.7048 THz )
     15    180.9927 cm^-1  (      5.4260 THz )

 # Irred. k point   84 : ( -0.5000, -0.5000, -0.5000)
   Mode, Frequency 
      1     32.9056 cm^-1  (      0.9865 THz )
      2     32.9056 cm^-1  (      0.9865 THz )
      3     32.9056 cm^-1  (      0.9865 THz )
      4     44.9007 cm^-1  (      1.3461 THz )
      5     44.9007 cm^-1  (      1.3461 THz )
      6     44.9007 cm^-1  (      1.3461 THz )
      7     82.4842 cm^-1  (      2.4728 THz )
      8     82.4842 cm^-1  (      2.4728 THz )
      9     82.4842 cm^-1  (      2.4728 THz )
     10     92.7636 cm^-1  (      2.7810 THz )
     11     92.7636 cm^-1  (      2.7810 THz )
     12    123.7012 cm^-1  (      3.7085 THz )
     13    123.7012 cm^-1  (      3.7085 THz )
     14    123.7012 cm^-1  (      3.7085 THz )
     15    180.2866 cm^-1  (      5.4049 THz )


 -----------------------------------------------------------------

 ANIME-tag is given: Making animation files for the given
                     k point ( 0.0000, 0.0000, 0.0000).
 ANIME_CELLSIZE =   2  2  2
 ANIME_FORMAT = XSF

 -----------------------------------------------------------------

 The following files are created: 
  pc_dos.phvel_all   : Phonon velocity at all k points
  pc_dos.dos         : Phonon DOS and atom projected DOS
  pc_dos.tdos        : Two-phonon DOS
  pc_dos.sps_Bose    : Three-phonon scattering phase space 
                       with the Bose distribution function
  pc_dos.thermo      : Thermodynamic quantities
  pc_dos.msd         : Mean-square-displacement (MSD)
  pc_dos.gru_all     : Gruneisen parameters at all k points
  pc_dos.anime*.axsf : AXSF files for animate phonon modes

 Job finished at Mon Dec 14 00:36:31 2020

