 +-----------------------------------------------------------------+
 +                         Program ANPHON                          +
 +                             Ver.  1.1.0                         +
 +-----------------------------------------------------------------+

 Job started at Thu Nov 12 19:58:05 2020

 The number of MPI processes: 1
 The number of OpenMP threads: 24


 Input variables:
 -----------------------------------------------------------------
 General:
  PREFIX = pc_dos
  MODE = PHONONS
  FCSXML = uc.xml
  FC2XML = uc_2nd_600K.xml

  NKD = 3; KD =   Br  Cs  Sn
  MASS =     79.904    132.91    118.71
  NSYM = 0; TOLERANCE = 1e-06; PRINTSYM = 0

  NONANALYTIC = 3
  BORNINFO = BORN; NA_SIGMA = 0.1

  TMIN = 0; TMAX = 1000; DT = 10
  EMIN = 0; EMAX = 1200; DELTA_E = 2

  ISMEAR = -1; EPSILON = 2

  CLASSICAL = 0
  BCONNECT = 2


 Kpoint:
  KPMODE (1st entry for &kpoint) = 2


 Analysis:
  PRINTVEL = 1
  PRINTVEC = 0
  PRINTXSF = 0

  ANIME =     0    0    0
  ANIME_CELL =     2    2    2
  ANIME_FORMAT = XSF

  PDOS = 1; TDOS = 1
  PRINTMSD = 1
  SPS = 2

  GRUNEISEN = 1
  NEWFCS = 0


 -----------------------------------------------------------------

                      MODE = phonons                         
                                                             
      Phonon calculation within harmonic approximation       
      Harmonic force constants will be used.                 

      GRUNEISEN = 1 : Cubic force constants are necessary.

 -----------------------------------------------------------------

 Crystal structure
 =================

 Lattice Vectors:

 * Supercell (from uc.xml )

    2.175705e+01   0.000000e+00   0.000000e+00 : a1
    0.000000e+00   2.175705e+01   0.000000e+00 : a2
    0.000000e+00   0.000000e+00   2.175705e+01 : a3

    2.887884e-01   0.000000e+00   0.000000e+00 : b1
    0.000000e+00   2.887884e-01   0.000000e+00 : b2
    0.000000e+00   0.000000e+00   2.887884e-01 : b3

 * Primitive cell 

    1.087853e+01   0.000000e+00  -0.000000e+00 : a1
   -0.000000e+00   1.087853e+01  -0.000000e+00 : a2
   -0.000000e+00   0.000000e+00   1.087853e+01 : a3

    5.775769e-01   0.000000e+00   0.000000e+00 : b1
   -0.000000e+00   5.775769e-01  -0.000000e+00 : b2
    0.000000e+00   0.000000e+00   5.775769e-01 : b3


  Volume of the primitive cell : 1.287390e+03 (a.u.)^3

  Number of atoms in the supercell     : 40
  Number of atoms in the primitive cell: 5


  FC2XML is given: Harmonic IFCs will be replaced by the values in uc_2nd_600K.xml

 * Supercell for HARMONIC (from uc_2nd_600K.xml )

    2.175705e+01   0.000000e+00   0.000000e+00 : a1
    0.000000e+00   2.175705e+01   0.000000e+00 : a2
    0.000000e+00   0.000000e+00   2.175705e+01 : a3

    2.887884e-01   0.000000e+00   0.000000e+00 : b1
    0.000000e+00   2.887884e-01   0.000000e+00 : b2
    0.000000e+00   0.000000e+00   2.887884e-01 : b3

  Number of atoms in the supercell (HARMONIC)   : 40

  Atomic positions in the primitive cell (fractional):
   1:   0.000000e+00   5.000000e-01   5.000000e-01  Br
   2:   5.000000e-01   0.000000e+00   5.000000e-01  Br
   3:   5.000000e-01   5.000000e-01   0.000000e+00  Br
   4:   0.000000e+00   0.000000e+00   0.000000e+00  Cs
   5:   5.000000e-01   5.000000e-01   5.000000e-01  Sn

  Mass of atomic species (u):
  Br:   79.904000
  Cs:  132.910000
  Sn:  118.710000


 Symmetry
 ========

  NSYM = 0 is given: Trying to find symmetry operations.
  Number of symmetry operations : 48

 k points
 ========

  KPMODE = 2: Uniform grid
  Gamma-centered uniform grid with the following mesh density: 
  nk1:  12
  nk2:  12
  nk3:  12

  Number of k points : 1728
  Number of irreducible k points : 84

  List of irreducible k points (reciprocal coordinate, weight) : 
      1:   0.00000e+00   0.00000e+00   0.00000e+00   0.000579
      2:   0.00000e+00   0.00000e+00   8.33333e-02   0.003472
      3:   0.00000e+00   0.00000e+00   1.66667e-01   0.003472
      4:   0.00000e+00   0.00000e+00   2.50000e-01   0.003472
      5:   0.00000e+00   0.00000e+00   3.33333e-01   0.003472
      6:   0.00000e+00   0.00000e+00   4.16667e-01   0.003472
      7:   0.00000e+00   0.00000e+00  -5.00000e-01   0.001736
      8:   0.00000e+00   8.33333e-02   8.33333e-02   0.006944
      9:   0.00000e+00   8.33333e-02   1.66667e-01   0.013889
     10:   0.00000e+00   8.33333e-02   2.50000e-01   0.013889
     11:   0.00000e+00   8.33333e-02   3.33333e-01   0.013889
     12:   0.00000e+00   8.33333e-02   4.16667e-01   0.013889
     13:   0.00000e+00   8.33333e-02  -5.00000e-01   0.006944
     14:   0.00000e+00   1.66667e-01   1.66667e-01   0.006944
     15:   0.00000e+00   1.66667e-01   2.50000e-01   0.013889
     16:   0.00000e+00   1.66667e-01   3.33333e-01   0.013889
     17:   0.00000e+00   1.66667e-01   4.16667e-01   0.013889
     18:   0.00000e+00   1.66667e-01  -5.00000e-01   0.006944
     19:   0.00000e+00   2.50000e-01   2.50000e-01   0.006944
     20:   0.00000e+00   2.50000e-01   3.33333e-01   0.013889
     21:   0.00000e+00   2.50000e-01   4.16667e-01   0.013889
     22:   0.00000e+00   2.50000e-01  -5.00000e-01   0.006944
     23:   0.00000e+00   3.33333e-01   3.33333e-01   0.006944
     24:   0.00000e+00   3.33333e-01   4.16667e-01   0.013889
     25:   0.00000e+00   3.33333e-01  -5.00000e-01   0.006944
     26:   0.00000e+00   4.16667e-01   4.16667e-01   0.006944
     27:   0.00000e+00   4.16667e-01  -5.00000e-01   0.006944
     28:   0.00000e+00  -5.00000e-01  -5.00000e-01   0.001736
     29:   8.33333e-02   8.33333e-02   8.33333e-02   0.004630
     30:   8.33333e-02   8.33333e-02   1.66667e-01   0.013889
     31:   8.33333e-02   8.33333e-02   2.50000e-01   0.013889
     32:   8.33333e-02   8.33333e-02   3.33333e-01   0.013889
     33:   8.33333e-02   8.33333e-02   4.16667e-01   0.013889
     34:   8.33333e-02   8.33333e-02  -5.00000e-01   0.006944
     35:   8.33333e-02   1.66667e-01   1.66667e-01   0.013889
     36:   8.33333e-02   1.66667e-01   2.50000e-01   0.027778
     37:   8.33333e-02   1.66667e-01   3.33333e-01   0.027778
     38:   8.33333e-02   1.66667e-01   4.16667e-01   0.027778
     39:   8.33333e-02   1.66667e-01  -5.00000e-01   0.013889
     40:   8.33333e-02   2.50000e-01   2.50000e-01   0.013889
     41:   8.33333e-02   2.50000e-01   3.33333e-01   0.027778
     42:   8.33333e-02   2.50000e-01   4.16667e-01   0.027778
     43:   8.33333e-02   2.50000e-01  -5.00000e-01   0.013889
     44:   8.33333e-02   3.33333e-01   3.33333e-01   0.013889
     45:   8.33333e-02   3.33333e-01   4.16667e-01   0.027778
     46:   8.33333e-02   3.33333e-01  -5.00000e-01   0.013889
     47:   8.33333e-02   4.16667e-01   4.16667e-01   0.013889
     48:   8.33333e-02   4.16667e-01  -5.00000e-01   0.013889
     49:   8.33333e-02  -5.00000e-01  -5.00000e-01   0.003472
     50:   1.66667e-01   1.66667e-01   1.66667e-01   0.004630
     51:   1.66667e-01   1.66667e-01   2.50000e-01   0.013889
     52:   1.66667e-01   1.66667e-01   3.33333e-01   0.013889
     53:   1.66667e-01   1.66667e-01   4.16667e-01   0.013889
     54:   1.66667e-01   1.66667e-01  -5.00000e-01   0.006944
     55:   1.66667e-01   2.50000e-01   2.50000e-01   0.013889
     56:   1.66667e-01   2.50000e-01   3.33333e-01   0.027778
     57:   1.66667e-01   2.50000e-01   4.16667e-01   0.027778
     58:   1.66667e-01   2.50000e-01  -5.00000e-01   0.013889
     59:   1.66667e-01   3.33333e-01   3.33333e-01   0.013889
     60:   1.66667e-01   3.33333e-01   4.16667e-01   0.027778
     61:   1.66667e-01   3.33333e-01  -5.00000e-01   0.013889
     62:   1.66667e-01   4.16667e-01   4.16667e-01   0.013889
     63:   1.66667e-01   4.16667e-01  -5.00000e-01   0.013889
     64:   1.66667e-01  -5.00000e-01  -5.00000e-01   0.003472
     65:   2.50000e-01   2.50000e-01   2.50000e-01   0.004630
     66:   2.50000e-01   2.50000e-01   3.33333e-01   0.013889
     67:   2.50000e-01   2.50000e-01   4.16667e-01   0.013889
     68:   2.50000e-01   2.50000e-01  -5.00000e-01   0.006944
     69:   2.50000e-01   3.33333e-01   3.33333e-01   0.013889
     70:   2.50000e-01   3.33333e-01   4.16667e-01   0.027778
     71:   2.50000e-01   3.33333e-01  -5.00000e-01   0.013889
     72:   2.50000e-01   4.16667e-01   4.16667e-01   0.013889
     73:   2.50000e-01   4.16667e-01  -5.00000e-01   0.013889
     74:   2.50000e-01  -5.00000e-01  -5.00000e-01   0.003472
     75:   3.33333e-01   3.33333e-01   3.33333e-01   0.004630
     76:   3.33333e-01   3.33333e-01   4.16667e-01   0.013889
     77:   3.33333e-01   3.33333e-01  -5.00000e-01   0.006944
     78:   3.33333e-01   4.16667e-01   4.16667e-01   0.013889
     79:   3.33333e-01   4.16667e-01  -5.00000e-01   0.013889
     80:   3.33333e-01  -5.00000e-01  -5.00000e-01   0.003472
     81:   4.16667e-01   4.16667e-01   4.16667e-01   0.004630
     82:   4.16667e-01   4.16667e-01  -5.00000e-01   0.006944
     83:   4.16667e-01  -5.00000e-01  -5.00000e-01   0.003472
     84:  -5.00000e-01  -5.00000e-01  -5.00000e-01   0.000579

 Force constant
 ==============

  Reading force constants from the XML file ... done !
  Number of non-zero IFCs for 2 order: 1593
  Number of non-zero IFCs for 3 order: 403788

  Maximum deviation from the translational invariance: 
   Order 2 : 6.434740e-17
   Order 3 : 9.844556e-17


 Dynamical matrix
 ================

  NONANALYTIC = 3 : Non-analytic part of the dynamical matrix will be included 
                    by the Ewald method.

  Dielectric constants and Born effective charges are read from BORN.

  Dielectric constant tensor in Cartesian coordinate : 
   8.718506e+00   0.000000e+00  -0.000000e+00
  -0.000000e+00   8.718506e+00  -0.000000e+00
   0.000000e+00   0.000000e+00   8.718506e+00

  Born effective charge tensor in Cartesian coordinate
  Atom    1( Br) :
      -5.438380      -0.000000       0.000000
       0.000000      -0.494720       0.000000
      -0.000000       0.000000      -0.494720
  Atom    2( Br) :
      -0.494720      -0.000000      -0.000000
      -0.000000      -5.438380       0.000000
      -0.000000       0.000000      -0.494720
  Atom    3( Br) :
      -0.494720      -0.000000       0.000000
      -0.000000      -0.494720       0.000000
       0.000000      -0.000000      -5.438380
  Atom    4( Cs) :
       1.331570      -0.000000      -0.000000
      -0.000000       1.331570      -0.000000
       0.000000      -0.000000       1.331570
  Atom    5( Sn) :
       5.096240       0.000000      -0.000000
      -0.000000       5.096240      -0.000000
      -0.000000       0.000000       5.096240

  WARNING: Born effective charges do not satisfy the acoustic sum rule.
           The born effective charges are modified to satisfy the ASR.

  Symmetrized Born effective charge tensor in Cartesian coordinate.
  Atom    1( Br) :
      -5.438378       0.000000       0.000000
       0.000000      -0.494718       0.000000
       0.000000       0.000000      -0.494718
  Atom    2( Br) :
      -0.494718       0.000000       0.000000
       0.000000      -5.438378       0.000000
       0.000000       0.000000      -0.494718
  Atom    3( Br) :
      -0.494718       0.000000       0.000000
       0.000000      -0.494718       0.000000
       0.000000       0.000000      -5.438378
  Atom    4( Cs) :
       1.331572       0.000000       0.000000
       0.000000       1.331572       0.000000
       0.000000       0.000000       1.331572
  Atom    5( Sn) :
       5.096242       0.000000       0.000000
       0.000000       5.096242       0.000000
       0.000000       0.000000       5.096242

 -----------------------------------------------------------------


  Preparing for the Ewald summation ...

  Inverse dielectric tensor : 
   1.146986e-01  -0.000000e+00   0.000000e+00
   0.000000e+00   1.146986e-01   0.000000e+00
  -0.000000e+00   0.000000e+00   1.146986e-01

  Determinant of epsilon:    6.627141e+02

  Parameters for the Ewald summation :
  - Force constant
    Lambda :    2.679350e-01
    Lmax   :    5.792820e+01
    Gmax   :    9.539748e-01
    Maximum number of real-space cells :   3x  3x  3
    Maximum number of reciprocal cells :   4x  4x  4

  - Dynamical matrix
    Lambda :    5.358700e-01
    Lmax   :    2.896410e+01
    Gmax   :    1.907950e+00
    Maximum number of real-space cells :   3x  3x  3
    Maximum number of reciprocal cells :   4x  4x  4

 Calculating long-range (dipole-dipole) FCs in the supercell ... done.
 Now, move on to phonon calculations.

 Diagonalizing dynamical matrices for all k points ... done!
 Calculating group velocities of phonons on uniform grid ... done!

 ISMEAR = -1: Tetrahedron method will be used.

 PDOS = 1 : Calculating atom-projected phonon DOS ...  done!
 TDOS = 1 : Calculating two-phonon DOS for all irreducible k points.
            This may take a while ... done!
 SPS = 2 : Calculating three-phonon scattering phase space
           with the Bose distribution function ... done!

 GRUNEISEN = 1 : Calculating Gruneisen parameters ... done!

 -----------------------------------------------------------------

 Phonon frequencies below:

 # Irred. k point    1 : (  0.0000,  0.0000,  0.0000)
   Mode, Frequency 
      1      0.0000 cm^-1  (      0.0000 THz )
      2      0.0000 cm^-1  (      0.0000 THz )
      3      0.0000 cm^-1  (      0.0000 THz )
      4      0.0000 cm^-1  (      0.0000 THz )
      5      0.0000 cm^-1  (      0.0000 THz )
      6      0.0000 cm^-1  (      0.0000 THz )
      7     40.4099 cm^-1  (      1.2115 THz )
      8     40.4099 cm^-1  (      1.2115 THz )
      9     40.4099 cm^-1  (      1.2115 THz )
     10     41.0981 cm^-1  (      1.2321 THz )
     11     41.0981 cm^-1  (      1.2321 THz )
     12     41.0981 cm^-1  (      1.2321 THz )
     13     74.1426 cm^-1  (      2.2227 THz )
     14     74.1426 cm^-1  (      2.2227 THz )
     15     74.1426 cm^-1  (      2.2227 THz )

 # Irred. k point    2 : (  0.0000,  0.0000,  0.0833)
   Mode, Frequency 
      1      6.8440 cm^-1  (      0.2052 THz )
      2      6.8440 cm^-1  (      0.2052 THz )
      3     11.8155 cm^-1  (      0.3542 THz )
      4     11.8155 cm^-1  (      0.3542 THz )
      5     14.9025 cm^-1  (      0.4468 THz )
      6     31.3878 cm^-1  (      0.9410 THz )
      7     40.7396 cm^-1  (      1.2213 THz )
      8     40.7396 cm^-1  (      1.2213 THz )
      9     40.7617 cm^-1  (      1.2220 THz )
     10     41.5389 cm^-1  (      1.2453 THz )
     11     41.5389 cm^-1  (      1.2453 THz )
     12     43.7434 cm^-1  (      1.3114 THz )
     13     74.5623 cm^-1  (      2.2353 THz )
     14     74.5623 cm^-1  (      2.2353 THz )
     15    152.7331 cm^-1  (      4.5788 THz )

 # Irred. k point    3 : (  0.0000,  0.0000,  0.1667)
   Mode, Frequency 
      1     13.2481 cm^-1  (      0.3972 THz )
      2     13.2481 cm^-1  (      0.3972 THz )
      3     22.4666 cm^-1  (      0.6735 THz )
      4     22.4666 cm^-1  (      0.6735 THz )
      5     26.3051 cm^-1  (      0.7886 THz )
      6     40.7711 cm^-1  (      1.2223 THz )
      7     40.7711 cm^-1  (      1.2223 THz )
      8     41.7077 cm^-1  (      1.2504 THz )
      9     43.6468 cm^-1  (      1.3085 THz )
     10     43.6468 cm^-1  (      1.3085 THz )
     11     43.9678 cm^-1  (      1.3181 THz )
     12     59.8230 cm^-1  (      1.7934 THz )
     13     75.7392 cm^-1  (      2.2706 THz )
     14     75.7392 cm^-1  (      2.2706 THz )
     15    153.9287 cm^-1  (      4.6147 THz )

 # Irred. k point    4 : (  0.0000,  0.0000,  0.2500)
   Mode, Frequency 
      1     18.9227 cm^-1  (      0.5673 THz )
      2     18.9227 cm^-1  (      0.5673 THz )
      3     30.4296 cm^-1  (      0.9123 THz )
      4     30.4296 cm^-1  (      0.9123 THz )
      5     36.0681 cm^-1  (      1.0813 THz )
      6     41.3336 cm^-1  (      1.2392 THz )
      7     41.3336 cm^-1  (      1.2392 THz )
      8     42.9662 cm^-1  (      1.2881 THz )
      9     46.5028 cm^-1  (      1.3941 THz )
     10     46.5028 cm^-1  (      1.3941 THz )
     11     47.6552 cm^-1  (      1.4287 THz )
     12     77.4254 cm^-1  (      2.3212 THz )
     13     77.4254 cm^-1  (      2.3212 THz )
     14     83.6513 cm^-1  (      2.5078 THz )
     15    155.0471 cm^-1  (      4.6482 THz )

 # Irred. k point    5 : (  0.0000,  0.0000,  0.3333)
   Mode, Frequency 
      1     23.7479 cm^-1  (      0.7119 THz )
      2     23.7479 cm^-1  (      0.7119 THz )
      3     33.6229 cm^-1  (      1.0080 THz )
      4     33.6229 cm^-1  (      1.0080 THz )
      5     43.0933 cm^-1  (      1.2919 THz )
      6     43.9093 cm^-1  (      1.3164 THz )
      7     43.9093 cm^-1  (      1.3164 THz )
      8     44.1887 cm^-1  (      1.3247 THz )
      9     49.1819 cm^-1  (      1.4744 THz )
     10     49.1819 cm^-1  (      1.4744 THz )
     11     51.2023 cm^-1  (      1.5350 THz )
     12     79.2138 cm^-1  (      2.3748 THz )
     13     79.2138 cm^-1  (      2.3748 THz )
     14    103.6895 cm^-1  (      3.1085 THz )
     15    155.2043 cm^-1  (      4.6529 THz )

 # Irred. k point    6 : (  0.0000,  0.0000,  0.4167)
   Mode, Frequency 
      1     27.6774 cm^-1  (      0.8297 THz )
      2     27.6774 cm^-1  (      0.8297 THz )
      3     33.1144 cm^-1  (      0.9927 THz )
      4     33.1144 cm^-1  (      0.9927 THz )
      5     45.0625 cm^-1  (      1.3509 THz )
      6     46.9479 cm^-1  (      1.4075 THz )
      7     47.0363 cm^-1  (      1.4101 THz )
      8     47.0363 cm^-1  (      1.4101 THz )
      9     50.9915 cm^-1  (      1.5287 THz )
     10     50.9915 cm^-1  (      1.5287 THz )
     11     54.1416 cm^-1  (      1.6231 THz )
     12     80.5944 cm^-1  (      2.4162 THz )
     13     80.5944 cm^-1  (      2.4162 THz )
     14    117.8317 cm^-1  (      3.5325 THz )
     15    154.0957 cm^-1  (      4.6197 THz )

 # Irred. k point    7 : (  0.0000,  0.0000, -0.5000)
   Mode, Frequency 
      1     30.1383 cm^-1  (      0.9035 THz )
      2     30.1383 cm^-1  (      0.9035 THz )
      3     31.6347 cm^-1  (      0.9484 THz )
      4     31.6347 cm^-1  (      0.9484 THz )
      5     45.3781 cm^-1  (      1.3604 THz )
      6     48.1195 cm^-1  (      1.4426 THz )
      7     48.2855 cm^-1  (      1.4476 THz )
      8     48.2855 cm^-1  (      1.4476 THz )
      9     51.6056 cm^-1  (      1.5471 THz )
     10     51.6056 cm^-1  (      1.5471 THz )
     11     55.3108 cm^-1  (      1.6582 THz )
     12     81.1157 cm^-1  (      2.4318 THz )
     13     81.1157 cm^-1  (      2.4318 THz )
     14    123.2852 cm^-1  (      3.6960 THz )
     15    153.1422 cm^-1  (      4.5911 THz )

 # Irred. k point    8 : (  0.0000,  0.0833,  0.0833)
   Mode, Frequency 
      1      9.6059 cm^-1  (      0.2880 THz )
      2     11.8684 cm^-1  (      0.3558 THz )
      3     16.4274 cm^-1  (      0.4925 THz )
      4     18.5116 cm^-1  (      0.5550 THz )
      5     32.0010 cm^-1  (      0.9594 THz )
      6     33.0293 cm^-1  (      0.9902 THz )
      7     40.5250 cm^-1  (      1.2149 THz )
      8     41.4144 cm^-1  (      1.2416 THz )
      9     41.5759 cm^-1  (      1.2464 THz )
     10     41.7051 cm^-1  (      1.2503 THz )
     11     43.1037 cm^-1  (      1.2922 THz )
     12     43.4852 cm^-1  (      1.3037 THz )
     13     74.9668 cm^-1  (      2.2474 THz )
     14     77.6542 cm^-1  (      2.3280 THz )
     15    151.9599 cm^-1  (      4.5556 THz )

 # Irred. k point    9 : (  0.0000,  0.0833,  0.1667)
   Mode, Frequency 
      1     14.7344 cm^-1  (      0.4417 THz )
      2     17.3470 cm^-1  (      0.5201 THz )
      3     24.6761 cm^-1  (      0.7398 THz )
      4     27.5229 cm^-1  (      0.8251 THz )
      5     36.3337 cm^-1  (      1.0893 THz )
      6     41.1385 cm^-1  (      1.2333 THz )
      7     41.3503 cm^-1  (      1.2397 THz )
      8     41.5265 cm^-1  (      1.2449 THz )
      9     43.6350 cm^-1  (      1.3081 THz )
     10     43.9314 cm^-1  (      1.3170 THz )
     11     45.8337 cm^-1  (      1.3741 THz )
     12     60.5370 cm^-1  (      1.8149 THz )
     13     76.1008 cm^-1  (      2.2814 THz )
     14     80.3763 cm^-1  (      2.4096 THz )
     15    152.6388 cm^-1  (      4.5760 THz )

 # Irred. k point   10 : (  0.0000,  0.0833,  0.2500)
   Mode, Frequency 
      1     19.8615 cm^-1  (      0.5954 THz )
      2     22.3350 cm^-1  (      0.6696 THz )
      3     31.5087 cm^-1  (      0.9446 THz )
      4     36.1199 cm^-1  (      1.0828 THz )
      5     38.7990 cm^-1  (      1.1632 THz )
      6     41.5330 cm^-1  (      1.2451 THz )
      7     41.8564 cm^-1  (      1.2548 THz )
      8     44.1066 cm^-1  (      1.3223 THz )
      9     46.3846 cm^-1  (      1.3906 THz )
     10     47.2778 cm^-1  (      1.4174 THz )
     11     49.3758 cm^-1  (      1.4802 THz )
     12     77.7252 cm^-1  (      2.3301 THz )
     13     82.4782 cm^-1  (      2.4726 THz )
     14     84.2370 cm^-1  (      2.5254 THz )
     15    153.9707 cm^-1  (      4.6159 THz )

 # Irred. k point   11 : (  0.0000,  0.0833,  0.3333)
   Mode, Frequency 
      1     24.4034 cm^-1  (      0.7316 THz )
      2     26.5144 cm^-1  (      0.7949 THz )
      3     34.1592 cm^-1  (      1.0241 THz )
      4     38.2614 cm^-1  (      1.1470 THz )
      5     41.9709 cm^-1  (      1.2583 THz )
      6     42.9132 cm^-1  (      1.2865 THz )
      7     44.2757 cm^-1  (      1.3274 THz )
      8     48.0053 cm^-1  (      1.4392 THz )
      9     48.9798 cm^-1  (      1.4684 THz )
     10     50.4393 cm^-1  (      1.5121 THz )
     11     53.1325 cm^-1  (      1.5929 THz )
     12     79.4466 cm^-1  (      2.3818 THz )
     13     84.4303 cm^-1  (      2.5312 THz )
     14    103.9246 cm^-1  (      3.1156 THz )
     15    154.5792 cm^-1  (      4.6342 THz )

 # Irred. k point   12 : (  0.0000,  0.0833,  0.4167)
   Mode, Frequency 
      1     28.2079 cm^-1  (      0.8457 THz )
      2     29.7087 cm^-1  (      0.8906 THz )
      3     33.4701 cm^-1  (      1.0034 THz )
      4     37.0086 cm^-1  (      1.1095 THz )
      5     43.0748 cm^-1  (      1.2913 THz )
      6     46.0623 cm^-1  (      1.3809 THz )
      7     47.1600 cm^-1  (      1.4138 THz )
      8     50.7453 cm^-1  (      1.5213 THz )
      9     50.7538 cm^-1  (      1.5216 THz )
     10     52.7488 cm^-1  (      1.5814 THz )
     11     56.0916 cm^-1  (      1.6816 THz )
     12     80.7738 cm^-1  (      2.4215 THz )
     13     85.8583 cm^-1  (      2.5740 THz )
     14    117.6982 cm^-1  (      3.5285 THz )
     15    153.9637 cm^-1  (      4.6157 THz )

 # Irred. k point   13 : (  0.0000,  0.0833, -0.5000)
   Mode, Frequency 
      1     30.8470 cm^-1  (      0.9248 THz )
      2     31.1571 cm^-1  (      0.9341 THz )
      3     31.7294 cm^-1  (      0.9512 THz )
      4     36.1909 cm^-1  (      1.0850 THz )
      5     43.3759 cm^-1  (      1.3004 THz )
      6     47.1182 cm^-1  (      1.4126 THz )
      7     48.3074 cm^-1  (      1.4482 THz )
      8     51.3650 cm^-1  (      1.5399 THz )
      9     51.7067 cm^-1  (      1.5501 THz )
     10     53.6035 cm^-1  (      1.6070 THz )
     11     57.2087 cm^-1  (      1.7151 THz )
     12     81.2745 cm^-1  (      2.4365 THz )
     13     86.3910 cm^-1  (      2.5899 THz )
     14    122.9352 cm^-1  (      3.6855 THz )
     15    153.2760 cm^-1  (      4.5951 THz )

 # Irred. k point   14 : (  0.0000,  0.1667,  0.1667)
   Mode, Frequency 
      1     18.1996 cm^-1  (      0.5456 THz )
      2     21.1820 cm^-1  (      0.6350 THz )
      3     29.5907 cm^-1  (      0.8871 THz )
      4     32.0955 cm^-1  (      0.9622 THz )
      5     39.4976 cm^-1  (      1.1841 THz )
      6     42.0429 cm^-1  (      1.2604 THz )
      7     42.4651 cm^-1  (      1.2731 THz )
      8     44.1591 cm^-1  (      1.3239 THz )
      9     44.4511 cm^-1  (      1.3326 THz )
     10     49.1910 cm^-1  (      1.4747 THz )
     11     60.6416 cm^-1  (      1.8180 THz )
     12     64.4983 cm^-1  (      1.9336 THz )
     13     77.1141 cm^-1  (      2.3118 THz )
     14     87.7491 cm^-1  (      2.6307 THz )
     15    151.5209 cm^-1  (      4.5425 THz )

 # Irred. k point   15 : (  0.0000,  0.1667,  0.2500)
   Mode, Frequency 
      1     22.2206 cm^-1  (      0.6662 THz )
      2     24.6130 cm^-1  (      0.7379 THz )
      3     34.0579 cm^-1  (      1.0210 THz )
      4     37.2486 cm^-1  (      1.1167 THz )
      5     39.3176 cm^-1  (      1.1787 THz )
      6     42.2445 cm^-1  (      1.2665 THz )
      7     43.2679 cm^-1  (      1.2971 THz )
      8     46.1751 cm^-1  (      1.3843 THz )
      9     46.7131 cm^-1  (      1.4004 THz )
     10     53.1551 cm^-1  (      1.5935 THz )
     11     65.3128 cm^-1  (      1.9580 THz )
     12     78.5632 cm^-1  (      2.3553 THz )
     13     85.5207 cm^-1  (      2.5638 THz )
     14     93.2548 cm^-1  (      2.7957 THz )
     15    152.2058 cm^-1  (      4.5630 THz )

 # Irred. k point   16 : (  0.0000,  0.1667,  0.3333)
   Mode, Frequency 
      1     26.0741 cm^-1  (      0.7817 THz )
      2     27.3652 cm^-1  (      0.8204 THz )
      3     35.5553 cm^-1  (      1.0659 THz )
      4     39.3209 cm^-1  (      1.1788 THz )
      5     40.0342 cm^-1  (      1.2002 THz )
      6     43.5254 cm^-1  (      1.3049 THz )
      7     45.2551 cm^-1  (      1.3567 THz )
      8     48.4481 cm^-1  (      1.4524 THz )
      9     49.1188 cm^-1  (      1.4725 THz )
     10     57.0069 cm^-1  (      1.7090 THz )
     11     68.1292 cm^-1  (      2.0425 THz )
     12     80.0930 cm^-1  (      2.4011 THz )
     13     96.2317 cm^-1  (      2.8850 THz )
     14    104.7443 cm^-1  (      3.1402 THz )
     15    153.3655 cm^-1  (      4.5978 THz )

 # Irred. k point   17 : (  0.0000,  0.1667,  0.4167)
   Mode, Frequency 
      1     29.1594 cm^-1  (      0.8742 THz )
      2     29.4844 cm^-1  (      0.8839 THz )
      3     34.5703 cm^-1  (      1.0364 THz )
      4     39.6202 cm^-1  (      1.1878 THz )
      5     40.1185 cm^-1  (      1.2027 THz )
      6     45.5137 cm^-1  (      1.3645 THz )
      7     47.4643 cm^-1  (      1.4229 THz )
      8     50.0940 cm^-1  (      1.5018 THz )
      9     50.9403 cm^-1  (      1.5272 THz )
     10     59.8478 cm^-1  (      1.7942 THz )
     11     69.9824 cm^-1  (      2.0980 THz )
     12     81.2672 cm^-1  (      2.4363 THz )
     13     98.4314 cm^-1  (      2.9509 THz )
     14    117.4070 cm^-1  (      3.5198 THz )
     15    153.7781 cm^-1  (      4.6102 THz )

 # Irred. k point   18 : (  0.0000,  0.1667, -0.5000)
   Mode, Frequency 
      1     29.7878 cm^-1  (      0.8930 THz )
      2     32.0114 cm^-1  (      0.9597 THz )
      3     32.7496 cm^-1  (      0.9818 THz )
      4     39.8351 cm^-1  (      1.1942 THz )
      5     39.9177 cm^-1  (      1.1967 THz )
      6     46.2542 cm^-1  (      1.3867 THz )
      7     48.3347 cm^-1  (      1.4490 THz )
      8     50.6861 cm^-1  (      1.5195 THz )
      9     51.6159 cm^-1  (      1.5474 THz )
     10     60.8957 cm^-1  (      1.8256 THz )
     11     70.6200 cm^-1  (      2.1171 THz )
     12     81.7087 cm^-1  (      2.4496 THz )
     13     99.1545 cm^-1  (      2.9726 THz )
     14    122.0928 cm^-1  (      3.6603 THz )
     15    153.6838 cm^-1  (      4.6073 THz )

 # Irred. k point   19 : (  0.0000,  0.2500,  0.2500)
   Mode, Frequency 
      1     25.1848 cm^-1  (      0.7550 THz )
      2     26.1015 cm^-1  (      0.7825 THz )
      3     36.4542 cm^-1  (      1.0929 THz )
      4     38.1047 cm^-1  (      1.1424 THz )
      5     38.3031 cm^-1  (      1.1483 THz )
      6     43.9271 cm^-1  (      1.3169 THz )
      7     45.0394 cm^-1  (      1.3502 THz )
      8     46.4609 cm^-1  (      1.3929 THz )
      9     47.8077 cm^-1  (      1.4332 THz )
     10     57.3272 cm^-1  (      1.7186 THz )
     11     79.7543 cm^-1  (      2.3910 THz )
     12     85.3934 cm^-1  (      2.5600 THz )
     13     88.5810 cm^-1  (      2.6556 THz )
     14    103.2749 cm^-1  (      3.0961 THz )
     15    151.7767 cm^-1  (      4.5502 THz )

 # Irred. k point   20 : (  0.0000,  0.2500,  0.3333)
   Mode, Frequency 
      1     27.0321 cm^-1  (      0.8104 THz )
      2     28.1954 cm^-1  (      0.8453 THz )
      3     37.1938 cm^-1  (      1.1150 THz )
      4     37.3619 cm^-1  (      1.1201 THz )
      5     38.6795 cm^-1  (      1.1596 THz )
      6     45.7152 cm^-1  (      1.3705 THz )
      7     46.5240 cm^-1  (      1.3948 THz )
      8     47.8402 cm^-1  (      1.4342 THz )
      9     49.3794 cm^-1  (      1.4804 THz )
     10     61.0529 cm^-1  (      1.8303 THz )
     11     81.0005 cm^-1  (      2.4283 THz )
     12     88.4531 cm^-1  (      2.6518 THz )
     13    104.0567 cm^-1  (      3.1195 THz )
     14    110.6461 cm^-1  (      3.3171 THz )
     15    152.7669 cm^-1  (      4.5798 THz )

 # Irred. k point   21 : (  0.0000,  0.2500,  0.4167)
   Mode, Frequency 
      1     27.4774 cm^-1  (      0.8238 THz )
      2     30.9126 cm^-1  (      0.9267 THz )
      3     36.3217 cm^-1  (      1.0889 THz )
      4     36.9564 cm^-1  (      1.1079 THz )
      5     38.8066 cm^-1  (      1.1634 THz )
      6     46.8776 cm^-1  (      1.4054 THz )
      7     47.7693 cm^-1  (      1.4321 THz )
      8     49.1891 cm^-1  (      1.4747 THz )
      9     50.7845 cm^-1  (      1.5225 THz )
     10     63.6305 cm^-1  (      1.9076 THz )
     11     81.9483 cm^-1  (      2.4567 THz )
     12     89.5558 cm^-1  (      2.6848 THz )
     13    112.4058 cm^-1  (      3.3698 THz )
     14    117.5788 cm^-1  (      3.5249 THz )
     15    153.9257 cm^-1  (      4.6146 THz )

 # Irred. k point   22 : (  0.0000,  0.2500, -0.5000)
   Mode, Frequency 
      1     27.5977 cm^-1  (      0.8274 THz )
      2     32.4602 cm^-1  (      0.9731 THz )
      3     35.3106 cm^-1  (      1.0586 THz )
      4     36.8206 cm^-1  (      1.1039 THz )
      5     38.8528 cm^-1  (      1.1648 THz )
      6     47.2660 cm^-1  (      1.4170 THz )
      7     48.2736 cm^-1  (      1.4472 THz )
      8     49.6998 cm^-1  (      1.4900 THz )
      9     51.3342 cm^-1  (      1.5390 THz )
     10     64.5512 cm^-1  (      1.9352 THz )
     11     82.3027 cm^-1  (      2.4674 THz )
     12     89.9323 cm^-1  (      2.6961 THz )
     13    114.0680 cm^-1  (      3.4197 THz )
     14    121.1929 cm^-1  (      3.6333 THz )
     15    154.3624 cm^-1  (      4.6277 THz )

 # Irred. k point   23 : (  0.0000,  0.3333,  0.3333)
   Mode, Frequency 
      1     26.1482 cm^-1  (      0.7839 THz )
      2     30.3430 cm^-1  (      0.9097 THz )
      3     36.2078 cm^-1  (      1.0855 THz )
      4     37.3130 cm^-1  (      1.1186 THz )
      5     38.2174 cm^-1  (      1.1457 THz )
      6     47.5259 cm^-1  (      1.4248 THz )
      7     47.6801 cm^-1  (      1.4294 THz )
      8     47.7288 cm^-1  (      1.4309 THz )
      9     49.8483 cm^-1  (      1.4944 THz )
     10     64.4519 cm^-1  (      1.9322 THz )
     11     81.9356 cm^-1  (      2.4564 THz )
     12    104.6832 cm^-1  (      3.1383 THz )
     13    105.4987 cm^-1  (      3.1628 THz )
     14    120.2645 cm^-1  (      3.6054 THz )
     15    153.3621 cm^-1  (      4.5977 THz )

 # Irred. k point   24 : (  0.0000,  0.3333,  0.4167)
   Mode, Frequency 
      1     25.2377 cm^-1  (      0.7566 THz )
      2     32.1705 cm^-1  (      0.9644 THz )
      3     35.3903 cm^-1  (      1.0610 THz )
      4     36.6927 cm^-1  (      1.1000 THz )
      5     38.2044 cm^-1  (      1.1453 THz )
      6     47.8033 cm^-1  (      1.4331 THz )
      7     48.4190 cm^-1  (      1.4516 THz )
      8     48.6612 cm^-1  (      1.4588 THz )
      9     50.5846 cm^-1  (      1.5165 THz )
     10     66.7099 cm^-1  (      1.9999 THz )
     11     82.6373 cm^-1  (      2.4774 THz )
     12    105.6256 cm^-1  (      3.1666 THz )
     13    116.2631 cm^-1  (      3.4855 THz )
     14    125.5177 cm^-1  (      3.7629 THz )
     15    154.6384 cm^-1  (      4.6359 THz )

 # Irred. k point   25 : (  0.0000,  0.3333, -0.5000)
   Mode, Frequency 
      1     24.8588 cm^-1  (      0.7452 THz )
      2     33.0006 cm^-1  (      0.9893 THz )
      3     35.0241 cm^-1  (      1.0500 THz )
      4     36.5962 cm^-1  (      1.0971 THz )
      5     37.9147 cm^-1  (      1.1367 THz )
      6     48.0367 cm^-1  (      1.4401 THz )
      7     48.6275 cm^-1  (      1.4578 THz )
      8     48.8877 cm^-1  (      1.4656 THz )
      9     50.9718 cm^-1  (      1.5281 THz )
     10     67.5008 cm^-1  (      2.0236 THz )
     11     82.8977 cm^-1  (      2.4852 THz )
     12    105.8099 cm^-1  (      3.1721 THz )
     13    120.5567 cm^-1  (      3.6142 THz )
     14    126.7040 cm^-1  (      3.7985 THz )
     15    155.3054 cm^-1  (      4.6559 THz )

 # Irred. k point   26 : (  0.0000,  0.4167,  0.4167)
   Mode, Frequency 
      1     23.2669 cm^-1  (      0.6975 THz )
      2     33.1063 cm^-1  (      0.9925 THz )
      3     34.6744 cm^-1  (      1.0395 THz )
      4     35.0950 cm^-1  (      1.0521 THz )
      5     39.5244 cm^-1  (      1.1849 THz )
      6     47.5732 cm^-1  (      1.4262 THz )
      7     48.0589 cm^-1  (      1.4408 THz )
      8     49.8736 cm^-1  (      1.4952 THz )
      9     50.5019 cm^-1  (      1.5140 THz )
     10     68.7055 cm^-1  (      2.0597 THz )
     11     83.1464 cm^-1  (      2.4927 THz )
     12    116.3042 cm^-1  (      3.4867 THz )
     13    116.3858 cm^-1  (      3.4892 THz )
     14    132.3325 cm^-1  (      3.9672 THz )
     15    155.7864 cm^-1  (      4.6704 THz )

 # Irred. k point   27 : (  0.0000,  0.4167, -0.5000)
   Mode, Frequency 
      1     22.4807 cm^-1  (      0.6740 THz )
      2     33.4719 cm^-1  (      1.0035 THz )
      3     34.2400 cm^-1  (      1.0265 THz )
      4     34.7429 cm^-1  (      1.0416 THz )
      5     39.9543 cm^-1  (      1.1978 THz )
      6     47.6577 cm^-1  (      1.4287 THz )
      7     47.7705 cm^-1  (      1.4321 THz )
      8     50.1079 cm^-1  (      1.5022 THz )
      9     50.6689 cm^-1  (      1.5190 THz )
     10     69.3952 cm^-1  (      2.0804 THz )
     11     83.3336 cm^-1  (      2.4983 THz )
     12    116.3604 cm^-1  (      3.4884 THz )
     13    120.2441 cm^-1  (      3.6048 THz )
     14    134.2921 cm^-1  (      4.0260 THz )
     15    156.4336 cm^-1  (      4.6898 THz )

 # Irred. k point   28 : (  0.0000, -0.5000, -0.5000)
   Mode, Frequency 
      1     21.5304 cm^-1  (      0.6455 THz )
      2     33.6644 cm^-1  (      1.0092 THz )
      3     34.0356 cm^-1  (      1.0204 THz )
      4     34.0356 cm^-1  (      1.0204 THz )
      5     40.7686 cm^-1  (      1.2222 THz )
      6     47.4376 cm^-1  (      1.4221 THz )
      7     47.4376 cm^-1  (      1.4221 THz )
      8     50.5512 cm^-1  (      1.5155 THz )
      9     50.5512 cm^-1  (      1.5155 THz )
     10     70.0463 cm^-1  (      2.0999 THz )
     11     83.4933 cm^-1  (      2.5031 THz )
     12    120.1601 cm^-1  (      3.6023 THz )
     13    120.1601 cm^-1  (      3.6023 THz )
     14    136.5571 cm^-1  (      4.0939 THz )
     15    157.0440 cm^-1  (      4.7081 THz )

 # Irred. k point   29 : (  0.0833,  0.0833,  0.0833)
   Mode, Frequency 
      1     13.9052 cm^-1  (      0.4169 THz )
      2     13.9052 cm^-1  (      0.4169 THz )
      3     21.4585 cm^-1  (      0.6433 THz )
      4     33.6977 cm^-1  (      1.0102 THz )
      5     33.6977 cm^-1  (      1.0102 THz )
      6     34.3669 cm^-1  (      1.0303 THz )
      7     40.0878 cm^-1  (      1.2018 THz )
      8     42.2090 cm^-1  (      1.2654 THz )
      9     42.2090 cm^-1  (      1.2654 THz )
     10     42.4173 cm^-1  (      1.2716 THz )
     11     43.7990 cm^-1  (      1.3131 THz )
     12     43.7990 cm^-1  (      1.3131 THz )
     13     78.0902 cm^-1  (      2.3411 THz )
     14     78.0902 cm^-1  (      2.3411 THz )
     15    151.2293 cm^-1  (      4.5337 THz )

 # Irred. k point   30 : (  0.0833,  0.0833,  0.1667)
   Mode, Frequency 
      1     18.1908 cm^-1  (      0.5453 THz )
      2     18.7037 cm^-1  (      0.5607 THz )
      3     28.9275 cm^-1  (      0.8672 THz )
      4     37.2142 cm^-1  (      1.1157 THz )
      5     37.5163 cm^-1  (      1.1247 THz )
      6     40.4280 cm^-1  (      1.2120 THz )
      7     42.1205 cm^-1  (      1.2627 THz )
      8     42.4570 cm^-1  (      1.2728 THz )
      9     43.1859 cm^-1  (      1.2947 THz )
     10     45.9081 cm^-1  (      1.3763 THz )
     11     46.3099 cm^-1  (      1.3883 THz )
     12     61.2664 cm^-1  (      1.8367 THz )
     13     79.3094 cm^-1  (      2.3776 THz )
     14     81.7749 cm^-1  (      2.4516 THz )
     15    151.5932 cm^-1  (      4.5446 THz )

 # Irred. k point   31 : (  0.0833,  0.0833,  0.2500)
   Mode, Frequency 
      1     22.7118 cm^-1  (      0.6809 THz )
      2     23.2441 cm^-1  (      0.6968 THz )
      3     36.4392 cm^-1  (      1.0924 THz )
      4     39.0212 cm^-1  (      1.1698 THz )
      5     39.2763 cm^-1  (      1.1775 THz )
      6     41.1328 cm^-1  (      1.2331 THz )
      7     43.9529 cm^-1  (      1.3177 THz )
      8     44.5745 cm^-1  (      1.3363 THz )
      9     46.7676 cm^-1  (      1.4021 THz )
     10     49.3415 cm^-1  (      1.4792 THz )
     11     49.6686 cm^-1  (      1.4890 THz )
     12     81.0459 cm^-1  (      2.4297 THz )
     13     84.0393 cm^-1  (      2.5194 THz )
     14     84.9938 cm^-1  (      2.5481 THz )
     15    153.0306 cm^-1  (      4.5877 THz )

 # Irred. k point   32 : (  0.0833,  0.0833,  0.3333)
   Mode, Frequency 
      1     26.7547 cm^-1  (      0.8021 THz )
      2     27.0369 cm^-1  (      0.8105 THz )
      3     38.4436 cm^-1  (      1.1525 THz )
      4     38.7005 cm^-1  (      1.1602 THz )
      5     41.4366 cm^-1  (      1.2422 THz )
      6     42.3269 cm^-1  (      1.2689 THz )
      7     46.3710 cm^-1  (      1.3902 THz )
      8     48.8683 cm^-1  (      1.4650 THz )
      9     50.4919 cm^-1  (      1.5137 THz )
     10     52.0944 cm^-1  (      1.5618 THz )
     11     53.6907 cm^-1  (      1.6096 THz )
     12     82.8711 cm^-1  (      2.4844 THz )
     13     86.2740 cm^-1  (      2.5864 THz )
     14    104.1447 cm^-1  (      3.1222 THz )
     15    154.0203 cm^-1  (      4.6174 THz )

 # Irred. k point   33 : (  0.0833,  0.0833,  0.4167)
   Mode, Frequency 
      1     29.8391 cm^-1  (      0.8946 THz )
      2     29.9955 cm^-1  (      0.8992 THz )
      3     37.2795 cm^-1  (      1.1176 THz )
      4     37.4826 cm^-1  (      1.1237 THz )
      5     41.9503 cm^-1  (      1.2576 THz )
      6     45.6712 cm^-1  (      1.3692 THz )
      7     48.0908 cm^-1  (      1.4417 THz )
      8     51.8157 cm^-1  (      1.5534 THz )
      9     53.1934 cm^-1  (      1.5947 THz )
     10     53.9886 cm^-1  (      1.6185 THz )
     11     56.7422 cm^-1  (      1.7011 THz )
     12     84.2666 cm^-1  (      2.5262 THz )
     13     87.6595 cm^-1  (      2.6280 THz )
     14    117.5785 cm^-1  (      3.5249 THz )
     15    153.8511 cm^-1  (      4.6123 THz )

 # Irred. k point   34 : (  0.0833,  0.0833, -0.5000)
   Mode, Frequency 
      1     31.0170 cm^-1  (      0.9299 THz )
      2     31.5468 cm^-1  (      0.9457 THz )
      3     36.3164 cm^-1  (      1.0887 THz )
      4     36.8958 cm^-1  (      1.1061 THz )
      5     42.1632 cm^-1  (      1.2640 THz )
      6     46.7658 cm^-1  (      1.4020 THz )
      7     48.6973 cm^-1  (      1.4599 THz )
      8     52.8414 cm^-1  (      1.5841 THz )
      9     54.1647 cm^-1  (      1.6238 THz )
     10     54.6588 cm^-1  (      1.6386 THz )
     11     57.8670 cm^-1  (      1.7348 THz )
     12     84.7901 cm^-1  (      2.5419 THz )
     13     88.1673 cm^-1  (      2.6432 THz )
     14    122.6227 cm^-1  (      3.6761 THz )
     15    153.4017 cm^-1  (      4.5989 THz )

 # Irred. k point   35 : (  0.0833,  0.1667,  0.1667)
   Mode, Frequency 
      1     21.2197 cm^-1  (      0.6362 THz )
      2     21.9201 cm^-1  (      0.6571 THz )
      3     33.0084 cm^-1  (      0.9896 THz )
      4     39.1935 cm^-1  (      1.1750 THz )
      5     39.6394 cm^-1  (      1.1884 THz )
      6     42.3242 cm^-1  (      1.2688 THz )
      7     42.4787 cm^-1  (      1.2735 THz )
      8     44.4727 cm^-1  (      1.3333 THz )
      9     47.2094 cm^-1  (      1.4153 THz )
     10     49.4684 cm^-1  (      1.4830 THz )
     11     61.4936 cm^-1  (      1.8435 THz )
     12     64.8946 cm^-1  (      1.9455 THz )
     13     81.2513 cm^-1  (      2.4359 THz )
     14     88.2011 cm^-1  (      2.6442 THz )
     15    150.6751 cm^-1  (      4.5171 THz )

 # Irred. k point   36 : (  0.0833,  0.1667,  0.2500)
   Mode, Frequency 
      1     24.6465 cm^-1  (      0.7389 THz )
      2     25.1291 cm^-1  (      0.7534 THz )
      3     36.9881 cm^-1  (      1.1089 THz )
      4     38.7897 cm^-1  (      1.1629 THz )
      5     41.3563 cm^-1  (      1.2398 THz )
      6     41.8223 cm^-1  (      1.2538 THz )
      7     44.5094 cm^-1  (      1.3344 THz )
      8     47.2515 cm^-1  (      1.4166 THz )
      9     49.8219 cm^-1  (      1.4936 THz )
     10     53.2717 cm^-1  (      1.5970 THz )
     11     65.7388 cm^-1  (      1.9708 THz )
     12     82.8737 cm^-1  (      2.4845 THz )
     13     85.8821 cm^-1  (      2.5747 THz )
     14     93.8218 cm^-1  (      2.8127 THz )
     15    151.5073 cm^-1  (      4.5421 THz )

 # Irred. k point   37 : (  0.0833,  0.1667,  0.3333)
   Mode, Frequency 
      1     27.6421 cm^-1  (      0.8287 THz )
      2     27.9752 cm^-1  (      0.8387 THz )
      3     38.4012 cm^-1  (      1.1512 THz )
      4     39.1183 cm^-1  (      1.1727 THz )
      5     40.5514 cm^-1  (      1.2157 THz )
      6     43.7399 cm^-1  (      1.3113 THz )
      7     46.2118 cm^-1  (      1.3854 THz )
      8     50.3615 cm^-1  (      1.5098 THz )
      9     52.7286 cm^-1  (      1.5808 THz )
     10     57.0167 cm^-1  (      1.7093 THz )
     11     68.3379 cm^-1  (      2.0487 THz )
     12     84.5072 cm^-1  (      2.5335 THz )
     13     96.8000 cm^-1  (      2.9020 THz )
     14    104.9349 cm^-1  (      3.1459 THz )
     15    152.9550 cm^-1  (      4.5855 THz )

 # Irred. k point   38 : (  0.0833,  0.1667,  0.4167)
   Mode, Frequency 
      1     29.3221 cm^-1  (      0.8791 THz )
      2     30.5572 cm^-1  (      0.9161 THz )
      3     38.1575 cm^-1  (      1.1439 THz )
      4     39.3297 cm^-1  (      1.1791 THz )
      5     39.7270 cm^-1  (      1.1910 THz )
      6     45.8798 cm^-1  (      1.3754 THz )
      7     47.1566 cm^-1  (      1.4137 THz )
      8     52.6209 cm^-1  (      1.5775 THz )
      9     54.7749 cm^-1  (      1.6421 THz )
     10     59.8252 cm^-1  (      1.7935 THz )
     11     70.0641 cm^-1  (      2.1005 THz )
     12     85.7365 cm^-1  (      2.5703 THz )
     13     99.0005 cm^-1  (      2.9680 THz )
     14    117.3244 cm^-1  (      3.5173 THz )
     15    153.7136 cm^-1  (      4.6082 THz )

 # Irred. k point   39 : (  0.0833,  0.1667, -0.5000)
   Mode, Frequency 
      1     29.8904 cm^-1  (      0.8961 THz )
      2     31.7090 cm^-1  (      0.9506 THz )
      3     37.7015 cm^-1  (      1.1303 THz )
      4     39.3315 cm^-1  (      1.1791 THz )
      5     39.5389 cm^-1  (      1.1853 THz )
      6     47.0334 cm^-1  (      1.4100 THz )
      7     47.1368 cm^-1  (      1.4131 THz )
      8     53.4270 cm^-1  (      1.6017 THz )
      9     55.4930 cm^-1  (      1.6636 THz )
     10     60.8671 cm^-1  (      1.8248 THz )
     11     70.6602 cm^-1  (      2.1183 THz )
     12     86.1950 cm^-1  (      2.5841 THz )
     13     99.7092 cm^-1  (      2.9892 THz )
     14    121.8727 cm^-1  (      3.6537 THz )
     15    153.7957 cm^-1  (      4.6107 THz )

 # Irred. k point   40 : (  0.0833,  0.2500,  0.2500)
   Mode, Frequency 
      1     26.4725 cm^-1  (      0.7936 THz )
      2     27.0715 cm^-1  (      0.8116 THz )
      3     37.4638 cm^-1  (      1.1231 THz )
      4     37.6043 cm^-1  (      1.1274 THz )
      5     41.8426 cm^-1  (      1.2544 THz )
      6     43.8468 cm^-1  (      1.3145 THz )
      7     45.0454 cm^-1  (      1.3504 THz )
      8     49.8088 cm^-1  (      1.4932 THz )
      9     50.8484 cm^-1  (      1.5244 THz )
     10     57.3493 cm^-1  (      1.7193 THz )
     11     84.2022 cm^-1  (      2.5243 THz )
     12     85.8343 cm^-1  (      2.5732 THz )
     13     88.7134 cm^-1  (      2.6596 THz )
     14    103.6276 cm^-1  (      3.1067 THz )
     15    151.2926 cm^-1  (      4.5356 THz )

 # Irred. k point   41 : (  0.0833,  0.2500,  0.3333)
   Mode, Frequency 
      1     27.3096 cm^-1  (      0.8187 THz )
      2     29.4946 cm^-1  (      0.8842 THz )
      3     36.8534 cm^-1  (      1.1048 THz )
      4     37.8850 cm^-1  (      1.1358 THz )
      5     41.3771 cm^-1  (      1.2405 THz )
      6     44.4614 cm^-1  (      1.3329 THz )
      7     47.1457 cm^-1  (      1.4134 THz )
      8     51.6325 cm^-1  (      1.5479 THz )
      9     52.9021 cm^-1  (      1.5860 THz )
     10     60.9920 cm^-1  (      1.8285 THz )
     11     85.5267 cm^-1  (      2.5640 THz )
     12     88.6439 cm^-1  (      2.6575 THz )
     13    104.2339 cm^-1  (      3.1249 THz )
     14    110.8895 cm^-1  (      3.3244 THz )
     15    152.5229 cm^-1  (      4.5725 THz )

 # Irred. k point   42 : (  0.0833,  0.2500,  0.4167)
   Mode, Frequency 
      1     27.6646 cm^-1  (      0.8294 THz )
      2     31.4113 cm^-1  (      0.9417 THz )
      3     36.6166 cm^-1  (      1.0977 THz )
      4     38.1996 cm^-1  (      1.1452 THz )
      5     40.1679 cm^-1  (      1.2042 THz )
      6     45.3863 cm^-1  (      1.3606 THz )
      7     48.3074 cm^-1  (      1.4482 THz )
      8     52.9341 cm^-1  (      1.5869 THz )
      9     54.6099 cm^-1  (      1.6372 THz )
     10     63.5199 cm^-1  (      1.9043 THz )
     11     86.5056 cm^-1  (      2.5934 THz )
     12     89.6710 cm^-1  (      2.6883 THz )
     13    112.6606 cm^-1  (      3.3775 THz )
     14    117.5533 cm^-1  (      3.5242 THz )
     15    153.9300 cm^-1  (      4.6147 THz )

 # Irred. k point   43 : (  0.0833,  0.2500, -0.5000)
   Mode, Frequency 
      1     27.7478 cm^-1  (      0.8319 THz )
      2     32.1764 cm^-1  (      0.9646 THz )
      3     36.6968 cm^-1  (      1.1001 THz )
      4     38.3105 cm^-1  (      1.1485 THz )
      5     39.4657 cm^-1  (      1.1832 THz )
      6     45.7886 cm^-1  (      1.3727 THz )
      7     48.6437 cm^-1  (      1.4583 THz )
      8     53.4536 cm^-1  (      1.6025 THz )
      9     55.2164 cm^-1  (      1.6553 THz )
     10     64.4243 cm^-1  (      1.9314 THz )
     11     86.8684 cm^-1  (      2.6042 THz )
     12     90.0242 cm^-1  (      2.6989 THz )
     13    114.3171 cm^-1  (      3.4271 THz )
     14    121.0775 cm^-1  (      3.6298 THz )
     15    154.4818 cm^-1  (      4.6312 THz )

 # Irred. k point   44 : (  0.0833,  0.3333,  0.3333)
   Mode, Frequency 
      1     26.3556 cm^-1  (      0.7901 THz )
      2     31.1180 cm^-1  (      0.9329 THz )
      3     35.8526 cm^-1  (      1.0748 THz )
      4     36.8249 cm^-1  (      1.1040 THz )
      5     42.0398 cm^-1  (      1.2603 THz )
      6     44.1992 cm^-1  (      1.3251 THz )
      7     48.7056 cm^-1  (      1.4602 THz )
      8     53.1461 cm^-1  (      1.5933 THz )
      9     53.1540 cm^-1  (      1.5935 THz )
     10     64.3340 cm^-1  (      1.9287 THz )
     11     86.4995 cm^-1  (      2.5932 THz )
     12    104.8502 cm^-1  (      3.1433 THz )
     13    105.5863 cm^-1  (      3.1654 THz )
     14    120.3887 cm^-1  (      3.6092 THz )
     15    153.2978 cm^-1  (      4.5958 THz )

 # Irred. k point   45 : (  0.0833,  0.3333,  0.4167)
   Mode, Frequency 
      1     25.3556 cm^-1  (      0.7601 THz )
      2     32.3775 cm^-1  (      0.9707 THz )
      3     35.2779 cm^-1  (      1.0576 THz )
      4     36.4031 cm^-1  (      1.0913 THz )
      5     41.7113 cm^-1  (      1.2505 THz )
      6     44.4352 cm^-1  (      1.3321 THz )
      7     49.7136 cm^-1  (      1.4904 THz )
      8     53.4668 cm^-1  (      1.6029 THz )
      9     54.3147 cm^-1  (      1.6283 THz )
     10     66.5540 cm^-1  (      1.9952 THz )
     11     87.2124 cm^-1  (      2.6146 THz )
     12    105.7300 cm^-1  (      3.1697 THz )
     13    116.3017 cm^-1  (      3.4866 THz )
     14    125.5765 cm^-1  (      3.7647 THz )
     15    154.7414 cm^-1  (      4.6390 THz )

 # Irred. k point   46 : (  0.0833,  0.3333, -0.5000)
   Mode, Frequency 
      1     24.9403 cm^-1  (      0.7477 THz )
      2     32.8080 cm^-1  (      0.9836 THz )
      3     35.1550 cm^-1  (      1.0539 THz )
      4     36.3260 cm^-1  (      1.0890 THz )
      5     41.3606 cm^-1  (      1.2400 THz )
      6     44.6572 cm^-1  (      1.3388 THz )
      7     50.0241 cm^-1  (      1.4997 THz )
      8     53.6264 cm^-1  (      1.6077 THz )
      9     54.7435 cm^-1  (      1.6412 THz )
     10     67.3317 cm^-1  (      2.0186 THz )
     11     87.4749 cm^-1  (      2.6224 THz )
     12    105.9072 cm^-1  (      3.1750 THz )
     13    120.5248 cm^-1  (      3.6132 THz )
     14    126.7695 cm^-1  (      3.8005 THz )
     15    155.4786 cm^-1  (      4.6611 THz )

 # Irred. k point   47 : (  0.0833,  0.4167,  0.4167)
   Mode, Frequency 
      1     23.3082 cm^-1  (      0.6988 THz )
      2     33.1944 cm^-1  (      0.9951 THz )
      3     34.6176 cm^-1  (      1.0378 THz )
      4     35.1195 cm^-1  (      1.0529 THz )
      5     42.7685 cm^-1  (      1.2822 THz )
      6     43.7519 cm^-1  (      1.3116 THz )
      7     50.4654 cm^-1  (      1.5129 THz )
      8     54.0333 cm^-1  (      1.6199 THz )
      9     54.1139 cm^-1  (      1.6223 THz )
     10     68.5212 cm^-1  (      2.0542 THz )
     11     87.7231 cm^-1  (      2.6299 THz )
     12    116.3582 cm^-1  (      3.4883 THz )
     13    116.4391 cm^-1  (      3.4908 THz )
     14    132.3112 cm^-1  (      3.9666 THz )
     15    155.9953 cm^-1  (      4.6766 THz )

 # Irred. k point   48 : (  0.0833,  0.4167, -0.5000)
   Mode, Frequency 
      1     22.4926 cm^-1  (      0.6743 THz )
      2     33.4530 cm^-1  (      1.0029 THz )
      3     34.4380 cm^-1  (      1.0324 THz )
      4     34.7164 cm^-1  (      1.0408 THz )
      5     42.8535 cm^-1  (      1.2847 THz )
      6     43.7778 cm^-1  (      1.3124 THz )
      7     50.6662 cm^-1  (      1.5189 THz )
      8     53.9859 cm^-1  (      1.6185 THz )
      9     54.3447 cm^-1  (      1.6292 THz )
     10     69.2010 cm^-1  (      2.0746 THz )
     11     87.9098 cm^-1  (      2.6355 THz )
     12    116.4214 cm^-1  (      3.4902 THz )
     13    120.2618 cm^-1  (      3.6054 THz )
     14    134.2540 cm^-1  (      4.0248 THz )
     15    156.6867 cm^-1  (      4.6973 THz )

 # Irred. k point   49 : (  0.0833, -0.5000, -0.5000)
   Mode, Frequency 
      1     21.5165 cm^-1  (      0.6450 THz )
      2     33.8654 cm^-1  (      1.0153 THz )
      3     34.1019 cm^-1  (      1.0223 THz )
      4     34.1019 cm^-1  (      1.0223 THz )
      5     43.4331 cm^-1  (      1.3021 THz )
      6     43.4331 cm^-1  (      1.3021 THz )
      7     50.7853 cm^-1  (      1.5225 THz )
      8     54.1904 cm^-1  (      1.6246 THz )
      9     54.1904 cm^-1  (      1.6246 THz )
     10     69.8436 cm^-1  (      2.0939 THz )
     11     88.0683 cm^-1  (      2.6402 THz )
     12    120.1937 cm^-1  (      3.6033 THz )
     13    120.1937 cm^-1  (      3.6033 THz )
     14    136.4927 cm^-1  (      4.0919 THz )
     15    157.3330 cm^-1  (      4.7167 THz )

 # Irred. k point   50 : (  0.1667,  0.1667,  0.1667)
   Mode, Frequency 
      1     23.8163 cm^-1  (      0.7140 THz )
      2     23.8163 cm^-1  (      0.7140 THz )
      3     34.9463 cm^-1  (      1.0477 THz )
      4     38.2978 cm^-1  (      1.1481 THz )
      5     41.4950 cm^-1  (      1.2440 THz )
      6     41.4950 cm^-1  (      1.2440 THz )
      7     46.0087 cm^-1  (      1.3793 THz )
      8     50.5053 cm^-1  (      1.5141 THz )
      9     50.5053 cm^-1  (      1.5141 THz )
     10     62.4217 cm^-1  (      1.8714 THz )
     11     66.0005 cm^-1  (      1.9786 THz )
     12     66.0005 cm^-1  (      1.9786 THz )
     13     89.4524 cm^-1  (      2.6817 THz )
     14     89.4524 cm^-1  (      2.6817 THz )
     15    149.7006 cm^-1  (      4.4879 THz )

 # Irred. k point   51 : (  0.1667,  0.1667,  0.2500)
   Mode, Frequency 
      1     26.2132 cm^-1  (      0.7859 THz )
      2     26.3864 cm^-1  (      0.7910 THz )
      3     36.7271 cm^-1  (      1.1010 THz )
      4     37.4565 cm^-1  (      1.1229 THz )
      5     40.9765 cm^-1  (      1.2284 THz )
      6     42.1275 cm^-1  (      1.2629 THz )
      7     48.3208 cm^-1  (      1.4486 THz )
      8     53.3435 cm^-1  (      1.5992 THz )
      9     53.7435 cm^-1  (      1.6112 THz )
     10     66.1925 cm^-1  (      1.9844 THz )
     11     67.5390 cm^-1  (      2.0248 THz )
     12     86.8323 cm^-1  (      2.6032 THz )
     13     91.1981 cm^-1  (      2.7341 THz )
     14     96.6048 cm^-1  (      2.8961 THz )
     15    150.3946 cm^-1  (      4.5087 THz )

 # Irred. k point   52 : (  0.1667,  0.1667,  0.3333)
   Mode, Frequency 
      1     28.4482 cm^-1  (      0.8529 THz )
      2     28.5078 cm^-1  (      0.8546 THz )
      3     37.0869 cm^-1  (      1.1118 THz )
      4     38.1870 cm^-1  (      1.1448 THz )
      5     40.1910 cm^-1  (      1.2049 THz )
      6     42.8728 cm^-1  (      1.2853 THz )
      7     49.4812 cm^-1  (      1.4834 THz )
      8     56.4747 cm^-1  (      1.6931 THz )
      9     57.2448 cm^-1  (      1.7162 THz )
     10     68.7347 cm^-1  (      2.0606 THz )
     11     69.0754 cm^-1  (      2.0708 THz )
     12     92.9826 cm^-1  (      2.7875 THz )
     13     99.9717 cm^-1  (      2.9971 THz )
     14    105.7309 cm^-1  (      3.1697 THz )
     15    152.2233 cm^-1  (      4.5635 THz )

 # Irred. k point   53 : (  0.1667,  0.1667,  0.4167)
   Mode, Frequency 
      1     29.6534 cm^-1  (      0.8890 THz )
      2     30.1995 cm^-1  (      0.9054 THz )
      3     37.2714 cm^-1  (      1.1174 THz )
      4     39.1248 cm^-1  (      1.1729 THz )
      5     39.1494 cm^-1  (      1.1737 THz )
      6     43.5588 cm^-1  (      1.3059 THz )
      7     50.0965 cm^-1  (      1.5019 THz )
      8     58.2997 cm^-1  (      1.7478 THz )
      9     60.2350 cm^-1  (      1.8058 THz )
     10     70.1833 cm^-1  (      2.1040 THz )
     11     70.3740 cm^-1  (      2.1098 THz )
     12     94.3108 cm^-1  (      2.8274 THz )
     13    102.7681 cm^-1  (      3.0809 THz )
     14    117.1687 cm^-1  (      3.5126 THz )
     15    153.6972 cm^-1  (      4.6077 THz )

 # Irred. k point   54 : (  0.1667,  0.1667, -0.5000)
   Mode, Frequency 
      1     30.0349 cm^-1  (      0.9004 THz )
      2     30.8341 cm^-1  (      0.9244 THz )
      3     37.9119 cm^-1  (      1.1366 THz )
      4     38.1376 cm^-1  (      1.1433 THz )
      5     39.4731 cm^-1  (      1.1834 THz )
      6     43.8546 cm^-1  (      1.3147 THz )
      7     50.3003 cm^-1  (      1.5080 THz )
      8     58.9411 cm^-1  (      1.7670 THz )
      9     61.3303 cm^-1  (      1.8386 THz )
     10     70.5835 cm^-1  (      2.1160 THz )
     11     70.9291 cm^-1  (      2.1264 THz )
     12     94.8011 cm^-1  (      2.8421 THz )
     13    103.5670 cm^-1  (      3.1049 THz )
     14    121.3507 cm^-1  (      3.6380 THz )
     15    154.1716 cm^-1  (      4.6219 THz )

 # Irred. k point   55 : (  0.1667,  0.2500,  0.2500)
   Mode, Frequency 
      1     27.4504 cm^-1  (      0.8229 THz )
      2     28.0081 cm^-1  (      0.8397 THz )
      3     36.0547 cm^-1  (      1.0809 THz )
      4     36.7252 cm^-1  (      1.1010 THz )
      5     40.6337 cm^-1  (      1.2182 THz )
      6     41.5743 cm^-1  (      1.2464 THz )
      7     51.8127 cm^-1  (      1.5533 THz )
      8     54.4380 cm^-1  (      1.6320 THz )
      9     57.3579 cm^-1  (      1.7195 THz )
     10     68.2740 cm^-1  (      2.0468 THz )
     11     86.8703 cm^-1  (      2.6043 THz )
     12     89.0858 cm^-1  (      2.6707 THz )
     13     94.7263 cm^-1  (      2.8398 THz )
     14    104.5913 cm^-1  (      3.1356 THz )
     15    150.5086 cm^-1  (      4.5121 THz )

 # Irred. k point   56 : (  0.1667,  0.2500,  0.3333)
   Mode, Frequency 
      1     28.0774 cm^-1  (      0.8417 THz )
      2     29.7012 cm^-1  (      0.8904 THz )
      3     35.3424 cm^-1  (      1.0595 THz )
      4     37.1669 cm^-1  (      1.1142 THz )
      5     39.7930 cm^-1  (      1.1930 THz )
      6     41.5545 cm^-1  (      1.2458 THz )
      7     53.0692 cm^-1  (      1.5910 THz )
      8     56.7655 cm^-1  (      1.7018 THz )
      9     60.7744 cm^-1  (      1.8220 THz )
     10     69.6385 cm^-1  (      2.0877 THz )
     11     89.1102 cm^-1  (      2.6715 THz )
     12     96.3677 cm^-1  (      2.8890 THz )
     13    104.7107 cm^-1  (      3.1391 THz )
     14    111.7143 cm^-1  (      3.3491 THz )
     15    152.1626 cm^-1  (      4.5617 THz )

 # Irred. k point   57 : (  0.1667,  0.2500,  0.4167)
   Mode, Frequency 
      1     28.1988 cm^-1  (      0.8454 THz )
      2     30.7944 cm^-1  (      0.9232 THz )
      3     35.6113 cm^-1  (      1.0676 THz )
      4     37.6078 cm^-1  (      1.1275 THz )
      5     38.8075 cm^-1  (      1.1634 THz )
      6     41.6566 cm^-1  (      1.2488 THz )
      7     53.3729 cm^-1  (      1.6001 THz )
      8     58.7194 cm^-1  (      1.7604 THz )
      9     63.2103 cm^-1  (      1.8950 THz )
     10     70.5615 cm^-1  (      2.1154 THz )
     11     89.9623 cm^-1  (      2.6970 THz )
     12     97.4887 cm^-1  (      2.9226 THz )
     13    113.5414 cm^-1  (      3.4039 THz )
     14    117.5957 cm^-1  (      3.5254 THz )
     15    154.0894 cm^-1  (      4.6195 THz )

 # Irred. k point   58 : (  0.1667,  0.2500, -0.5000)
   Mode, Frequency 
      1     28.1780 cm^-1  (      0.8448 THz )
      2     31.1171 cm^-1  (      0.9329 THz )
      3     36.3564 cm^-1  (      1.0899 THz )
      4     37.1085 cm^-1  (      1.1125 THz )
      5     38.6168 cm^-1  (      1.1577 THz )
      6     41.6983 cm^-1  (      1.2501 THz )
      7     53.4485 cm^-1  (      1.6023 THz )
      8     59.4098 cm^-1  (      1.7811 THz )
      9     64.0963 cm^-1  (      1.9216 THz )
     10     70.8822 cm^-1  (      2.1250 THz )
     11     90.2598 cm^-1  (      2.7059 THz )
     12     97.8876 cm^-1  (      2.9346 THz )
     13    115.3037 cm^-1  (      3.4567 THz )
     14    120.8155 cm^-1  (      3.6220 THz )
     15    154.8960 cm^-1  (      4.6437 THz )

 # Irred. k point   59 : (  0.1667,  0.3333,  0.3333)
   Mode, Frequency 
      1     26.9214 cm^-1  (      0.8071 THz )
      2     31.0162 cm^-1  (      0.9298 THz )
      3     34.4769 cm^-1  (      1.0336 THz )
      4     36.5315 cm^-1  (      1.0952 THz )
      5     39.4078 cm^-1  (      1.1814 THz )
      6     40.5827 cm^-1  (      1.2166 THz )
      7     55.6389 cm^-1  (      1.6680 THz )
      8     57.0145 cm^-1  (      1.7093 THz )
      9     63.9776 cm^-1  (      1.9180 THz )
     10     70.3372 cm^-1  (      2.1087 THz )
     11     97.6960 cm^-1  (      2.9289 THz )
     12    105.3355 cm^-1  (      3.1579 THz )
     13    105.8326 cm^-1  (      3.1728 THz )
     14    120.7348 cm^-1  (      3.6195 THz )
     15    153.3343 cm^-1  (      4.5968 THz )

 # Irred. k point   60 : (  0.1667,  0.3333,  0.4167)
   Mode, Frequency 
      1     25.6637 cm^-1  (      0.7694 THz )
      2     31.8803 cm^-1  (      0.9557 THz )
      3     34.6055 cm^-1  (      1.0374 THz )
      4     36.2358 cm^-1  (      1.0863 THz )
      5     38.7036 cm^-1  (      1.1603 THz )
      6     40.1778 cm^-1  (      1.2045 THz )
      7     56.0826 cm^-1  (      1.6813 THz )
      8     58.3729 cm^-1  (      1.7500 THz )
      9     66.1139 cm^-1  (      1.9820 THz )
     10     70.8104 cm^-1  (      2.1228 THz )
     11     98.5591 cm^-1  (      2.9547 THz )
     12    106.0302 cm^-1  (      3.1787 THz )
     13    116.4226 cm^-1  (      3.4903 THz )
     14    125.7712 cm^-1  (      3.7705 THz )
     15    155.1493 cm^-1  (      4.6513 THz )

 # Irred. k point   61 : (  0.1667,  0.3333, -0.5000)
   Mode, Frequency 
      1     25.1439 cm^-1  (      0.7538 THz )
      2     32.0541 cm^-1  (      0.9610 THz )
      3     35.4264 cm^-1  (      1.0621 THz )
      4     35.6213 cm^-1  (      1.0679 THz )
      5     38.3508 cm^-1  (      1.1497 THz )
      6     40.0957 cm^-1  (      1.2020 THz )
      7     56.0730 cm^-1  (      1.6810 THz )
      8     59.0022 cm^-1  (      1.7688 THz )
      9     66.8668 cm^-1  (      2.0046 THz )
     10     70.9725 cm^-1  (      2.1277 THz )
     11     98.8560 cm^-1  (      2.9636 THz )
     12    106.1854 cm^-1  (      3.1834 THz )
     13    120.4711 cm^-1  (      3.6116 THz )
     14    126.9910 cm^-1  (      3.8071 THz )
     15    156.0432 cm^-1  (      4.6781 THz )

 # Irred. k point   62 : (  0.1667,  0.4167,  0.4167)
   Mode, Frequency 
      1     23.4104 cm^-1  (      0.7018 THz )
      2     32.9170 cm^-1  (      0.9868 THz )
      3     34.0750 cm^-1  (      1.0215 THz )
      4     35.4118 cm^-1  (      1.0616 THz )
      5     38.6181 cm^-1  (      1.1577 THz )
      6     39.1160 cm^-1  (      1.1727 THz )
      7     57.7615 cm^-1  (      1.7316 THz )
      8     58.1795 cm^-1  (      1.7442 THz )
      9     68.0116 cm^-1  (      2.0389 THz )
     10     70.9622 cm^-1  (      2.1274 THz )
     11     99.1840 cm^-1  (      2.9735 THz )
     12    116.5194 cm^-1  (      3.4932 THz )
     13    116.5991 cm^-1  (      3.4956 THz )
     14    132.2560 cm^-1  (      3.9649 THz )
     15    156.6592 cm^-1  (      4.6965 THz )

 # Irred. k point   63 : (  0.1667,  0.4167, -0.5000)
   Mode, Frequency 
      1     22.5185 cm^-1  (      0.6751 THz )
      2     33.1393 cm^-1  (      0.9935 THz )
      3     34.3970 cm^-1  (      1.0312 THz )
      4     34.8763 cm^-1  (      1.0456 THz )
      5     38.3733 cm^-1  (      1.1504 THz )
      6     38.8976 cm^-1  (      1.1661 THz )
      7     57.8372 cm^-1  (      1.7339 THz )
      8     58.6152 cm^-1  (      1.7572 THz )
      9     68.6697 cm^-1  (      2.0587 THz )
     10     71.0082 cm^-1  (      2.1288 THz )
     11     99.3941 cm^-1  (      2.9798 THz )
     12    116.6000 cm^-1  (      3.4956 THz )
     13    120.3316 cm^-1  (      3.6075 THz )
     14    134.1526 cm^-1  (      4.0218 THz )
     15    157.4539 cm^-1  (      4.7203 THz )

 # Irred. k point   64 : (  0.1667, -0.5000, -0.5000)
   Mode, Frequency 
      1     21.4786 cm^-1  (      0.6439 THz )
      2     33.9324 cm^-1  (      1.0173 THz )
      3     33.9324 cm^-1  (      1.0173 THz )
      4     34.3968 cm^-1  (      1.0312 THz )
      5     38.4073 cm^-1  (      1.1514 THz )
      6     38.4073 cm^-1  (      1.1514 THz )
      7     58.4632 cm^-1  (      1.7527 THz )
      8     58.4632 cm^-1  (      1.7527 THz )
      9     69.2903 cm^-1  (      2.0773 THz )
     10     71.0128 cm^-1  (      2.1289 THz )
     11     99.5729 cm^-1  (      2.9851 THz )
     12    120.3032 cm^-1  (      3.6066 THz )
     13    120.3032 cm^-1  (      3.6066 THz )
     14    136.3164 cm^-1  (      4.0867 THz )
     15    158.1872 cm^-1  (      4.7423 THz )

 # Irred. k point   65 : (  0.2500,  0.2500,  0.2500)
   Mode, Frequency 
      1     28.6411 cm^-1  (      0.8586 THz )
      2     28.6411 cm^-1  (      0.8586 THz )
      3     34.0449 cm^-1  (      1.0206 THz )
      4     36.2333 cm^-1  (      1.0862 THz )
      5     40.0245 cm^-1  (      1.1999 THz )
      6     40.0245 cm^-1  (      1.1999 THz )
      7     56.2027 cm^-1  (      1.6849 THz )
      8     57.6790 cm^-1  (      1.7292 THz )
      9     57.6790 cm^-1  (      1.7292 THz )
     10     87.3568 cm^-1  (      2.6189 THz )
     11     89.6188 cm^-1  (      2.6867 THz )
     12     89.6188 cm^-1  (      2.6867 THz )
     13    105.9070 cm^-1  (      3.1750 THz )
     14    105.9070 cm^-1  (      3.1750 THz )
     15    150.7236 cm^-1  (      4.5186 THz )

 # Irred. k point   66 : (  0.2500,  0.2500,  0.3333)
   Mode, Frequency 
      1     29.1351 cm^-1  (      0.8734 THz )
      2     29.1847 cm^-1  (      0.8749 THz )
      3     33.0429 cm^-1  (      0.9906 THz )
      4     36.3742 cm^-1  (      1.0905 THz )
      5     38.6206 cm^-1  (      1.1578 THz )
      6     39.5982 cm^-1  (      1.1871 THz )
      7     57.0375 cm^-1  (      1.7099 THz )
      8     60.2589 cm^-1  (      1.8065 THz )
      9     60.6792 cm^-1  (      1.8191 THz )
     10     89.2704 cm^-1  (      2.6763 THz )
     11     90.1782 cm^-1  (      2.7035 THz )
     12    105.2892 cm^-1  (      3.1565 THz )
     13    107.2210 cm^-1  (      3.2144 THz )
     14    114.2754 cm^-1  (      3.4259 THz )
     15    152.4780 cm^-1  (      4.5712 THz )

 # Irred. k point   67 : (  0.2500,  0.2500,  0.4167)
   Mode, Frequency 
      1     28.6344 cm^-1  (      0.8584 THz )
      2     29.3369 cm^-1  (      0.8795 THz )
      3     33.8465 cm^-1  (      1.0147 THz )
      4     37.0272 cm^-1  (      1.1100 THz )
      5     37.1378 cm^-1  (      1.1134 THz )
      6     39.1380 cm^-1  (      1.1733 THz )
      7     57.0106 cm^-1  (      1.7091 THz )
      8     61.9227 cm^-1  (      1.8564 THz )
      9     63.2152 cm^-1  (      1.8951 THz )
     10     90.1044 cm^-1  (      2.7013 THz )
     11     90.6035 cm^-1  (      2.7162 THz )
     12    108.1814 cm^-1  (      3.2432 THz )
     13    115.6306 cm^-1  (      3.4665 THz )
     14    118.9599 cm^-1  (      3.5663 THz )
     15    154.7258 cm^-1  (      4.6386 THz )

 # Irred. k point   68 : (  0.2500,  0.2500, -0.5000)
   Mode, Frequency 
      1     28.2838 cm^-1  (      0.8479 THz )
      2     29.3700 cm^-1  (      0.8805 THz )
      3     34.9393 cm^-1  (      1.0475 THz )
      4     35.9612 cm^-1  (      1.0781 THz )
      5     37.5060 cm^-1  (      1.1244 THz )
      6     38.8052 cm^-1  (      1.1634 THz )
      7     56.9855 cm^-1  (      1.7084 THz )
      8     62.4977 cm^-1  (      1.8736 THz )
      9     64.1119 cm^-1  (      1.9220 THz )
     10     90.3902 cm^-1  (      2.7098 THz )
     11     90.7624 cm^-1  (      2.7210 THz )
     12    108.5325 cm^-1  (      3.2537 THz )
     13    118.9990 cm^-1  (      3.5675 THz )
     14    120.5788 cm^-1  (      3.6149 THz )
     15    155.7339 cm^-1  (      4.6688 THz )

 # Irred. k point   69 : (  0.2500,  0.3333,  0.3333)
   Mode, Frequency 
      1     27.7065 cm^-1  (      0.8306 THz )
      2     30.1389 cm^-1  (      0.9035 THz )
      3     31.6648 cm^-1  (      0.9493 THz )
      4     36.0351 cm^-1  (      1.0803 THz )
      5     37.6751 cm^-1  (      1.1295 THz )
      6     38.3329 cm^-1  (      1.1492 THz )
      7     59.8347 cm^-1  (      1.7938 THz )
      8     60.3392 cm^-1  (      1.8089 THz )
      9     63.5069 cm^-1  (      1.9039 THz )
     10     90.3068 cm^-1  (      2.7073 THz )
     11    105.6020 cm^-1  (      3.1659 THz )
     12    106.1861 cm^-1  (      3.1834 THz )
     13    111.0860 cm^-1  (      3.3303 THz )
     14    121.2230 cm^-1  (      3.6342 THz )
     15    153.9826 cm^-1  (      4.6163 THz )

 # Irred. k point   70 : (  0.2500,  0.3333,  0.4167)
   Mode, Frequency 
      1     26.0211 cm^-1  (      0.7801 THz )
      2     30.0918 cm^-1  (      0.9021 THz )
      3     32.2504 cm^-1  (      0.9668 THz )
      4     36.1815 cm^-1  (      1.0847 THz )
      5     36.5696 cm^-1  (      1.0963 THz )
      6     37.6077 cm^-1  (      1.1274 THz )
      7     59.8087 cm^-1  (      1.7930 THz )
      8     61.9737 cm^-1  (      1.8579 THz )
      9     65.5245 cm^-1  (      1.9644 THz )
     10     90.7284 cm^-1  (      2.7200 THz )
     11    106.3122 cm^-1  (      3.1872 THz )
     12    111.9797 cm^-1  (      3.3571 THz )
     13    116.6384 cm^-1  (      3.4967 THz )
     14    126.2106 cm^-1  (      3.7837 THz )
     15    156.0852 cm^-1  (      4.6793 THz )

 # Irred. k point   71 : (  0.2500,  0.3333, -0.5000)
   Mode, Frequency 
      1     25.3296 cm^-1  (      0.7594 THz )
      2     29.9277 cm^-1  (      0.8972 THz )
      3     32.8975 cm^-1  (      0.9862 THz )
      4     35.6798 cm^-1  (      1.0697 THz )
      5     36.7796 cm^-1  (      1.1026 THz )
      6     37.1197 cm^-1  (      1.1128 THz )
      7     59.7133 cm^-1  (      1.7902 THz )
      8     62.6013 cm^-1  (      1.8767 THz )
      9     66.2355 cm^-1  (      1.9857 THz )
     10     90.8786 cm^-1  (      2.7245 THz )
     11    106.4655 cm^-1  (      3.1918 THz )
     12    112.3113 cm^-1  (      3.3670 THz )
     13    120.4742 cm^-1  (      3.6117 THz )
     14    127.5378 cm^-1  (      3.8235 THz )
     15    157.1025 cm^-1  (      4.7098 THz )

 # Irred. k point   72 : (  0.2500,  0.4167,  0.4167)
   Mode, Frequency 
      1     23.5253 cm^-1  (      0.7053 THz )
      2     30.8747 cm^-1  (      0.9256 THz )
      3     31.3084 cm^-1  (      0.9386 THz )
      4     35.7330 cm^-1  (      1.0712 THz )
      5     36.1454 cm^-1  (      1.0836 THz )
      6     36.7371 cm^-1  (      1.1014 THz )
      7     61.5250 cm^-1  (      1.8445 THz )
      8     61.6819 cm^-1  (      1.8492 THz )
      9     67.3189 cm^-1  (      2.0182 THz )
     10     90.9991 cm^-1  (      2.7281 THz )
     11    112.8674 cm^-1  (      3.3837 THz )
     12    116.7715 cm^-1  (      3.5007 THz )
     13    116.9032 cm^-1  (      3.5047 THz )
     14    132.1873 cm^-1  (      3.9629 THz )
     15    157.8583 cm^-1  (      4.7325 THz )

 # Irred. k point   73 : (  0.2500,  0.4167, -0.5000)
   Mode, Frequency 
      1     22.5382 cm^-1  (      0.6757 THz )
      2     30.7026 cm^-1  (      0.9204 THz )
      3     31.5356 cm^-1  (      0.9454 THz )
      4     35.3506 cm^-1  (      1.0598 THz )
      5     36.3000 cm^-1  (      1.0882 THz )
      6     36.3041 cm^-1  (      1.0884 THz )
      7     61.4588 cm^-1  (      1.8425 THz )
      8     62.2177 cm^-1  (      1.8652 THz )
      9     67.9430 cm^-1  (      2.0369 THz )
     10     91.0963 cm^-1  (      2.7310 THz )
     11    113.1782 cm^-1  (      3.3930 THz )
     12    116.8978 cm^-1  (      3.5045 THz )
     13    120.4768 cm^-1  (      3.6118 THz )
     14    134.0264 cm^-1  (      4.0180 THz )
     15    158.7485 cm^-1  (      4.7592 THz )

 # Irred. k point   74 : (  0.2500, -0.5000, -0.5000)
   Mode, Frequency 
      1     21.4267 cm^-1  (      0.6424 THz )
      2     31.0591 cm^-1  (      0.9311 THz )
      3     31.0591 cm^-1  (      0.9311 THz )
      4     35.0816 cm^-1  (      1.0517 THz )
      5     36.1348 cm^-1  (      1.0833 THz )
      6     36.1348 cm^-1  (      1.0833 THz )
      7     62.0609 cm^-1  (      1.8605 THz )
      8     62.0609 cm^-1  (      1.8605 THz )
      9     68.5367 cm^-1  (      2.0547 THz )
     10     91.1745 cm^-1  (      2.7333 THz )
     11    113.4611 cm^-1  (      3.4015 THz )
     12    120.4938 cm^-1  (      3.6123 THz )
     13    120.4938 cm^-1  (      3.6123 THz )
     14    136.0753 cm^-1  (      4.0794 THz )
     15    159.5707 cm^-1  (      4.7838 THz )

 # Irred. k point   75 : (  0.3333,  0.3333,  0.3333)
   Mode, Frequency 
      1     28.1738 cm^-1  (      0.8446 THz )
      2     28.7390 cm^-1  (      0.8616 THz )
      3     28.7390 cm^-1  (      0.8616 THz )
      4     35.7247 cm^-1  (      1.0710 THz )
      5     37.0410 cm^-1  (      1.1105 THz )
      6     37.0410 cm^-1  (      1.1105 THz )
      7     62.8897 cm^-1  (      1.8854 THz )
      8     62.8897 cm^-1  (      1.8854 THz )
      9     63.1904 cm^-1  (      1.8944 THz )
     10    106.0427 cm^-1  (      3.1791 THz )
     11    106.5593 cm^-1  (      3.1946 THz )
     12    106.5593 cm^-1  (      3.1946 THz )
     13    121.7279 cm^-1  (      3.6493 THz )
     14    121.7279 cm^-1  (      3.6493 THz )
     15    155.6021 cm^-1  (      4.6648 THz )

 # Irred. k point   76 : (  0.3333,  0.3333,  0.4167)
   Mode, Frequency 
      1     25.7870 cm^-1  (      0.7731 THz )
      2     27.5251 cm^-1  (      0.8252 THz )
      3     29.3038 cm^-1  (      0.8785 THz )
      4     35.8713 cm^-1  (      1.0754 THz )
      5     36.1939 cm^-1  (      1.0851 THz )
      6     36.6530 cm^-1  (      1.0988 THz )
      7     62.6014 cm^-1  (      1.8767 THz )
      8     64.4955 cm^-1  (      1.9335 THz )
      9     65.1698 cm^-1  (      1.9537 THz )
     10    106.6007 cm^-1  (      3.1958 THz )
     11    106.8449 cm^-1  (      3.2031 THz )
     12    116.8327 cm^-1  (      3.5026 THz )
     13    122.1074 cm^-1  (      3.6607 THz )
     14    127.8155 cm^-1  (      3.8318 THz )
     15    157.6997 cm^-1  (      4.7277 THz )

 # Irred. k point   77 : (  0.3333,  0.3333, -0.5000)
   Mode, Frequency 
      1     24.8461 cm^-1  (      0.7449 THz )
      2     27.0620 cm^-1  (      0.8113 THz )
      3     29.5904 cm^-1  (      0.8871 THz )
      4     35.8650 cm^-1  (      1.0752 THz )
      5     36.1042 cm^-1  (      1.0824 THz )
      6     36.3879 cm^-1  (      1.0909 THz )
      7     62.4592 cm^-1  (      1.8725 THz )
      8     65.0439 cm^-1  (      1.9500 THz )
      9     65.8834 cm^-1  (      1.9751 THz )
     10    106.7390 cm^-1  (      3.2000 THz )
     11    106.9521 cm^-1  (      3.2063 THz )
     12    120.5620 cm^-1  (      3.6144 THz )
     13    122.2483 cm^-1  (      3.6649 THz )
     14    129.5399 cm^-1  (      3.8835 THz )
     15    158.7142 cm^-1  (      4.7581 THz )

 # Irred. k point   78 : (  0.3333,  0.4167,  0.4167)
   Mode, Frequency 
      1     23.5899 cm^-1  (      0.7072 THz )
      2     27.1402 cm^-1  (      0.8136 THz )
      3     27.2217 cm^-1  (      0.8161 THz )
      4     35.8160 cm^-1  (      1.0737 THz )
      5     36.0612 cm^-1  (      1.0811 THz )
      6     36.2920 cm^-1  (      1.0880 THz )
      7     64.3320 cm^-1  (      1.9286 THz )
      8     64.3609 cm^-1  (      1.9295 THz )
      9     66.6228 cm^-1  (      1.9973 THz )
     10    107.0077 cm^-1  (      3.2080 THz )
     11    117.0342 cm^-1  (      3.5086 THz )
     12    117.0592 cm^-1  (      3.5093 THz )
     13    124.8314 cm^-1  (      3.7424 THz )
     14    132.1264 cm^-1  (      3.9611 THz )
     15    159.6050 cm^-1  (      4.7848 THz )

 # Irred. k point   79 : (  0.3333,  0.4167, -0.5000)
   Mode, Frequency 
      1     22.5285 cm^-1  (      0.6754 THz )
      2     26.4135 cm^-1  (      0.7919 THz )
      3     27.2399 cm^-1  (      0.8166 THz )
      4     35.7818 cm^-1  (      1.0727 THz )
      5     36.0553 cm^-1  (      1.0809 THz )
      6     36.1838 cm^-1  (      1.0848 THz )
      7     64.1861 cm^-1  (      1.9243 THz )
      8     64.9400 cm^-1  (      1.9469 THz )
      9     67.2181 cm^-1  (      2.0151 THz )
     10    107.1122 cm^-1  (      3.2111 THz )
     11    117.1287 cm^-1  (      3.5114 THz )
     12    120.6779 cm^-1  (      3.6178 THz )
     13    125.1508 cm^-1  (      3.7519 THz )
     14    133.9540 cm^-1  (      4.0158 THz )
     15    160.5226 cm^-1  (      4.8123 THz )

 # Irred. k point   80 : (  0.3333, -0.5000, -0.5000)
   Mode, Frequency 
      1     21.3747 cm^-1  (      0.6408 THz )
      2     26.3906 cm^-1  (      0.7912 THz )
      3     26.3906 cm^-1  (      0.7912 THz )
      4     35.7201 cm^-1  (      1.0709 THz )
      5     36.1111 cm^-1  (      1.0826 THz )
      6     36.1111 cm^-1  (      1.0826 THz )
      7     64.7763 cm^-1  (      1.9419 THz )
      8     64.7763 cm^-1  (      1.9419 THz )
      9     67.7867 cm^-1  (      2.0322 THz )
     10    107.2101 cm^-1  (      3.2141 THz )
     11    120.7309 cm^-1  (      3.6194 THz )
     12    120.7309 cm^-1  (      3.6194 THz )
     13    125.5460 cm^-1  (      3.7638 THz )
     14    135.8337 cm^-1  (      4.0722 THz )
     15    161.3865 cm^-1  (      4.8382 THz )

 # Irred. k point   81 : (  0.4167,  0.4167,  0.4167)
   Mode, Frequency 
      1     23.1992 cm^-1  (      0.6955 THz )
      2     24.2776 cm^-1  (      0.7278 THz )
      3     24.2776 cm^-1  (      0.7278 THz )
      4     35.9979 cm^-1  (      1.0792 THz )
      5     36.1907 cm^-1  (      1.0850 THz )
      6     36.1907 cm^-1  (      1.0850 THz )
      7     65.9853 cm^-1  (      1.9782 THz )
      8     65.9853 cm^-1  (      1.9782 THz )
      9     66.2631 cm^-1  (      1.9865 THz )
     10    117.2648 cm^-1  (      3.5155 THz )
     11    117.2918 cm^-1  (      3.5163 THz )
     12    117.2918 cm^-1  (      3.5163 THz )
     13    132.0870 cm^-1  (      3.9599 THz )
     14    132.0870 cm^-1  (      3.9599 THz )
     15    161.4863 cm^-1  (      4.8412 THz )

 # Irred. k point   82 : (  0.4167,  0.4167, -0.5000)
   Mode, Frequency 
      1     22.2659 cm^-1  (      0.6675 THz )
      2     23.1624 cm^-1  (      0.6944 THz )
      3     23.9659 cm^-1  (      0.7185 THz )
      4     36.0855 cm^-1  (      1.0818 THz )
      5     36.1652 cm^-1  (      1.0842 THz )
      6     36.2332 cm^-1  (      1.0862 THz )
      7     65.8883 cm^-1  (      1.9753 THz )
      8     66.5474 cm^-1  (      1.9950 THz )
      9     66.7779 cm^-1  (      2.0020 THz )
     10    117.3615 cm^-1  (      3.5184 THz )
     11    117.3815 cm^-1  (      3.5190 THz )
     12    120.8596 cm^-1  (      3.6233 THz )
     13    132.0737 cm^-1  (      3.9595 THz )
     14    134.3782 cm^-1  (      4.0286 THz )
     15    162.3637 cm^-1  (      4.8675 THz )

 # Irred. k point   83 : (  0.4167, -0.5000, -0.5000)
   Mode, Frequency 
      1     21.3365 cm^-1  (      0.6397 THz )
      2     22.7307 cm^-1  (      0.6814 THz )
      3     22.7307 cm^-1  (      0.6814 THz )
      4     36.1585 cm^-1  (      1.0840 THz )
      5     36.2552 cm^-1  (      1.0869 THz )
      6     36.2552 cm^-1  (      1.0869 THz )
      7     66.4674 cm^-1  (      1.9926 THz )
      8     66.4674 cm^-1  (      1.9926 THz )
      9     67.2409 cm^-1  (      2.0158 THz )
     10    117.4624 cm^-1  (      3.5214 THz )
     11    120.9333 cm^-1  (      3.6255 THz )
     12    120.9333 cm^-1  (      3.6255 THz )
     13    133.1396 cm^-1  (      3.9914 THz )
     14    135.6567 cm^-1  (      4.0669 THz )
     15    163.2113 cm^-1  (      4.8930 THz )

 # Irred. k point   84 : ( -0.5000, -0.5000, -0.5000)
   Mode, Frequency 
      1     21.3226 cm^-1  (      0.6392 THz )
      2     21.3226 cm^-1  (      0.6392 THz )
      3     21.3226 cm^-1  (      0.6392 THz )
      4     36.3128 cm^-1  (      1.0886 THz )
      5     36.3128 cm^-1  (      1.0886 THz )
      6     36.3128 cm^-1  (      1.0886 THz )
      7     67.0418 cm^-1  (      2.0099 THz )
      8     67.0418 cm^-1  (      2.0099 THz )
      9     67.0418 cm^-1  (      2.0099 THz )
     10    121.0134 cm^-1  (      3.6279 THz )
     11    121.0134 cm^-1  (      3.6279 THz )
     12    121.0134 cm^-1  (      3.6279 THz )
     13    135.5918 cm^-1  (      4.0649 THz )
     14    135.5918 cm^-1  (      4.0649 THz )
     15    164.0397 cm^-1  (      4.9178 THz )


 -----------------------------------------------------------------

 ANIME-tag is given: Making animation files for the given
                     k point ( 0.0000, 0.0000, 0.0000).
 ANIME_CELLSIZE =   2  2  2
 ANIME_FORMAT = XSF

 -----------------------------------------------------------------

 The following files are created: 
  pc_dos.phvel_all   : Phonon velocity at all k points
  pc_dos.dos         : Phonon DOS and atom projected DOS
  pc_dos.tdos        : Two-phonon DOS
  pc_dos.sps_Bose    : Three-phonon scattering phase space 
                       with the Bose distribution function
  pc_dos.thermo      : Thermodynamic quantities
  pc_dos.msd         : Mean-square-displacement (MSD)
  pc_dos.gru_all     : Gruneisen parameters at all k points
  pc_dos.anime*.axsf : AXSF files for animate phonon modes

 Job finished at Thu Nov 12 20:09:19 2020

