 +-----------------------------------------------------------------+
 +                         Program ALM                             +
 +                             Ver.  1.1.0                         +
 +-----------------------------------------------------------------+

 Number of OpenMP threads = 24

 Job started at Sun Dec 13 21:15:41 2020


 Input variables:
 -------------------------------------------------------------------
 General:
  PREFIX = uc
  MODE = optimize
  NAT = 40; NKD = 3
  PRINTSYM = 0; TOLERANCE = 1e-06
  KD =   Br  Cd  Cs
  PERIODIC =   1  1  1
  MAGMOM = 

 Interaction:
  NORDER = 5
  NBODY =   2  3  3  2  2

 Optimize:
  LMODEL = elastic-net
  DFSET = disp-force-an.dat
  NDATA = 60; NSTART = 1; NEND = 60   SKIP = 

  ICONST = 11
  ROTAXIS = 
  FC2XML = uc_2nd.xml
  FC3XML = 

  SPARSE = 0
  SPARSESOLVER = SimplicialLDLT
  CONV_TOL = 1e-08
  MAXITER = 10000

 Elastic-net related variables:
  CV =     4
  DFSET_CV = disp-force-an.dat
  NDATA_CV = 60; NSTART_CV = 1; NEND_CV = 60

  L1_RATIO = 1
  L1_ALPHA = 0
  CV_MINALPHA = 1e-10; CV_MAXALPHA = 0.02;  CV_NALPHA = 100
  STANDARDIZE = 1
  ENET_DNORM = 1
  NWRITE =  1000
  DEBIAS_OLS = 0

 -------------------------------------------------------------------

 SYSTEM
 ======

  Lattice Vector
    2.073879e+01   0.000000e+00   0.000000e+00 : a1
    0.000000e+00   2.073879e+01   0.000000e+00 : a2
    0.000000e+00   0.000000e+00   2.073879e+01 : a3

  Cell volume = 8.919699e+03 (a.u)^3

  Reciprocal Lattice Vector
    3.029678e-01   0.000000e+00   0.000000e+00 : b1
    0.000000e+00   3.029678e-01   0.000000e+00 : b2
    0.000000e+00   0.000000e+00   3.029678e-01 : b3

  Atomic species:
     1   Br
     2   Cd
     3   Cs

  Atomic positions in fractional basis and atomic species
     1   0.000000e+00   2.500000e-01   2.500000e-01    1
     2   5.000000e-01   2.500000e-01   2.500000e-01    1
     3   0.000000e+00   7.500000e-01   2.500000e-01    1
     4   5.000000e-01   7.500000e-01   2.500000e-01    1
     5   0.000000e+00   2.500000e-01   7.500000e-01    1
     6   5.000000e-01   2.500000e-01   7.500000e-01    1
     7   0.000000e+00   7.500000e-01   7.500000e-01    1
     8   5.000000e-01   7.500000e-01   7.500000e-01    1
     9   2.500000e-01   0.000000e+00   2.500000e-01    1
    10   7.500000e-01   0.000000e+00   2.500000e-01    1
    11   2.500000e-01   5.000000e-01   2.500000e-01    1
    12   7.500000e-01   5.000000e-01   2.500000e-01    1
    13   2.500000e-01   0.000000e+00   7.500000e-01    1
    14   7.500000e-01   0.000000e+00   7.500000e-01    1
    15   2.500000e-01   5.000000e-01   7.500000e-01    1
    16   7.500000e-01   5.000000e-01   7.500000e-01    1
    17   2.500000e-01   2.500000e-01   0.000000e+00    1
    18   7.500000e-01   2.500000e-01   0.000000e+00    1
    19   2.500000e-01   7.500000e-01   0.000000e+00    1
    20   7.500000e-01   7.500000e-01   0.000000e+00    1
    21   2.500000e-01   2.500000e-01   5.000000e-01    1
    22   7.500000e-01   2.500000e-01   5.000000e-01    1
    23   2.500000e-01   7.500000e-01   5.000000e-01    1
    24   7.500000e-01   7.500000e-01   5.000000e-01    1
    25   2.500000e-01   2.500000e-01   2.500000e-01    2
    26   7.500000e-01   2.500000e-01   2.500000e-01    2
    27   2.500000e-01   7.500000e-01   2.500000e-01    2
    28   7.500000e-01   7.500000e-01   2.500000e-01    2
    29   2.500000e-01   2.500000e-01   7.500000e-01    2
    30   7.500000e-01   2.500000e-01   7.500000e-01    2
    31   2.500000e-01   7.500000e-01   7.500000e-01    2
    32   7.500000e-01   7.500000e-01   7.500000e-01    2
    33   0.000000e+00   0.000000e+00   0.000000e+00    3
    34   5.000000e-01   0.000000e+00   0.000000e+00    3
    35   0.000000e+00   5.000000e-01   0.000000e+00    3
    36   5.000000e-01   5.000000e-01   0.000000e+00    3
    37   0.000000e+00   0.000000e+00   5.000000e-01    3
    38   5.000000e-01   0.000000e+00   5.000000e-01    3
    39   0.000000e+00   5.000000e-01   5.000000e-01    3
    40   5.000000e-01   5.000000e-01   5.000000e-01    3


  Time Elapsed: 0.181142 sec.

 -------------------------------------------------------------------

 SYMMETRY
 ========

  Space group: Pm-3m (221)
  Number of symmetry operations = 384

  Given system is not a primitive cell.
  There are     8 translation operations.
  Primitive cell contains 5 atoms

  **Cell-Atom Correspondens Below**
  CELL |  ATOM
     1 |     1    9   17   25   33
       | 
     2 |     5   13   21   29   37
       | 
     3 |     3   11   19   27   35
       | 
     4 |     7   15   23   31   39
       | 
     5 |     2   10   18   26   34
       | 
     6 |     6   14   22   30   38
       | 
     7 |     4   12   20   28   36
       | 
     8 |     8   16   24   32   40
       | 

  Time Elapsed: 0.293641 sec.

 -------------------------------------------------------------------

 INTERACTION
 ===========

  +++ Cutoff Radii Matrix in Bohr Unit (NKD x NKD matrix) +++
   HARMONIC
     None     None     None
     None     None     None
     None     None     None

    ANHARM3
     None     None     None
     None     None     None
     None     None     None

    ANHARM4
     12.8     15.6       18
     15.6       18       18
       18       18       18

    ANHARM5
     10.4     11.7     12.8
     11.7     14.7     12.8
     12.8     12.8     14.7

    ANHARM6
      7.4      5.3      7.4
      5.3     10.4        9
      7.4        9     10.4


  List of neighboring atoms below.
  Format [N th-nearest shell, distance in Bohr (Number of atoms on the shell)]

    1 ( Br):   1    5.1847 (  2) -  25( Cd)  26( Cd)
               2   7.33227 ( 12) -   9( Br)  10( Br)  11( Br)  12( Br)
                                    17( Br)  18( Br)  21( Br)  22( Br)
                                    33( Cs)  35( Cs)  37( Cs)  39( Cs)
               3   10.3694 (  3) -   2( Br)   3( Br)   5( Br)
               4   11.5933 (  4) -  27( Cd)  28( Cd)  29( Cd)  30( Cd)
               5   12.6999 ( 12) -  13( Br)  14( Br)  15( Br)  16( Br)
                                    19( Br)  20( Br)  23( Br)  24( Br)
                                    34( Cs)  36( Cs)  38( Cs)  40( Cs)
               6   14.6645 (  3) -   4( Br)   6( Br)   7( Br)
               7   15.5541 (  2) -  31( Cd)  32( Cd)
               8   17.9603 (  1) -   8( Br)

    9 ( Br):   1    5.1847 (  2) -  25( Cd)  27( Cd)
               2   7.33227 ( 12) -   1( Br)   2( Br)   3( Br)   4( Br)
                                    17( Br)  19( Br)  21( Br)  23( Br)
                                    33( Cs)  34( Cs)  37( Cs)  38( Cs)
               3   10.3694 (  3) -  10( Br)  11( Br)  13( Br)
               4   11.5933 (  4) -  26( Cd)  28( Cd)  29( Cd)  31( Cd)
               5   12.6999 ( 12) -   5( Br)   6( Br)   7( Br)   8( Br)
                                    18( Br)  20( Br)  22( Br)  24( Br)
                                    35( Cs)  36( Cs)  39( Cs)  40( Cs)
               6   14.6645 (  3) -  12( Br)  14( Br)  15( Br)
               7   15.5541 (  2) -  30( Cd)  32( Cd)
               8   17.9603 (  1) -  16( Br)

   17 ( Br):   1    5.1847 (  2) -  25( Cd)  29( Cd)
               2   7.33227 ( 12) -   1( Br)   2( Br)   5( Br)   6( Br)
                                     9( Br)  11( Br)  13( Br)  15( Br)
                                    33( Cs)  34( Cs)  35( Cs)  36( Cs)
               3   10.3694 (  3) -  18( Br)  19( Br)  21( Br)
               4   11.5933 (  4) -  26( Cd)  27( Cd)  30( Cd)  31( Cd)
               5   12.6999 ( 12) -   3( Br)   4( Br)   7( Br)   8( Br)
                                    10( Br)  12( Br)  14( Br)  16( Br)
                                    37( Cs)  38( Cs)  39( Cs)  40( Cs)
               6   14.6645 (  3) -  20( Br)  22( Br)  23( Br)
               7   15.5541 (  2) -  28( Cd)  32( Cd)
               8   17.9603 (  1) -  24( Br)

   25 ( Cd):   1    5.1847 (  6) -   1( Br)   2( Br)   9( Br)  11( Br)
                                    17( Br)  21( Br)
               2   8.98016 (  8) -  33( Cs)  34( Cs)  35( Cs)  36( Cs)
                                    37( Cs)  38( Cs)  39( Cs)  40( Cs)
               3   10.3694 (  3) -  26( Cd)  27( Cd)  29( Cd)
               4   11.5933 ( 12) -   3( Br)   4( Br)   5( Br)   6( Br)
                                    10( Br)  12( Br)  13( Br)  15( Br)
                                    18( Br)  19( Br)  22( Br)  23( Br)
               5   14.6645 (  3) -  28( Cd)  30( Cd)  31( Cd)
               6   15.5541 (  6) -   7( Br)   8( Br)  14( Br)  16( Br)
                                    20( Br)  24( Br)
               7   17.9603 (  1) -  32( Cd)

   33 ( Cs):   1   7.33227 ( 12) -   1( Br)   3( Br)   5( Br)   7( Br)
                                     9( Br)  10( Br)  13( Br)  14( Br)
                                    17( Br)  18( Br)  19( Br)  20( Br)
               2   8.98016 (  8) -  25( Cd)  26( Cd)  27( Cd)  28( Cd)
                                    29( Cd)  30( Cd)  31( Cd)  32( Cd)
               3   10.3694 (  3) -  34( Cs)  35( Cs)  37( Cs)
               4   12.6999 ( 12) -   2( Br)   4( Br)   6( Br)   8( Br)
                                    11( Br)  12( Br)  15( Br)  16( Br)
                                    21( Br)  22( Br)  23( Br)  24( Br)
               5   14.6645 (  3) -  36( Cs)  38( Cs)  39( Cs)
               6   17.9603 (  1) -  40( Cs)

  For  ANHARM4, interactions related to more than 3 atoms will be neglected.
  For  ANHARM5, interactions related to more than 2 atoms will be neglected.
  For  ANHARM6, interactions related to more than 2 atoms will be neglected.
  Time Elapsed: 9.65741 sec.

 -------------------------------------------------------------------

 FORCE CONSTANT
 ==============


  Number of  HARMONIC FCs : 49
  Number of   ANHARM3 FCs : 746
  Number of   ANHARM4 FCs : 4052
  Number of   ANHARM5 FCs : 298
  Number of   ANHARM6 FCs : 458

  Time Elapsed: 12.445 sec.

 -------------------------------------------------------------------

 CONSTRAINT
 ==========

  ICONST = 1: Constraints for translational invariance
              will be considered.

  FC2XML is given : Harmonic force constants will be 
                    fixed to the values given in uc_2nd.xml

  Generating constraints for translational invariance ...
   HARMONIC ... done.
    ANHARM3 ... done.
    ANHARM4 ... done.
    ANHARM5 ... done.
    ANHARM6 ... done.
  Finished !

  Number of constraints [T-inv, R-inv (self), R-inv (cross)]:
   HARMONIC    4    0    0
    ANHARM3   48    0    0
    ANHARM4 2068    0    0
    ANHARM5  265    0    0
    ANHARM6  413    0    0

  Constraints of T-inv and R-inv (self) are merged.
  If there are redundant constraints, they are removed in this process.

  Number of inequivalent constraints (self, cross) : 
   HARMONIC    4    0
    ANHARM3   48    0
    ANHARM4 2068    0
    ANHARM5  265    0
    ANHARM6  413    0

  ICONST >= 10 : Constraints will be considered algebraically.

  Number of free HARMONIC FCs : 0
  Number of free  ANHARM3 FCs : 698
  Number of free  ANHARM4 FCs : 1984
  Number of free  ANHARM5 FCs : 33
  Number of free  ANHARM6 FCs : 45

  Time Elapsed: 15.3649 sec.

 -------------------------------------------------------------------

 OPTIMIZATION
 ============

  LMODEL = elastic-net

  Training data file (DFSET) : disp-force-an.dat

  NSTART = 1; NEND = 60
  60 entries will be used for training.

  Total Number of Parameters : 5603
  Total Number of Free Parameters : 2760

  Elastic-net cross-validation with the following parameters:
   L1_RATIO = 1
   CV =               4
   CV_MINALPHA =           1e-10 CV_MAXALPHA =            0.02
   CV_NALPHA =   100
   CONV_TOL =           1e-08
   MAXITER = 10000
   ENET_DNORM =               1

  STANDARDIZE = 1 : Standardization will be performed for matrix A and vector b.
                    The ENET_DNORM-tag will be neglected.

  CV > 0: Automatic CV mode.

  Start 4-fold CV

  SET :   1
  Recommended CV_MAXALPHA = 0.00512277

  .........................
  .........................
  .........................
  .........................

  SET   1 has been finished.
  Minimum validation error at alpha = 1.71208e-06
  The CV result is saved in uc.enet_cvset1

  ---------------------------------------------------

  SET :   2
  Recommended CV_MAXALPHA = 0.00440074

  .........................
  .........................
  .........................
  .........................

  SET   2 has been finished.
  Minimum validation error at alpha = 1.16817e-06
  The CV result is saved in uc.enet_cvset2

  ---------------------------------------------------

  SET :   3
  Recommended CV_MAXALPHA = 0.00491013

  .........................
  .........................
  .........................
  .........................

  SET   3 has been finished.
  Minimum validation error at alpha = 1.71208e-06
  The CV result is saved in uc.enet_cvset3

  ---------------------------------------------------

  SET :   4
  Recommended CV_MAXALPHA = 0.00500111

  .........................
  .........................
  .........................
  .........................

  SET   4 has been finished.
  Minimum validation error at alpha = 1.71208e-06
  The CV result is saved in uc.enet_cvset4

  ---------------------------------------------------
 Average and standard deviation of the CV error are
 saved in uc.cvscore
 Minimum CVSCORE at alpha = 1.41421e-06


  Time Elapsed: 306.201 sec.

 -------------------------------------------------------------------


 Job finished at Sun Dec 13 21:20:47 2020

