WARNING: python/3.6.5 cannot be loaded due to a conflict.
HINT: Might try "module unload anaconda" first.
WARNING: anaconda/3-phonopy-phono3py cannot be loaded due to a conflict.
HINT: Might try "module unload anaconda" first.
 DFC2 -- a generator of renormalized harmonic FCs from SCPH outputs.
 XML file containing original FC2 :  Output xml filename with anharmonic correction :  FC2 correction file from SCPH calculation :  Target temperature : 
 New XML file uc_2nd_100K.xml was created successfully.
 DFC2 -- a generator of renormalized harmonic FCs from SCPH outputs.
 XML file containing original FC2 :  Output xml filename with anharmonic correction :  FC2 correction file from SCPH calculation :  Target temperature : 
 New XML file uc_2nd_150K.xml was created successfully.
 DFC2 -- a generator of renormalized harmonic FCs from SCPH outputs.
 XML file containing original FC2 :  Output xml filename with anharmonic correction :  FC2 correction file from SCPH calculation :  Target temperature : 
 New XML file uc_2nd_200K.xml was created successfully.
 DFC2 -- a generator of renormalized harmonic FCs from SCPH outputs.
 XML file containing original FC2 :  Output xml filename with anharmonic correction :  FC2 correction file from SCPH calculation :  Target temperature : 
 New XML file uc_2nd_250K.xml was created successfully.
 DFC2 -- a generator of renormalized harmonic FCs from SCPH outputs.
 XML file containing original FC2 :  Output xml filename with anharmonic correction :  FC2 correction file from SCPH calculation :  Target temperature : 
 New XML file uc_2nd_300K.xml was created successfully.
 DFC2 -- a generator of renormalized harmonic FCs from SCPH outputs.
 XML file containing original FC2 :  Output xml filename with anharmonic correction :  FC2 correction file from SCPH calculation :  Target temperature : 
 New XML file uc_2nd_350K.xml was created successfully.
 DFC2 -- a generator of renormalized harmonic FCs from SCPH outputs.
 XML file containing original FC2 :  Output xml filename with anharmonic correction :  FC2 correction file from SCPH calculation :  Target temperature : 
 New XML file uc_2nd_400K.xml was created successfully.
 DFC2 -- a generator of renormalized harmonic FCs from SCPH outputs.
 XML file containing original FC2 :  Output xml filename with anharmonic correction :  FC2 correction file from SCPH calculation :  Target temperature : 
 New XML file uc_2nd_450K.xml was created successfully.
 DFC2 -- a generator of renormalized harmonic FCs from SCPH outputs.
 XML file containing original FC2 :  Output xml filename with anharmonic correction :  FC2 correction file from SCPH calculation :  Target temperature : 
 New XML file uc_2nd_500K.xml was created successfully.
 DFC2 -- a generator of renormalized harmonic FCs from SCPH outputs.
 XML file containing original FC2 :  Output xml filename with anharmonic correction :  FC2 correction file from SCPH calculation :  Target temperature : 
 New XML file uc_2nd_550K.xml was created successfully.
 DFC2 -- a generator of renormalized harmonic FCs from SCPH outputs.
 XML file containing original FC2 :  Output xml filename with anharmonic correction :  FC2 correction file from SCPH calculation :  Target temperature : 
 New XML file uc_2nd_600K.xml was created successfully.
 DFC2 -- a generator of renormalized harmonic FCs from SCPH outputs.
 XML file containing original FC2 :  Output xml filename with anharmonic correction :  FC2 correction file from SCPH calculation :  Target temperature : 
 New XML file uc_2nd_650K.xml was created successfully.
 DFC2 -- a generator of renormalized harmonic FCs from SCPH outputs.
 XML file containing original FC2 :  Output xml filename with anharmonic correction :  FC2 correction file from SCPH calculation :  Target temperature : 
 New XML file uc_2nd_700K.xml was created successfully.
