WARNING: python/3.6.5 cannot be loaded due to a conflict.
HINT: Might try "module unload anaconda" first.
WARNING: anaconda/3-phonopy-phono3py cannot be loaded due to a conflict.
HINT: Might try "module unload anaconda" first.
Submitted batch job 1663816
Submitted batch job 1663817
Submitted batch job 1663818
Submitted batch job 1663819
Submitted batch job 1663820
Submitted batch job 1663821
Submitted batch job 1663822
Submitted batch job 1663823
Submitted batch job 1663824
Submitted batch job 1663825
Submitted batch job 1663827
Submitted batch job 1663829
Submitted batch job 1663832
Submitted batch job 1663833
Submitted batch job 1663834
Submitted batch job 1663835
Submitted batch job 1663836
Submitted batch job 1663837
Submitted batch job 1663838
Submitted batch job 1663839
Submitted batch job 1663840
Submitted batch job 1663841
Submitted batch job 1663842
Submitted batch job 1663843
Submitted batch job 1663844
Submitted batch job 1663845
Submitted batch job 1663846
Submitted batch job 1663847
Submitted batch job 1663848
Submitted batch job 1663849
Submitted batch job 1663850
Submitted batch job 1663851
Submitted batch job 1663852
Submitted batch job 1663853
Submitted batch job 1663854
Submitted batch job 1663855
Submitted batch job 1663857
Submitted batch job 1663859
Submitted batch job 1663860
Submitted batch job 1663862
Submitted batch job 1663864
Submitted batch job 1663865
Submitted batch job 1663867
Submitted batch job 1663868
Submitted batch job 1663870
Submitted batch job 1663872
Submitted batch job 1663874
Submitted batch job 1663876
Submitted batch job 1663878
Submitted batch job 1663879
Submitted batch job 1663880
Submitted batch job 1663881
Submitted batch job 1663882
Submitted batch job 1663883
Submitted batch job 1663884
sbatch: error: AssocMaxSubmitJobLimit
sbatch: error: Batch job submission failed: Job violates accounting/QOS policy (job submit limit, user's size and/or time limits)
sbatch: error: AssocMaxSubmitJobLimit
sbatch: error: Batch job submission failed: Job violates accounting/QOS policy (job submit limit, user's size and/or time limits)
sbatch: error: AssocMaxSubmitJobLimit
sbatch: error: Batch job submission failed: Job violates accounting/QOS policy (job submit limit, user's size and/or time limits)
sbatch: error: AssocMaxSubmitJobLimit
sbatch: error: Batch job submission failed: Job violates accounting/QOS policy (job submit limit, user's size and/or time limits)
sbatch: error: AssocMaxSubmitJobLimit
sbatch: error: Batch job submission failed: Job violates accounting/QOS policy (job submit limit, user's size and/or time limits)
