 +-----------------------------------------------------------------+
 +                         Program ANPHON                          +
 +                             Ver.  1.1.0                         +
 +-----------------------------------------------------------------+

 Job started at Tue Oct 27 15:44:59 2020

 The number of MPI processes: 1
 The number of OpenMP threads: 24


 Input variables:
 -----------------------------------------------------------------
 General:
  PREFIX = pc_dos
  MODE = PHONONS
  FCSXML = uc.xml
  FC2XML = uc_2nd_100K.xml

  NKD = 3; KD =   Br  Ca  Cs
  MASS =     79.904    40.078    132.91
  NSYM = 0; TOLERANCE = 1e-06; PRINTSYM = 0

  NONANALYTIC = 3
  BORNINFO = BORN; NA_SIGMA = 0.1

  TMIN = 0; TMAX = 1000; DT = 10
  EMIN = 0; EMAX = 1200; DELTA_E = 2

  ISMEAR = -1; EPSILON = 2

  CLASSICAL = 0
  BCONNECT = 2


 Kpoint:
  KPMODE (1st entry for &kpoint) = 2


 Analysis:
  PRINTVEL = 1
  PRINTVEC = 0
  PRINTXSF = 0

  ANIME =     0    0    0
  ANIME_CELL =     2    2    2
  ANIME_FORMAT = XSF

  PDOS = 1; TDOS = 1
  PRINTMSD = 1
  SPS = 2

  GRUNEISEN = 1
  NEWFCS = 0


 -----------------------------------------------------------------

                      MODE = phonons                         
                                                             
      Phonon calculation within harmonic approximation       
      Harmonic force constants will be used.                 

      GRUNEISEN = 1 : Cubic force constants are necessary.

 -----------------------------------------------------------------

 Crystal structure
 =================

 Lattice Vectors:

 * Supercell (from uc.xml )

    2.134264e+01   0.000000e+00   0.000000e+00 : a1
    0.000000e+00   2.134264e+01   0.000000e+00 : a2
    0.000000e+00   0.000000e+00   2.134264e+01 : a3

    2.943959e-01   0.000000e+00   0.000000e+00 : b1
    0.000000e+00   2.943959e-01   0.000000e+00 : b2
    0.000000e+00   0.000000e+00   2.943959e-01 : b3

 * Primitive cell 

    1.067132e+01   0.000000e+00   0.000000e+00 : a1
    0.000000e+00   1.067132e+01   0.000000e+00 : a2
    0.000000e+00   0.000000e+00   1.067132e+01 : a3

    5.887919e-01   0.000000e+00   0.000000e+00 : b1
    0.000000e+00   5.887919e-01   0.000000e+00 : b2
    0.000000e+00   0.000000e+00   5.887919e-01 : b3


  Volume of the primitive cell : 1.215218e+03 (a.u.)^3

  Number of atoms in the supercell     : 40
  Number of atoms in the primitive cell: 5


  FC2XML is given: Harmonic IFCs will be replaced by the values in uc_2nd_100K.xml

 * Supercell for HARMONIC (from uc_2nd_100K.xml )

    2.134264e+01   0.000000e+00   0.000000e+00 : a1
    0.000000e+00   2.134264e+01   0.000000e+00 : a2
    0.000000e+00   0.000000e+00   2.134264e+01 : a3

    2.943959e-01   0.000000e+00   0.000000e+00 : b1
    0.000000e+00   2.943959e-01   0.000000e+00 : b2
    0.000000e+00   0.000000e+00   2.943959e-01 : b3

  Number of atoms in the supercell (HARMONIC)   : 40

  Atomic positions in the primitive cell (fractional):
   1:   0.000000e+00   5.000000e-01   5.000000e-01  Br
   2:   5.000000e-01   0.000000e+00   5.000000e-01  Br
   3:   5.000000e-01   5.000000e-01   0.000000e+00  Br
   4:   5.000000e-01   5.000000e-01   5.000000e-01  Ca
   5:   0.000000e+00   0.000000e+00   0.000000e+00  Cs

  Mass of atomic species (u):
  Br:   79.904000
  Ca:   40.078000
  Cs:  132.910000


 Symmetry
 ========

  NSYM = 0 is given: Trying to find symmetry operations.
  Number of symmetry operations : 48

 k points
 ========

  KPMODE = 2: Uniform grid
  Gamma-centered uniform grid with the following mesh density: 
  nk1:  12
  nk2:  12
  nk3:  12

  Number of k points : 1728
  Number of irreducible k points : 84

  List of irreducible k points (reciprocal coordinate, weight) : 
      1:   0.00000e+00   0.00000e+00   0.00000e+00   0.000579
      2:   0.00000e+00   0.00000e+00   8.33333e-02   0.003472
      3:   0.00000e+00   0.00000e+00   1.66667e-01   0.003472
      4:   0.00000e+00   0.00000e+00   2.50000e-01   0.003472
      5:   0.00000e+00   0.00000e+00   3.33333e-01   0.003472
      6:   0.00000e+00   0.00000e+00   4.16667e-01   0.003472
      7:   0.00000e+00   0.00000e+00  -5.00000e-01   0.001736
      8:   0.00000e+00   8.33333e-02   8.33333e-02   0.006944
      9:   0.00000e+00   8.33333e-02   1.66667e-01   0.013889
     10:   0.00000e+00   8.33333e-02   2.50000e-01   0.013889
     11:   0.00000e+00   8.33333e-02   3.33333e-01   0.013889
     12:   0.00000e+00   8.33333e-02   4.16667e-01   0.013889
     13:   0.00000e+00   8.33333e-02  -5.00000e-01   0.006944
     14:   0.00000e+00   1.66667e-01   1.66667e-01   0.006944
     15:   0.00000e+00   1.66667e-01   2.50000e-01   0.013889
     16:   0.00000e+00   1.66667e-01   3.33333e-01   0.013889
     17:   0.00000e+00   1.66667e-01   4.16667e-01   0.013889
     18:   0.00000e+00   1.66667e-01  -5.00000e-01   0.006944
     19:   0.00000e+00   2.50000e-01   2.50000e-01   0.006944
     20:   0.00000e+00   2.50000e-01   3.33333e-01   0.013889
     21:   0.00000e+00   2.50000e-01   4.16667e-01   0.013889
     22:   0.00000e+00   2.50000e-01  -5.00000e-01   0.006944
     23:   0.00000e+00   3.33333e-01   3.33333e-01   0.006944
     24:   0.00000e+00   3.33333e-01   4.16667e-01   0.013889
     25:   0.00000e+00   3.33333e-01  -5.00000e-01   0.006944
     26:   0.00000e+00   4.16667e-01   4.16667e-01   0.006944
     27:   0.00000e+00   4.16667e-01  -5.00000e-01   0.006944
     28:   0.00000e+00  -5.00000e-01  -5.00000e-01   0.001736
     29:   8.33333e-02   8.33333e-02   8.33333e-02   0.004630
     30:   8.33333e-02   8.33333e-02   1.66667e-01   0.013889
     31:   8.33333e-02   8.33333e-02   2.50000e-01   0.013889
     32:   8.33333e-02   8.33333e-02   3.33333e-01   0.013889
     33:   8.33333e-02   8.33333e-02   4.16667e-01   0.013889
     34:   8.33333e-02   8.33333e-02  -5.00000e-01   0.006944
     35:   8.33333e-02   1.66667e-01   1.66667e-01   0.013889
     36:   8.33333e-02   1.66667e-01   2.50000e-01   0.027778
     37:   8.33333e-02   1.66667e-01   3.33333e-01   0.027778
     38:   8.33333e-02   1.66667e-01   4.16667e-01   0.027778
     39:   8.33333e-02   1.66667e-01  -5.00000e-01   0.013889
     40:   8.33333e-02   2.50000e-01   2.50000e-01   0.013889
     41:   8.33333e-02   2.50000e-01   3.33333e-01   0.027778
     42:   8.33333e-02   2.50000e-01   4.16667e-01   0.027778
     43:   8.33333e-02   2.50000e-01  -5.00000e-01   0.013889
     44:   8.33333e-02   3.33333e-01   3.33333e-01   0.013889
     45:   8.33333e-02   3.33333e-01   4.16667e-01   0.027778
     46:   8.33333e-02   3.33333e-01  -5.00000e-01   0.013889
     47:   8.33333e-02   4.16667e-01   4.16667e-01   0.013889
     48:   8.33333e-02   4.16667e-01  -5.00000e-01   0.013889
     49:   8.33333e-02  -5.00000e-01  -5.00000e-01   0.003472
     50:   1.66667e-01   1.66667e-01   1.66667e-01   0.004630
     51:   1.66667e-01   1.66667e-01   2.50000e-01   0.013889
     52:   1.66667e-01   1.66667e-01   3.33333e-01   0.013889
     53:   1.66667e-01   1.66667e-01   4.16667e-01   0.013889
     54:   1.66667e-01   1.66667e-01  -5.00000e-01   0.006944
     55:   1.66667e-01   2.50000e-01   2.50000e-01   0.013889
     56:   1.66667e-01   2.50000e-01   3.33333e-01   0.027778
     57:   1.66667e-01   2.50000e-01   4.16667e-01   0.027778
     58:   1.66667e-01   2.50000e-01  -5.00000e-01   0.013889
     59:   1.66667e-01   3.33333e-01   3.33333e-01   0.013889
     60:   1.66667e-01   3.33333e-01   4.16667e-01   0.027778
     61:   1.66667e-01   3.33333e-01  -5.00000e-01   0.013889
     62:   1.66667e-01   4.16667e-01   4.16667e-01   0.013889
     63:   1.66667e-01   4.16667e-01  -5.00000e-01   0.013889
     64:   1.66667e-01  -5.00000e-01  -5.00000e-01   0.003472
     65:   2.50000e-01   2.50000e-01   2.50000e-01   0.004630
     66:   2.50000e-01   2.50000e-01   3.33333e-01   0.013889
     67:   2.50000e-01   2.50000e-01   4.16667e-01   0.013889
     68:   2.50000e-01   2.50000e-01  -5.00000e-01   0.006944
     69:   2.50000e-01   3.33333e-01   3.33333e-01   0.013889
     70:   2.50000e-01   3.33333e-01   4.16667e-01   0.027778
     71:   2.50000e-01   3.33333e-01  -5.00000e-01   0.013889
     72:   2.50000e-01   4.16667e-01   4.16667e-01   0.013889
     73:   2.50000e-01   4.16667e-01  -5.00000e-01   0.013889
     74:   2.50000e-01  -5.00000e-01  -5.00000e-01   0.003472
     75:   3.33333e-01   3.33333e-01   3.33333e-01   0.004630
     76:   3.33333e-01   3.33333e-01   4.16667e-01   0.013889
     77:   3.33333e-01   3.33333e-01  -5.00000e-01   0.006944
     78:   3.33333e-01   4.16667e-01   4.16667e-01   0.013889
     79:   3.33333e-01   4.16667e-01  -5.00000e-01   0.013889
     80:   3.33333e-01  -5.00000e-01  -5.00000e-01   0.003472
     81:   4.16667e-01   4.16667e-01   4.16667e-01   0.004630
     82:   4.16667e-01   4.16667e-01  -5.00000e-01   0.006944
     83:   4.16667e-01  -5.00000e-01  -5.00000e-01   0.003472
     84:  -5.00000e-01  -5.00000e-01  -5.00000e-01   0.000579

 Force constant
 ==============

  Reading force constants from the XML file ... done !
  Number of non-zero IFCs for 2 order: 1593
  Number of non-zero IFCs for 3 order: 314004

  Maximum deviation from the translational invariance: 
   Order 2 : 2.495833e-16
   Order 3 : 1.984293e-16


 Dynamical matrix
 ================

  NONANALYTIC = 3 : Non-analytic part of the dynamical matrix will be included 
                    by the Ewald method.

  Dielectric constants and Born effective charges are read from BORN.

  Dielectric constant tensor in Cartesian coordinate : 
   3.140051e+00   0.000000e+00   0.000000e+00
   0.000000e+00   3.140051e+00   0.000000e+00
   0.000000e+00  -0.000000e+00   3.140051e+00

  Born effective charge tensor in Cartesian coordinate
  Atom    1( Br) :
      -2.045100      -0.000000       0.000000
       0.000000      -0.891350       0.000000
       0.000000      -0.000000      -0.891350
  Atom    2( Br) :
      -0.891350      -0.000000      -0.000000
       0.000000      -2.045100      -0.000000
       0.000000      -0.000000      -0.891350
  Atom    3( Br) :
      -0.891350      -0.000000      -0.000000
       0.000000      -0.891350      -0.000000
      -0.000000       0.000000      -2.045100
  Atom    4( Ca) :
       2.474970      -0.000000      -0.000000
      -0.000000       2.474970       0.000000
      -0.000000       0.000000       2.474970
  Atom    5( Cs) :
       1.352820       0.000000      -0.000000
       0.000000       1.352820       0.000000
      -0.000000       0.000000       1.352820

  WARNING: Born effective charges do not satisfy the acoustic sum rule.
           The born effective charges are modified to satisfy the ASR.

  Symmetrized Born effective charge tensor in Cartesian coordinate.
  Atom    1( Br) :
      -2.045098       0.000000       0.000000
       0.000000      -0.891348       0.000000
       0.000000       0.000000      -0.891348
  Atom    2( Br) :
      -0.891348       0.000000       0.000000
       0.000000      -2.045098       0.000000
       0.000000       0.000000      -0.891348
  Atom    3( Br) :
      -0.891348       0.000000       0.000000
       0.000000      -0.891348       0.000000
       0.000000       0.000000      -2.045098
  Atom    4( Ca) :
       2.474972       0.000000       0.000000
       0.000000       2.474972       0.000000
       0.000000       0.000000       2.474972
  Atom    5( Cs) :
       1.352822       0.000000       0.000000
       0.000000       1.352822       0.000000
       0.000000       0.000000       1.352822

 -----------------------------------------------------------------


  Preparing for the Ewald summation ...

  Inverse dielectric tensor : 
   3.184662e-01  -0.000000e+00   0.000000e+00
   0.000000e+00   3.184662e-01   0.000000e+00
  -0.000000e+00   0.000000e+00   3.184662e-01

  Determinant of epsilon:    3.096065e+01

  Parameters for the Ewald summation :
  - Force constant
    Lambda :    1.639188e-01
    Lmax   :    5.682482e+01
    Gmax   :    9.724984e-01
    Maximum number of real-space cells :   3x  3x  3
    Maximum number of reciprocal cells :   4x  4x  4

  - Dynamical matrix
    Lambda :    3.278376e-01
    Lmax   :    2.841241e+01
    Gmax   :    1.944997e+00
    Maximum number of real-space cells :   3x  3x  3
    Maximum number of reciprocal cells :   4x  4x  4

 Calculating long-range (dipole-dipole) FCs in the supercell ... done.
 Now, move on to phonon calculations.

 Diagonalizing dynamical matrices for all k points ... done!
 Calculating group velocities of phonons on uniform grid ... done!

 ISMEAR = -1: Tetrahedron method will be used.

 PDOS = 1 : Calculating atom-projected phonon DOS ...  done!
 TDOS = 1 : Calculating two-phonon DOS for all irreducible k points.
            This may take a while ... done!
 SPS = 2 : Calculating three-phonon scattering phase space
           with the Bose distribution function ... done!

 GRUNEISEN = 1 : Calculating Gruneisen parameters ... done!

 -----------------------------------------------------------------

 Phonon frequencies below:

 # Irred. k point    1 : (  0.0000,  0.0000,  0.0000)
   Mode, Frequency 
      1      0.0000 cm^-1  (      0.0000 THz )
      2      0.0000 cm^-1  (      0.0000 THz )
      3      0.0000 cm^-1  (      0.0000 THz )
      4     39.2484 cm^-1  (      1.1766 THz )
      5     39.2484 cm^-1  (      1.1766 THz )
      6     39.2484 cm^-1  (      1.1766 THz )
      7     42.8254 cm^-1  (      1.2839 THz )
      8     42.8254 cm^-1  (      1.2839 THz )
      9     42.8254 cm^-1  (      1.2839 THz )
     10     71.1695 cm^-1  (      2.1336 THz )
     11     71.1695 cm^-1  (      2.1336 THz )
     12     71.1695 cm^-1  (      2.1336 THz )
     13    203.7556 cm^-1  (      6.1084 THz )
     14    203.7556 cm^-1  (      6.1084 THz )
     15    203.7556 cm^-1  (      6.1084 THz )

 # Irred. k point    2 : (  0.0000,  0.0000,  0.0833)
   Mode, Frequency 
      1      7.3392 cm^-1  (      0.2200 THz )
      2      7.3392 cm^-1  (      0.2200 THz )
      3     16.8797 cm^-1  (      0.5060 THz )
      4     39.2052 cm^-1  (      1.1753 THz )
      5     39.2052 cm^-1  (      1.1753 THz )
      6     43.0626 cm^-1  (      1.2910 THz )
      7     43.1053 cm^-1  (      1.2923 THz )
      8     43.1053 cm^-1  (      1.2923 THz )
      9     53.9949 cm^-1  (      1.6187 THz )
     10     71.0689 cm^-1  (      2.1306 THz )
     11     71.0689 cm^-1  (      2.1306 THz )
     12     84.2331 cm^-1  (      2.5252 THz )
     13    203.7729 cm^-1  (      6.1090 THz )
     14    203.7729 cm^-1  (      6.1090 THz )
     15    242.8645 cm^-1  (      7.2809 THz )

 # Irred. k point    3 : (  0.0000,  0.0000,  0.1667)
   Mode, Frequency 
      1     14.2281 cm^-1  (      0.4265 THz )
      2     14.2281 cm^-1  (      0.4265 THz )
      3     28.5620 cm^-1  (      0.8563 THz )
      4     38.9142 cm^-1  (      1.1666 THz )
      5     38.9142 cm^-1  (      1.1666 THz )
      6     43.7036 cm^-1  (      1.3102 THz )
      7     44.0424 cm^-1  (      1.3204 THz )
      8     44.0424 cm^-1  (      1.3204 THz )
      9     60.4421 cm^-1  (      1.8120 THz )
     10     70.7677 cm^-1  (      2.1216 THz )
     11     70.7677 cm^-1  (      2.1216 THz )
     12     93.7119 cm^-1  (      2.8094 THz )
     13    203.8204 cm^-1  (      6.1104 THz )
     14    203.8204 cm^-1  (      6.1104 THz )
     15    238.8423 cm^-1  (      7.1603 THz )

 # Irred. k point    4 : (  0.0000,  0.0000,  0.2500)
   Mode, Frequency 
      1     20.2946 cm^-1  (      0.6084 THz )
      2     20.2946 cm^-1  (      0.6084 THz )
      3     36.2780 cm^-1  (      1.0876 THz )
      4     38.1744 cm^-1  (      1.1444 THz )
      5     38.1744 cm^-1  (      1.1444 THz )
      6     44.5628 cm^-1  (      1.3360 THz )
      7     45.6248 cm^-1  (      1.3678 THz )
      8     45.6248 cm^-1  (      1.3678 THz )
      9     63.2142 cm^-1  (      1.8951 THz )
     10     70.2814 cm^-1  (      2.1070 THz )
     11     70.2814 cm^-1  (      2.1070 THz )
     12    111.4318 cm^-1  (      3.3406 THz )
     13    203.8858 cm^-1  (      6.1123 THz )
     14    203.8858 cm^-1  (      6.1123 THz )
     15    232.2851 cm^-1  (      6.9637 THz )

 # Irred. k point    5 : (  0.0000,  0.0000,  0.3333)
   Mode, Frequency 
      1     25.3233 cm^-1  (      0.7592 THz )
      2     25.3233 cm^-1  (      0.7592 THz )
      3     36.9431 cm^-1  (      1.1075 THz )
      4     36.9431 cm^-1  (      1.1075 THz )
      5     42.1842 cm^-1  (      1.2646 THz )
      6     45.4041 cm^-1  (      1.3612 THz )
      7     47.4896 cm^-1  (      1.4237 THz )
      8     47.4896 cm^-1  (      1.4237 THz )
      9     62.9233 cm^-1  (      1.8864 THz )
     10     69.6804 cm^-1  (      2.0890 THz )
     11     69.6804 cm^-1  (      2.0890 THz )
     12    131.4981 cm^-1  (      3.9422 THz )
     13    203.9516 cm^-1  (      6.1143 THz )
     14    203.9516 cm^-1  (      6.1143 THz )
     15    223.7011 cm^-1  (      6.7064 THz )

 # Irred. k point    6 : (  0.0000,  0.0000,  0.4167)
   Mode, Frequency 
      1     29.2592 cm^-1  (      0.8772 THz )
      2     29.2592 cm^-1  (      0.8772 THz )
      3     35.2419 cm^-1  (      1.0565 THz )
      4     35.2419 cm^-1  (      1.0565 THz )
      5     46.0092 cm^-1  (      1.3793 THz )
      6     46.5763 cm^-1  (      1.3963 THz )
      7     49.0362 cm^-1  (      1.4701 THz )
      8     49.0362 cm^-1  (      1.4701 THz )
      9     61.4996 cm^-1  (      1.8437 THz )
     10     69.1392 cm^-1  (      2.0727 THz )
     11     69.1392 cm^-1  (      2.0727 THz )
     12    148.3180 cm^-1  (      4.4465 THz )
     13    204.0002 cm^-1  (      6.1158 THz )
     14    204.0002 cm^-1  (      6.1158 THz )
     15    214.7964 cm^-1  (      6.4394 THz )

 # Irred. k point    7 : (  0.0000,  0.0000, -0.5000)
   Mode, Frequency 
      1     31.5146 cm^-1  (      0.9448 THz )
      2     31.5146 cm^-1  (      0.9448 THz )
      3     33.7192 cm^-1  (      1.0109 THz )
      4     33.7192 cm^-1  (      1.0109 THz )
      5     46.2285 cm^-1  (      1.3859 THz )
      6     48.4047 cm^-1  (      1.4511 THz )
      7     49.6455 cm^-1  (      1.4883 THz )
      8     49.6455 cm^-1  (      1.4883 THz )
      9     60.6218 cm^-1  (      1.8174 THz )
     10     68.9129 cm^-1  (      2.0660 THz )
     11     68.9129 cm^-1  (      2.0660 THz )
     12    155.5489 cm^-1  (      4.6632 THz )
     13    204.0180 cm^-1  (      6.1163 THz )
     14    204.0180 cm^-1  (      6.1163 THz )
     15    210.3447 cm^-1  (      6.3060 THz )

 # Irred. k point    8 : (  0.0000,  0.0833,  0.0833)
   Mode, Frequency 
      1     10.3615 cm^-1  (      0.3106 THz )
      2     15.6782 cm^-1  (      0.4700 THz )
      3     20.2927 cm^-1  (      0.6084 THz )
      4     39.2142 cm^-1  (      1.1756 THz )
      5     40.7351 cm^-1  (      1.2212 THz )
      6     42.4739 cm^-1  (      1.2733 THz )
      7     43.3401 cm^-1  (      1.2993 THz )
      8     44.1230 cm^-1  (      1.3228 THz )
      9     53.3623 cm^-1  (      1.5998 THz )
     10     70.9666 cm^-1  (      2.1275 THz )
     11     75.6561 cm^-1  (      2.2681 THz )
     12     84.6245 cm^-1  (      2.5370 THz )
     13    202.8881 cm^-1  (      6.0824 THz )
     14    203.7900 cm^-1  (      6.1095 THz )
     15    242.2671 cm^-1  (      7.2630 THz )

 # Irred. k point    9 : (  0.0000,  0.0833,  0.1667)
   Mode, Frequency 
      1     15.9535 cm^-1  (      0.4783 THz )
      2     20.1800 cm^-1  (      0.6050 THz )
      3     29.4867 cm^-1  (      0.8840 THz )
      4     39.0561 cm^-1  (      1.1709 THz )
      5     40.7940 cm^-1  (      1.2230 THz )
      6     42.2504 cm^-1  (      1.2666 THz )
      7     44.1712 cm^-1  (      1.3242 THz )
      8     45.6856 cm^-1  (      1.3696 THz )
      9     58.3073 cm^-1  (      1.7480 THz )
     10     70.6602 cm^-1  (      2.1183 THz )
     11     77.4955 cm^-1  (      2.3233 THz )
     12     93.6076 cm^-1  (      2.8063 THz )
     13    202.5283 cm^-1  (      6.0716 THz )
     14    203.8368 cm^-1  (      6.1109 THz )
     15    238.8047 cm^-1  (      7.1592 THz )

 # Irred. k point   10 : (  0.0000,  0.0833,  0.2500)
   Mode, Frequency 
      1     21.4607 cm^-1  (      0.6434 THz )
      2     24.1771 cm^-1  (      0.7248 THz )
      3     36.2133 cm^-1  (      1.0856 THz )
      4     38.4674 cm^-1  (      1.1532 THz )
      5     40.1052 cm^-1  (      1.2023 THz )
      6     42.3056 cm^-1  (      1.2683 THz )
      7     45.6649 cm^-1  (      1.3690 THz )
      8     47.6618 cm^-1  (      1.4289 THz )
      9     61.6098 cm^-1  (      1.8470 THz )
     10     70.1643 cm^-1  (      2.1035 THz )
     11     76.9881 cm^-1  (      2.3080 THz )
     12    111.4738 cm^-1  (      3.3419 THz )
     13    202.6650 cm^-1  (      6.0757 THz )
     14    203.9012 cm^-1  (      6.1128 THz )
     15    232.6091 cm^-1  (      6.9734 THz )

 # Irred. k point   11 : (  0.0000,  0.0833,  0.3333)
   Mode, Frequency 
      1     26.1393 cm^-1  (      0.7836 THz )
      2     27.8039 cm^-1  (      0.8335 THz )
      3     37.3939 cm^-1  (      1.1210 THz )
      4     38.9408 cm^-1  (      1.1674 THz )
      5     41.0980 cm^-1  (      1.2321 THz )
      6     42.9799 cm^-1  (      1.2885 THz )
      7     47.4905 cm^-1  (      1.4237 THz )
      8     49.5300 cm^-1  (      1.4849 THz )
      9     62.3702 cm^-1  (      1.8698 THz )
     10     69.5496 cm^-1  (      2.0850 THz )
     11     76.2289 cm^-1  (      2.2853 THz )
     12    131.2664 cm^-1  (      3.9353 THz )
     13    203.0743 cm^-1  (      6.0880 THz )
     14    203.9660 cm^-1  (      6.1147 THz )
     15    224.3065 cm^-1  (      6.7245 THz )

 # Irred. k point   12 : (  0.0000,  0.0833,  0.4167)
   Mode, Frequency 
      1     29.7507 cm^-1  (      0.8919 THz )
      2     30.5982 cm^-1  (      0.9173 THz )
      3     35.9187 cm^-1  (      1.0768 THz )
      4     37.7650 cm^-1  (      1.1322 THz )
      5     42.5317 cm^-1  (      1.2751 THz )
      6     45.6356 cm^-1  (      1.3681 THz )
      7     49.0312 cm^-1  (      1.4699 THz )
      8     50.6153 cm^-1  (      1.5174 THz )
      9     62.1586 cm^-1  (      1.8635 THz )
     10     68.9942 cm^-1  (      2.0684 THz )
     11     75.5935 cm^-1  (      2.2662 THz )
     12    147.5331 cm^-1  (      4.4229 THz )
     13    203.9566 cm^-1  (      6.1145 THz )
     14    204.0138 cm^-1  (      6.1162 THz )
     15    215.3418 cm^-1  (      6.4558 THz )

 # Irred. k point   13 : (  0.0000,  0.0833, -0.5000)
   Mode, Frequency 
      1     31.5807 cm^-1  (      0.9468 THz )
      2     31.8146 cm^-1  (      0.9538 THz )
      3     34.7899 cm^-1  (      1.0430 THz )
      4     37.0786 cm^-1  (      1.1116 THz )
      5     42.7386 cm^-1  (      1.2813 THz )
      6     47.2026 cm^-1  (      1.4151 THz )
      7     49.6424 cm^-1  (      1.4882 THz )
      8     50.7601 cm^-1  (      1.5217 THz )
      9     61.9730 cm^-1  (      1.8579 THz )
     10     68.7613 cm^-1  (      2.0614 THz )
     11     75.3390 cm^-1  (      2.2586 THz )
     12    154.3466 cm^-1  (      4.6272 THz )
     13    204.0314 cm^-1  (      6.1167 THz )
     14    205.3456 cm^-1  (      6.1561 THz )
     15    210.0143 cm^-1  (      6.2961 THz )

 # Irred. k point   14 : (  0.0000,  0.1667,  0.1667)
   Mode, Frequency 
      1     19.9029 cm^-1  (      0.5967 THz )
      2     25.9558 cm^-1  (      0.7781 THz )
      3     32.5623 cm^-1  (      0.9762 THz )
      4     39.3062 cm^-1  (      1.1784 THz )
      5     40.1559 cm^-1  (      1.2038 THz )
      6     43.7303 cm^-1  (      1.3110 THz )
      7     44.6958 cm^-1  (      1.3399 THz )
      8     47.1623 cm^-1  (      1.4139 THz )
      9     59.8368 cm^-1  (      1.7939 THz )
     10     70.3369 cm^-1  (      2.1086 THz )
     11     89.3566 cm^-1  (      2.6788 THz )
     12     95.4959 cm^-1  (      2.8629 THz )
     13    201.0278 cm^-1  (      6.0267 THz )
     14    203.8817 cm^-1  (      6.1122 THz )
     15    236.8942 cm^-1  (      7.1019 THz )

 # Irred. k point   15 : (  0.0000,  0.1667,  0.2500)
   Mode, Frequency 
      1     24.2676 cm^-1  (      0.7275 THz )
      2     28.7243 cm^-1  (      0.8611 THz )
      3     36.2818 cm^-1  (      1.0877 THz )
      4     39.1250 cm^-1  (      1.1729 THz )
      5     39.2807 cm^-1  (      1.1776 THz )
      6     43.8160 cm^-1  (      1.3136 THz )
      7     45.8569 cm^-1  (      1.3748 THz )
      8     49.0069 cm^-1  (      1.4692 THz )
      9     62.5767 cm^-1  (      1.8760 THz )
     10     69.8103 cm^-1  (      2.0929 THz )
     11     91.6555 cm^-1  (      2.7478 THz )
     12    111.7633 cm^-1  (      3.3506 THz )
     13    200.7718 cm^-1  (      6.0190 THz )
     14    203.9433 cm^-1  (      6.1141 THz )
     15    232.1035 cm^-1  (      6.9583 THz )

 # Irred. k point   16 : (  0.0000,  0.1667,  0.3333)
   Mode, Frequency 
      1     28.0305 cm^-1  (      0.8403 THz )
      2     30.5997 cm^-1  (      0.9174 THz )
      3     37.2361 cm^-1  (      1.1163 THz )
      4     38.8064 cm^-1  (      1.1634 THz )
      5     40.9901 cm^-1  (      1.2289 THz )
      6     43.1329 cm^-1  (      1.2931 THz )
      7     47.5116 cm^-1  (      1.4244 THz )
      8     50.5452 cm^-1  (      1.5153 THz )
      9     64.0048 cm^-1  (      1.9188 THz )
     10     69.1516 cm^-1  (      2.0731 THz )
     11     91.6210 cm^-1  (      2.7467 THz )
     12    130.8508 cm^-1  (      3.9228 THz )
     13    201.6323 cm^-1  (      6.0448 THz )
     14    204.0055 cm^-1  (      6.1159 THz )
     15    224.8979 cm^-1  (      6.7423 THz )

 # Irred. k point   17 : (  0.0000,  0.1667,  0.4167)
   Mode, Frequency 
      1     30.7055 cm^-1  (      0.9205 THz )
      2     31.8512 cm^-1  (      0.9549 THz )
      3     36.9189 cm^-1  (      1.1068 THz )
      4     38.0733 cm^-1  (      1.1414 THz )
      5     42.4620 cm^-1  (      1.2730 THz )
      6     43.7161 cm^-1  (      1.3106 THz )
      7     49.0180 cm^-1  (      1.4695 THz )
      8     51.1837 cm^-1  (      1.5344 THz )
      9     64.6230 cm^-1  (      1.9373 THz )
     10     68.5504 cm^-1  (      2.0551 THz )
     11     91.5100 cm^-1  (      2.7434 THz )
     12    145.8648 cm^-1  (      4.3729 THz )
     13    203.8825 cm^-1  (      6.1122 THz )
     14    204.0513 cm^-1  (      6.1173 THz )
     15    216.4038 cm^-1  (      6.4876 THz )

 # Irred. k point   18 : (  0.0000,  0.1667, -0.5000)
   Mode, Frequency 
      1     31.7616 cm^-1  (      0.9522 THz )
      2     32.3068 cm^-1  (      0.9685 THz )
      3     36.7945 cm^-1  (      1.1031 THz )
      4     37.6499 cm^-1  (      1.1287 THz )
      5     42.2056 cm^-1  (      1.2653 THz )
      6     44.8562 cm^-1  (      1.3448 THz )
      7     49.6335 cm^-1  (      1.4880 THz )
      8     51.2286 cm^-1  (      1.5358 THz )
      9     64.8070 cm^-1  (      1.9429 THz )
     10     68.2965 cm^-1  (      2.0475 THz )
     11     91.4627 cm^-1  (      2.7420 THz )
     12    151.8301 cm^-1  (      4.5518 THz )
     13    204.0681 cm^-1  (      6.1178 THz )
     14    208.1448 cm^-1  (      6.2400 THz )
     15    209.2630 cm^-1  (      6.2735 THz )

 # Irred. k point   19 : (  0.0000,  0.2500,  0.2500)
   Mode, Frequency 
      1     27.4053 cm^-1  (      0.8216 THz )
      2     30.3948 cm^-1  (      0.9112 THz )
      3     36.6117 cm^-1  (      1.0976 THz )
      4     37.4208 cm^-1  (      1.1218 THz )
      5     40.3320 cm^-1  (      1.2091 THz )
      6     45.7984 cm^-1  (      1.3730 THz )
      7     46.4375 cm^-1  (      1.3922 THz )
      8     49.6295 cm^-1  (      1.4879 THz )
      9     64.8188 cm^-1  (      1.9432 THz )
     10     69.2278 cm^-1  (      2.0754 THz )
     11    107.2799 cm^-1  (      3.2162 THz )
     12    115.3691 cm^-1  (      3.4587 THz )
     13    200.1231 cm^-1  (      5.9995 THz )
     14    204.0013 cm^-1  (      6.1158 THz )
     15    229.2134 cm^-1  (      6.8716 THz )

 # Irred. k point   20 : (  0.0000,  0.2500,  0.3333)
   Mode, Frequency 
      1     29.6160 cm^-1  (      0.8879 THz )
      2     29.9326 cm^-1  (      0.8974 THz )
      3     35.5448 cm^-1  (      1.0656 THz )
      4     39.4734 cm^-1  (      1.1834 THz )
      5     41.1134 cm^-1  (      1.2325 THz )
      6     46.1668 cm^-1  (      1.3840 THz )
      7     47.6296 cm^-1  (      1.4279 THz )
      8     50.4702 cm^-1  (      1.5131 THz )
      9     66.4158 cm^-1  (      1.9911 THz )
     10     68.4884 cm^-1  (      2.0532 THz )
     11    109.9450 cm^-1  (      3.2961 THz )
     12    131.3704 cm^-1  (      3.9384 THz )
     13    201.1338 cm^-1  (      6.0298 THz )
     14    204.0598 cm^-1  (      6.1176 THz )
     15    223.8186 cm^-1  (      6.7099 THz )

 # Irred. k point   21 : (  0.0000,  0.2500,  0.4167)
   Mode, Frequency 
      1     28.4384 cm^-1  (      0.8526 THz )
      2     31.4887 cm^-1  (      0.9440 THz )
      3     35.1135 cm^-1  (      1.0527 THz )
      4     41.3964 cm^-1  (      1.2410 THz )
      5     41.4241 cm^-1  (      1.2419 THz )
      6     46.0805 cm^-1  (      1.3815 THz )
      7     49.0047 cm^-1  (      1.4691 THz )
      8     50.9674 cm^-1  (      1.5280 THz )
      9     67.3021 cm^-1  (      2.0177 THz )
     10     67.8016 cm^-1  (      2.0326 THz )
     11    110.1790 cm^-1  (      3.3031 THz )
     12    145.0265 cm^-1  (      4.3478 THz )
     13    204.0336 cm^-1  (      6.1168 THz )
     14    204.1028 cm^-1  (      6.1188 THz )
     15    216.7080 cm^-1  (      6.4967 THz )

 # Irred. k point   22 : (  0.0000,  0.2500, -0.5000)
   Mode, Frequency 
      1     27.9657 cm^-1  (      0.8384 THz )
      2     32.0096 cm^-1  (      0.9596 THz )
      3     34.9919 cm^-1  (      1.0490 THz )
      4     41.4828 cm^-1  (      1.2436 THz )
      5     42.1415 cm^-1  (      1.2634 THz )
      6     46.0496 cm^-1  (      1.3805 THz )
      7     49.6200 cm^-1  (      1.4876 THz )
      8     51.0714 cm^-1  (      1.5311 THz )
      9     67.5073 cm^-1  (      2.0238 THz )
     10     67.5887 cm^-1  (      2.0263 THz )
     11    110.2123 cm^-1  (      3.3041 THz )
     12    150.2667 cm^-1  (      4.5049 THz )
     13    204.1186 cm^-1  (      6.1193 THz )
     14    208.5681 cm^-1  (      6.2527 THz )
     15    210.3014 cm^-1  (      6.3047 THz )

 # Irred. k point   23 : (  0.0000,  0.3333,  0.3333)
   Mode, Frequency 
      1     25.2624 cm^-1  (      0.7573 THz )
      2     31.2694 cm^-1  (      0.9374 THz )
      3     36.6321 cm^-1  (      1.0982 THz )
      4     38.6451 cm^-1  (      1.1586 THz )
      5     43.5736 cm^-1  (      1.3063 THz )
      6     47.8356 cm^-1  (      1.4341 THz )
      7     48.0646 cm^-1  (      1.4409 THz )
      8     50.3824 cm^-1  (      1.5104 THz )
      9     67.6296 cm^-1  (      2.0275 THz )
     10     68.2560 cm^-1  (      2.0463 THz )
     11    121.7926 cm^-1  (      3.6513 THz )
     12    137.3228 cm^-1  (      4.1168 THz )
     13    202.0937 cm^-1  (      6.0586 THz )
     14    204.1145 cm^-1  (      6.1192 THz )
     15    220.4760 cm^-1  (      6.6097 THz )

 # Irred. k point   24 : (  0.0000,  0.3333,  0.4167)
   Mode, Frequency 
      1     21.6555 cm^-1  (      0.6492 THz )
      2     32.0182 cm^-1  (      0.9599 THz )
      3     36.4462 cm^-1  (      1.0926 THz )
      4     39.3630 cm^-1  (      1.1801 THz )
      5     45.0167 cm^-1  (      1.3496 THz )
      6     48.3722 cm^-1  (      1.4502 THz )
      7     49.0172 cm^-1  (      1.4695 THz )
      8     50.5901 cm^-1  (      1.5167 THz )
      9     66.8100 cm^-1  (      2.0029 THz )
     10     69.3423 cm^-1  (      2.0788 THz )
     11    124.1847 cm^-1  (      3.7230 THz )
     12    147.9106 cm^-1  (      4.4342 THz )
     13    204.1548 cm^-1  (      6.1204 THz )
     14    204.6946 cm^-1  (      6.1366 THz )
     15    215.2895 cm^-1  (      6.4542 THz )

 # Irred. k point   25 : (  0.0000,  0.3333, -0.5000)
   Mode, Frequency 
      1     20.2609 cm^-1  (      0.6074 THz )
      2     32.2587 cm^-1  (      0.9671 THz )
      3     36.1875 cm^-1  (      1.0849 THz )
      4     39.8367 cm^-1  (      1.1943 THz )
      5     45.3728 cm^-1  (      1.3602 THz )
      6     48.4485 cm^-1  (      1.4525 THz )
      7     49.6050 cm^-1  (      1.4871 THz )
      8     50.7252 cm^-1  (      1.5207 THz )
      9     66.4504 cm^-1  (      1.9921 THz )
     10     69.6990 cm^-1  (      2.0895 THz )
     11    124.4661 cm^-1  (      3.7314 THz )
     12    152.4906 cm^-1  (      4.5716 THz )
     13    204.1696 cm^-1  (      6.1208 THz )
     14    208.2181 cm^-1  (      6.2422 THz )
     15    210.5551 cm^-1  (      6.3123 THz )

 # Irred. k point   26 : (  0.0000,  0.4167,  0.4167)
   Mode, Frequency 
      1     15.6252 cm^-1  (      0.4684 THz )
      2     32.3347 cm^-1  (      0.9694 THz )
      3     37.4036 cm^-1  (      1.1213 THz )
      4     38.0922 cm^-1  (      1.1420 THz )
      5     47.6894 cm^-1  (      1.4297 THz )
      6     49.1897 cm^-1  (      1.4747 THz )
      7     49.6026 cm^-1  (      1.4870 THz )
      8     50.3619 cm^-1  (      1.5098 THz )
      9     65.8314 cm^-1  (      1.9736 THz )
     10     70.5663 cm^-1  (      2.1155 THz )
     11    129.4760 cm^-1  (      3.8816 THz )
     12    155.1244 cm^-1  (      4.6505 THz )
     13    204.1930 cm^-1  (      6.1216 THz )
     14    206.0925 cm^-1  (      6.1785 THz )
     15    212.2182 cm^-1  (      6.3621 THz )

 # Irred. k point   27 : (  0.0000,  0.4167, -0.5000)
   Mode, Frequency 
      1     12.9188 cm^-1  (      0.3873 THz )
      2     32.4417 cm^-1  (      0.9726 THz )
      3     37.2049 cm^-1  (      1.1154 THz )
      4     38.1878 cm^-1  (      1.1448 THz )
      5     48.3996 cm^-1  (      1.4510 THz )
      6     49.5930 cm^-1  (      1.4868 THz )
      7     49.8492 cm^-1  (      1.4944 THz )
      8     50.4268 cm^-1  (      1.5118 THz )
      9     65.3882 cm^-1  (      1.9603 THz )
     10     70.9700 cm^-1  (      2.1276 THz )
     11    130.4153 cm^-1  (      3.9098 THz )
     12    158.9597 cm^-1  (      4.7655 THz )
     13    204.2071 cm^-1  (      6.1220 THz )
     14    208.1594 cm^-1  (      6.2405 THz )
     15    209.1771 cm^-1  (      6.2710 THz )

 # Irred. k point   28 : (  0.0000, -0.5000, -0.5000)
   Mode, Frequency 
      1      9.1190 cm^-1  (      0.2734 THz )
      2     32.5088 cm^-1  (      0.9746 THz )
      3     37.5868 cm^-1  (      1.1268 THz )
      4     37.5868 cm^-1  (      1.1268 THz )
      5     49.5884 cm^-1  (      1.4866 THz )
      6     49.5884 cm^-1  (      1.4866 THz )
      7     50.3120 cm^-1  (      1.5083 THz )
      8     50.3120 cm^-1  (      1.5083 THz )
      9     64.8983 cm^-1  (      1.9456 THz )
     10     71.3899 cm^-1  (      2.1402 THz )
     11    131.5980 cm^-1  (      3.9452 THz )
     12    162.6113 cm^-1  (      4.8750 THz )
     13    204.2209 cm^-1  (      6.1224 THz )
     14    208.1767 cm^-1  (      6.2410 THz )
     15    208.1767 cm^-1  (      6.2410 THz )

 # Irred. k point   29 : (  0.0833,  0.0833,  0.0833)
   Mode, Frequency 
      1     17.0476 cm^-1  (      0.5111 THz )
      2     17.0476 cm^-1  (      0.5111 THz )
      3     23.1258 cm^-1  (      0.6933 THz )
      4     40.5800 cm^-1  (      1.2166 THz )
      5     40.5800 cm^-1  (      1.2166 THz )
      6     41.8766 cm^-1  (      1.2554 THz )
      7     44.5157 cm^-1  (      1.3345 THz )
      8     44.5157 cm^-1  (      1.3345 THz )
      9     52.7826 cm^-1  (      1.5824 THz )
     10     75.5955 cm^-1  (      2.2663 THz )
     11     75.5955 cm^-1  (      2.2663 THz )
     12     85.0011 cm^-1  (      2.5483 THz )
     13    202.9388 cm^-1  (      6.0840 THz )
     14    202.9388 cm^-1  (      6.0840 THz )
     15    241.6978 cm^-1  (      7.2459 THz )

 # Irred. k point   30 : (  0.0833,  0.0833,  0.1667)
   Mode, Frequency 
      1     20.3264 cm^-1  (      0.6094 THz )
      2     21.8123 cm^-1  (      0.6539 THz )
      3     30.4897 cm^-1  (      0.9141 THz )
      4     40.1813 cm^-1  (      1.2046 THz )
      5     41.1587 cm^-1  (      1.2339 THz )
      6     41.3821 cm^-1  (      1.2406 THz )
      7     44.8840 cm^-1  (      1.3456 THz )
      8     46.5682 cm^-1  (      1.3961 THz )
      9     56.9855 cm^-1  (      1.7084 THz )
     10     75.4070 cm^-1  (      2.2606 THz )
     11     78.7228 cm^-1  (      2.3601 THz )
     12     93.5636 cm^-1  (      2.8050 THz )
     13    202.2797 cm^-1  (      6.0642 THz )
     14    203.0778 cm^-1  (      6.0881 THz )
     15    238.6257 cm^-1  (      7.1538 THz )

 # Irred. k point   31 : (  0.0833,  0.0833,  0.2500)
   Mode, Frequency 
      1     24.1573 cm^-1  (      0.7242 THz )
      2     25.5519 cm^-1  (      0.7660 THz )
      3     36.1839 cm^-1  (      1.0848 THz )
      4     39.4680 cm^-1  (      1.1832 THz )
      5     41.1553 cm^-1  (      1.2338 THz )
      6     41.2352 cm^-1  (      1.2362 THz )
      7     45.3695 cm^-1  (      1.3601 THz )
      8     48.9870 cm^-1  (      1.4686 THz )
      9     60.6322 cm^-1  (      1.8177 THz )
     10     75.0855 cm^-1  (      2.2510 THz )
     11     78.2231 cm^-1  (      2.3451 THz )
     12    111.5134 cm^-1  (      3.3431 THz )
     13    202.3086 cm^-1  (      6.0651 THz )
     14    203.2688 cm^-1  (      6.0938 THz )
     15    232.8023 cm^-1  (      6.9792 THz )

 # Irred. k point   32 : (  0.0833,  0.0833,  0.3333)
   Mode, Frequency 
      1     27.6945 cm^-1  (      0.8303 THz )
      2     28.8169 cm^-1  (      0.8639 THz )
      3     38.3847 cm^-1  (      1.1507 THz )
      4     39.5080 cm^-1  (      1.1844 THz )
      5     41.3552 cm^-1  (      1.2398 THz )
      6     41.6493 cm^-1  (      1.2486 THz )
      7     46.2698 cm^-1  (      1.3871 THz )
      8     51.3622 cm^-1  (      1.5398 THz )
      9     62.1189 cm^-1  (      1.8623 THz )
     10     74.6682 cm^-1  (      2.2385 THz )
     11     77.3126 cm^-1  (      2.3178 THz )
     12    131.0573 cm^-1  (      3.9290 THz )
     13    202.8556 cm^-1  (      6.0815 THz )
     14    203.4609 cm^-1  (      6.0996 THz )
     15    224.8071 cm^-1  (      6.7395 THz )

 # Irred. k point   33 : (  0.0833,  0.0833,  0.4167)
   Mode, Frequency 
      1     30.4865 cm^-1  (      0.9140 THz )
      2     31.1155 cm^-1  (      0.9328 THz )
      3     37.0975 cm^-1  (      1.1122 THz )
      4     39.6110 cm^-1  (      1.1875 THz )
      5     41.5296 cm^-1  (      1.2450 THz )
      6     44.0991 cm^-1  (      1.3221 THz )
      7     46.7704 cm^-1  (      1.4021 THz )
      8     53.1499 cm^-1  (      1.5934 THz )
      9     62.6357 cm^-1  (      1.8778 THz )
     10     74.2809 cm^-1  (      2.2269 THz )
     11     76.5430 cm^-1  (      2.2947 THz )
     12    146.8370 cm^-1  (      4.4021 THz )
     13    203.6024 cm^-1  (      6.1038 THz )
     14    204.2707 cm^-1  (      6.1239 THz )
     15    215.9084 cm^-1  (      6.4728 THz )

 # Irred. k point   34 : (  0.0833,  0.0833, -0.5000)
   Mode, Frequency 
      1     31.7654 cm^-1  (      0.9523 THz )
      2     31.9751 cm^-1  (      0.9586 THz )
      3     36.3204 cm^-1  (      1.0889 THz )
      4     39.3841 cm^-1  (      1.1807 THz )
      5     41.6056 cm^-1  (      1.2473 THz )
      6     45.8819 cm^-1  (      1.3755 THz )
      7     46.2422 cm^-1  (      1.3863 THz )
      8     53.8229 cm^-1  (      1.6136 THz )
      9     62.7724 cm^-1  (      1.8819 THz )
     10     74.1170 cm^-1  (      2.2220 THz )
     11     76.2338 cm^-1  (      2.2854 THz )
     12    153.3054 cm^-1  (      4.5960 THz )
     13    203.6543 cm^-1  (      6.1054 THz )
     14    206.8961 cm^-1  (      6.2026 THz )
     15    209.7282 cm^-1  (      6.2875 THz )

 # Irred. k point   35 : (  0.0833,  0.1667,  0.1667)
   Mode, Frequency 
      1     23.3667 cm^-1  (      0.7005 THz )
      2     26.3549 cm^-1  (      0.7901 THz )
      3     33.3382 cm^-1  (      0.9995 THz )
      4     39.8862 cm^-1  (      1.1958 THz )
      5     40.4548 cm^-1  (      1.2128 THz )
      6     41.8252 cm^-1  (      1.2539 THz )
      7     47.1246 cm^-1  (      1.4128 THz )
      8     47.8642 cm^-1  (      1.4349 THz )
      9     58.7052 cm^-1  (      1.7599 THz )
     10     76.4085 cm^-1  (      2.2907 THz )
     11     89.3405 cm^-1  (      2.6784 THz )
     12     95.5426 cm^-1  (      2.8643 THz )
     13    201.1593 cm^-1  (      6.0306 THz )
     14    202.9678 cm^-1  (      6.0848 THz )
     15    236.7406 cm^-1  (      7.0973 THz )

 # Irred. k point   36 : (  0.0833,  0.1667,  0.2500)
   Mode, Frequency 
      1     26.4023 cm^-1  (      0.7915 THz )
      2     29.0788 cm^-1  (      0.8718 THz )
      3     36.2279 cm^-1  (      1.0861 THz )
      4     38.7907 cm^-1  (      1.1629 THz )
      5     40.2848 cm^-1  (      1.2077 THz )
      6     42.3593 cm^-1  (      1.2699 THz )
      7     47.1867 cm^-1  (      1.4146 THz )
      8     50.4712 cm^-1  (      1.5131 THz )
      9     61.7728 cm^-1  (      1.8519 THz )
     10     75.9997 cm^-1  (      2.2784 THz )
     11     91.6757 cm^-1  (      2.7484 THz )
     12    111.8006 cm^-1  (      3.3517 THz )
     13    200.8832 cm^-1  (      6.0223 THz )
     14    203.1646 cm^-1  (      6.0907 THz )
     15    232.1824 cm^-1  (      6.9607 THz )

 # Irred. k point   37 : (  0.0833,  0.1667,  0.3333)
   Mode, Frequency 
      1     29.1172 cm^-1  (      0.8729 THz )
      2     30.9813 cm^-1  (      0.9288 THz )
      3     36.9956 cm^-1  (      1.1091 THz )
      4     39.0899 cm^-1  (      1.1719 THz )
      5     40.2330 cm^-1  (      1.2062 THz )
      6     43.5757 cm^-1  (      1.3064 THz )
      7     46.5284 cm^-1  (      1.3949 THz )
      8     52.9760 cm^-1  (      1.5882 THz )
      9     63.6571 cm^-1  (      1.9084 THz )
     10     75.4085 cm^-1  (      2.2607 THz )
     11     91.6418 cm^-1  (      2.7474 THz )
     12    130.6909 cm^-1  (      3.9180 THz )
     13    201.7433 cm^-1  (      6.0481 THz )
     14    203.4119 cm^-1  (      6.0981 THz )
     15    225.2577 cm^-1  (      6.7531 THz )

 # Irred. k point   38 : (  0.0833,  0.1667,  0.4167)
   Mode, Frequency 
      1     31.0684 cm^-1  (      0.9314 THz )
      2     32.1424 cm^-1  (      0.9636 THz )
      3     36.7697 cm^-1  (      1.1023 THz )
      4     38.4183 cm^-1  (      1.1518 THz )
      5     42.1439 cm^-1  (      1.2634 THz )
      6     44.5582 cm^-1  (      1.3358 THz )
      7     45.5714 cm^-1  (      1.3662 THz )
      8     54.7485 cm^-1  (      1.6413 THz )
      9     64.6300 cm^-1  (      1.9376 THz )
     10     74.8663 cm^-1  (      2.2444 THz )
     11     91.5250 cm^-1  (      2.7439 THz )
     12    145.3541 cm^-1  (      4.3576 THz )
     13    203.3424 cm^-1  (      6.0961 THz )
     14    204.4146 cm^-1  (      6.1282 THz )
     15    216.9806 cm^-1  (      6.5049 THz )

 # Irred. k point   39 : (  0.0833,  0.1667, -0.5000)
   Mode, Frequency 
      1     31.8263 cm^-1  (      0.9541 THz )
      2     32.5229 cm^-1  (      0.9750 THz )
      3     36.7289 cm^-1  (      1.1011 THz )
      4     37.9606 cm^-1  (      1.1380 THz )
      5     43.7960 cm^-1  (      1.3130 THz )
      6     44.3481 cm^-1  (      1.3295 THz )
      7     44.9476 cm^-1  (      1.3475 THz )
      8     55.4002 cm^-1  (      1.6609 THz )
      9     64.9427 cm^-1  (      1.9469 THz )
     10     74.6387 cm^-1  (      2.2376 THz )
     11     91.4751 cm^-1  (      2.7424 THz )
     12    151.0998 cm^-1  (      4.5299 THz )
     13    203.5157 cm^-1  (      6.1012 THz )
     14    209.0834 cm^-1  (      6.2682 THz )
     15    209.5568 cm^-1  (      6.2824 THz )

 # Irred. k point   40 : (  0.0833,  0.2500,  0.2500)
   Mode, Frequency 
      1     28.6642 cm^-1  (      0.8593 THz )
      2     30.4906 cm^-1  (      0.9141 THz )
      3     36.4372 cm^-1  (      1.0924 THz )
      4     36.9043 cm^-1  (      1.1064 THz )
      5     41.3968 cm^-1  (      1.2410 THz )
      6     42.0451 cm^-1  (      1.2605 THz )
      7     50.1983 cm^-1  (      1.5049 THz )
      8     50.7241 cm^-1  (      1.5207 THz )
      9     64.1791 cm^-1  (      1.9240 THz )
     10     75.5613 cm^-1  (      2.2653 THz )
     11    107.2348 cm^-1  (      3.2148 THz )
     12    115.4192 cm^-1  (      3.4602 THz )
     13    200.3285 cm^-1  (      6.0057 THz )
     14    203.3425 cm^-1  (      6.0961 THz )
     15    229.3614 cm^-1  (      6.8761 THz )

 # Irred. k point   41 : (  0.0833,  0.2500,  0.3333)
   Mode, Frequency 
      1     29.5674 cm^-1  (      0.8864 THz )
      2     30.7006 cm^-1  (      0.9204 THz )
      3     35.3942 cm^-1  (      1.0611 THz )
      4     38.3906 cm^-1  (      1.1509 THz )
      5     41.2470 cm^-1  (      1.2366 THz )
      6     43.0757 cm^-1  (      1.2914 THz )
      7     49.8662 cm^-1  (      1.4950 THz )
      8     53.1743 cm^-1  (      1.5941 THz )
      9     66.0171 cm^-1  (      1.9791 THz )
     10     74.9369 cm^-1  (      2.2466 THz )
     11    109.9119 cm^-1  (      3.2951 THz )
     12    131.2504 cm^-1  (      3.9348 THz )
     13    201.3285 cm^-1  (      6.0357 THz )
     14    203.5809 cm^-1  (      6.1032 THz )
     15    224.1490 cm^-1  (      6.7198 THz )

 # Irred. k point   42 : (  0.0833,  0.2500,  0.4167)
   Mode, Frequency 
      1     28.3752 cm^-1  (      0.8507 THz )
      2     31.9359 cm^-1  (      0.9574 THz )
      3     35.0155 cm^-1  (      1.0497 THz )
      4     39.4718 cm^-1  (      1.1833 THz )
      5     41.5482 cm^-1  (      1.2456 THz )
      6     43.8871 cm^-1  (      1.3157 THz )
      7     49.1969 cm^-1  (      1.4749 THz )
      8     55.0345 cm^-1  (      1.6499 THz )
      9     67.0945 cm^-1  (      2.0114 THz )
     10     74.3579 cm^-1  (      2.2292 THz )
     11    110.1435 cm^-1  (      3.3020 THz )
     12    144.6622 cm^-1  (      4.3369 THz )
     13    203.3978 cm^-1  (      6.0977 THz )
     14    204.5955 cm^-1  (      6.1336 THz )
     15    217.2645 cm^-1  (      6.5134 THz )

 # Irred. k point   43 : (  0.0833,  0.2500, -0.5000)
   Mode, Frequency 
      1     27.8871 cm^-1  (      0.8360 THz )
      2     32.3594 cm^-1  (      0.9701 THz )
      3     34.9390 cm^-1  (      1.0474 THz )
      4     39.5371 cm^-1  (      1.1853 THz )
      5     42.2231 cm^-1  (      1.2658 THz )
      6     44.0028 cm^-1  (      1.3192 THz )
      7     48.8885 cm^-1  (      1.4656 THz )
      8     55.7171 cm^-1  (      1.6704 THz )
      9     67.4532 cm^-1  (      2.0222 THz )
     10     74.1123 cm^-1  (      2.2218 THz )
     11    110.1747 cm^-1  (      3.3030 THz )
     12    149.7654 cm^-1  (      4.4899 THz )
     13    203.6336 cm^-1  (      6.1048 THz )
     14    208.5035 cm^-1  (      6.2508 THz )
     15    211.4447 cm^-1  (      6.3390 THz )

 # Irred. k point   44 : (  0.0833,  0.3333,  0.3333)
   Mode, Frequency 
      1     25.2489 cm^-1  (      0.7569 THz )
      2     31.6728 cm^-1  (      0.9495 THz )
      3     36.5546 cm^-1  (      1.0959 THz )
      4     37.7703 cm^-1  (      1.1323 THz )
      5     42.5280 cm^-1  (      1.2750 THz )
      6     42.6257 cm^-1  (      1.2779 THz )
      7     52.7939 cm^-1  (      1.5827 THz )
      8     52.8247 cm^-1  (      1.5836 THz )
      9     67.9150 cm^-1  (      2.0360 THz )
     10     74.2885 cm^-1  (      2.2271 THz )
     11    121.7122 cm^-1  (      3.6488 THz )
     12    137.1485 cm^-1  (      4.1116 THz )
     13    202.2969 cm^-1  (      6.0647 THz )
     14    203.7943 cm^-1  (      6.1096 THz )
     15    220.8786 cm^-1  (      6.6218 THz )

 # Irred. k point   45 : (  0.0833,  0.3333,  0.4167)
   Mode, Frequency 
      1     21.6063 cm^-1  (      0.6477 THz )
      2     32.3227 cm^-1  (      0.9690 THz )
      3     36.3101 cm^-1  (      1.0886 THz )
      4     38.6819 cm^-1  (      1.1597 THz )
      5     42.3271 cm^-1  (      1.2689 THz )
      6     43.5167 cm^-1  (      1.3046 THz )
      7     52.3918 cm^-1  (      1.5707 THz )
      8     54.8437 cm^-1  (      1.6442 THz )
      9     69.0768 cm^-1  (      2.0709 THz )
     10     73.6807 cm^-1  (      2.2089 THz )
     11    124.1121 cm^-1  (      3.7208 THz )
     12    147.5471 cm^-1  (      4.4234 THz )
     13    203.8413 cm^-1  (      6.1110 THz )
     14    205.0238 cm^-1  (      6.1465 THz )
     15    215.8250 cm^-1  (      6.4703 THz )

 # Irred. k point   46 : (  0.0833,  0.3333, -0.5000)
   Mode, Frequency 
      1     20.1943 cm^-1  (      0.6054 THz )
      2     32.5358 cm^-1  (      0.9754 THz )
      3     36.0725 cm^-1  (      1.0814 THz )
      4     39.1716 cm^-1  (      1.1743 THz )
      5     42.2881 cm^-1  (      1.2678 THz )
      6     43.8278 cm^-1  (      1.3139 THz )
      7     52.2149 cm^-1  (      1.5654 THz )
      8     55.5890 cm^-1  (      1.6665 THz )
      9     69.4691 cm^-1  (      2.0826 THz )
     10     73.4185 cm^-1  (      2.2010 THz )
     11    124.3973 cm^-1  (      3.7293 THz )
     12    152.0187 cm^-1  (      4.5574 THz )
     13    203.9432 cm^-1  (      6.1141 THz )
     14    208.2380 cm^-1  (      6.2428 THz )
     15    211.4457 cm^-1  (      6.3390 THz )

 # Irred. k point   47 : (  0.0833,  0.4167,  0.4167)
   Mode, Frequency 
      1     15.5279 cm^-1  (      0.4655 THz )
      2     32.5974 cm^-1  (      0.9772 THz )
      3     37.2586 cm^-1  (      1.1170 THz )
      4     37.6936 cm^-1  (      1.1300 THz )
      5     43.3131 cm^-1  (      1.2985 THz )
      6     43.3780 cm^-1  (      1.3004 THz )
      7     54.5322 cm^-1  (      1.6348 THz )
      8     54.6538 cm^-1  (      1.6385 THz )
      9     70.2973 cm^-1  (      2.1075 THz )
     10     73.0484 cm^-1  (      2.1899 THz )
     11    129.4124 cm^-1  (      3.8797 THz )
     12    154.5883 cm^-1  (      4.6344 THz )
     13    204.3494 cm^-1  (      6.1262 THz )
     14    206.2178 cm^-1  (      6.1823 THz )
     15    212.7135 cm^-1  (      6.3770 THz )

 # Irred. k point   48 : (  0.0833,  0.4167, -0.5000)
   Mode, Frequency 
      1     12.7834 cm^-1  (      0.3832 THz )
      2     32.6926 cm^-1  (      0.9801 THz )
      3     37.0256 cm^-1  (      1.1100 THz )
      4     37.8900 cm^-1  (      1.1359 THz )
      5     43.2970 cm^-1  (      1.2980 THz )
      6     43.7257 cm^-1  (      1.3109 THz )
      7     54.4877 cm^-1  (      1.6335 THz )
      8     55.4002 cm^-1  (      1.6609 THz )
      9     70.7081 cm^-1  (      2.1198 THz )
     10     72.7748 cm^-1  (      2.1817 THz )
     11    130.3599 cm^-1  (      3.9081 THz )
     12    158.3028 cm^-1  (      4.7458 THz )
     13    204.5248 cm^-1  (      6.1315 THz )
     14    208.2245 cm^-1  (      6.2424 THz )
     15    209.7042 cm^-1  (      6.2868 THz )

 # Irred. k point   49 : (  0.0833, -0.5000, -0.5000)
   Mode, Frequency 
      1      8.9022 cm^-1  (      0.2669 THz )
      2     32.7520 cm^-1  (      0.9819 THz )
      3     37.3795 cm^-1  (      1.1206 THz )
      4     37.3795 cm^-1  (      1.1206 THz )
      5     43.6920 cm^-1  (      1.3099 THz )
      6     43.6920 cm^-1  (      1.3099 THz )
      7     55.3204 cm^-1  (      1.6585 THz )
      8     55.3204 cm^-1  (      1.6585 THz )
      9     71.1206 cm^-1  (      2.1321 THz )
     10     72.4995 cm^-1  (      2.1735 THz )
     11    131.5534 cm^-1  (      3.9439 THz )
     12    161.8112 cm^-1  (      4.8510 THz )
     13    205.1242 cm^-1  (      6.1495 THz )
     14    208.2551 cm^-1  (      6.2433 THz )
     15    208.2551 cm^-1  (      6.2433 THz )

 # Irred. k point   50 : (  0.1667,  0.1667,  0.1667)
   Mode, Frequency 
      1     27.4110 cm^-1  (      0.8218 THz )
      2     27.4110 cm^-1  (      0.8218 THz )
      3     35.1551 cm^-1  (      1.0539 THz )
      4     38.8129 cm^-1  (      1.1636 THz )
      5     40.4687 cm^-1  (      1.2132 THz )
      6     40.4687 cm^-1  (      1.2132 THz )
      7     50.2427 cm^-1  (      1.5062 THz )
      8     50.2427 cm^-1  (      1.5062 THz )
      9     59.5386 cm^-1  (      1.7849 THz )
     10     89.2857 cm^-1  (      2.6767 THz )
     11     89.2857 cm^-1  (      2.6767 THz )
     12     97.2161 cm^-1  (      2.9145 THz )
     13    201.5197 cm^-1  (      6.0414 THz )
     14    201.5197 cm^-1  (      6.0414 THz )
     15    235.3104 cm^-1  (      7.0544 THz )

 # Irred. k point   51 : (  0.1667,  0.1667,  0.2500)
   Mode, Frequency 
      1     28.8027 cm^-1  (      0.8635 THz )
      2     30.1063 cm^-1  (      0.9026 THz )
      3     36.5195 cm^-1  (      1.0948 THz )
      4     37.4187 cm^-1  (      1.1218 THz )
      5     39.6584 cm^-1  (      1.1889 THz )
      6     40.4555 cm^-1  (      1.2128 THz )
      7     50.7718 cm^-1  (      1.5221 THz )
      8     53.3611 cm^-1  (      1.5997 THz )
      9     62.1945 cm^-1  (      1.8645 THz )
     10     89.1826 cm^-1  (      2.6736 THz )
     11     93.3155 cm^-1  (      2.7975 THz )
     12    112.1051 cm^-1  (      3.3608 THz )
     13    201.0181 cm^-1  (      6.0264 THz )
     14    202.0151 cm^-1  (      6.0563 THz )
     15    231.5772 cm^-1  (      6.9425 THz )

 # Irred. k point   52 : (  0.1667,  0.1667,  0.3333)
   Mode, Frequency 
      1     30.1829 cm^-1  (      0.9049 THz )
      2     32.0362 cm^-1  (      0.9604 THz )
      3     36.4250 cm^-1  (      1.0920 THz )
      4     37.0483 cm^-1  (      1.1107 THz )
      5     38.8015 cm^-1  (      1.1632 THz )
      6     41.5124 cm^-1  (      1.2445 THz )
      7     50.3246 cm^-1  (      1.5087 THz )
      8     56.0731 cm^-1  (      1.6810 THz )
      9     64.1932 cm^-1  (      1.9245 THz )
     10     89.0415 cm^-1  (      2.6694 THz )
     11     93.4329 cm^-1  (      2.8010 THz )
     12    130.4380 cm^-1  (      3.9104 THz )
     13    201.9319 cm^-1  (      6.0538 THz )
     14    202.5141 cm^-1  (      6.0712 THz )
     15    225.5480 cm^-1  (      6.7618 THz )

 # Irred. k point   53 : (  0.1667,  0.1667,  0.4167)
   Mode, Frequency 
      1     31.2080 cm^-1  (      0.9356 THz )
      2     32.9693 cm^-1  (      0.9884 THz )
      3     36.0330 cm^-1  (      1.0802 THz )
      4     37.8768 cm^-1  (      1.1355 THz )
      5     37.9172 cm^-1  (      1.1367 THz )
      6     42.2641 cm^-1  (      1.2670 THz )
      7     49.8280 cm^-1  (      1.4938 THz )
      8     57.9387 cm^-1  (      1.7370 THz )
      9     65.2869 cm^-1  (      1.9573 THz )
     10     88.9096 cm^-1  (      2.6654 THz )
     11     93.3468 cm^-1  (      2.7985 THz )
     12    144.2719 cm^-1  (      4.3252 THz )
     13    202.8816 cm^-1  (      6.0822 THz )
     14    204.6928 cm^-1  (      6.1365 THz )
     15    218.0376 cm^-1  (      6.5366 THz )

 # Irred. k point   54 : (  0.1667,  0.1667, -0.5000)
   Mode, Frequency 
      1     31.5822 cm^-1  (      0.9468 THz )
      2     33.1771 cm^-1  (      0.9946 THz )
      3     36.0624 cm^-1  (      1.0811 THz )
      4     37.4336 cm^-1  (      1.1222 THz )
      5     38.4220 cm^-1  (      1.1519 THz )
      6     42.4160 cm^-1  (      1.2716 THz )
      7     49.6363 cm^-1  (      1.4881 THz )
      8     58.6061 cm^-1  (      1.7570 THz )
      9     65.6338 cm^-1  (      1.9677 THz )
     10     88.8545 cm^-1  (      2.6638 THz )
     11     93.3041 cm^-1  (      2.7972 THz )
     12    149.5304 cm^-1  (      4.4828 THz )
     13    203.0166 cm^-1  (      6.0863 THz )
     14    208.6955 cm^-1  (      6.2565 THz )
     15    211.9719 cm^-1  (      6.3548 THz )

 # Irred. k point   55 : (  0.1667,  0.2500,  0.2500)
   Mode, Frequency 
      1     30.2754 cm^-1  (      0.9076 THz )
      2     30.7500 cm^-1  (      0.9219 THz )
      3     35.5380 cm^-1  (      1.0654 THz )
      4     36.7734 cm^-1  (      1.1024 THz )
      5     38.6136 cm^-1  (      1.1576 THz )
      6     39.6449 cm^-1  (      1.1885 THz )
      7     54.0320 cm^-1  (      1.6198 THz )
      8     54.8295 cm^-1  (      1.6437 THz )
      9     64.0153 cm^-1  (      1.9191 THz )
     10     90.7883 cm^-1  (      2.7218 THz )
     11    107.1106 cm^-1  (      3.2111 THz )
     12    115.8198 cm^-1  (      3.4722 THz )
     13    200.8924 cm^-1  (      6.0226 THz )
     14    202.1427 cm^-1  (      6.0601 THz )
     15    229.1273 cm^-1  (      6.8691 THz )

 # Irred. k point   56 : (  0.1667,  0.2500,  0.3333)
   Mode, Frequency 
      1     29.6051 cm^-1  (      0.8875 THz )
      2     31.6830 cm^-1  (      0.9498 THz )
      3     34.9614 cm^-1  (      1.0481 THz )
      4     36.5463 cm^-1  (      1.0956 THz )
      5     37.8299 cm^-1  (      1.1341 THz )
      6     40.0502 cm^-1  (      1.2007 THz )
      7     54.2740 cm^-1  (      1.6271 THz )
      8     57.3533 cm^-1  (      1.7194 THz )
      9     65.7522 cm^-1  (      1.9712 THz )
     10     90.6550 cm^-1  (      2.7178 THz )
     11    109.9005 cm^-1  (      3.2947 THz )
     12    131.1134 cm^-1  (      3.9307 THz )
     13    201.8648 cm^-1  (      6.0518 THz )
     14    202.7402 cm^-1  (      6.0780 THz )
     15    224.5086 cm^-1  (      6.7306 THz )

 # Irred. k point   57 : (  0.1667,  0.2500,  0.4167)
   Mode, Frequency 
      1     28.2147 cm^-1  (      0.8459 THz )
      2     32.7396 cm^-1  (      0.9815 THz )
      3     34.7530 cm^-1  (      1.0419 THz )
      4     36.8148 cm^-1  (      1.1037 THz )
      5     37.1352 cm^-1  (      1.1133 THz )
      6     40.5672 cm^-1  (      1.2162 THz )
      7     53.9781 cm^-1  (      1.6182 THz )
      8     59.2053 cm^-1  (      1.7749 THz )
      9     66.8198 cm^-1  (      2.0032 THz )
     10     90.4929 cm^-1  (      2.7129 THz )
     11    110.1458 cm^-1  (      3.3021 THz )
     12    143.9197 cm^-1  (      4.3146 THz )
     13    202.9168 cm^-1  (      6.0833 THz )
     14    205.0246 cm^-1  (      6.1465 THz )
     15    218.3000 cm^-1  (      6.5445 THz )

 # Irred. k point   58 : (  0.1667,  0.2500, -0.5000)
   Mode, Frequency 
      1     27.6621 cm^-1  (      0.8293 THz )
      2     33.1578 cm^-1  (      0.9940 THz )
      3     34.7010 cm^-1  (      1.0403 THz )
      4     36.6698 cm^-1  (      1.0993 THz )
      5     37.1532 cm^-1  (      1.1138 THz )
      6     40.7466 cm^-1  (      1.2216 THz )
      7     53.8404 cm^-1  (      1.6141 THz )
      8     59.8580 cm^-1  (      1.7945 THz )
      9     67.1720 cm^-1  (      2.0138 THz )
     10     90.4260 cm^-1  (      2.7109 THz )
     11    110.1755 cm^-1  (      3.3030 THz )
     12    148.7044 cm^-1  (      4.4580 THz )
     13    203.1042 cm^-1  (      6.0889 THz )
     14    208.3929 cm^-1  (      6.2475 THz )
     15    213.5060 cm^-1  (      6.4007 THz )

 # Irred. k point   59 : (  0.1667,  0.3333,  0.3333)
   Mode, Frequency 
      1     25.2143 cm^-1  (      0.7559 THz )
      2     32.2080 cm^-1  (      0.9656 THz )
      3     35.9990 cm^-1  (      1.0792 THz )
      4     36.0702 cm^-1  (      1.0814 THz )
      5     36.9641 cm^-1  (      1.1082 THz )
      6     39.4561 cm^-1  (      1.1829 THz )
      7     57.0420 cm^-1  (      1.7101 THz )
      8     57.6704 cm^-1  (      1.7289 THz )
      9     67.3971 cm^-1  (      2.0205 THz )
     10     90.4877 cm^-1  (      2.7128 THz )
     11    121.4950 cm^-1  (      3.6423 THz )
     12    136.9097 cm^-1  (      4.1045 THz )
     13    202.8594 cm^-1  (      6.0816 THz )
     14    203.2809 cm^-1  (      6.0942 THz )
     15    221.5240 cm^-1  (      6.6411 THz )

 # Irred. k point   60 : (  0.1667,  0.3333,  0.4167)
   Mode, Frequency 
      1     21.4717 cm^-1  (      0.6437 THz )
      2     32.8666 cm^-1  (      0.9853 THz )
      3     35.4659 cm^-1  (      1.0632 THz )
      4     36.3521 cm^-1  (      1.0898 THz )
      5     36.9784 cm^-1  (      1.1086 THz )
      6     39.2932 cm^-1  (      1.1780 THz )
      7     57.1066 cm^-1  (      1.7120 THz )
      8     59.3105 cm^-1  (      1.7781 THz )
      9     68.4837 cm^-1  (      2.0531 THz )
     10     90.2950 cm^-1  (      2.7070 THz )
     11    123.9316 cm^-1  (      3.7154 THz )
     12    146.8318 cm^-1  (      4.4019 THz )
     13    203.6328 cm^-1  (      6.1048 THz )
     14    205.5320 cm^-1  (      6.1617 THz )
     15    216.8909 cm^-1  (      6.5022 THz )

 # Irred. k point   61 : (  0.1667,  0.3333, -0.5000)
   Mode, Frequency 
      1     20.0118 cm^-1  (      0.5999 THz )
      2     33.1451 cm^-1  (      0.9937 THz )
      3     35.2955 cm^-1  (      1.0581 THz )
      4     36.0622 cm^-1  (      1.0811 THz )
      5     37.3046 cm^-1  (      1.1184 THz )
      6     39.2772 cm^-1  (      1.1775 THz )
      7     57.0062 cm^-1  (      1.7090 THz )
      8     59.9677 cm^-1  (      1.7978 THz )
      9     68.8526 cm^-1  (      2.0641 THz )
     10     90.2163 cm^-1  (      2.7046 THz )
     11    124.2326 cm^-1  (      3.7244 THz )
     12    151.0465 cm^-1  (      4.5283 THz )
     13    203.7929 cm^-1  (      6.1096 THz )
     14    208.3307 cm^-1  (      6.2456 THz )
     15    213.1898 cm^-1  (      6.3913 THz )

 # Irred. k point   62 : (  0.1667,  0.4167,  0.4167)
   Mode, Frequency 
      1     15.2584 cm^-1  (      0.4574 THz )
      2     33.1710 cm^-1  (      0.9944 THz )
      3     35.5119 cm^-1  (      1.0646 THz )
      4     35.8516 cm^-1  (      1.0748 THz )
      5     37.5114 cm^-1  (      1.1246 THz )
      6     38.5495 cm^-1  (      1.1557 THz )
      7     59.0087 cm^-1  (      1.7690 THz )
      8     59.2055 cm^-1  (      1.7749 THz )
      9     69.6086 cm^-1  (      2.0868 THz )
     10     90.0786 cm^-1  (      2.7005 THz )
     11    129.2395 cm^-1  (      3.8745 THz )
     12    153.4830 cm^-1  (      4.6013 THz )
     13    204.7967 cm^-1  (      6.1397 THz )
     14    206.5749 cm^-1  (      6.1930 THz )
     15    213.8233 cm^-1  (      6.4103 THz )

 # Irred. k point   63 : (  0.1667,  0.4167, -0.5000)
   Mode, Frequency 
      1     12.4057 cm^-1  (      0.3719 THz )
      2     33.3076 cm^-1  (      0.9985 THz )
      3     35.4564 cm^-1  (      1.0630 THz )
      4     35.6255 cm^-1  (      1.0680 THz )
      5     37.7801 cm^-1  (      1.1326 THz )
      6     38.3256 cm^-1  (      1.1490 THz )
      7     59.0099 cm^-1  (      1.7691 THz )
      8     59.7920 cm^-1  (      1.7925 THz )
      9     69.9941 cm^-1  (      2.0984 THz )
     10     89.9908 cm^-1  (      2.6979 THz )
     11    130.2103 cm^-1  (      3.9036 THz )
     12    156.9301 cm^-1  (      4.7046 THz )
     13    205.2432 cm^-1  (      6.1530 THz )
     14    208.4250 cm^-1  (      6.2484 THz )
     15    211.0005 cm^-1  (      6.3256 THz )

 # Irred. k point   64 : (  0.1667, -0.5000, -0.5000)
   Mode, Frequency 
      1      8.2809 cm^-1  (      0.2483 THz )
      2     33.3886 cm^-1  (      1.0010 THz )
      3     35.4447 cm^-1  (      1.0626 THz )
      4     35.4447 cm^-1  (      1.0626 THz )
      5     38.0169 cm^-1  (      1.1397 THz )
      6     38.0169 cm^-1  (      1.1397 THz )
      7     59.7004 cm^-1  (      1.7898 THz )
      8     59.7004 cm^-1  (      1.7898 THz )
      9     70.3862 cm^-1  (      2.1101 THz )
     10     89.8996 cm^-1  (      2.6951 THz )
     11    131.4316 cm^-1  (      3.9402 THz )
     12    160.1372 cm^-1  (      4.8008 THz )
     13    207.1976 cm^-1  (      6.2116 THz )
     14    208.4873 cm^-1  (      6.2503 THz )
     15    208.4873 cm^-1  (      6.2503 THz )

 # Irred. k point   65 : (  0.2500,  0.2500,  0.2500)
   Mode, Frequency 
      1     30.9347 cm^-1  (      0.9274 THz )
      2     30.9347 cm^-1  (      0.9274 THz )
      3     33.1634 cm^-1  (      0.9942 THz )
      4     36.9776 cm^-1  (      1.1086 THz )
      5     36.9776 cm^-1  (      1.1086 THz )
      6     37.4370 cm^-1  (      1.1223 THz )
      7     57.4256 cm^-1  (      1.7216 THz )
      8     57.4256 cm^-1  (      1.7216 THz )
      9     64.7084 cm^-1  (      1.9399 THz )
     10    106.9379 cm^-1  (      3.2059 THz )
     11    106.9379 cm^-1  (      3.2059 THz )
     12    119.0649 cm^-1  (      3.5695 THz )
     13    201.6696 cm^-1  (      6.0459 THz )
     14    201.6696 cm^-1  (      6.0459 THz )
     15    227.4322 cm^-1  (      6.8182 THz )

 # Irred. k point   66 : (  0.2500,  0.2500,  0.3333)
   Mode, Frequency 
      1     29.3112 cm^-1  (      0.8787 THz )
      2     30.6074 cm^-1  (      0.9176 THz )
      3     32.3915 cm^-1  (      0.9711 THz )
      4     35.4912 cm^-1  (      1.0640 THz )
      5     36.1043 cm^-1  (      1.0824 THz )
      6     38.2645 cm^-1  (      1.1471 THz )
      7     58.0222 cm^-1  (      1.7395 THz )
      8     60.1239 cm^-1  (      1.8025 THz )
      9     65.9364 cm^-1  (      1.9767 THz )
     10    106.7607 cm^-1  (      3.2006 THz )
     11    111.7973 cm^-1  (      3.3516 THz )
     12    132.0091 cm^-1  (      3.9575 THz )
     13    202.4547 cm^-1  (      6.0694 THz )
     14    202.6921 cm^-1  (      6.0766 THz )
     15    223.7985 cm^-1  (      6.7093 THz )

 # Irred. k point   67 : (  0.2500,  0.2500,  0.4167)
   Mode, Frequency 
      1     27.2696 cm^-1  (      0.8175 THz )
      2     29.9717 cm^-1  (      0.8985 THz )
      3     32.9742 cm^-1  (      0.9885 THz )
      4     34.8220 cm^-1  (      1.0439 THz )
      5     35.2978 cm^-1  (      1.0582 THz )
      6     39.0551 cm^-1  (      1.1708 THz )
      7     57.9274 cm^-1  (      1.7366 THz )
      8     61.8720 cm^-1  (      1.8549 THz )
      9     66.8834 cm^-1  (      2.0051 THz )
     10    106.6276 cm^-1  (      3.1966 THz )
     11    112.3811 cm^-1  (      3.3691 THz )
     12    143.9172 cm^-1  (      4.3145 THz )
     13    203.0343 cm^-1  (      6.0868 THz )
     14    205.5209 cm^-1  (      6.1614 THz )
     15    218.6327 cm^-1  (      6.5544 THz )

 # Irred. k point   68 : (  0.2500,  0.2500, -0.5000)
   Mode, Frequency 
      1     26.4983 cm^-1  (      0.7944 THz )
      2     29.6921 cm^-1  (      0.8901 THz )
      3     33.4045 cm^-1  (      1.0014 THz )
      4     34.6497 cm^-1  (      1.0388 THz )
      5     34.8194 cm^-1  (      1.0439 THz )
      6     39.3540 cm^-1  (      1.1798 THz )
      7     57.8373 cm^-1  (      1.7339 THz )
      8     62.4784 cm^-1  (      1.8731 THz )
      9     67.2165 cm^-1  (      2.0151 THz )
     10    106.5780 cm^-1  (      3.1951 THz )
     11    112.4621 cm^-1  (      3.3715 THz )
     12    148.3543 cm^-1  (      4.4475 THz )
     13    203.2475 cm^-1  (      6.0932 THz )
     14    208.3893 cm^-1  (      6.2474 THz )
     15    214.7975 cm^-1  (      6.4395 THz )

 # Irred. k point   69 : (  0.2500,  0.3333,  0.3333)
   Mode, Frequency 
      1     25.1676 cm^-1  (      0.7545 THz )
      2     29.9405 cm^-1  (      0.8976 THz )
      3     30.6338 cm^-1  (      0.9184 THz )
      4     35.0842 cm^-1  (      1.0518 THz )
      5     36.0874 cm^-1  (      1.0819 THz )
      6     37.6202 cm^-1  (      1.1278 THz )
      7     60.5021 cm^-1  (      1.8138 THz )
      8     61.2803 cm^-1  (      1.8371 THz )
      9     66.8336 cm^-1  (      2.0036 THz )
     10    108.6605 cm^-1  (      3.2576 THz )
     11    121.2044 cm^-1  (      3.6336 THz )
     12    137.7259 cm^-1  (      4.1289 THz )
     13    203.3334 cm^-1  (      6.0958 THz )
     14    203.6449 cm^-1  (      6.1051 THz )
     15    221.3760 cm^-1  (      6.6367 THz )

 # Irred. k point   70 : (  0.2500,  0.3333,  0.4167)
   Mode, Frequency 
      1     21.2752 cm^-1  (      0.6378 THz )
      2     28.7260 cm^-1  (      0.8612 THz )
      3     30.4987 cm^-1  (      0.9143 THz )
      4     34.6292 cm^-1  (      1.0382 THz )
      5     35.9593 cm^-1  (      1.0780 THz )
      6     37.8916 cm^-1  (      1.1360 THz )
      7     60.7875 cm^-1  (      1.8224 THz )
      8     62.7033 cm^-1  (      1.8798 THz )
      9     67.7344 cm^-1  (      2.0306 THz )
     10    108.6468 cm^-1  (      3.2571 THz )
     11    123.7977 cm^-1  (      3.7114 THz )
     12    146.9401 cm^-1  (      4.4052 THz )
     13    203.9813 cm^-1  (      6.1152 THz )
     14    206.1293 cm^-1  (      6.1796 THz )
     15    217.4351 cm^-1  (      6.5185 THz )

 # Irred. k point   71 : (  0.2500,  0.3333, -0.5000)
   Mode, Frequency 
      1     19.7440 cm^-1  (      0.5919 THz )
      2     28.1795 cm^-1  (      0.8448 THz )
      3     30.5748 cm^-1  (      0.9166 THz )
      4     34.4686 cm^-1  (      1.0333 THz )
      5     35.8038 cm^-1  (      1.0734 THz )
      6     38.1130 cm^-1  (      1.1426 THz )
      7     60.7281 cm^-1  (      1.8206 THz )
      8     63.2733 cm^-1  (      1.8969 THz )
      9     68.0751 cm^-1  (      2.0408 THz )
     10    108.6133 cm^-1  (      3.2561 THz )
     11    124.1581 cm^-1  (      3.7222 THz )
     12    150.8502 cm^-1  (      4.5224 THz )
     13    204.2023 cm^-1  (      6.1218 THz )
     14    208.5443 cm^-1  (      6.2520 THz )
     15    214.4070 cm^-1  (      6.4278 THz )

 # Irred. k point   72 : (  0.2500,  0.4167,  0.4167)
   Mode, Frequency 
      1     14.8808 cm^-1  (      0.4461 THz )
      2     28.5779 cm^-1  (      0.8567 THz )
      3     28.7670 cm^-1  (      0.8624 THz )
      4     34.3650 cm^-1  (      1.0302 THz )
      5     36.6372 cm^-1  (      1.0984 THz )
      6     37.1886 cm^-1  (      1.1149 THz )
      7     62.4318 cm^-1  (      1.8717 THz )
      8     62.7546 cm^-1  (      1.8813 THz )
      9     68.6670 cm^-1  (      2.0586 THz )
     10    108.6391 cm^-1  (      3.2569 THz )
     11    129.0060 cm^-1  (      3.8675 THz )
     12    153.1937 cm^-1  (      4.5926 THz )
     13    205.5298 cm^-1  (      6.1616 THz )
     14    207.0965 cm^-1  (      6.2086 THz )
     15    214.6740 cm^-1  (      6.4358 THz )

 # Irred. k point   73 : (  0.2500,  0.4167, -0.5000)
   Mode, Frequency 
      1     11.8695 cm^-1  (      0.3558 THz )
      2     28.0265 cm^-1  (      0.8402 THz )
      3     28.6715 cm^-1  (      0.8595 THz )
      4     34.2697 cm^-1  (      1.0274 THz )
      5     36.6000 cm^-1  (      1.0972 THz )
      6     37.2168 cm^-1  (      1.1157 THz )
      7     62.4968 cm^-1  (      1.8736 THz )
      8     63.1915 cm^-1  (      1.8944 THz )
      9     69.0244 cm^-1  (      2.0693 THz )
     10    108.6023 cm^-1  (      3.2558 THz )
     11    130.0136 cm^-1  (      3.8977 THz )
     12    156.3698 cm^-1  (      4.6878 THz )
     13    206.1055 cm^-1  (      6.1789 THz )
     14    208.7515 cm^-1  (      6.2582 THz )
     15    212.2155 cm^-1  (      6.3621 THz )

 # Irred. k point   74 : (  0.2500, -0.5000, -0.5000)
   Mode, Frequency 
      1      7.3479 cm^-1  (      0.2203 THz )
      2     27.9991 cm^-1  (      0.8394 THz )
      3     27.9991 cm^-1  (      0.8394 THz )
      4     34.1941 cm^-1  (      1.0251 THz )
      5     36.8870 cm^-1  (      1.1058 THz )
      6     36.8870 cm^-1  (      1.1058 THz )
      7     63.0941 cm^-1  (      1.8915 THz )
      8     63.0941 cm^-1  (      1.8915 THz )
      9     69.3874 cm^-1  (      2.0802 THz )
     10    108.5632 cm^-1  (      3.2546 THz )
     11    131.2649 cm^-1  (      3.9352 THz )
     12    159.3014 cm^-1  (      4.7757 THz )
     13    208.8461 cm^-1  (      6.2610 THz )
     14    208.8461 cm^-1  (      6.2610 THz )
     15    209.1798 cm^-1  (      6.2711 THz )

 # Irred. k point   75 : (  0.3333,  0.3333,  0.3333)
   Mode, Frequency 
      1     24.6573 cm^-1  (      0.7392 THz )
      2     25.4877 cm^-1  (      0.7641 THz )
      3     25.4877 cm^-1  (      0.7641 THz )
      4     35.6857 cm^-1  (      1.0698 THz )
      5     35.6857 cm^-1  (      1.0698 THz )
      6     36.8242 cm^-1  (      1.1040 THz )
      7     63.0912 cm^-1  (      1.8914 THz )
      8     63.0912 cm^-1  (      1.8914 THz )
      9     66.7832 cm^-1  (      2.0021 THz )
     10    120.9205 cm^-1  (      3.6251 THz )
     11    120.9205 cm^-1  (      3.6251 THz )
     12    142.3462 cm^-1  (      4.2674 THz )
     13    204.4497 cm^-1  (      6.1292 THz )
     14    204.4497 cm^-1  (      6.1292 THz )
     15    219.7355 cm^-1  (      6.5875 THz )

 # Irred. k point   76 : (  0.3333,  0.3333,  0.4167)
   Mode, Frequency 
      1     20.5437 cm^-1  (      0.6159 THz )
      2     21.9110 cm^-1  (      0.6569 THz )
      3     25.2148 cm^-1  (      0.7559 THz )
      4     35.3611 cm^-1  (      1.0601 THz )
      5     35.6375 cm^-1  (      1.0684 THz )
      6     36.9736 cm^-1  (      1.1084 THz )
      7     63.4117 cm^-1  (      1.9010 THz )
      8     64.6988 cm^-1  (      1.9396 THz )
      9     67.3362 cm^-1  (      2.0187 THz )
     10    120.7167 cm^-1  (      3.6190 THz )
     11    124.9180 cm^-1  (      3.7449 THz )
     12    149.9425 cm^-1  (      4.4952 THz )
     13    205.0506 cm^-1  (      6.1473 THz )
     14    206.7799 cm^-1  (      6.1991 THz )
     15    216.6601 cm^-1  (      6.4953 THz )

 # Irred. k point   77 : (  0.3333,  0.3333, -0.5000)
   Mode, Frequency 
      1     18.8130 cm^-1  (      0.5640 THz )
      2     20.5301 cm^-1  (      0.6155 THz )
      3     25.2083 cm^-1  (      0.7557 THz )
      4     35.2346 cm^-1  (      1.0563 THz )
      5     35.4873 cm^-1  (      1.0639 THz )
      6     37.1723 cm^-1  (      1.1144 THz )
      7     63.3755 cm^-1  (      1.8999 THz )
      8     65.2444 cm^-1  (      1.9560 THz )
      9     67.6315 cm^-1  (      2.0275 THz )
     10    120.6430 cm^-1  (      3.6168 THz )
     11    125.6149 cm^-1  (      3.7658 THz )
     12    153.3924 cm^-1  (      4.5986 THz )
     13    205.2731 cm^-1  (      6.1539 THz )
     14    208.8531 cm^-1  (      6.2613 THz )
     15    214.2230 cm^-1  (      6.4222 THz )

 # Irred. k point   78 : (  0.3333,  0.4167,  0.4167)
   Mode, Frequency 
      1     14.4877 cm^-1  (      0.4343 THz )
      2     21.0890 cm^-1  (      0.6322 THz )
      3     21.1834 cm^-1  (      0.6351 THz )
      4     35.1531 cm^-1  (      1.0539 THz )
      5     36.0864 cm^-1  (      1.0818 THz )
      6     36.4252 cm^-1  (      1.0920 THz )
      7     64.8954 cm^-1  (      1.9455 THz )
      8     65.1914 cm^-1  (      1.9544 THz )
      9     67.7637 cm^-1  (      2.0315 THz )
     10    122.3205 cm^-1  (      3.6671 THz )
     11    128.7754 cm^-1  (      3.8606 THz )
     12    155.6440 cm^-1  (      4.6661 THz )
     13    206.5986 cm^-1  (      6.1937 THz )
     14    207.6561 cm^-1  (      6.2254 THz )
     15    214.4636 cm^-1  (      6.4295 THz )

 # Irred. k point   79 : (  0.3333,  0.4167, -0.5000)
   Mode, Frequency 
      1     11.3036 cm^-1  (      0.3389 THz )
      2     19.5416 cm^-1  (      0.5858 THz )
      3     21.0732 cm^-1  (      0.6318 THz )
      4     35.0363 cm^-1  (      1.0504 THz )
      5     36.0177 cm^-1  (      1.0798 THz )
      6     36.4913 cm^-1  (      1.0940 THz )
      7     64.9690 cm^-1  (      1.9477 THz )
      8     65.5869 cm^-1  (      1.9662 THz )
      9     68.0731 cm^-1  (      2.0408 THz )
     10    122.3776 cm^-1  (      3.6688 THz )
     11    129.8527 cm^-1  (      3.8929 THz )
     12    158.5303 cm^-1  (      4.7526 THz )
     13    207.0807 cm^-1  (      6.2081 THz )
     14    209.1362 cm^-1  (      6.2697 THz )
     15    212.4582 cm^-1  (      6.3693 THz )

 # Irred. k point   80 : (  0.3333, -0.5000, -0.5000)
   Mode, Frequency 
      1      6.2777 cm^-1  (      0.1882 THz )
      2     19.4527 cm^-1  (      0.5832 THz )
      3     19.4527 cm^-1  (      0.5832 THz )
      4     34.9277 cm^-1  (      1.0471 THz )
      5     36.2396 cm^-1  (      1.0864 THz )
      6     36.2396 cm^-1  (      1.0864 THz )
      7     65.5017 cm^-1  (      1.9637 THz )
      8     65.5017 cm^-1  (      1.9637 THz )
      9     68.3953 cm^-1  (      2.0504 THz )
     10    122.4656 cm^-1  (      3.6714 THz )
     11    131.0980 cm^-1  (      3.9302 THz )
     12    161.2244 cm^-1  (      4.8334 THz )
     13    209.2515 cm^-1  (      6.2732 THz )
     14    209.2515 cm^-1  (      6.2732 THz )
     15    210.1373 cm^-1  (      6.2998 THz )

 # Irred. k point   81 : (  0.4167,  0.4167,  0.4167)
   Mode, Frequency 
      1     13.7981 cm^-1  (      0.4137 THz )
      2     14.4680 cm^-1  (      0.4337 THz )
      3     14.4680 cm^-1  (      0.4337 THz )
      4     35.6695 cm^-1  (      1.0693 THz )
      5     35.6695 cm^-1  (      1.0693 THz )
      6     35.9389 cm^-1  (      1.0774 THz )
      7     66.3802 cm^-1  (      1.9900 THz )
      8     66.3802 cm^-1  (      1.9900 THz )
      9     67.3485 cm^-1  (      2.0191 THz )
     10    128.6086 cm^-1  (      3.8556 THz )
     11    128.6086 cm^-1  (      3.8556 THz )
     12    160.5514 cm^-1  (      4.8132 THz )
     13    208.0889 cm^-1  (      6.2383 THz )
     14    208.0889 cm^-1  (      6.2383 THz )
     15    212.9949 cm^-1  (      6.3854 THz )

 # Irred. k point   82 : (  0.4167,  0.4167, -0.5000)
   Mode, Frequency 
      1     10.5671 cm^-1  (      0.3168 THz )
      2     11.2554 cm^-1  (      0.3374 THz )
      3     14.1397 cm^-1  (      0.4239 THz )
      4     35.5119 cm^-1  (      1.0646 THz )
      5     35.6479 cm^-1  (      1.0687 THz )
      6     35.9636 cm^-1  (      1.0782 THz )
      7     66.4453 cm^-1  (      1.9920 THz )
      8     66.8761 cm^-1  (      2.0049 THz )
      9     67.5152 cm^-1  (      2.0241 THz )
     10    128.5479 cm^-1  (      3.8538 THz )
     11    130.0957 cm^-1  (      3.9002 THz )
     12    163.1320 cm^-1  (      4.8906 THz )
     13    208.2521 cm^-1  (      6.2432 THz )
     14    209.4534 cm^-1  (      6.2793 THz )
     15    211.4663 cm^-1  (      6.3396 THz )

 # Irred. k point   83 : (  0.4167, -0.5000, -0.5000)
   Mode, Frequency 
      1      5.3605 cm^-1  (      0.1607 THz )
      2     10.7547 cm^-1  (      0.3224 THz )
      3     10.7547 cm^-1  (      0.3224 THz )
      4     35.4198 cm^-1  (      1.0619 THz )
      5     35.7671 cm^-1  (      1.0723 THz )
      6     35.7671 cm^-1  (      1.0723 THz )
      7     66.9361 cm^-1  (      2.0067 THz )
      8     66.9361 cm^-1  (      2.0067 THz )
      9     67.6745 cm^-1  (      2.0288 THz )
     10    129.2243 cm^-1  (      3.8740 THz )
     11    130.9757 cm^-1  (      3.9266 THz )
     12    165.6079 cm^-1  (      4.9648 THz )
     13    209.5768 cm^-1  (      6.2830 THz )
     14    209.5768 cm^-1  (      6.2830 THz )
     15    210.0005 cm^-1  (      6.2957 THz )

 # Irred. k point   84 : ( -0.5000, -0.5000, -0.5000)
   Mode, Frequency 
      1      4.9827 cm^-1  (      0.1494 THz )
      2      4.9827 cm^-1  (      0.1494 THz )
      3      4.9827 cm^-1  (      0.1494 THz )
      4     35.5905 cm^-1  (      1.0670 THz )
      5     35.5905 cm^-1  (      1.0670 THz )
      6     35.5905 cm^-1  (      1.0670 THz )
      7     67.4121 cm^-1  (      2.0210 THz )
      8     67.4121 cm^-1  (      2.0210 THz )
      9     67.4121 cm^-1  (      2.0210 THz )
     10    130.9310 cm^-1  (      3.9252 THz )
     11    130.9310 cm^-1  (      3.9252 THz )
     12    168.0155 cm^-1  (      5.0370 THz )
     13    209.7018 cm^-1  (      6.2867 THz )
     14    209.7018 cm^-1  (      6.2867 THz )
     15    209.7018 cm^-1  (      6.2867 THz )


 -----------------------------------------------------------------

 ANIME-tag is given: Making animation files for the given
                     k point ( 0.0000, 0.0000, 0.0000).
 ANIME_CELLSIZE =   2  2  2
 ANIME_FORMAT = XSF

 -----------------------------------------------------------------

 The following files are created: 
  pc_dos.phvel_all   : Phonon velocity at all k points
  pc_dos.dos         : Phonon DOS and atom projected DOS
  pc_dos.tdos        : Two-phonon DOS
  pc_dos.sps_Bose    : Three-phonon scattering phase space 
                       with the Bose distribution function
  pc_dos.thermo      : Thermodynamic quantities
  pc_dos.msd         : Mean-square-displacement (MSD)
  pc_dos.gru_all     : Gruneisen parameters at all k points
  pc_dos.anime*.axsf : AXSF files for animate phonon modes

 Job finished at Tue Oct 27 15:55:58 2020

