 +-----------------------------------------------------------------+
 +                         Program ANPHON                          +
 +                             Ver.  1.1.0                         +
 +-----------------------------------------------------------------+

 Job started at Thu Nov 12 17:05:19 2020

 The number of MPI processes: 1
 The number of OpenMP threads: 24


 Input variables:
 -----------------------------------------------------------------
 General:
  PREFIX = pc_dos
  MODE = PHONONS
  FCSXML = uc.xml
  FC2XML = uc_2nd_100K.xml

  NKD = 3; KD =   Br  Cs  Sn
  MASS =     79.904    132.91    118.71
  NSYM = 0; TOLERANCE = 1e-06; PRINTSYM = 0

  NONANALYTIC = 3
  BORNINFO = BORN; NA_SIGMA = 0.1

  TMIN = 0; TMAX = 1000; DT = 10
  EMIN = 0; EMAX = 1200; DELTA_E = 2

  ISMEAR = -1; EPSILON = 2

  CLASSICAL = 0
  BCONNECT = 2


 Kpoint:
  KPMODE (1st entry for &kpoint) = 2


 Analysis:
  PRINTVEL = 1
  PRINTVEC = 0
  PRINTXSF = 0

  ANIME =     0    0    0
  ANIME_CELL =     2    2    2
  ANIME_FORMAT = XSF

  PDOS = 1; TDOS = 1
  PRINTMSD = 1
  SPS = 2

  GRUNEISEN = 1
  NEWFCS = 0


 -----------------------------------------------------------------

                      MODE = phonons                         
                                                             
      Phonon calculation within harmonic approximation       
      Harmonic force constants will be used.                 

      GRUNEISEN = 1 : Cubic force constants are necessary.

 -----------------------------------------------------------------

 Crystal structure
 =================

 Lattice Vectors:

 * Supercell (from uc.xml )

    2.175705e+01   0.000000e+00   0.000000e+00 : a1
    0.000000e+00   2.175705e+01   0.000000e+00 : a2
    0.000000e+00   0.000000e+00   2.175705e+01 : a3

    2.887884e-01   0.000000e+00   0.000000e+00 : b1
    0.000000e+00   2.887884e-01   0.000000e+00 : b2
    0.000000e+00   0.000000e+00   2.887884e-01 : b3

 * Primitive cell 

    1.087853e+01   0.000000e+00  -0.000000e+00 : a1
   -0.000000e+00   1.087853e+01  -0.000000e+00 : a2
   -0.000000e+00   0.000000e+00   1.087853e+01 : a3

    5.775769e-01   0.000000e+00   0.000000e+00 : b1
   -0.000000e+00   5.775769e-01  -0.000000e+00 : b2
    0.000000e+00   0.000000e+00   5.775769e-01 : b3


  Volume of the primitive cell : 1.287390e+03 (a.u.)^3

  Number of atoms in the supercell     : 40
  Number of atoms in the primitive cell: 5


  FC2XML is given: Harmonic IFCs will be replaced by the values in uc_2nd_100K.xml

 * Supercell for HARMONIC (from uc_2nd_100K.xml )

    2.175705e+01   0.000000e+00   0.000000e+00 : a1
    0.000000e+00   2.175705e+01   0.000000e+00 : a2
    0.000000e+00   0.000000e+00   2.175705e+01 : a3

    2.887884e-01   0.000000e+00   0.000000e+00 : b1
    0.000000e+00   2.887884e-01   0.000000e+00 : b2
    0.000000e+00   0.000000e+00   2.887884e-01 : b3

  Number of atoms in the supercell (HARMONIC)   : 40

  Atomic positions in the primitive cell (fractional):
   1:   0.000000e+00   5.000000e-01   5.000000e-01  Br
   2:   5.000000e-01   0.000000e+00   5.000000e-01  Br
   3:   5.000000e-01   5.000000e-01   0.000000e+00  Br
   4:   0.000000e+00   0.000000e+00   0.000000e+00  Cs
   5:   5.000000e-01   5.000000e-01   5.000000e-01  Sn

  Mass of atomic species (u):
  Br:   79.904000
  Cs:  132.910000
  Sn:  118.710000


 Symmetry
 ========

  NSYM = 0 is given: Trying to find symmetry operations.
  Number of symmetry operations : 48

 k points
 ========

  KPMODE = 2: Uniform grid
  Gamma-centered uniform grid with the following mesh density: 
  nk1:  12
  nk2:  12
  nk3:  12

  Number of k points : 1728
  Number of irreducible k points : 84

  List of irreducible k points (reciprocal coordinate, weight) : 
      1:   0.00000e+00   0.00000e+00   0.00000e+00   0.000579
      2:   0.00000e+00   0.00000e+00   8.33333e-02   0.003472
      3:   0.00000e+00   0.00000e+00   1.66667e-01   0.003472
      4:   0.00000e+00   0.00000e+00   2.50000e-01   0.003472
      5:   0.00000e+00   0.00000e+00   3.33333e-01   0.003472
      6:   0.00000e+00   0.00000e+00   4.16667e-01   0.003472
      7:   0.00000e+00   0.00000e+00  -5.00000e-01   0.001736
      8:   0.00000e+00   8.33333e-02   8.33333e-02   0.006944
      9:   0.00000e+00   8.33333e-02   1.66667e-01   0.013889
     10:   0.00000e+00   8.33333e-02   2.50000e-01   0.013889
     11:   0.00000e+00   8.33333e-02   3.33333e-01   0.013889
     12:   0.00000e+00   8.33333e-02   4.16667e-01   0.013889
     13:   0.00000e+00   8.33333e-02  -5.00000e-01   0.006944
     14:   0.00000e+00   1.66667e-01   1.66667e-01   0.006944
     15:   0.00000e+00   1.66667e-01   2.50000e-01   0.013889
     16:   0.00000e+00   1.66667e-01   3.33333e-01   0.013889
     17:   0.00000e+00   1.66667e-01   4.16667e-01   0.013889
     18:   0.00000e+00   1.66667e-01  -5.00000e-01   0.006944
     19:   0.00000e+00   2.50000e-01   2.50000e-01   0.006944
     20:   0.00000e+00   2.50000e-01   3.33333e-01   0.013889
     21:   0.00000e+00   2.50000e-01   4.16667e-01   0.013889
     22:   0.00000e+00   2.50000e-01  -5.00000e-01   0.006944
     23:   0.00000e+00   3.33333e-01   3.33333e-01   0.006944
     24:   0.00000e+00   3.33333e-01   4.16667e-01   0.013889
     25:   0.00000e+00   3.33333e-01  -5.00000e-01   0.006944
     26:   0.00000e+00   4.16667e-01   4.16667e-01   0.006944
     27:   0.00000e+00   4.16667e-01  -5.00000e-01   0.006944
     28:   0.00000e+00  -5.00000e-01  -5.00000e-01   0.001736
     29:   8.33333e-02   8.33333e-02   8.33333e-02   0.004630
     30:   8.33333e-02   8.33333e-02   1.66667e-01   0.013889
     31:   8.33333e-02   8.33333e-02   2.50000e-01   0.013889
     32:   8.33333e-02   8.33333e-02   3.33333e-01   0.013889
     33:   8.33333e-02   8.33333e-02   4.16667e-01   0.013889
     34:   8.33333e-02   8.33333e-02  -5.00000e-01   0.006944
     35:   8.33333e-02   1.66667e-01   1.66667e-01   0.013889
     36:   8.33333e-02   1.66667e-01   2.50000e-01   0.027778
     37:   8.33333e-02   1.66667e-01   3.33333e-01   0.027778
     38:   8.33333e-02   1.66667e-01   4.16667e-01   0.027778
     39:   8.33333e-02   1.66667e-01  -5.00000e-01   0.013889
     40:   8.33333e-02   2.50000e-01   2.50000e-01   0.013889
     41:   8.33333e-02   2.50000e-01   3.33333e-01   0.027778
     42:   8.33333e-02   2.50000e-01   4.16667e-01   0.027778
     43:   8.33333e-02   2.50000e-01  -5.00000e-01   0.013889
     44:   8.33333e-02   3.33333e-01   3.33333e-01   0.013889
     45:   8.33333e-02   3.33333e-01   4.16667e-01   0.027778
     46:   8.33333e-02   3.33333e-01  -5.00000e-01   0.013889
     47:   8.33333e-02   4.16667e-01   4.16667e-01   0.013889
     48:   8.33333e-02   4.16667e-01  -5.00000e-01   0.013889
     49:   8.33333e-02  -5.00000e-01  -5.00000e-01   0.003472
     50:   1.66667e-01   1.66667e-01   1.66667e-01   0.004630
     51:   1.66667e-01   1.66667e-01   2.50000e-01   0.013889
     52:   1.66667e-01   1.66667e-01   3.33333e-01   0.013889
     53:   1.66667e-01   1.66667e-01   4.16667e-01   0.013889
     54:   1.66667e-01   1.66667e-01  -5.00000e-01   0.006944
     55:   1.66667e-01   2.50000e-01   2.50000e-01   0.013889
     56:   1.66667e-01   2.50000e-01   3.33333e-01   0.027778
     57:   1.66667e-01   2.50000e-01   4.16667e-01   0.027778
     58:   1.66667e-01   2.50000e-01  -5.00000e-01   0.013889
     59:   1.66667e-01   3.33333e-01   3.33333e-01   0.013889
     60:   1.66667e-01   3.33333e-01   4.16667e-01   0.027778
     61:   1.66667e-01   3.33333e-01  -5.00000e-01   0.013889
     62:   1.66667e-01   4.16667e-01   4.16667e-01   0.013889
     63:   1.66667e-01   4.16667e-01  -5.00000e-01   0.013889
     64:   1.66667e-01  -5.00000e-01  -5.00000e-01   0.003472
     65:   2.50000e-01   2.50000e-01   2.50000e-01   0.004630
     66:   2.50000e-01   2.50000e-01   3.33333e-01   0.013889
     67:   2.50000e-01   2.50000e-01   4.16667e-01   0.013889
     68:   2.50000e-01   2.50000e-01  -5.00000e-01   0.006944
     69:   2.50000e-01   3.33333e-01   3.33333e-01   0.013889
     70:   2.50000e-01   3.33333e-01   4.16667e-01   0.027778
     71:   2.50000e-01   3.33333e-01  -5.00000e-01   0.013889
     72:   2.50000e-01   4.16667e-01   4.16667e-01   0.013889
     73:   2.50000e-01   4.16667e-01  -5.00000e-01   0.013889
     74:   2.50000e-01  -5.00000e-01  -5.00000e-01   0.003472
     75:   3.33333e-01   3.33333e-01   3.33333e-01   0.004630
     76:   3.33333e-01   3.33333e-01   4.16667e-01   0.013889
     77:   3.33333e-01   3.33333e-01  -5.00000e-01   0.006944
     78:   3.33333e-01   4.16667e-01   4.16667e-01   0.013889
     79:   3.33333e-01   4.16667e-01  -5.00000e-01   0.013889
     80:   3.33333e-01  -5.00000e-01  -5.00000e-01   0.003472
     81:   4.16667e-01   4.16667e-01   4.16667e-01   0.004630
     82:   4.16667e-01   4.16667e-01  -5.00000e-01   0.006944
     83:   4.16667e-01  -5.00000e-01  -5.00000e-01   0.003472
     84:  -5.00000e-01  -5.00000e-01  -5.00000e-01   0.000579

 Force constant
 ==============

  Reading force constants from the XML file ... done !
  Number of non-zero IFCs for 2 order: 1593
  Number of non-zero IFCs for 3 order: 403788

  Maximum deviation from the translational invariance: 
   Order 2 : 7.749335e-17
   Order 3 : 9.844556e-17


 Dynamical matrix
 ================

  NONANALYTIC = 3 : Non-analytic part of the dynamical matrix will be included 
                    by the Ewald method.

  Dielectric constants and Born effective charges are read from BORN.

  Dielectric constant tensor in Cartesian coordinate : 
   8.718506e+00   0.000000e+00  -0.000000e+00
  -0.000000e+00   8.718506e+00  -0.000000e+00
   0.000000e+00   0.000000e+00   8.718506e+00

  Born effective charge tensor in Cartesian coordinate
  Atom    1( Br) :
      -5.438380      -0.000000       0.000000
       0.000000      -0.494720       0.000000
      -0.000000       0.000000      -0.494720
  Atom    2( Br) :
      -0.494720      -0.000000      -0.000000
      -0.000000      -5.438380       0.000000
      -0.000000       0.000000      -0.494720
  Atom    3( Br) :
      -0.494720      -0.000000       0.000000
      -0.000000      -0.494720       0.000000
       0.000000      -0.000000      -5.438380
  Atom    4( Cs) :
       1.331570      -0.000000      -0.000000
      -0.000000       1.331570      -0.000000
       0.000000      -0.000000       1.331570
  Atom    5( Sn) :
       5.096240       0.000000      -0.000000
      -0.000000       5.096240      -0.000000
      -0.000000       0.000000       5.096240

  WARNING: Born effective charges do not satisfy the acoustic sum rule.
           The born effective charges are modified to satisfy the ASR.

  Symmetrized Born effective charge tensor in Cartesian coordinate.
  Atom    1( Br) :
      -5.438378       0.000000       0.000000
       0.000000      -0.494718       0.000000
       0.000000       0.000000      -0.494718
  Atom    2( Br) :
      -0.494718       0.000000       0.000000
       0.000000      -5.438378       0.000000
       0.000000       0.000000      -0.494718
  Atom    3( Br) :
      -0.494718       0.000000       0.000000
       0.000000      -0.494718       0.000000
       0.000000       0.000000      -5.438378
  Atom    4( Cs) :
       1.331572       0.000000       0.000000
       0.000000       1.331572       0.000000
       0.000000       0.000000       1.331572
  Atom    5( Sn) :
       5.096242       0.000000       0.000000
       0.000000       5.096242       0.000000
       0.000000       0.000000       5.096242

 -----------------------------------------------------------------


  Preparing for the Ewald summation ...

  Inverse dielectric tensor : 
   1.146986e-01  -0.000000e+00   0.000000e+00
   0.000000e+00   1.146986e-01   0.000000e+00
  -0.000000e+00   0.000000e+00   1.146986e-01

  Determinant of epsilon:    6.627141e+02

  Parameters for the Ewald summation :
  - Force constant
    Lambda :    2.679350e-01
    Lmax   :    5.792820e+01
    Gmax   :    9.539748e-01
    Maximum number of real-space cells :   3x  3x  3
    Maximum number of reciprocal cells :   4x  4x  4

  - Dynamical matrix
    Lambda :    5.358700e-01
    Lmax   :    2.896410e+01
    Gmax   :    1.907950e+00
    Maximum number of real-space cells :   3x  3x  3
    Maximum number of reciprocal cells :   4x  4x  4

 Calculating long-range (dipole-dipole) FCs in the supercell ... done.
 Now, move on to phonon calculations.

 Diagonalizing dynamical matrices for all k points ... done!
 Calculating group velocities of phonons on uniform grid ... done!

 ISMEAR = -1: Tetrahedron method will be used.

 PDOS = 1 : Calculating atom-projected phonon DOS ...  done!
 TDOS = 1 : Calculating two-phonon DOS for all irreducible k points.
            This may take a while ... done!
 SPS = 2 : Calculating three-phonon scattering phase space
           with the Bose distribution function ... done!

 GRUNEISEN = 1 : Calculating Gruneisen parameters ... done!

 -----------------------------------------------------------------

 Phonon frequencies below:

 # Irred. k point    1 : (  0.0000,  0.0000,  0.0000)
   Mode, Frequency 
      1      0.0000 cm^-1  (      0.0000 THz )
      2      0.0000 cm^-1  (      0.0000 THz )
      3      0.0000 cm^-1  (      0.0000 THz )
      4      0.0000 cm^-1  (      0.0000 THz )
      5      0.0000 cm^-1  (      0.0000 THz )
      6      0.0000 cm^-1  (      0.0000 THz )
      7     28.7702 cm^-1  (      0.8625 THz )
      8     28.7702 cm^-1  (      0.8625 THz )
      9     28.7702 cm^-1  (      0.8625 THz )
     10     32.3758 cm^-1  (      0.9706 THz )
     11     32.3758 cm^-1  (      0.9706 THz )
     12     32.3758 cm^-1  (      0.9706 THz )
     13     65.6359 cm^-1  (      1.9677 THz )
     14     65.6359 cm^-1  (      1.9677 THz )
     15     65.6359 cm^-1  (      1.9677 THz )

 # Irred. k point    2 : (  0.0000,  0.0000,  0.0833)
   Mode, Frequency 
      1      6.0609 cm^-1  (      0.1817 THz )
      2      6.0609 cm^-1  (      0.1817 THz )
      3      9.7942 cm^-1  (      0.2936 THz )
      4      9.7942 cm^-1  (      0.2936 THz )
      5     14.5171 cm^-1  (      0.4352 THz )
      6     27.4182 cm^-1  (      0.8220 THz )
      7     29.3809 cm^-1  (      0.8808 THz )
      8     29.3809 cm^-1  (      0.8808 THz )
      9     29.5582 cm^-1  (      0.8861 THz )
     10     32.4213 cm^-1  (      0.9720 THz )
     11     32.4213 cm^-1  (      0.9720 THz )
     12     40.0407 cm^-1  (      1.2004 THz )
     13     65.9000 cm^-1  (      1.9756 THz )
     14     65.9000 cm^-1  (      1.9756 THz )
     15    148.4906 cm^-1  (      4.4516 THz )

 # Irred. k point    3 : (  0.0000,  0.0000,  0.1667)
   Mode, Frequency 
      1     11.6006 cm^-1  (      0.3478 THz )
      2     11.6006 cm^-1  (      0.3478 THz )
      3     18.8549 cm^-1  (      0.5653 THz )
      4     18.8549 cm^-1  (      0.5653 THz )
      5     24.0481 cm^-1  (      0.7209 THz )
      6     30.4108 cm^-1  (      0.9117 THz )
      7     30.4108 cm^-1  (      0.9117 THz )
      8     31.6108 cm^-1  (      0.9477 THz )
      9     33.1274 cm^-1  (      0.9931 THz )
     10     33.1274 cm^-1  (      0.9931 THz )
     11     34.4586 cm^-1  (      1.0330 THz )
     12     61.3457 cm^-1  (      1.8391 THz )
     13     66.6353 cm^-1  (      1.9977 THz )
     14     66.6353 cm^-1  (      1.9977 THz )
     15    150.0924 cm^-1  (      4.4997 THz )

 # Irred. k point    4 : (  0.0000,  0.0000,  0.2500)
   Mode, Frequency 
      1     16.3151 cm^-1  (      0.4891 THz )
      2     16.3151 cm^-1  (      0.4891 THz )
      3     26.4940 cm^-1  (      0.7943 THz )
      4     26.4940 cm^-1  (      0.7943 THz )
      5     30.3336 cm^-1  (      0.9094 THz )
      6     30.3336 cm^-1  (      0.9094 THz )
      7     32.4571 cm^-1  (      0.9730 THz )
      8     34.2161 cm^-1  (      1.0258 THz )
      9     35.4104 cm^-1  (      1.0616 THz )
     10     35.4104 cm^-1  (      1.0616 THz )
     11     38.9543 cm^-1  (      1.1678 THz )
     12     67.6747 cm^-1  (      2.0288 THz )
     13     67.6747 cm^-1  (      2.0288 THz )
     14     84.5221 cm^-1  (      2.5339 THz )
     15    151.7949 cm^-1  (      4.5507 THz )

 # Irred. k point    5 : (  0.0000,  0.0000,  0.3333)
   Mode, Frequency 
      1     20.1485 cm^-1  (      0.6040 THz )
      2     20.1485 cm^-1  (      0.6040 THz )
      3     29.4302 cm^-1  (      0.8823 THz )
      4     29.4302 cm^-1  (      0.8823 THz )
      5     32.2702 cm^-1  (      0.9674 THz )
      6     32.2702 cm^-1  (      0.9674 THz )
      7     36.6365 cm^-1  (      1.0983 THz )
      8     38.0909 cm^-1  (      1.1419 THz )
      9     38.0909 cm^-1  (      1.1419 THz )
     10     39.0654 cm^-1  (      1.1712 THz )
     11     42.6074 cm^-1  (      1.2773 THz )
     12     68.7591 cm^-1  (      2.0613 THz )
     13     68.7591 cm^-1  (      2.0613 THz )
     14    104.0422 cm^-1  (      3.1191 THz )
     15    152.6058 cm^-1  (      4.5750 THz )

 # Irred. k point    6 : (  0.0000,  0.0000,  0.4167)
   Mode, Frequency 
      1     23.1128 cm^-1  (      0.6929 THz )
      2     23.1128 cm^-1  (      0.6929 THz )
      3     28.2310 cm^-1  (      0.8463 THz )
      4     28.2310 cm^-1  (      0.8463 THz )
      5     35.6724 cm^-1  (      1.0694 THz )
      6     35.6724 cm^-1  (      1.0694 THz )
      7     38.3113 cm^-1  (      1.1485 THz )
      8     40.1345 cm^-1  (      1.2032 THz )
      9     40.1345 cm^-1  (      1.2032 THz )
     10     43.2926 cm^-1  (      1.2979 THz )
     11     44.9815 cm^-1  (      1.3485 THz )
     12     69.5847 cm^-1  (      2.0861 THz )
     13     69.5847 cm^-1  (      2.0861 THz )
     14    117.7528 cm^-1  (      3.5301 THz )
     15    152.0851 cm^-1  (      4.5594 THz )

 # Irred. k point    7 : (  0.0000,  0.0000, -0.5000)
   Mode, Frequency 
      1     24.6419 cm^-1  (      0.7387 THz )
      2     24.6419 cm^-1  (      0.7387 THz )
      3     27.2773 cm^-1  (      0.8178 THz )
      4     27.2773 cm^-1  (      0.8178 THz )
      5     36.7930 cm^-1  (      1.1030 THz )
      6     36.7930 cm^-1  (      1.1030 THz )
      7     38.9063 cm^-1  (      1.1664 THz )
      8     40.9022 cm^-1  (      1.2262 THz )
      9     40.9022 cm^-1  (      1.2262 THz )
     10     44.7741 cm^-1  (      1.3423 THz )
     11     45.7740 cm^-1  (      1.3723 THz )
     12     69.8942 cm^-1  (      2.0954 THz )
     13     69.8942 cm^-1  (      2.0954 THz )
     14    122.9963 cm^-1  (      3.6873 THz )
     15    151.4048 cm^-1  (      4.5390 THz )

 # Irred. k point    8 : (  0.0000,  0.0833,  0.0833)
   Mode, Frequency 
      1      8.5635 cm^-1  (      0.2567 THz )
      2     10.6201 cm^-1  (      0.3184 THz )
      3     13.6614 cm^-1  (      0.4096 THz )
      4     17.1987 cm^-1  (      0.5156 THz )
      5     26.9524 cm^-1  (      0.8080 THz )
      6     28.7582 cm^-1  (      0.8622 THz )
      7     29.1680 cm^-1  (      0.8744 THz )
      8     30.0105 cm^-1  (      0.8997 THz )
      9     31.5154 cm^-1  (      0.9448 THz )
     10     32.4016 cm^-1  (      0.9714 THz )
     11     38.6209 cm^-1  (      1.1578 THz )
     12     38.7705 cm^-1  (      1.1623 THz )
     13     66.1645 cm^-1  (      1.9836 THz )
     14     69.5022 cm^-1  (      2.0836 THz )
     15    147.5952 cm^-1  (      4.4248 THz )

 # Irred. k point    9 : (  0.0000,  0.0833,  0.1667)
   Mode, Frequency 
      1     13.0622 cm^-1  (      0.3916 THz )
      2     15.5309 cm^-1  (      0.4656 THz )
      3     20.7804 cm^-1  (      0.6230 THz )
      4     24.3228 cm^-1  (      0.7292 THz )
      5     29.5855 cm^-1  (      0.8870 THz )
      6     30.0884 cm^-1  (      0.9020 THz )
      7     31.0401 cm^-1  (      0.9306 THz )
      8     32.9976 cm^-1  (      0.9892 THz )
      9     33.6201 cm^-1  (      1.0079 THz )
     10     35.2619 cm^-1  (      1.0571 THz )
     11     39.1275 cm^-1  (      1.1730 THz )
     12     61.7147 cm^-1  (      1.8502 THz )
     13     66.8999 cm^-1  (      2.0056 THz )
     14     72.2101 cm^-1  (      2.1648 THz )
     15    148.5706 cm^-1  (      4.4540 THz )

 # Irred. k point   10 : (  0.0000,  0.0833,  0.2500)
   Mode, Frequency 
      1     17.3518 cm^-1  (      0.5202 THz )
      2     19.8072 cm^-1  (      0.5938 THz )
      3     27.5222 cm^-1  (      0.8251 THz )
      4     29.5871 cm^-1  (      0.8870 THz )
      5     30.7797 cm^-1  (      0.9228 THz )
      6     31.1714 cm^-1  (      0.9345 THz )
      7     33.0663 cm^-1  (      0.9913 THz )
      8     35.3580 cm^-1  (      1.0600 THz )
      9     37.0847 cm^-1  (      1.1118 THz )
     10     39.4948 cm^-1  (      1.1840 THz )
     11     41.7488 cm^-1  (      1.2516 THz )
     12     67.9374 cm^-1  (      2.0367 THz )
     13     73.8499 cm^-1  (      2.2140 THz )
     14     85.0032 cm^-1  (      2.5483 THz )
     15    150.5288 cm^-1  (      4.5127 THz )

 # Irred. k point   11 : (  0.0000,  0.0833,  0.3333)
   Mode, Frequency 
      1     20.9689 cm^-1  (      0.6286 THz )
      2     23.1374 cm^-1  (      0.6936 THz )
      3     29.7344 cm^-1  (      0.8914 THz )
      4     30.2040 cm^-1  (      0.9055 THz )
      5     32.8550 cm^-1  (      0.9850 THz )
      6     33.1053 cm^-1  (      0.9925 THz )
      7     37.7029 cm^-1  (      1.1303 THz )
      8     38.0397 cm^-1  (      1.1404 THz )
      9     40.0065 cm^-1  (      1.1994 THz )
     10     43.5501 cm^-1  (      1.3056 THz )
     11     44.9837 cm^-1  (      1.3486 THz )
     12     69.0171 cm^-1  (      2.0691 THz )
     13     75.2045 cm^-1  (      2.2546 THz )
     14    104.3034 cm^-1  (      3.1269 THz )
     15    151.8633 cm^-1  (      4.5527 THz )

 # Irred. k point   12 : (  0.0000,  0.0833,  0.4167)
   Mode, Frequency 
      1     23.8625 cm^-1  (      0.7154 THz )
      2     25.6004 cm^-1  (      0.7675 THz )
      3     28.4533 cm^-1  (      0.8530 THz )
      4     29.4860 cm^-1  (      0.8840 THz )
      5     34.6721 cm^-1  (      1.0394 THz )
      6     35.9888 cm^-1  (      1.0789 THz )
      7     40.0745 cm^-1  (      1.2014 THz )
      8     40.8430 cm^-1  (      1.2244 THz )
      9     41.8469 cm^-1  (      1.2545 THz )
     10     46.5806 cm^-1  (      1.3965 THz )
     11     47.3307 cm^-1  (      1.4189 THz )
     12     69.8369 cm^-1  (      2.0937 THz )
     13     76.1610 cm^-1  (      2.2832 THz )
     14    117.7007 cm^-1  (      3.5286 THz )
     15    151.8883 cm^-1  (      4.5535 THz )

 # Irred. k point   13 : (  0.0000,  0.0833, -0.5000)
   Mode, Frequency 
      1     25.5437 cm^-1  (      0.7658 THz )
      2     26.8578 cm^-1  (      0.8052 THz )
      3     27.2978 cm^-1  (      0.8184 THz )
      4     28.7655 cm^-1  (      0.8624 THz )
      5     35.2395 cm^-1  (      1.0565 THz )
      6     37.0265 cm^-1  (      1.1100 THz )
      7     40.8379 cm^-1  (      1.2243 THz )
      8     42.1228 cm^-1  (      1.2628 THz )
      9     42.2631 cm^-1  (      1.2670 THz )
     10     47.7202 cm^-1  (      1.4306 THz )
     11     48.1429 cm^-1  (      1.4433 THz )
     12     70.1435 cm^-1  (      2.1028 THz )
     13     76.5127 cm^-1  (      2.2938 THz )
     14    122.7486 cm^-1  (      3.6799 THz )
     15    151.4890 cm^-1  (      4.5415 THz )

 # Irred. k point   14 : (  0.0000,  0.1667,  0.1667)
   Mode, Frequency 
      1     16.3007 cm^-1  (      0.4887 THz )
      2     18.6143 cm^-1  (      0.5580 THz )
      3     25.2408 cm^-1  (      0.7567 THz )
      4     27.5150 cm^-1  (      0.8249 THz )
      5     29.8214 cm^-1  (      0.8940 THz )
      6     32.4850 cm^-1  (      0.9739 THz )
      7     32.9231 cm^-1  (      0.9870 THz )
      8     33.4462 cm^-1  (      1.0027 THz )
      9     33.5179 cm^-1  (      1.0048 THz )
     10     39.5540 cm^-1  (      1.1858 THz )
     11     61.1049 cm^-1  (      1.8319 THz )
     12     65.2192 cm^-1  (      1.9552 THz )
     13     67.6334 cm^-1  (      2.0276 THz )
     14     80.6968 cm^-1  (      2.4192 THz )
     15    147.3168 cm^-1  (      4.4164 THz )

 # Irred. k point   15 : (  0.0000,  0.1667,  0.2500)
   Mode, Frequency 
      1     19.7844 cm^-1  (      0.5931 THz )
      2     21.1284 cm^-1  (      0.6334 THz )
      3     29.6651 cm^-1  (      0.8893 THz )
      4     29.9873 cm^-1  (      0.8990 THz )
      5     32.0475 cm^-1  (      0.9608 THz )
      6     32.5938 cm^-1  (      0.9771 THz )
      7     33.1252 cm^-1  (      0.9931 THz )
      8     35.3338 cm^-1  (      1.0593 THz )
      9     36.6185 cm^-1  (      1.0978 THz )
     10     44.3581 cm^-1  (      1.3298 THz )
     11     65.0308 cm^-1  (      1.9496 THz )
     12     68.6620 cm^-1  (      2.0584 THz )
     13     85.3900 cm^-1  (      2.5599 THz )
     14     87.4335 cm^-1  (      2.6212 THz )
     15    148.4357 cm^-1  (      4.4500 THz )

 # Irred. k point   16 : (  0.0000,  0.1667,  0.3333)
   Mode, Frequency 
      1     22.8761 cm^-1  (      0.6858 THz )
      2     23.0889 cm^-1  (      0.6922 THz )
      3     30.4925 cm^-1  (      0.9141 THz )
      4     30.6380 cm^-1  (      0.9185 THz )
      5     32.7067 cm^-1  (      0.9805 THz )
      6     34.4014 cm^-1  (      1.0313 THz )
      7     36.5291 cm^-1  (      1.0951 THz )
      8     37.9322 cm^-1  (      1.1372 THz )
      9     39.3970 cm^-1  (      1.1811 THz )
     10     48.6208 cm^-1  (      1.4576 THz )
     11     67.1832 cm^-1  (      2.0141 THz )
     12     69.7236 cm^-1  (      2.0903 THz )
     13     89.5626 cm^-1  (      2.6850 THz )
     14    105.1261 cm^-1  (      3.1516 THz )
     15    150.3807 cm^-1  (      4.5083 THz )

 # Irred. k point   17 : (  0.0000,  0.1667,  0.4167)
   Mode, Frequency 
      1     24.3097 cm^-1  (      0.7288 THz )
      2     25.4622 cm^-1  (      0.7633 THz )
      3     29.3458 cm^-1  (      0.8798 THz )
      4     31.2357 cm^-1  (      0.9364 THz )
      5     32.3354 cm^-1  (      0.9694 THz )
      6     36.8320 cm^-1  (      1.1042 THz )
      7     39.1429 cm^-1  (      1.1735 THz )
      8     39.9175 cm^-1  (      1.1967 THz )
      9     41.2901 cm^-1  (      1.2378 THz )
     10     51.5365 cm^-1  (      1.5450 THz )
     11     68.6382 cm^-1  (      2.0577 THz )
     12     70.5227 cm^-1  (      2.1142 THz )
     13     91.3825 cm^-1  (      2.7396 THz )
     14    117.6363 cm^-1  (      3.5266 THz )
     15    151.5383 cm^-1  (      4.5430 THz )

 # Irred. k point   18 : (  0.0000,  0.1667, -0.5000)
   Mode, Frequency 
      1     24.7144 cm^-1  (      0.7409 THz )
      2     27.3557 cm^-1  (      0.8201 THz )
      3     27.8685 cm^-1  (      0.8355 THz )
      4     31.6700 cm^-1  (      0.9494 THz )
      5     32.0554 cm^-1  (      0.9610 THz )
      6     37.6517 cm^-1  (      1.1288 THz )
      7     40.0512 cm^-1  (      1.2007 THz )
      8     40.6605 cm^-1  (      1.2190 THz )
      9     41.9565 cm^-1  (      1.2578 THz )
     10     52.5708 cm^-1  (      1.5760 THz )
     11     69.1495 cm^-1  (      2.0731 THz )
     12     70.8201 cm^-1  (      2.1231 THz )
     13     91.9724 cm^-1  (      2.7573 THz )
     14    122.1913 cm^-1  (      3.6632 THz )
     15    151.7686 cm^-1  (      4.5499 THz )

 # Irred. k point   19 : (  0.0000,  0.2500,  0.2500)
   Mode, Frequency 
      1     20.7251 cm^-1  (      0.6213 THz )
      2     22.4862 cm^-1  (      0.6741 THz )
      3     31.6125 cm^-1  (      0.9477 THz )
      4     31.9102 cm^-1  (      0.9566 THz )
      5     32.5568 cm^-1  (      0.9760 THz )
      6     34.1420 cm^-1  (      1.0236 THz )
      7     35.4083 cm^-1  (      1.0615 THz )
      8     36.0100 cm^-1  (      1.0796 THz )
      9     36.1453 cm^-1  (      1.0836 THz )
     10     49.1929 cm^-1  (      1.4748 THz )
     11     69.6677 cm^-1  (      2.0886 THz )
     12     85.4816 cm^-1  (      2.5627 THz )
     13     89.0556 cm^-1  (      2.6698 THz )
     14     98.5849 cm^-1  (      2.9555 THz )
     15    148.0199 cm^-1  (      4.4375 THz )

 # Irred. k point   20 : (  0.0000,  0.2500,  0.3333)
   Mode, Frequency 
      1     20.2169 cm^-1  (      0.6061 THz )
      2     24.8432 cm^-1  (      0.7448 THz )
      3     31.3642 cm^-1  (      0.9403 THz )
      4     31.9454 cm^-1  (      0.9577 THz )
      5     34.6737 cm^-1  (      1.0395 THz )
      6     35.2969 cm^-1  (      1.0582 THz )
      7     36.4091 cm^-1  (      1.0915 THz )
      8     37.9343 cm^-1  (      1.1372 THz )
      9     38.5690 cm^-1  (      1.1563 THz )
     10     53.1812 cm^-1  (      1.5943 THz )
     11     70.6915 cm^-1  (      2.1193 THz )
     12     88.6639 cm^-1  (      2.6581 THz )
     13    102.7712 cm^-1  (      3.0810 THz )
     14    108.2827 cm^-1  (      3.2462 THz )
     15    149.5780 cm^-1  (      4.4842 THz )

 # Irred. k point   21 : (  0.0000,  0.2500,  0.4167)
   Mode, Frequency 
      1     19.9727 cm^-1  (      0.5988 THz )
      2     26.6396 cm^-1  (      0.7986 THz )
      3     30.8551 cm^-1  (      0.9250 THz )
      4     31.2563 cm^-1  (      0.9370 THz )
      5     34.9676 cm^-1  (      1.0483 THz )
      6     36.4940 cm^-1  (      1.0941 THz )
      7     37.9280 cm^-1  (      1.1371 THz )
      8     39.7379 cm^-1  (      1.1913 THz )
      9     40.5592 cm^-1  (      1.2159 THz )
     10     55.8016 cm^-1  (      1.6729 THz )
     11     71.4526 cm^-1  (      2.1421 THz )
     12     89.7520 cm^-1  (      2.6907 THz )
     13    108.3691 cm^-1  (      3.2488 THz )
     14    117.9232 cm^-1  (      3.5352 THz )
     15    151.4974 cm^-1  (      4.5418 THz )

 # Irred. k point   22 : (  0.0000,  0.2500, -0.5000)
   Mode, Frequency 
      1     19.9081 cm^-1  (      0.5968 THz )
      2     27.4399 cm^-1  (      0.8226 THz )
      3     30.6489 cm^-1  (      0.9188 THz )
      4     30.7897 cm^-1  (      0.9231 THz )
      5     34.9131 cm^-1  (      1.0467 THz )
      6     37.0917 cm^-1  (      1.1120 THz )
      7     38.4712 cm^-1  (      1.1533 THz )
      8     40.4133 cm^-1  (      1.2116 THz )
      9     41.2798 cm^-1  (      1.2375 THz )
     10     56.7146 cm^-1  (      1.7003 THz )
     11     71.7336 cm^-1  (      2.1505 THz )
     12     90.1264 cm^-1  (      2.7019 THz )
     13    109.7556 cm^-1  (      3.2904 THz )
     14    121.6920 cm^-1  (      3.6482 THz )
     15    152.2867 cm^-1  (      4.5654 THz )

 # Irred. k point   23 : (  0.0000,  0.3333,  0.3333)
   Mode, Frequency 
      1     17.1004 cm^-1  (      0.5127 THz )
      2     26.3130 cm^-1  (      0.7888 THz )
      3     32.4850 cm^-1  (      0.9739 THz )
      4     33.0258 cm^-1  (      0.9901 THz )
      5     33.0655 cm^-1  (      0.9913 THz )
      6     37.7582 cm^-1  (      1.1320 THz )
      7     38.1265 cm^-1  (      1.1430 THz )
      8     38.2896 cm^-1  (      1.1479 THz )
      9     38.3318 cm^-1  (      1.1492 THz )
     10     56.8142 cm^-1  (      1.7032 THz )
     11     71.6623 cm^-1  (      2.1484 THz )
     12    105.2149 cm^-1  (      3.1543 THz )
     13    105.8863 cm^-1  (      3.1744 THz )
     14    118.0950 cm^-1  (      3.5404 THz )
     15    150.3181 cm^-1  (      4.5064 THz )

 # Irred. k point   24 : (  0.0000,  0.3333,  0.4167)
   Mode, Frequency 
      1     14.8417 cm^-1  (      0.4449 THz )
      2     27.2166 cm^-1  (      0.8159 THz )
      3     31.3275 cm^-1  (      0.9392 THz )
      4     33.4467 cm^-1  (      1.0027 THz )
      5     33.8409 cm^-1  (      1.0145 THz )
      6     37.5447 cm^-1  (      1.1256 THz )
      7     38.9288 cm^-1  (      1.1671 THz )
      8     39.6731 cm^-1  (      1.1894 THz )
      9     39.8362 cm^-1  (      1.1943 THz )
     10     59.1485 cm^-1  (      1.7732 THz )
     11     72.3743 cm^-1  (      2.1697 THz )
     12    106.3752 cm^-1  (      3.1890 THz )
     13    116.8104 cm^-1  (      3.5019 THz )
     14    123.8096 cm^-1  (      3.7117 THz )
     15    152.1219 cm^-1  (      4.5605 THz )

 # Irred. k point   25 : (  0.0000,  0.3333, -0.5000)
   Mode, Frequency 
      1     14.0087 cm^-1  (      0.4200 THz )
      2     27.5304 cm^-1  (      0.8253 THz )
      3     30.7947 cm^-1  (      0.9232 THz )
      4     33.5067 cm^-1  (      1.0045 THz )
      5     34.2250 cm^-1  (      1.0260 THz )
      6     37.4096 cm^-1  (      1.1215 THz )
      7     39.2358 cm^-1  (      1.1763 THz )
      8     40.1602 cm^-1  (      1.2040 THz )
      9     40.5065 cm^-1  (      1.2144 THz )
     10     59.9529 cm^-1  (      1.7973 THz )
     11     72.6351 cm^-1  (      2.1775 THz )
     12    106.6414 cm^-1  (      3.1970 THz )
     13    121.4667 cm^-1  (      3.6415 THz )
     14    124.6888 cm^-1  (      3.7381 THz )
     15    153.1056 cm^-1  (      4.5900 THz )

 # Irred. k point   26 : (  0.0000,  0.4167,  0.4167)
   Mode, Frequency 
      1     10.2694 cm^-1  (      0.3079 THz )
      2     27.5070 cm^-1  (      0.8246 THz )
      3     31.8049 cm^-1  (      0.9535 THz )
      4     31.9412 cm^-1  (      0.9576 THz )
      5     34.9387 cm^-1  (      1.0474 THz )
      6     39.2448 cm^-1  (      1.1765 THz )
      7     39.3403 cm^-1  (      1.1794 THz )
      8     39.5293 cm^-1  (      1.1851 THz )
      9     39.8479 cm^-1  (      1.1946 THz )
     10     61.2709 cm^-1  (      1.8369 THz )
     11     73.0438 cm^-1  (      2.1898 THz )
     12    117.3190 cm^-1  (      3.5171 THz )
     13    117.4797 cm^-1  (      3.5220 THz )
     14    131.4203 cm^-1  (      3.9399 THz )
     15    153.4437 cm^-1  (      4.6001 THz )

 # Irred. k point   27 : (  0.0000,  0.4167, -0.5000)
   Mode, Frequency 
      1      8.1452 cm^-1  (      0.2442 THz )
      2     27.6009 cm^-1  (      0.8275 THz )
      3     31.1363 cm^-1  (      0.9334 THz )
      4     32.0910 cm^-1  (      0.9621 THz )
      5     35.4214 cm^-1  (      1.0619 THz )
      6     39.0937 cm^-1  (      1.1720 THz )
      7     39.7378 cm^-1  (      1.1913 THz )
      8     39.9110 cm^-1  (      1.1965 THz )
      9     39.9709 cm^-1  (      1.1983 THz )
     10     61.9968 cm^-1  (      1.8586 THz )
     11     73.2878 cm^-1  (      2.1971 THz )
     12    117.5367 cm^-1  (      3.5237 THz )
     13    121.4596 cm^-1  (      3.6413 THz )
     14    133.5048 cm^-1  (      4.0024 THz )
     15    154.2784 cm^-1  (      4.6252 THz )

 # Irred. k point   28 : (  0.0000, -0.5000, -0.5000)
   Mode, Frequency 
      1      4.6738 cm^-1  (      0.1401 THz )
      2     27.6277 cm^-1  (      0.8283 THz )
      3     31.2878 cm^-1  (      0.9380 THz )
      4     31.2878 cm^-1  (      0.9380 THz )
      5     36.1189 cm^-1  (      1.0828 THz )
      6     39.6895 cm^-1  (      1.1899 THz )
      7     39.6895 cm^-1  (      1.1899 THz )
      8     39.9007 cm^-1  (      1.1962 THz )
      9     39.9007 cm^-1  (      1.1962 THz )
     10     62.6939 cm^-1  (      1.8795 THz )
     11     73.5252 cm^-1  (      2.2042 THz )
     12    121.4881 cm^-1  (      3.6421 THz )
     13    121.4881 cm^-1  (      3.6421 THz )
     14    136.0363 cm^-1  (      4.0783 THz )
     15    155.0016 cm^-1  (      4.6468 THz )

 # Irred. k point   29 : (  0.0833,  0.0833,  0.0833)
   Mode, Frequency 
      1     12.3228 cm^-1  (      0.3694 THz )
      2     12.3228 cm^-1  (      0.3694 THz )
      3     19.7709 cm^-1  (      0.5927 THz )
      4     27.7406 cm^-1  (      0.8316 THz )
      5     27.7406 cm^-1  (      0.8316 THz )
      6     28.5468 cm^-1  (      0.8558 THz )
      7     30.3351 cm^-1  (      0.9094 THz )
      8     32.0571 cm^-1  (      0.9610 THz )
      9     32.0571 cm^-1  (      0.9610 THz )
     10     37.6489 cm^-1  (      1.1287 THz )
     11     38.9151 cm^-1  (      1.1666 THz )
     12     38.9151 cm^-1  (      1.1666 THz )
     13     69.8256 cm^-1  (      2.0933 THz )
     14     69.8256 cm^-1  (      2.0933 THz )
     15    146.7436 cm^-1  (      4.3993 THz )

 # Irred. k point   30 : (  0.0833,  0.0833,  0.1667)
   Mode, Frequency 
      1     15.9251 cm^-1  (      0.4774 THz )
      2     16.8936 cm^-1  (      0.5065 THz )
      3     25.4562 cm^-1  (      0.7632 THz )
      4     28.8090 cm^-1  (      0.8637 THz )
      5     29.4914 cm^-1  (      0.8841 THz )
      6     31.1299 cm^-1  (      0.9332 THz )
      7     32.5305 cm^-1  (      0.9752 THz )
      8     35.1123 cm^-1  (      1.0526 THz )
      9     35.4905 cm^-1  (      1.0640 THz )
     10     38.9712 cm^-1  (      1.1683 THz )
     11     39.9824 cm^-1  (      1.1986 THz )
     12     62.2119 cm^-1  (      1.8651 THz )
     13     70.7241 cm^-1  (      2.1203 THz )
     14     73.7483 cm^-1  (      2.2109 THz )
     15    147.3270 cm^-1  (      4.4168 THz )

 # Irred. k point   31 : (  0.0833,  0.0833,  0.2500)
   Mode, Frequency 
      1     19.6435 cm^-1  (      0.5889 THz )
      2     21.1569 cm^-1  (      0.6343 THz )
      3     29.6263 cm^-1  (      0.8882 THz )
      4     30.2653 cm^-1  (      0.9073 THz )
      5     31.0372 cm^-1  (      0.9305 THz )
      6     32.0742 cm^-1  (      0.9616 THz )
      7     35.3073 cm^-1  (      1.0585 THz )
      8     39.2864 cm^-1  (      1.1778 THz )
      9     39.3399 cm^-1  (      1.1794 THz )
     10     41.9798 cm^-1  (      1.2585 THz )
     11     42.2291 cm^-1  (      1.2660 THz )
     12     71.9893 cm^-1  (      2.1582 THz )
     13     75.9365 cm^-1  (      2.2765 THz )
     14     85.4530 cm^-1  (      2.5618 THz )
     15    149.4082 cm^-1  (      4.4791 THz )

 # Irred. k point   32 : (  0.0833,  0.0833,  0.3333)
   Mode, Frequency 
      1     22.8342 cm^-1  (      0.6846 THz )
      2     24.2066 cm^-1  (      0.7257 THz )
      3     29.7517 cm^-1  (      0.8919 THz )
      4     31.7490 cm^-1  (      0.9518 THz )
      5     32.5034 cm^-1  (      0.9744 THz )
      6     34.0355 cm^-1  (      1.0204 THz )
      7     38.2259 cm^-1  (      1.1460 THz )
      8     42.6362 cm^-1  (      1.2782 THz )
      9     43.8196 cm^-1  (      1.3137 THz )
     10     44.3156 cm^-1  (      1.3285 THz )
     11     45.6901 cm^-1  (      1.3698 THz )
     12     73.3015 cm^-1  (      2.1975 THz )
     13     77.3711 cm^-1  (      2.3195 THz )
     14    104.5471 cm^-1  (      3.1342 THz )
     15    151.1852 cm^-1  (      4.5324 THz )

 # Irred. k point   33 : (  0.0833,  0.0833,  0.4167)
   Mode, Frequency 
      1     25.3844 cm^-1  (      0.7610 THz )
      2     26.1235 cm^-1  (      0.7832 THz )
      3     28.9982 cm^-1  (      0.8693 THz )
      4     31.2468 cm^-1  (      0.9368 THz )
      5     33.6974 cm^-1  (      1.0102 THz )
      6     36.5643 cm^-1  (      1.0962 THz )
      7     40.0801 cm^-1  (      1.2016 THz )
      8     44.9045 cm^-1  (      1.3462 THz )
      9     46.0728 cm^-1  (      1.3812 THz )
     10     47.1131 cm^-1  (      1.4124 THz )
     11     48.0620 cm^-1  (      1.4409 THz )
     12     74.2936 cm^-1  (      2.2273 THz )
     13     78.2857 cm^-1  (      2.3469 THz )
     14    117.6561 cm^-1  (      3.5272 THz )
     15    151.7057 cm^-1  (      4.5480 THz )

 # Irred. k point   34 : (  0.0833,  0.0833, -0.5000)
   Mode, Frequency 
      1     26.8435 cm^-1  (      0.8047 THz )
      2     26.9514 cm^-1  (      0.8080 THz )
      3     27.9951 cm^-1  (      0.8393 THz )
      4     30.9615 cm^-1  (      0.9282 THz )
      5     34.1510 cm^-1  (      1.0238 THz )
      6     37.4764 cm^-1  (      1.1235 THz )
      7     40.7038 cm^-1  (      1.2203 THz )
      8     45.7086 cm^-1  (      1.3703 THz )
      9     46.7054 cm^-1  (      1.4002 THz )
     10     48.3494 cm^-1  (      1.4495 THz )
     11     48.8410 cm^-1  (      1.4642 THz )
     12     74.6636 cm^-1  (      2.2384 THz )
     13     78.6110 cm^-1  (      2.3567 THz )
     14    122.5299 cm^-1  (      3.6734 THz )
     15    151.5593 cm^-1  (      4.5436 THz )

 # Irred. k point   35 : (  0.0833,  0.1667,  0.1667)
   Mode, Frequency 
      1     18.7006 cm^-1  (      0.5606 THz )
      2     19.0355 cm^-1  (      0.5707 THz )
      3     28.3916 cm^-1  (      0.8512 THz )
      4     28.4529 cm^-1  (      0.8530 THz )
      5     31.5071 cm^-1  (      0.9446 THz )
      6     32.5043 cm^-1  (      0.9745 THz )
      7     34.0765 cm^-1  (      1.0216 THz )
      8     36.2508 cm^-1  (      1.0868 THz )
      9     39.4946 cm^-1  (      1.1840 THz )
     10     40.9146 cm^-1  (      1.2266 THz )
     11     61.7038 cm^-1  (      1.8498 THz )
     12     65.5253 cm^-1  (      1.9644 THz )
     13     72.6417 cm^-1  (      2.1777 THz )
     14     81.1225 cm^-1  (      2.4320 THz )
     15    146.2895 cm^-1  (      4.3856 THz )

 # Irred. k point   36 : (  0.0833,  0.1667,  0.2500)
   Mode, Frequency 
      1     21.0444 cm^-1  (      0.6309 THz )
      2     22.1405 cm^-1  (      0.6638 THz )
      3     28.7688 cm^-1  (      0.8625 THz )
      4     30.7145 cm^-1  (      0.9208 THz )
      5     32.0023 cm^-1  (      0.9594 THz )
      6     34.4383 cm^-1  (      1.0324 THz )
      7     35.1022 cm^-1  (      1.0523 THz )
      8     39.5413 cm^-1  (      1.1854 THz )
      9     42.9895 cm^-1  (      1.2888 THz )
     10     44.4369 cm^-1  (      1.3322 THz )
     11     65.3835 cm^-1  (      1.9601 THz )
     12     73.9397 cm^-1  (      2.2167 THz )
     13     85.7756 cm^-1  (      2.5715 THz )
     14     87.9653 cm^-1  (      2.6371 THz )
     15    147.5664 cm^-1  (      4.4239 THz )

 # Irred. k point   37 : (  0.0833,  0.1667,  0.3333)
   Mode, Frequency 
      1     23.0008 cm^-1  (      0.6895 THz )
      2     24.6483 cm^-1  (      0.7389 THz )
      3     29.1316 cm^-1  (      0.8733 THz )
      4     31.8212 cm^-1  (      0.9540 THz )
      5     33.0783 cm^-1  (      0.9917 THz )
      6     34.9391 cm^-1  (      1.0474 THz )
      7     37.0496 cm^-1  (      1.1107 THz )
      8     43.1254 cm^-1  (      1.2929 THz )
      9     45.4465 cm^-1  (      1.3625 THz )
     10     48.5739 cm^-1  (      1.4562 THz )
     11     67.3894 cm^-1  (      2.0203 THz )
     12     75.1943 cm^-1  (      2.2543 THz )
     13     90.1956 cm^-1  (      2.7040 THz )
     14    105.3245 cm^-1  (      3.1575 THz )
     15    149.8417 cm^-1  (      4.4921 THz )

 # Irred. k point   38 : (  0.0833,  0.1667,  0.4167)
   Mode, Frequency 
      1     24.3148 cm^-1  (      0.7289 THz )
      2     26.2852 cm^-1  (      0.7880 THz )
      3     29.1544 cm^-1  (      0.8740 THz )
      4     31.5941 cm^-1  (      0.9472 THz )
      5     34.6442 cm^-1  (      1.0386 THz )
      6     35.4695 cm^-1  (      1.0633 THz )
      7     38.4718 cm^-1  (      1.1534 THz )
      8     45.6293 cm^-1  (      1.3679 THz )
      9     47.1015 cm^-1  (      1.4121 THz )
     10     51.4566 cm^-1  (      1.5426 THz )
     11     68.7539 cm^-1  (      2.0612 THz )
     12     76.1189 cm^-1  (      2.2820 THz )
     13     91.9977 cm^-1  (      2.7580 THz )
     14    117.6096 cm^-1  (      3.5258 THz )
     15    151.3866 cm^-1  (      4.5385 THz )

 # Irred. k point   39 : (  0.0833,  0.1667, -0.5000)
   Mode, Frequency 
      1     24.7524 cm^-1  (      0.7421 THz )
      2     27.0175 cm^-1  (      0.8100 THz )
      3     28.9502 cm^-1  (      0.8679 THz )
      4     31.5285 cm^-1  (      0.9452 THz )
      5     34.8209 cm^-1  (      1.0439 THz )
      6     36.1034 cm^-1  (      1.0824 THz )
      7     38.9492 cm^-1  (      1.1677 THz )
      8     46.5456 cm^-1  (      1.3954 THz )
      9     47.6491 cm^-1  (      1.4285 THz )
     10     52.4833 cm^-1  (      1.5734 THz )
     11     69.2351 cm^-1  (      2.0756 THz )
     12     76.4599 cm^-1  (      2.2922 THz )
     13     92.5691 cm^-1  (      2.7752 THz )
     14    122.0406 cm^-1  (      3.6587 THz )
     15    151.8071 cm^-1  (      4.5511 THz )

 # Irred. k point   40 : (  0.0833,  0.2500,  0.2500)
   Mode, Frequency 
      1     20.9701 cm^-1  (      0.6287 THz )
      2     23.7385 cm^-1  (      0.7117 THz )
      3     29.7150 cm^-1  (      0.8908 THz )
      4     30.8460 cm^-1  (      0.9247 THz )
      5     33.3533 cm^-1  (      0.9999 THz )
      6     33.8637 cm^-1  (      1.0152 THz )
      7     38.1405 cm^-1  (      1.1434 THz )
      8     40.2443 cm^-1  (      1.2065 THz )
      9     44.7270 cm^-1  (      1.3409 THz )
     10     49.1236 cm^-1  (      1.4727 THz )
     11     75.1402 cm^-1  (      2.2526 THz )
     12     85.8838 cm^-1  (      2.5747 THz )
     13     89.1984 cm^-1  (      2.6741 THz )
     14     98.9477 cm^-1  (      2.9664 THz )
     15    147.3676 cm^-1  (      4.4180 THz )

 # Irred. k point   41 : (  0.0833,  0.2500,  0.3333)
   Mode, Frequency 
      1     20.3481 cm^-1  (      0.6100 THz )
      2     25.5917 cm^-1  (      0.7672 THz )
      3     29.9881 cm^-1  (      0.8990 THz )
      4     32.4271 cm^-1  (      0.9721 THz )
      5     32.6449 cm^-1  (      0.9787 THz )
      6     35.0717 cm^-1  (      1.0514 THz )
      7     38.9290 cm^-1  (      1.1671 THz )
      8     42.9427 cm^-1  (      1.2874 THz )
      9     46.4089 cm^-1  (      1.3913 THz )
     10     53.0498 cm^-1  (      1.5904 THz )
     11     76.2646 cm^-1  (      2.2864 THz )
     12     88.8585 cm^-1  (      2.6639 THz )
     13    103.0536 cm^-1  (      3.0895 THz )
     14    108.4635 cm^-1  (      3.2517 THz )
     15    149.1868 cm^-1  (      4.4725 THz )

 # Irred. k point   42 : (  0.0833,  0.2500,  0.4167)
   Mode, Frequency 
      1     20.0120 cm^-1  (      0.5999 THz )
      2     26.8442 cm^-1  (      0.8048 THz )
      3     30.0121 cm^-1  (      0.8997 THz )
      4     31.5595 cm^-1  (      0.9461 THz )
      5     34.4085 cm^-1  (      1.0315 THz )
      6     35.8996 cm^-1  (      1.0762 THz )
      7     39.0155 cm^-1  (      1.1697 THz )
      8     45.2829 cm^-1  (      1.3575 THz )
      9     47.5433 cm^-1  (      1.4253 THz )
     10     55.6344 cm^-1  (      1.6679 THz )
     11     77.0808 cm^-1  (      2.3108 THz )
     12     89.8790 cm^-1  (      2.6945 THz )
     13    108.6572 cm^-1  (      3.2575 THz )
     14    117.9127 cm^-1  (      3.5349 THz )
     15    151.3855 cm^-1  (      4.5384 THz )

 # Irred. k point   43 : (  0.0833,  0.2500, -0.5000)
   Mode, Frequency 
      1     19.9160 cm^-1  (      0.5971 THz )
      2     27.2708 cm^-1  (      0.8176 THz )
      3     30.4936 cm^-1  (      0.9142 THz )
      4     30.6845 cm^-1  (      0.9199 THz )
      5     35.3500 cm^-1  (      1.0598 THz )
      6     35.9870 cm^-1  (      1.0789 THz )
      7     39.0343 cm^-1  (      1.1702 THz )
      8     46.1699 cm^-1  (      1.3841 THz )
      9     47.9029 cm^-1  (      1.4361 THz )
     10     56.5356 cm^-1  (      1.6949 THz )
     11     77.3797 cm^-1  (      2.3198 THz )
     12     90.2320 cm^-1  (      2.7051 THz )
     13    110.0186 cm^-1  (      3.2983 THz )
     14    121.6110 cm^-1  (      3.6458 THz )
     15    152.3023 cm^-1  (      4.5659 THz )

 # Irred. k point   44 : (  0.0833,  0.3333,  0.3333)
   Mode, Frequency 
      1     17.1789 cm^-1  (      0.5150 THz )
      2     26.6556 cm^-1  (      0.7991 THz )
      3     31.6859 cm^-1  (      0.9499 THz )
      4     31.7019 cm^-1  (      0.9504 THz )
      5     33.5828 cm^-1  (      1.0068 THz )
      6     33.7440 cm^-1  (      1.0116 THz )
      7     41.6718 cm^-1  (      1.2493 THz )
      8     43.1305 cm^-1  (      1.2930 THz )
      9     47.3566 cm^-1  (      1.4197 THz )
     10     56.6355 cm^-1  (      1.6979 THz )
     11     77.2489 cm^-1  (      2.3159 THz )
     12    105.3836 cm^-1  (      3.1593 THz )
     13    106.0005 cm^-1  (      3.1778 THz )
     14    118.2376 cm^-1  (      3.5447 THz )
     15    150.0954 cm^-1  (      4.4997 THz )

 # Irred. k point   45 : (  0.0833,  0.3333,  0.4167)
   Mode, Frequency 
      1     14.8605 cm^-1  (      0.4455 THz )
      2     27.3464 cm^-1  (      0.8198 THz )
      3     31.0422 cm^-1  (      0.9306 THz )
      4     32.5738 cm^-1  (      0.9765 THz )
      5     33.2370 cm^-1  (      0.9964 THz )
      6     34.4312 cm^-1  (      1.0322 THz )
      7     42.0237 cm^-1  (      1.2598 THz )
      8     44.8323 cm^-1  (      1.3440 THz )
      9     47.9605 cm^-1  (      1.4378 THz )
     10     58.9404 cm^-1  (      1.7670 THz )
     11     77.9570 cm^-1  (      2.3371 THz )
     12    106.4742 cm^-1  (      3.1920 THz )
     13    116.8661 cm^-1  (      3.5036 THz )
     14    123.8836 cm^-1  (      3.7139 THz )
     15    152.0774 cm^-1  (      4.5592 THz )

 # Irred. k point   46 : (  0.0833,  0.3333, -0.5000)
   Mode, Frequency 
      1     14.0019 cm^-1  (      0.4198 THz )
      2     27.5703 cm^-1  (      0.8265 THz )
      3     30.8322 cm^-1  (      0.9243 THz )
      4     32.1743 cm^-1  (      0.9646 THz )
      5     33.8325 cm^-1  (      1.0143 THz )
      6     34.6743 cm^-1  (      1.0395 THz )
      7     41.9735 cm^-1  (      1.2583 THz )
      8     45.6540 cm^-1  (      1.3687 THz )
      9     48.1245 cm^-1  (      1.4427 THz )
     10     59.7347 cm^-1  (      1.7908 THz )
     11     78.2149 cm^-1  (      2.3448 THz )
     12    106.7273 cm^-1  (      3.1996 THz )
     13    121.4325 cm^-1  (      3.6405 THz )
     14    124.7830 cm^-1  (      3.7409 THz )
     15    153.1395 cm^-1  (      4.5910 THz )

 # Irred. k point   47 : (  0.0833,  0.4167,  0.4167)
   Mode, Frequency 
      1     10.2567 cm^-1  (      0.3075 THz )
      2     27.6831 cm^-1  (      0.8299 THz )
      3     31.6743 cm^-1  (      0.9496 THz )
      4     31.7806 cm^-1  (      0.9528 THz )
      5     33.7140 cm^-1  (      1.0107 THz )
      6     33.7694 cm^-1  (      1.0124 THz )
      7     44.0727 cm^-1  (      1.3213 THz )
      8     44.6558 cm^-1  (      1.3387 THz )
      9     48.1492 cm^-1  (      1.4435 THz )
     10     61.0384 cm^-1  (      1.8299 THz )
     11     78.5841 cm^-1  (      2.3559 THz )
     12    117.3536 cm^-1  (      3.5182 THz )
     13    117.5090 cm^-1  (      3.5228 THz )
     14    131.4396 cm^-1  (      3.9405 THz )
     15    153.4924 cm^-1  (      4.6016 THz )

 # Irred. k point   48 : (  0.0833,  0.4167, -0.5000)
   Mode, Frequency 
      1      8.1106 cm^-1  (      0.2432 THz )
      2     27.8000 cm^-1  (      0.8334 THz )
      3     31.1492 cm^-1  (      0.9338 THz )
      4     31.9590 cm^-1  (      0.9581 THz )
      5     33.5327 cm^-1  (      1.0053 THz )
      6     34.1728 cm^-1  (      1.0245 THz )
      7     44.2097 cm^-1  (      1.3254 THz )
      8     45.2503 cm^-1  (      1.3566 THz )
      9     48.1425 cm^-1  (      1.4433 THz )
     10     61.7560 cm^-1  (      1.8514 THz )
     11     78.8119 cm^-1  (      2.3627 THz )
     12    117.5659 cm^-1  (      3.5245 THz )
     13    121.4472 cm^-1  (      3.6409 THz )
     14    133.5102 cm^-1  (      4.0025 THz )
     15    154.3717 cm^-1  (      4.6279 THz )

 # Irred. k point   49 : (  0.0833, -0.5000, -0.5000)
   Mode, Frequency 
      1      4.5968 cm^-1  (      0.1378 THz )
      2     27.8858 cm^-1  (      0.8360 THz )
      3     31.2882 cm^-1  (      0.9380 THz )
      4     31.2882 cm^-1  (      0.9380 THz )
      5     33.9879 cm^-1  (      1.0189 THz )
      6     33.9879 cm^-1  (      1.0189 THz )
      7     45.0994 cm^-1  (      1.3520 THz )
      8     45.0994 cm^-1  (      1.3520 THz )
      9     48.0538 cm^-1  (      1.4406 THz )
     10     62.4456 cm^-1  (      1.8721 THz )
     11     79.0287 cm^-1  (      2.3692 THz )
     12    121.4814 cm^-1  (      3.6419 THz )
     13    121.4814 cm^-1  (      3.6419 THz )
     14    136.0184 cm^-1  (      4.0777 THz )
     15    155.1276 cm^-1  (      4.6506 THz )

 # Irred. k point   50 : (  0.1667,  0.1667,  0.1667)
   Mode, Frequency 
      1     20.1165 cm^-1  (      0.6031 THz )
      2     20.1165 cm^-1  (      0.6031 THz )
      3     27.0980 cm^-1  (      0.8124 THz )
      4     29.9917 cm^-1  (      0.8991 THz )
      5     32.3494 cm^-1  (      0.9698 THz )
      6     32.3494 cm^-1  (      0.9698 THz )
      7     37.8994 cm^-1  (      1.1362 THz )
      8     40.3188 cm^-1  (      1.2087 THz )
      9     40.3188 cm^-1  (      1.2087 THz )
     10     61.7030 cm^-1  (      1.8498 THz )
     11     66.3568 cm^-1  (      1.9893 THz )
     12     66.3568 cm^-1  (      1.9893 THz )
     13     82.2953 cm^-1  (      2.4672 THz )
     14     82.2953 cm^-1  (      2.4672 THz )
     15    145.1101 cm^-1  (      4.3503 THz )

 # Irred. k point   51 : (  0.1667,  0.1667,  0.2500)
   Mode, Frequency 
      1     21.4807 cm^-1  (      0.6440 THz )
      2     22.4957 cm^-1  (      0.6744 THz )
      3     26.7417 cm^-1  (      0.8017 THz )
      4     30.3602 cm^-1  (      0.9102 THz )
      5     32.0924 cm^-1  (      0.9621 THz )
      6     33.8349 cm^-1  (      1.0143 THz )
      7     39.4997 cm^-1  (      1.1842 THz )
      8     44.2723 cm^-1  (      1.3273 THz )
      9     44.3297 cm^-1  (      1.3290 THz )
     10     65.1612 cm^-1  (      1.9535 THz )
     11     67.4778 cm^-1  (      2.0229 THz )
     12     83.9175 cm^-1  (      2.5158 THz )
     13     86.9803 cm^-1  (      2.6076 THz )
     14     90.7632 cm^-1  (      2.7210 THz )
     15    146.1235 cm^-1  (      4.3807 THz )

 # Irred. k point   52 : (  0.1667,  0.1667,  0.3333)
   Mode, Frequency 
      1     22.7888 cm^-1  (      0.6832 THz )
      2     24.6299 cm^-1  (      0.7384 THz )
      3     27.0422 cm^-1  (      0.8107 THz )
      4     30.9270 cm^-1  (      0.9272 THz )
      5     31.6990 cm^-1  (      0.9503 THz )
      6     35.3787 cm^-1  (      1.0606 THz )
      7     39.8112 cm^-1  (      1.1935 THz )
      8     47.6525 cm^-1  (      1.4286 THz )
      9     48.7559 cm^-1  (      1.4617 THz )
     10     67.3388 cm^-1  (      2.0188 THz )
     11     68.5770 cm^-1  (      2.0559 THz )
     12     85.5581 cm^-1  (      2.5650 THz )
     13     94.0700 cm^-1  (      2.8201 THz )
     14    105.9899 cm^-1  (      3.1775 THz )
     15    148.7951 cm^-1  (      4.4608 THz )

 # Irred. k point   53 : (  0.1667,  0.1667,  0.4167)
   Mode, Frequency 
      1     23.7563 cm^-1  (      0.7122 THz )
      2     25.6577 cm^-1  (      0.7692 THz )
      3     27.4859 cm^-1  (      0.8240 THz )
      4     31.2932 cm^-1  (      0.9381 THz )
      5     31.8833 cm^-1  (      0.9558 THz )
      6     36.4144 cm^-1  (      1.0917 THz )
      7     39.9740 cm^-1  (      1.1984 THz )
      8     49.8367 cm^-1  (      1.4941 THz )
      9     51.7873 cm^-1  (      1.5525 THz )
     10     68.7997 cm^-1  (      2.0626 THz )
     11     69.3657 cm^-1  (      2.0795 THz )
     12     86.7678 cm^-1  (      2.6012 THz )
     13     96.2683 cm^-1  (      2.8861 THz )
     14    117.6047 cm^-1  (      3.5257 THz )
     15    151.1357 cm^-1  (      4.5309 THz )

 # Irred. k point   54 : (  0.1667,  0.1667, -0.5000)
   Mode, Frequency 
      1     24.1207 cm^-1  (      0.7231 THz )
      2     25.9002 cm^-1  (      0.7765 THz )
      3     27.6851 cm^-1  (      0.8300 THz )
      4     31.1096 cm^-1  (      0.9326 THz )
      5     32.3686 cm^-1  (      0.9704 THz )
      6     36.7633 cm^-1  (      1.1021 THz )
      7     40.0328 cm^-1  (      1.2002 THz )
      8     50.5977 cm^-1  (      1.5169 THz )
      9     52.8502 cm^-1  (      1.5844 THz )
     10     69.3108 cm^-1  (      2.0779 THz )
     11     69.6508 cm^-1  (      2.0881 THz )
     12     87.2121 cm^-1  (      2.6146 THz )
     13     96.9044 cm^-1  (      2.9051 THz )
     14    121.7110 cm^-1  (      3.6488 THz )
     15    151.9813 cm^-1  (      4.5563 THz )

 # Irred. k point   55 : (  0.1667,  0.2500,  0.2500)
   Mode, Frequency 
      1     21.6128 cm^-1  (      0.6479 THz )
      2     22.9098 cm^-1  (      0.6868 THz )
      3     26.1826 cm^-1  (      0.7849 THz )
      4     30.2349 cm^-1  (      0.9064 THz )
      5     32.6560 cm^-1  (      0.9790 THz )
      6     33.1451 cm^-1  (      0.9937 THz )
      7     43.5891 cm^-1  (      1.3068 THz )
      8     44.6316 cm^-1  (      1.3380 THz )
      9     48.8762 cm^-1  (      1.4653 THz )
     10     67.4636 cm^-1  (      2.0225 THz )
     11     86.5610 cm^-1  (      2.5950 THz )
     12     88.1894 cm^-1  (      2.6439 THz )
     13     89.5954 cm^-1  (      2.6860 THz )
     14     99.9398 cm^-1  (      2.9961 THz )
     15    146.2022 cm^-1  (      4.3830 THz )

 # Irred. k point   56 : (  0.1667,  0.2500,  0.3333)
   Mode, Frequency 
      1     20.6595 cm^-1  (      0.6194 THz )
      2     24.3611 cm^-1  (      0.7303 THz )
      3     26.7148 cm^-1  (      0.8009 THz )
      4     30.2364 cm^-1  (      0.9065 THz )
      5     31.9561 cm^-1  (      0.9580 THz )
      6     33.9664 cm^-1  (      1.0183 THz )
      7     43.9472 cm^-1  (      1.3175 THz )
      8     47.7983 cm^-1  (      1.4330 THz )
      9     52.6724 cm^-1  (      1.5791 THz )
     10     68.6780 cm^-1  (      2.0589 THz )
     11     88.8366 cm^-1  (      2.6633 THz )
     12     89.9569 cm^-1  (      2.6968 THz )
     13    103.8379 cm^-1  (      3.1130 THz )
     14    109.1094 cm^-1  (      3.2710 THz )
     15    148.4447 cm^-1  (      4.4503 THz )

 # Irred. k point   57 : (  0.1667,  0.2500,  0.4167)
   Mode, Frequency 
      1     20.0202 cm^-1  (      0.6002 THz )
      2     25.5668 cm^-1  (      0.7665 THz )
      3     27.0691 cm^-1  (      0.8115 THz )
      4     30.5531 cm^-1  (      0.9160 THz )
      5     31.2022 cm^-1  (      0.9354 THz )
      6     34.7581 cm^-1  (      1.0420 THz )
      7     43.8597 cm^-1  (      1.3149 THz )
      8     50.1157 cm^-1  (      1.5024 THz )
      9     55.1858 cm^-1  (      1.6544 THz )
     10     69.5125 cm^-1  (      2.0839 THz )
     11     89.8652 cm^-1  (      2.6941 THz )
     12     90.8286 cm^-1  (      2.7230 THz )
     13    109.6894 cm^-1  (      3.2884 THz )
     14    117.9491 cm^-1  (      3.5360 THz )
     15    151.2232 cm^-1  (      4.5336 THz )

 # Irred. k point   58 : (  0.1667,  0.2500, -0.5000)
   Mode, Frequency 
      1     19.8156 cm^-1  (      0.5941 THz )
      2     26.0342 cm^-1  (      0.7805 THz )
      3     27.1572 cm^-1  (      0.8142 THz )
      4     30.5934 cm^-1  (      0.9172 THz )
      5     31.0395 cm^-1  (      0.9305 THz )
      6     35.0518 cm^-1  (      1.0508 THz )
      7     43.8183 cm^-1  (      1.3136 THz )
      8     50.9168 cm^-1  (      1.5264 THz )
      9     56.0655 cm^-1  (      1.6808 THz )
     10     69.8084 cm^-1  (      2.0928 THz )
     11     90.2268 cm^-1  (      2.7049 THz )
     12     91.1355 cm^-1  (      2.7322 THz )
     13    111.0497 cm^-1  (      3.3292 THz )
     14    121.4441 cm^-1  (      3.6408 THz )
     15    152.4236 cm^-1  (      4.5695 THz )

 # Irred. k point   59 : (  0.1667,  0.3333,  0.3333)
   Mode, Frequency 
      1     17.3774 cm^-1  (      0.5210 THz )
      2     25.1193 cm^-1  (      0.7531 THz )
      3     27.3047 cm^-1  (      0.8186 THz )
      4     29.8389 cm^-1  (      0.8945 THz )
      5     32.4294 cm^-1  (      0.9722 THz )
      6     32.6339 cm^-1  (      0.9783 THz )
      7     47.1201 cm^-1  (      1.4126 THz )
      8     47.6596 cm^-1  (      1.4288 THz )
      9     56.1359 cm^-1  (      1.6829 THz )
     10     69.4254 cm^-1  (      2.0813 THz )
     11     90.8020 cm^-1  (      2.7222 THz )
     12    105.8732 cm^-1  (      3.1740 THz )
     13    106.3165 cm^-1  (      3.1873 THz )
     14    118.6373 cm^-1  (      3.5567 THz )
     15    149.7021 cm^-1  (      4.4880 THz )

 # Irred. k point   60 : (  0.1667,  0.3333,  0.4167)
   Mode, Frequency 
      1     14.8929 cm^-1  (      0.4465 THz )
      2     26.0585 cm^-1  (      0.7812 THz )
      3     27.4803 cm^-1  (      0.8238 THz )
      4     29.7974 cm^-1  (      0.8933 THz )
      5     31.4123 cm^-1  (      0.9417 THz )
      6     33.0429 cm^-1  (      0.9906 THz )
      7     47.0784 cm^-1  (      1.4114 THz )
      8     49.6182 cm^-1  (      1.4875 THz )
      9     58.3659 cm^-1  (      1.7498 THz )
     10     69.9542 cm^-1  (      2.0972 THz )
     11     91.6513 cm^-1  (      2.7476 THz )
     12    106.7628 cm^-1  (      3.2007 THz )
     13    117.0304 cm^-1  (      3.5085 THz )
     14    124.1251 cm^-1  (      3.7212 THz )
     15    152.0718 cm^-1  (      4.5590 THz )

 # Irred. k point   61 : (  0.1667,  0.3333, -0.5000)
   Mode, Frequency 
      1     13.9603 cm^-1  (      0.4185 THz )
      2     26.6328 cm^-1  (      0.7984 THz )
      3     27.2712 cm^-1  (      0.8176 THz )
      4     29.8748 cm^-1  (      0.8956 THz )
      5     30.9751 cm^-1  (      0.9286 THz )
      6     33.2434 cm^-1  (      0.9966 THz )
      7     46.9714 cm^-1  (      1.4082 THz )
      8     50.3796 cm^-1  (      1.5103 THz )
      9     59.1348 cm^-1  (      1.7728 THz )
     10     70.1441 cm^-1  (      2.1029 THz )
     11     91.9422 cm^-1  (      2.7564 THz )
     12    106.9789 cm^-1  (      3.2071 THz )
     13    121.3727 cm^-1  (      3.6387 THz )
     14    125.0836 cm^-1  (      3.7499 THz )
     15    153.3084 cm^-1  (      4.5961 THz )

 # Irred. k point   62 : (  0.1667,  0.4167,  0.4167)
   Mode, Frequency 
      1     10.2175 cm^-1  (      0.3063 THz )
      2     26.7357 cm^-1  (      0.8015 THz )
      3     27.7765 cm^-1  (      0.8327 THz )
      4     29.2338 cm^-1  (      0.8764 THz )
      5     31.7218 cm^-1  (      0.9510 THz )
      6     31.7373 cm^-1  (      0.9515 THz )
      7     49.1135 cm^-1  (      1.4724 THz )
      8     49.2722 cm^-1  (      1.4771 THz )
      9     60.3979 cm^-1  (      1.8107 THz )
     10     70.2720 cm^-1  (      2.1067 THz )
     11     92.3283 cm^-1  (      2.7679 THz )
     12    117.4616 cm^-1  (      3.5214 THz )
     13    117.6058 cm^-1  (      3.5257 THz )
     14    131.4959 cm^-1  (      3.9421 THz )
     15    153.7051 cm^-1  (      4.6080 THz )

 # Irred. k point   63 : (  0.1667,  0.4167, -0.5000)
   Mode, Frequency 
      1      8.0120 cm^-1  (      0.2402 THz )
      2     27.2807 cm^-1  (      0.8179 THz )
      3     27.5749 cm^-1  (      0.8267 THz )
      4     29.0744 cm^-1  (      0.8716 THz )
      5     31.2293 cm^-1  (      0.9362 THz )
      6     31.8708 cm^-1  (      0.9555 THz )
      7     49.0346 cm^-1  (      1.4700 THz )
      8     49.9251 cm^-1  (      1.4967 THz )
      9     61.0936 cm^-1  (      1.8315 THz )
     10     70.3868 cm^-1  (      2.1101 THz )
     11     92.5569 cm^-1  (      2.7748 THz )
     12    117.6592 cm^-1  (      3.5273 THz )
     13    121.4351 cm^-1  (      3.6405 THz )
     14    133.5283 cm^-1  (      4.0031 THz )
     15    154.6867 cm^-1  (      4.6374 THz )

 # Irred. k point   64 : (  0.1667, -0.5000, -0.5000)
   Mode, Frequency 
      1      4.3797 cm^-1  (      0.1313 THz )
      2     27.7160 cm^-1  (      0.8309 THz )
      3     27.7160 cm^-1  (      0.8309 THz )
      4     28.5728 cm^-1  (      0.8566 THz )
      5     31.3558 cm^-1  (      0.9400 THz )
      6     31.3558 cm^-1  (      0.9400 THz )
      7     49.7525 cm^-1  (      1.4915 THz )
      8     49.7525 cm^-1  (      1.4915 THz )
      9     61.7628 cm^-1  (      1.8516 THz )
     10     70.4745 cm^-1  (      2.1128 THz )
     11     92.7635 cm^-1  (      2.7810 THz )
     12    121.4809 cm^-1  (      3.6419 THz )
     13    121.4809 cm^-1  (      3.6419 THz )
     14    135.9694 cm^-1  (      4.0763 THz )
     15    155.5205 cm^-1  (      4.6624 THz )

 # Irred. k point   65 : (  0.2500,  0.2500,  0.2500)
   Mode, Frequency 
      1     22.2550 cm^-1  (      0.6672 THz )
      2     22.2550 cm^-1  (      0.6672 THz )
      3     23.2341 cm^-1  (      0.6965 THz )
      4     30.2002 cm^-1  (      0.9054 THz )
      5     32.4775 cm^-1  (      0.9737 THz )
      6     32.4775 cm^-1  (      0.9737 THz )
      7     48.4828 cm^-1  (      1.4535 THz )
      8     48.5825 cm^-1  (      1.4565 THz )
      9     48.5825 cm^-1  (      1.4565 THz )
     10     86.8852 cm^-1  (      2.6048 THz )
     11     90.1547 cm^-1  (      2.7028 THz )
     12     90.1547 cm^-1  (      2.7028 THz )
     13    101.2958 cm^-1  (      3.0368 THz )
     14    101.2958 cm^-1  (      3.0368 THz )
     15    146.1970 cm^-1  (      4.3829 THz )

 # Irred. k point   66 : (  0.2500,  0.2500,  0.3333)
   Mode, Frequency 
      1     20.4916 cm^-1  (      0.6143 THz )
      2     22.2737 cm^-1  (      0.6677 THz )
      3     23.4968 cm^-1  (      0.7044 THz )
      4     29.9406 cm^-1  (      0.8976 THz )
      5     31.7491 cm^-1  (      0.9518 THz )
      6     32.9647 cm^-1  (      0.9883 THz )
      7     48.1977 cm^-1  (      1.4449 THz )
      8     51.7022 cm^-1  (      1.5500 THz )
      9     52.4736 cm^-1  (      1.5731 THz )
     10     89.1296 cm^-1  (      2.6720 THz )
     11     90.7340 cm^-1  (      2.7201 THz )
     12    102.6503 cm^-1  (      3.0774 THz )
     13    105.0973 cm^-1  (      3.1507 THz )
     14    111.4517 cm^-1  (      3.3412 THz )
     15    148.3483 cm^-1  (      4.4474 THz )

 # Irred. k point   67 : (  0.2500,  0.2500,  0.4167)
   Mode, Frequency 
      1     19.0588 cm^-1  (      0.5714 THz )
      2     22.5410 cm^-1  (      0.6758 THz )
      3     24.1597 cm^-1  (      0.7243 THz )
      4     29.6415 cm^-1  (      0.8886 THz )
      5     31.1278 cm^-1  (      0.9332 THz )
      6     33.5613 cm^-1  (      1.0061 THz )
      7     47.9241 cm^-1  (      1.4367 THz )
      8     53.6976 cm^-1  (      1.6098 THz )
      9     55.0320 cm^-1  (      1.6498 THz )
     10     90.0379 cm^-1  (      2.6993 THz )
     11     91.1708 cm^-1  (      2.7332 THz )
     12    103.6399 cm^-1  (      3.1070 THz )
     13    113.2391 cm^-1  (      3.3948 THz )
     14    118.4344 cm^-1  (      3.5506 THz )
     15    151.4183 cm^-1  (      4.5394 THz )

 # Irred. k point   68 : (  0.2500,  0.2500, -0.5000)
   Mode, Frequency 
      1     18.5744 cm^-1  (      0.5568 THz )
      2     22.6713 cm^-1  (      0.6797 THz )
      3     24.4251 cm^-1  (      0.7322 THz )
      4     29.5256 cm^-1  (      0.8852 THz )
      5     30.8728 cm^-1  (      0.9255 THz )
      6     33.8079 cm^-1  (      1.0135 THz )
      7     47.8204 cm^-1  (      1.4336 THz )
      8     54.3839 cm^-1  (      1.6304 THz )
      9     55.9163 cm^-1  (      1.6763 THz )
     10     90.3511 cm^-1  (      2.7087 THz )
     11     91.3334 cm^-1  (      2.7381 THz )
     12    104.0016 cm^-1  (      3.1179 THz )
     13    115.2061 cm^-1  (      3.4538 THz )
     14    121.3391 cm^-1  (      3.6377 THz )
     15    152.8364 cm^-1  (      4.5819 THz )

 # Irred. k point   69 : (  0.2500,  0.3333,  0.3333)
   Mode, Frequency 
      1     17.5747 cm^-1  (      0.5269 THz )
      2     21.8137 cm^-1  (      0.6540 THz )
      3     22.3897 cm^-1  (      0.6712 THz )
      4     29.8326 cm^-1  (      0.8944 THz )
      5     31.8532 cm^-1  (      0.9549 THz )
      6     32.1276 cm^-1  (      0.9632 THz )
      7     51.4829 cm^-1  (      1.5434 THz )
      8     51.5201 cm^-1  (      1.5445 THz )
      9     55.4524 cm^-1  (      1.6624 THz )
     10     90.5559 cm^-1  (      2.7148 THz )
     11    105.0169 cm^-1  (      3.1483 THz )
     12    106.7581 cm^-1  (      3.2005 THz )
     13    108.0451 cm^-1  (      3.2391 THz )
     14    119.2061 cm^-1  (      3.5737 THz )
     15    149.8121 cm^-1  (      4.4913 THz )

 # Irred. k point   70 : (  0.2500,  0.3333,  0.4167)
   Mode, Frequency 
      1     14.8437 cm^-1  (      0.4450 THz )
      2     21.5220 cm^-1  (      0.6452 THz )
      3     22.4647 cm^-1  (      0.6735 THz )
      4     29.5941 cm^-1  (      0.8872 THz )
      5     31.2693 cm^-1  (      0.9374 THz )
      6     32.4078 cm^-1  (      0.9716 THz )
      7     51.0907 cm^-1  (      1.5317 THz )
      8     53.5922 cm^-1  (      1.6067 THz )
      9     57.5795 cm^-1  (      1.7262 THz )
     10     91.0335 cm^-1  (      2.7291 THz )
     11    106.3488 cm^-1  (      3.1883 THz )
     12    108.5426 cm^-1  (      3.2540 THz )
     13    117.2896 cm^-1  (      3.5163 THz )
     14    124.6500 cm^-1  (      3.7369 THz )
     15    152.4283 cm^-1  (      4.5697 THz )

 # Irred. k point   71 : (  0.2500,  0.3333, -0.5000)
   Mode, Frequency 
      1     13.7884 cm^-1  (      0.4134 THz )
      2     21.4226 cm^-1  (      0.6422 THz )
      3     22.5635 cm^-1  (      0.6764 THz )
      4     29.4750 cm^-1  (      0.8836 THz )
      5     31.0063 cm^-1  (      0.9295 THz )
      6     32.5897 cm^-1  (      0.9770 THz )
      7     50.9348 cm^-1  (      1.5270 THz )
      8     54.3069 cm^-1  (      1.6281 THz )
      9     58.3151 cm^-1  (      1.7482 THz )
     10     91.2035 cm^-1  (      2.7342 THz )
     11    106.6345 cm^-1  (      3.1968 THz )
     12    108.7974 cm^-1  (      3.2617 THz )
     13    121.3678 cm^-1  (      3.6385 THz )
     14    125.7499 cm^-1  (      3.7699 THz )
     15    153.7921 cm^-1  (      4.6106 THz )

 # Irred. k point   72 : (  0.2500,  0.4167,  0.4167)
   Mode, Frequency 
      1     10.1489 cm^-1  (      0.3043 THz )
      2     21.3873 cm^-1  (      0.6412 THz )
      3     21.6390 cm^-1  (      0.6487 THz )
      4     29.5315 cm^-1  (      0.8853 THz )
      5     31.5068 cm^-1  (      0.9446 THz )
      6     31.5756 cm^-1  (      0.9466 THz )
      7     53.1009 cm^-1  (      1.5919 THz )
      8     53.1144 cm^-1  (      1.5923 THz )
      9     59.5118 cm^-1  (      1.7841 THz )
     10     91.3615 cm^-1  (      2.7390 THz )
     11    108.7874 cm^-1  (      3.2614 THz )
     12    117.6405 cm^-1  (      3.5268 THz )
     13    117.8175 cm^-1  (      3.5321 THz )
     14    131.5810 cm^-1  (      3.9447 THz )
     15    154.2593 cm^-1  (      4.6246 THz )

 # Irred. k point   73 : (  0.2500,  0.4167, -0.5000)
   Mode, Frequency 
      1      7.8647 cm^-1  (      0.2358 THz )
      2     21.2336 cm^-1  (      0.6366 THz )
      3     21.5268 cm^-1  (      0.6454 THz )
      4     29.4838 cm^-1  (      0.8839 THz )
      5     31.2204 cm^-1  (      0.9360 THz )
      6     31.6729 cm^-1  (      0.9495 THz )
      7     52.9196 cm^-1  (      1.5865 THz )
      8     53.8002 cm^-1  (      1.6129 THz )
      9     60.1775 cm^-1  (      1.8041 THz )
     10     91.4797 cm^-1  (      2.7425 THz )
     11    109.1087 cm^-1  (      3.2710 THz )
     12    117.8392 cm^-1  (      3.5327 THz )
     13    121.4686 cm^-1  (      3.6415 THz )
     14    133.5665 cm^-1  (      4.0042 THz )
     15    155.3255 cm^-1  (      4.6565 THz )

 # Irred. k point   74 : (  0.2500, -0.5000, -0.5000)
   Mode, Frequency 
      1      4.0645 cm^-1  (      0.1219 THz )
      2     21.1997 cm^-1  (      0.6356 THz )
      3     21.1997 cm^-1  (      0.6356 THz )
      4     29.4710 cm^-1  (      0.8835 THz )
      5     31.3289 cm^-1  (      0.9392 THz )
      6     31.3289 cm^-1  (      0.9392 THz )
      7     53.6017 cm^-1  (      1.6069 THz )
      8     53.6017 cm^-1  (      1.6069 THz )
      9     60.8191 cm^-1  (      1.8233 THz )
     10     91.5794 cm^-1  (      2.7455 THz )
     11    109.4024 cm^-1  (      3.2798 THz )
     12    121.5216 cm^-1  (      3.6431 THz )
     13    121.5216 cm^-1  (      3.6431 THz )
     14    135.9025 cm^-1  (      4.0743 THz )
     15    156.2322 cm^-1  (      4.6837 THz )

 # Irred. k point   75 : (  0.3333,  0.3333,  0.3333)
   Mode, Frequency 
      1     16.8868 cm^-1  (      0.5063 THz )
      2     18.8012 cm^-1  (      0.5636 THz )
      3     18.8012 cm^-1  (      0.5636 THz )
      4     30.1233 cm^-1  (      0.9031 THz )
      5     31.6151 cm^-1  (      0.9478 THz )
      6     31.6151 cm^-1  (      0.9478 THz )
      7     54.4749 cm^-1  (      1.6331 THz )
      8     54.4749 cm^-1  (      1.6331 THz )
      9     55.1201 cm^-1  (      1.6525 THz )
     10    106.3455 cm^-1  (      3.1882 THz )
     11    107.2121 cm^-1  (      3.2141 THz )
     12    107.2121 cm^-1  (      3.2141 THz )
     13    119.7990 cm^-1  (      3.5915 THz )
     14    119.7990 cm^-1  (      3.5915 THz )
     15    151.1543 cm^-1  (      4.5315 THz )

 # Irred. k point   76 : (  0.3333,  0.3333,  0.4167)
   Mode, Frequency 
      1     13.9669 cm^-1  (      0.4187 THz )
      2     16.7922 cm^-1  (      0.5034 THz )
      3     18.4675 cm^-1  (      0.5536 THz )
      4     30.0560 cm^-1  (      0.9011 THz )
      5     31.2056 cm^-1  (      0.9355 THz )
      6     31.8019 cm^-1  (      0.9534 THz )
      7     54.1411 cm^-1  (      1.6231 THz )
      8     56.3315 cm^-1  (      1.6888 THz )
      9     57.0549 cm^-1  (      1.7105 THz )
     10    107.0934 cm^-1  (      3.2106 THz )
     11    107.5530 cm^-1  (      3.2244 THz )
     12    117.5283 cm^-1  (      3.5234 THz )
     13    120.2470 cm^-1  (      3.6049 THz )
     14    126.5493 cm^-1  (      3.7939 THz )
     15    153.5464 cm^-1  (      4.6032 THz )

 # Irred. k point   77 : (  0.3333,  0.3333, -0.5000)
   Mode, Frequency 
      1     12.6492 cm^-1  (      0.3792 THz )
      2     16.0867 cm^-1  (      0.4823 THz )
      3     18.4963 cm^-1  (      0.5545 THz )
      4     29.9642 cm^-1  (      0.8983 THz )
      5     31.0472 cm^-1  (      0.9308 THz )
      6     31.9423 cm^-1  (      0.9576 THz )
      7     53.9501 cm^-1  (      1.6174 THz )
      8     56.9647 cm^-1  (      1.7078 THz )
      9     57.7788 cm^-1  (      1.7322 THz )
     10    107.2535 cm^-1  (      3.2154 THz )
     11    107.6796 cm^-1  (      3.2282 THz )
     12    120.4138 cm^-1  (      3.6099 THz )
     13    121.4480 cm^-1  (      3.6409 THz )
     14    128.1625 cm^-1  (      3.8422 THz )
     15    154.8432 cm^-1  (      4.6421 THz )

 # Irred. k point   78 : (  0.3333,  0.4167,  0.4167)
   Mode, Frequency 
      1     10.0269 cm^-1  (      0.3006 THz )
      2     15.5959 cm^-1  (      0.4676 THz )
      3     15.7533 cm^-1  (      0.4723 THz )
      4     30.2580 cm^-1  (      0.9071 THz )
      5     31.2985 cm^-1  (      0.9383 THz )
      6     31.3790 cm^-1  (      0.9407 THz )
      7     56.0099 cm^-1  (      1.6791 THz )
      8     56.1053 cm^-1  (      1.6820 THz )
      9     58.6148 cm^-1  (      1.7572 THz )
     10    107.6197 cm^-1  (      3.2264 THz )
     11    117.7185 cm^-1  (      3.5291 THz )
     12    117.8553 cm^-1  (      3.5332 THz )
     13    123.3137 cm^-1  (      3.6969 THz )
     14    131.6753 cm^-1  (      3.9475 THz )
     15    155.3968 cm^-1  (      4.6587 THz )

 # Irred. k point   79 : (  0.3333,  0.4167, -0.5000)
   Mode, Frequency 
      1      7.6790 cm^-1  (      0.2302 THz )
      2     14.6409 cm^-1  (      0.4389 THz )
      3     15.5831 cm^-1  (      0.4672 THz )
      4     30.2653 cm^-1  (      0.9073 THz )
      5     31.1691 cm^-1  (      0.9344 THz )
      6     31.4478 cm^-1  (      0.9428 THz )
      7     55.8441 cm^-1  (      1.6742 THz )
      8     56.7097 cm^-1  (      1.7001 THz )
      9     59.2495 cm^-1  (      1.7763 THz )
     10    107.7256 cm^-1  (      3.2295 THz )
     11    117.8796 cm^-1  (      3.5339 THz )
     12    121.5585 cm^-1  (      3.6442 THz )
     13    123.6105 cm^-1  (      3.7057 THz )
     14    133.6628 cm^-1  (      4.0071 THz )
     15    156.4472 cm^-1  (      4.6902 THz )

 # Irred. k point   80 : (  0.3333, -0.5000, -0.5000)
   Mode, Frequency 
      1      3.7227 cm^-1  (      0.1116 THz )
      2     14.4897 cm^-1  (      0.4344 THz )
      3     14.4897 cm^-1  (      0.4344 THz )
      4     30.3270 cm^-1  (      0.9092 THz )
      5     31.2608 cm^-1  (      0.9372 THz )
      6     31.2608 cm^-1  (      0.9372 THz )
      7     56.4903 cm^-1  (      1.6935 THz )
      8     56.4903 cm^-1  (      1.6935 THz )
      9     59.8623 cm^-1  (      1.7946 THz )
     10    107.8185 cm^-1  (      3.2323 THz )
     11    121.6095 cm^-1  (      3.6458 THz )
     12    121.6095 cm^-1  (      3.6458 THz )
     13    123.9600 cm^-1  (      3.7162 THz )
     14    135.8356 cm^-1  (      4.0722 THz )
     15    157.3634 cm^-1  (      4.7176 THz )

 # Irred. k point   81 : (  0.4167,  0.4167,  0.4167)
   Mode, Frequency 
      1      9.1753 cm^-1  (      0.2751 THz )
      2     10.9121 cm^-1  (      0.3271 THz )
      3     10.9121 cm^-1  (      0.3271 THz )
      4     30.7277 cm^-1  (      0.9212 THz )
      5     31.2024 cm^-1  (      0.9354 THz )
      6     31.2024 cm^-1  (      0.9354 THz )
      7     57.8122 cm^-1  (      1.7332 THz )
      8     57.8122 cm^-1  (      1.7332 THz )
      9     58.1152 cm^-1  (      1.7423 THz )
     10    117.9482 cm^-1  (      3.5360 THz )
     11    118.0349 cm^-1  (      3.5386 THz )
     12    118.0349 cm^-1  (      3.5386 THz )
     13    131.7499 cm^-1  (      3.9498 THz )
     14    131.7499 cm^-1  (      3.9498 THz )
     15    157.0556 cm^-1  (      4.7084 THz )

 # Irred. k point   82 : (  0.4167,  0.4167, -0.5000)
   Mode, Frequency 
      1      6.9640 cm^-1  (      0.2088 THz )
      2      8.6930 cm^-1  (      0.2606 THz )
      3     10.3555 cm^-1  (      0.3105 THz )
      4     30.8044 cm^-1  (      0.9235 THz )
      5     31.1310 cm^-1  (      0.9333 THz )
      6     31.2565 cm^-1  (      0.9370 THz )
      7     57.6650 cm^-1  (      1.7288 THz )
      8     58.4242 cm^-1  (      1.7515 THz )
      9     58.6535 cm^-1  (      1.7584 THz )
     10    118.0497 cm^-1  (      3.5390 THz )
     11    118.1052 cm^-1  (      3.5407 THz )
     12    121.6591 cm^-1  (      3.6472 THz )
     13    131.7783 cm^-1  (      3.9506 THz )
     14    134.2818 cm^-1  (      4.0257 THz )
     15    157.9781 cm^-1  (      4.7361 THz )

 # Irred. k point   83 : (  0.4167, -0.5000, -0.5000)
   Mode, Frequency 
      1      3.4510 cm^-1  (      0.1035 THz )
      2      7.8420 cm^-1  (      0.2351 THz )
      3      7.8420 cm^-1  (      0.2351 THz )
      4     30.9291 cm^-1  (      0.9272 THz )
      5     31.1805 cm^-1  (      0.9348 THz )
      6     31.1805 cm^-1  (      0.9348 THz )
      7     58.2835 cm^-1  (      1.7473 THz )
      8     58.2835 cm^-1  (      1.7473 THz )
      9     59.1531 cm^-1  (      1.7734 THz )
     10    118.1414 cm^-1  (      3.5418 THz )
     11    121.7031 cm^-1  (      3.6486 THz )
     12    121.7031 cm^-1  (      3.6486 THz )
     13    132.9672 cm^-1  (      3.9863 THz )
     14    135.7866 cm^-1  (      4.0708 THz )
     15    158.8197 cm^-1  (      4.7613 THz )

 # Irred. k point   84 : ( -0.5000, -0.5000, -0.5000)
   Mode, Frequency 
      1      3.3461 cm^-1  (      0.1003 THz )
      2      3.3461 cm^-1  (      0.1003 THz )
      3      3.3461 cm^-1  (      0.1003 THz )
      4     31.1446 cm^-1  (      0.9337 THz )
      5     31.1446 cm^-1  (      0.9337 THz )
      6     31.1446 cm^-1  (      0.9337 THz )
      7     58.8916 cm^-1  (      1.7655 THz )
      8     58.8916 cm^-1  (      1.7655 THz )
      9     58.8916 cm^-1  (      1.7655 THz )
     10    121.7435 cm^-1  (      3.6498 THz )
     11    121.7435 cm^-1  (      3.6498 THz )
     12    121.7435 cm^-1  (      3.6498 THz )
     13    135.7686 cm^-1  (      4.0702 THz )
     14    135.7686 cm^-1  (      4.0702 THz )
     15    159.6061 cm^-1  (      4.7849 THz )


 -----------------------------------------------------------------

 ANIME-tag is given: Making animation files for the given
                     k point ( 0.0000, 0.0000, 0.0000).
 ANIME_CELLSIZE =   2  2  2
 ANIME_FORMAT = XSF

 -----------------------------------------------------------------

 The following files are created: 
  pc_dos.phvel_all   : Phonon velocity at all k points
  pc_dos.dos         : Phonon DOS and atom projected DOS
  pc_dos.tdos        : Two-phonon DOS
  pc_dos.sps_Bose    : Three-phonon scattering phase space 
                       with the Bose distribution function
  pc_dos.thermo      : Thermodynamic quantities
  pc_dos.msd         : Mean-square-displacement (MSD)
  pc_dos.gru_all     : Gruneisen parameters at all k points
  pc_dos.anime*.axsf : AXSF files for animate phonon modes

 Job finished at Thu Nov 12 17:16:38 2020

