 +-----------------------------------------------------------------+
 +                         Program ANPHON                          +
 +                             Ver.  1.1.0                         +
 +-----------------------------------------------------------------+

 Job started at Tue Oct 27 15:41:41 2020

 The number of MPI processes: 1
 The number of OpenMP threads: 24


 Input variables:
 -----------------------------------------------------------------
 General:
  PREFIX = pc_scfph
  MODE = SCPH
  FCSXML = uc.xml
  FC2XML = uc_2nd.xml

  NKD = 3; KD =   Br  Ca  Cs
  MASS =     79.904    40.078    132.91
  NSYM = 0; TOLERANCE = 1e-06; PRINTSYM = 0

  NONANALYTIC = 2
  BORNINFO = BORN; NA_SIGMA = 0.1

  TMIN = 100; TMAX = 700; DT = 50
  EMIN = 0; EMAX = 1200; DELTA_E = 2

  ISMEAR = -1; EPSILON = 10

  CLASSICAL = 0
  BCONNECT = 2

 Scph:
  KMESH_INTERPOLATE =     2    2    2
  KMESH_SCPH        =     4    4    4
  SELF_OFFDIAG = 1
  IALGO = 0

  RESTART_SCPH = 1
  LOWER_TEMP = 1
  WARMSTART = 1

  TOL_SCPH = 1e-10
  MAXITER = 1000
  MIXALPHA = 0.1

 Kpoint:
  KPMODE (1st entry for &kpoint) = 2


 Analysis:


 -----------------------------------------------------------------

                        MODE = SCPH                           
                                                             
      Self-consistent phonon calculation to estimate         
      anharmonic phonon frequencies.                         
      Harmonic and quartic force constants will be used.  

 -----------------------------------------------------------------

 Crystal structure
 =================

 Lattice Vectors:

 * Supercell (from uc.xml )

    2.134264e+01   0.000000e+00   0.000000e+00 : a1
    0.000000e+00   2.134264e+01   0.000000e+00 : a2
    0.000000e+00   0.000000e+00   2.134264e+01 : a3

    2.943959e-01   0.000000e+00   0.000000e+00 : b1
    0.000000e+00   2.943959e-01   0.000000e+00 : b2
    0.000000e+00   0.000000e+00   2.943959e-01 : b3

 * Primitive cell 

    1.067132e+01   0.000000e+00   0.000000e+00 : a1
    0.000000e+00   1.067132e+01   0.000000e+00 : a2
    0.000000e+00   0.000000e+00   1.067132e+01 : a3

    5.887919e-01   0.000000e+00   0.000000e+00 : b1
    0.000000e+00   5.887919e-01   0.000000e+00 : b2
    0.000000e+00   0.000000e+00   5.887919e-01 : b3


  Volume of the primitive cell : 1.215218e+03 (a.u.)^3

  Number of atoms in the supercell     : 40
  Number of atoms in the primitive cell: 5


  FC2XML is given: Harmonic IFCs will be replaced by the values in uc_2nd.xml

 * Supercell for HARMONIC (from uc_2nd.xml )

    2.134264e+01   0.000000e+00   0.000000e+00 : a1
    0.000000e+00   2.134264e+01   0.000000e+00 : a2
    0.000000e+00   0.000000e+00   2.134264e+01 : a3

    2.943959e-01   0.000000e+00   0.000000e+00 : b1
    0.000000e+00   2.943959e-01   0.000000e+00 : b2
    0.000000e+00   0.000000e+00   2.943959e-01 : b3

  Number of atoms in the supercell (HARMONIC)   : 40

  Atomic positions in the primitive cell (fractional):
   1:   0.000000e+00   5.000000e-01   5.000000e-01  Br
   2:   5.000000e-01   0.000000e+00   5.000000e-01  Br
   3:   5.000000e-01   5.000000e-01   0.000000e+00  Br
   4:   5.000000e-01   5.000000e-01   5.000000e-01  Ca
   5:   0.000000e+00   0.000000e+00   0.000000e+00  Cs

  Mass of atomic species (u):
  Br:   79.904000
  Ca:   40.078000
  Cs:  132.910000


 Symmetry
 ========

  NSYM = 0 is given: Trying to find symmetry operations.
  Number of symmetry operations : 48

 k points
 ========

  KPMODE = 2: Uniform grid
  Gamma-centered uniform grid with the following mesh density: 
  nk1:  12
  nk2:  12
  nk3:  12

  Number of k points : 1728
  Number of irreducible k points : 84

  List of irreducible k points (reciprocal coordinate, weight) : 
      1:   0.00000e+00   0.00000e+00   0.00000e+00   0.000579
      2:   0.00000e+00   0.00000e+00   8.33333e-02   0.003472
      3:   0.00000e+00   0.00000e+00   1.66667e-01   0.003472
      4:   0.00000e+00   0.00000e+00   2.50000e-01   0.003472
      5:   0.00000e+00   0.00000e+00   3.33333e-01   0.003472
      6:   0.00000e+00   0.00000e+00   4.16667e-01   0.003472
      7:   0.00000e+00   0.00000e+00  -5.00000e-01   0.001736
      8:   0.00000e+00   8.33333e-02   8.33333e-02   0.006944
      9:   0.00000e+00   8.33333e-02   1.66667e-01   0.013889
     10:   0.00000e+00   8.33333e-02   2.50000e-01   0.013889
     11:   0.00000e+00   8.33333e-02   3.33333e-01   0.013889
     12:   0.00000e+00   8.33333e-02   4.16667e-01   0.013889
     13:   0.00000e+00   8.33333e-02  -5.00000e-01   0.006944
     14:   0.00000e+00   1.66667e-01   1.66667e-01   0.006944
     15:   0.00000e+00   1.66667e-01   2.50000e-01   0.013889
     16:   0.00000e+00   1.66667e-01   3.33333e-01   0.013889
     17:   0.00000e+00   1.66667e-01   4.16667e-01   0.013889
     18:   0.00000e+00   1.66667e-01  -5.00000e-01   0.006944
     19:   0.00000e+00   2.50000e-01   2.50000e-01   0.006944
     20:   0.00000e+00   2.50000e-01   3.33333e-01   0.013889
     21:   0.00000e+00   2.50000e-01   4.16667e-01   0.013889
     22:   0.00000e+00   2.50000e-01  -5.00000e-01   0.006944
     23:   0.00000e+00   3.33333e-01   3.33333e-01   0.006944
     24:   0.00000e+00   3.33333e-01   4.16667e-01   0.013889
     25:   0.00000e+00   3.33333e-01  -5.00000e-01   0.006944
     26:   0.00000e+00   4.16667e-01   4.16667e-01   0.006944
     27:   0.00000e+00   4.16667e-01  -5.00000e-01   0.006944
     28:   0.00000e+00  -5.00000e-01  -5.00000e-01   0.001736
     29:   8.33333e-02   8.33333e-02   8.33333e-02   0.004630
     30:   8.33333e-02   8.33333e-02   1.66667e-01   0.013889
     31:   8.33333e-02   8.33333e-02   2.50000e-01   0.013889
     32:   8.33333e-02   8.33333e-02   3.33333e-01   0.013889
     33:   8.33333e-02   8.33333e-02   4.16667e-01   0.013889
     34:   8.33333e-02   8.33333e-02  -5.00000e-01   0.006944
     35:   8.33333e-02   1.66667e-01   1.66667e-01   0.013889
     36:   8.33333e-02   1.66667e-01   2.50000e-01   0.027778
     37:   8.33333e-02   1.66667e-01   3.33333e-01   0.027778
     38:   8.33333e-02   1.66667e-01   4.16667e-01   0.027778
     39:   8.33333e-02   1.66667e-01  -5.00000e-01   0.013889
     40:   8.33333e-02   2.50000e-01   2.50000e-01   0.013889
     41:   8.33333e-02   2.50000e-01   3.33333e-01   0.027778
     42:   8.33333e-02   2.50000e-01   4.16667e-01   0.027778
     43:   8.33333e-02   2.50000e-01  -5.00000e-01   0.013889
     44:   8.33333e-02   3.33333e-01   3.33333e-01   0.013889
     45:   8.33333e-02   3.33333e-01   4.16667e-01   0.027778
     46:   8.33333e-02   3.33333e-01  -5.00000e-01   0.013889
     47:   8.33333e-02   4.16667e-01   4.16667e-01   0.013889
     48:   8.33333e-02   4.16667e-01  -5.00000e-01   0.013889
     49:   8.33333e-02  -5.00000e-01  -5.00000e-01   0.003472
     50:   1.66667e-01   1.66667e-01   1.66667e-01   0.004630
     51:   1.66667e-01   1.66667e-01   2.50000e-01   0.013889
     52:   1.66667e-01   1.66667e-01   3.33333e-01   0.013889
     53:   1.66667e-01   1.66667e-01   4.16667e-01   0.013889
     54:   1.66667e-01   1.66667e-01  -5.00000e-01   0.006944
     55:   1.66667e-01   2.50000e-01   2.50000e-01   0.013889
     56:   1.66667e-01   2.50000e-01   3.33333e-01   0.027778
     57:   1.66667e-01   2.50000e-01   4.16667e-01   0.027778
     58:   1.66667e-01   2.50000e-01  -5.00000e-01   0.013889
     59:   1.66667e-01   3.33333e-01   3.33333e-01   0.013889
     60:   1.66667e-01   3.33333e-01   4.16667e-01   0.027778
     61:   1.66667e-01   3.33333e-01  -5.00000e-01   0.013889
     62:   1.66667e-01   4.16667e-01   4.16667e-01   0.013889
     63:   1.66667e-01   4.16667e-01  -5.00000e-01   0.013889
     64:   1.66667e-01  -5.00000e-01  -5.00000e-01   0.003472
     65:   2.50000e-01   2.50000e-01   2.50000e-01   0.004630
     66:   2.50000e-01   2.50000e-01   3.33333e-01   0.013889
     67:   2.50000e-01   2.50000e-01   4.16667e-01   0.013889
     68:   2.50000e-01   2.50000e-01  -5.00000e-01   0.006944
     69:   2.50000e-01   3.33333e-01   3.33333e-01   0.013889
     70:   2.50000e-01   3.33333e-01   4.16667e-01   0.027778
     71:   2.50000e-01   3.33333e-01  -5.00000e-01   0.013889
     72:   2.50000e-01   4.16667e-01   4.16667e-01   0.013889
     73:   2.50000e-01   4.16667e-01  -5.00000e-01   0.013889
     74:   2.50000e-01  -5.00000e-01  -5.00000e-01   0.003472
     75:   3.33333e-01   3.33333e-01   3.33333e-01   0.004630
     76:   3.33333e-01   3.33333e-01   4.16667e-01   0.013889
     77:   3.33333e-01   3.33333e-01  -5.00000e-01   0.006944
     78:   3.33333e-01   4.16667e-01   4.16667e-01   0.013889
     79:   3.33333e-01   4.16667e-01  -5.00000e-01   0.013889
     80:   3.33333e-01  -5.00000e-01  -5.00000e-01   0.003472
     81:   4.16667e-01   4.16667e-01   4.16667e-01   0.004630
     82:   4.16667e-01   4.16667e-01  -5.00000e-01   0.006944
     83:   4.16667e-01  -5.00000e-01  -5.00000e-01   0.003472
     84:  -5.00000e-01  -5.00000e-01  -5.00000e-01   0.000579

 Force constant
 ==============

  Reading force constants from the XML file ... done !
  Number of non-zero IFCs for 2 order: 1593
  Number of non-zero IFCs for 3 order: 314004
  Number of non-zero IFCs for 4 order: 4474047

  Maximum deviation from the translational invariance: 
   Order 2 : 1.546072e-16
   Order 3 : 1.984293e-16
   Order 4 : 5.039372e-16


 Dynamical matrix
 ================

  NONANALYTIC = 2 : Non-analytic part of the dynamical matrix will be included 
                    by the mixed-space approach.

  Dielectric constants and Born effective charges are read from BORN.

  Dielectric constant tensor in Cartesian coordinate : 
   3.140051e+00   0.000000e+00   0.000000e+00
   0.000000e+00   3.140051e+00   0.000000e+00
   0.000000e+00  -0.000000e+00   3.140051e+00

  Born effective charge tensor in Cartesian coordinate
  Atom    1( Br) :
      -2.045100      -0.000000       0.000000
       0.000000      -0.891350       0.000000
       0.000000      -0.000000      -0.891350
  Atom    2( Br) :
      -0.891350      -0.000000      -0.000000
       0.000000      -2.045100      -0.000000
       0.000000      -0.000000      -0.891350
  Atom    3( Br) :
      -0.891350      -0.000000      -0.000000
       0.000000      -0.891350      -0.000000
      -0.000000       0.000000      -2.045100
  Atom    4( Ca) :
       2.474970      -0.000000      -0.000000
      -0.000000       2.474970       0.000000
      -0.000000       0.000000       2.474970
  Atom    5( Cs) :
       1.352820       0.000000      -0.000000
       0.000000       1.352820       0.000000
      -0.000000       0.000000       1.352820

  WARNING: Born effective charges do not satisfy the acoustic sum rule.
           The born effective charges are modified to satisfy the ASR.

  Symmetrized Born effective charge tensor in Cartesian coordinate.
  Atom    1( Br) :
      -2.045098       0.000000       0.000000
       0.000000      -0.891348       0.000000
       0.000000       0.000000      -0.891348
  Atom    2( Br) :
      -0.891348       0.000000       0.000000
       0.000000      -2.045098       0.000000
       0.000000       0.000000      -0.891348
  Atom    3( Br) :
      -0.891348       0.000000       0.000000
       0.000000      -0.891348       0.000000
       0.000000       0.000000      -2.045098
  Atom    4( Ca) :
       2.474972       0.000000       0.000000
       0.000000       2.474972       0.000000
       0.000000       0.000000       2.474972
  Atom    5( Cs) :
       1.352822       0.000000       0.000000
       0.000000       1.352822       0.000000
       0.000000       0.000000       1.352822

 -----------------------------------------------------------------

 Now, move on to phonon calculations.

 Diagonalizing dynamical matrices for all k points ... done!

 ISMEAR = -1: Tetrahedron method will be used.

 Setting up the SCPH calculations ...

  Gamma-centered uniform grid with the following mesh density:
  nk1:    4
  nk2:    4
  nk3:    4

  Number of k points : 64
  Number of irreducible k points : 10

  Fourier interpolation from reciprocal to real space
  will be performed with the following mesh density:
  nk1:    2
  nk2:    2
  nk3:    2

  Number of k points : 8
  Number of irreducible k points : 4

 Diagonalizing dynamical matrices for all k points ... done !
 Preparing for calculating V4  ... done!
 RESTART_SCPH is true.
 Dynamical matrix is read from file ... done.

 Running postprocess of SCPH (calculation of free energy, MSD, DOS)
 The number of temperature points:   13
   .............

  pc_scfph.scph_dos    : SCPH DOS
  pc_scfph.scph_thermo : SCPH heat capcaity and free energy
  pc_scfph.scph_msd    : Mean-square-displacement (SCPH level)

 Job finished at Tue Oct 27 15:44:36 2020

