 +-----------------------------------------------------------------+
 +                         Program ANPHON                          +
 +                             Ver.  1.1.0                         +
 +-----------------------------------------------------------------+

 Job started at Thu Nov 12 18:15:19 2020

 The number of MPI processes: 1
 The number of OpenMP threads: 24


 Input variables:
 -----------------------------------------------------------------
 General:
  PREFIX = pc_dos
  MODE = PHONONS
  FCSXML = uc.xml
  FC2XML = uc_2nd_300K.xml

  NKD = 3; KD =   Br  Cs  Sn
  MASS =     79.904    132.91    118.71
  NSYM = 0; TOLERANCE = 1e-06; PRINTSYM = 0

  NONANALYTIC = 3
  BORNINFO = BORN; NA_SIGMA = 0.1

  TMIN = 0; TMAX = 1000; DT = 10
  EMIN = 0; EMAX = 1200; DELTA_E = 2

  ISMEAR = -1; EPSILON = 2

  CLASSICAL = 0
  BCONNECT = 2


 Kpoint:
  KPMODE (1st entry for &kpoint) = 2


 Analysis:
  PRINTVEL = 1
  PRINTVEC = 0
  PRINTXSF = 0

  ANIME =     0    0    0
  ANIME_CELL =     2    2    2
  ANIME_FORMAT = XSF

  PDOS = 1; TDOS = 1
  PRINTMSD = 1
  SPS = 2

  GRUNEISEN = 1
  NEWFCS = 0


 -----------------------------------------------------------------

                      MODE = phonons                         
                                                             
      Phonon calculation within harmonic approximation       
      Harmonic force constants will be used.                 

      GRUNEISEN = 1 : Cubic force constants are necessary.

 -----------------------------------------------------------------

 Crystal structure
 =================

 Lattice Vectors:

 * Supercell (from uc.xml )

    2.175705e+01   0.000000e+00   0.000000e+00 : a1
    0.000000e+00   2.175705e+01   0.000000e+00 : a2
    0.000000e+00   0.000000e+00   2.175705e+01 : a3

    2.887884e-01   0.000000e+00   0.000000e+00 : b1
    0.000000e+00   2.887884e-01   0.000000e+00 : b2
    0.000000e+00   0.000000e+00   2.887884e-01 : b3

 * Primitive cell 

    1.087853e+01   0.000000e+00  -0.000000e+00 : a1
   -0.000000e+00   1.087853e+01  -0.000000e+00 : a2
   -0.000000e+00   0.000000e+00   1.087853e+01 : a3

    5.775769e-01   0.000000e+00   0.000000e+00 : b1
   -0.000000e+00   5.775769e-01  -0.000000e+00 : b2
    0.000000e+00   0.000000e+00   5.775769e-01 : b3


  Volume of the primitive cell : 1.287390e+03 (a.u.)^3

  Number of atoms in the supercell     : 40
  Number of atoms in the primitive cell: 5


  FC2XML is given: Harmonic IFCs will be replaced by the values in uc_2nd_300K.xml

 * Supercell for HARMONIC (from uc_2nd_300K.xml )

    2.175705e+01   0.000000e+00   0.000000e+00 : a1
    0.000000e+00   2.175705e+01   0.000000e+00 : a2
    0.000000e+00   0.000000e+00   2.175705e+01 : a3

    2.887884e-01   0.000000e+00   0.000000e+00 : b1
    0.000000e+00   2.887884e-01   0.000000e+00 : b2
    0.000000e+00   0.000000e+00   2.887884e-01 : b3

  Number of atoms in the supercell (HARMONIC)   : 40

  Atomic positions in the primitive cell (fractional):
   1:   0.000000e+00   5.000000e-01   5.000000e-01  Br
   2:   5.000000e-01   0.000000e+00   5.000000e-01  Br
   3:   5.000000e-01   5.000000e-01   0.000000e+00  Br
   4:   0.000000e+00   0.000000e+00   0.000000e+00  Cs
   5:   5.000000e-01   5.000000e-01   5.000000e-01  Sn

  Mass of atomic species (u):
  Br:   79.904000
  Cs:  132.910000
  Sn:  118.710000


 Symmetry
 ========

  NSYM = 0 is given: Trying to find symmetry operations.
  Number of symmetry operations : 48

 k points
 ========

  KPMODE = 2: Uniform grid
  Gamma-centered uniform grid with the following mesh density: 
  nk1:  12
  nk2:  12
  nk3:  12

  Number of k points : 1728
  Number of irreducible k points : 84

  List of irreducible k points (reciprocal coordinate, weight) : 
      1:   0.00000e+00   0.00000e+00   0.00000e+00   0.000579
      2:   0.00000e+00   0.00000e+00   8.33333e-02   0.003472
      3:   0.00000e+00   0.00000e+00   1.66667e-01   0.003472
      4:   0.00000e+00   0.00000e+00   2.50000e-01   0.003472
      5:   0.00000e+00   0.00000e+00   3.33333e-01   0.003472
      6:   0.00000e+00   0.00000e+00   4.16667e-01   0.003472
      7:   0.00000e+00   0.00000e+00  -5.00000e-01   0.001736
      8:   0.00000e+00   8.33333e-02   8.33333e-02   0.006944
      9:   0.00000e+00   8.33333e-02   1.66667e-01   0.013889
     10:   0.00000e+00   8.33333e-02   2.50000e-01   0.013889
     11:   0.00000e+00   8.33333e-02   3.33333e-01   0.013889
     12:   0.00000e+00   8.33333e-02   4.16667e-01   0.013889
     13:   0.00000e+00   8.33333e-02  -5.00000e-01   0.006944
     14:   0.00000e+00   1.66667e-01   1.66667e-01   0.006944
     15:   0.00000e+00   1.66667e-01   2.50000e-01   0.013889
     16:   0.00000e+00   1.66667e-01   3.33333e-01   0.013889
     17:   0.00000e+00   1.66667e-01   4.16667e-01   0.013889
     18:   0.00000e+00   1.66667e-01  -5.00000e-01   0.006944
     19:   0.00000e+00   2.50000e-01   2.50000e-01   0.006944
     20:   0.00000e+00   2.50000e-01   3.33333e-01   0.013889
     21:   0.00000e+00   2.50000e-01   4.16667e-01   0.013889
     22:   0.00000e+00   2.50000e-01  -5.00000e-01   0.006944
     23:   0.00000e+00   3.33333e-01   3.33333e-01   0.006944
     24:   0.00000e+00   3.33333e-01   4.16667e-01   0.013889
     25:   0.00000e+00   3.33333e-01  -5.00000e-01   0.006944
     26:   0.00000e+00   4.16667e-01   4.16667e-01   0.006944
     27:   0.00000e+00   4.16667e-01  -5.00000e-01   0.006944
     28:   0.00000e+00  -5.00000e-01  -5.00000e-01   0.001736
     29:   8.33333e-02   8.33333e-02   8.33333e-02   0.004630
     30:   8.33333e-02   8.33333e-02   1.66667e-01   0.013889
     31:   8.33333e-02   8.33333e-02   2.50000e-01   0.013889
     32:   8.33333e-02   8.33333e-02   3.33333e-01   0.013889
     33:   8.33333e-02   8.33333e-02   4.16667e-01   0.013889
     34:   8.33333e-02   8.33333e-02  -5.00000e-01   0.006944
     35:   8.33333e-02   1.66667e-01   1.66667e-01   0.013889
     36:   8.33333e-02   1.66667e-01   2.50000e-01   0.027778
     37:   8.33333e-02   1.66667e-01   3.33333e-01   0.027778
     38:   8.33333e-02   1.66667e-01   4.16667e-01   0.027778
     39:   8.33333e-02   1.66667e-01  -5.00000e-01   0.013889
     40:   8.33333e-02   2.50000e-01   2.50000e-01   0.013889
     41:   8.33333e-02   2.50000e-01   3.33333e-01   0.027778
     42:   8.33333e-02   2.50000e-01   4.16667e-01   0.027778
     43:   8.33333e-02   2.50000e-01  -5.00000e-01   0.013889
     44:   8.33333e-02   3.33333e-01   3.33333e-01   0.013889
     45:   8.33333e-02   3.33333e-01   4.16667e-01   0.027778
     46:   8.33333e-02   3.33333e-01  -5.00000e-01   0.013889
     47:   8.33333e-02   4.16667e-01   4.16667e-01   0.013889
     48:   8.33333e-02   4.16667e-01  -5.00000e-01   0.013889
     49:   8.33333e-02  -5.00000e-01  -5.00000e-01   0.003472
     50:   1.66667e-01   1.66667e-01   1.66667e-01   0.004630
     51:   1.66667e-01   1.66667e-01   2.50000e-01   0.013889
     52:   1.66667e-01   1.66667e-01   3.33333e-01   0.013889
     53:   1.66667e-01   1.66667e-01   4.16667e-01   0.013889
     54:   1.66667e-01   1.66667e-01  -5.00000e-01   0.006944
     55:   1.66667e-01   2.50000e-01   2.50000e-01   0.013889
     56:   1.66667e-01   2.50000e-01   3.33333e-01   0.027778
     57:   1.66667e-01   2.50000e-01   4.16667e-01   0.027778
     58:   1.66667e-01   2.50000e-01  -5.00000e-01   0.013889
     59:   1.66667e-01   3.33333e-01   3.33333e-01   0.013889
     60:   1.66667e-01   3.33333e-01   4.16667e-01   0.027778
     61:   1.66667e-01   3.33333e-01  -5.00000e-01   0.013889
     62:   1.66667e-01   4.16667e-01   4.16667e-01   0.013889
     63:   1.66667e-01   4.16667e-01  -5.00000e-01   0.013889
     64:   1.66667e-01  -5.00000e-01  -5.00000e-01   0.003472
     65:   2.50000e-01   2.50000e-01   2.50000e-01   0.004630
     66:   2.50000e-01   2.50000e-01   3.33333e-01   0.013889
     67:   2.50000e-01   2.50000e-01   4.16667e-01   0.013889
     68:   2.50000e-01   2.50000e-01  -5.00000e-01   0.006944
     69:   2.50000e-01   3.33333e-01   3.33333e-01   0.013889
     70:   2.50000e-01   3.33333e-01   4.16667e-01   0.027778
     71:   2.50000e-01   3.33333e-01  -5.00000e-01   0.013889
     72:   2.50000e-01   4.16667e-01   4.16667e-01   0.013889
     73:   2.50000e-01   4.16667e-01  -5.00000e-01   0.013889
     74:   2.50000e-01  -5.00000e-01  -5.00000e-01   0.003472
     75:   3.33333e-01   3.33333e-01   3.33333e-01   0.004630
     76:   3.33333e-01   3.33333e-01   4.16667e-01   0.013889
     77:   3.33333e-01   3.33333e-01  -5.00000e-01   0.006944
     78:   3.33333e-01   4.16667e-01   4.16667e-01   0.013889
     79:   3.33333e-01   4.16667e-01  -5.00000e-01   0.013889
     80:   3.33333e-01  -5.00000e-01  -5.00000e-01   0.003472
     81:   4.16667e-01   4.16667e-01   4.16667e-01   0.004630
     82:   4.16667e-01   4.16667e-01  -5.00000e-01   0.006944
     83:   4.16667e-01  -5.00000e-01  -5.00000e-01   0.003472
     84:  -5.00000e-01  -5.00000e-01  -5.00000e-01   0.000579

 Force constant
 ==============

  Reading force constants from the XML file ... done !
  Number of non-zero IFCs for 2 order: 1593
  Number of non-zero IFCs for 3 order: 403788

  Maximum deviation from the translational invariance: 
   Order 2 : 6.575686e-17
   Order 3 : 9.844556e-17


 Dynamical matrix
 ================

  NONANALYTIC = 3 : Non-analytic part of the dynamical matrix will be included 
                    by the Ewald method.

  Dielectric constants and Born effective charges are read from BORN.

  Dielectric constant tensor in Cartesian coordinate : 
   8.718506e+00   0.000000e+00  -0.000000e+00
  -0.000000e+00   8.718506e+00  -0.000000e+00
   0.000000e+00   0.000000e+00   8.718506e+00

  Born effective charge tensor in Cartesian coordinate
  Atom    1( Br) :
      -5.438380      -0.000000       0.000000
       0.000000      -0.494720       0.000000
      -0.000000       0.000000      -0.494720
  Atom    2( Br) :
      -0.494720      -0.000000      -0.000000
      -0.000000      -5.438380       0.000000
      -0.000000       0.000000      -0.494720
  Atom    3( Br) :
      -0.494720      -0.000000       0.000000
      -0.000000      -0.494720       0.000000
       0.000000      -0.000000      -5.438380
  Atom    4( Cs) :
       1.331570      -0.000000      -0.000000
      -0.000000       1.331570      -0.000000
       0.000000      -0.000000       1.331570
  Atom    5( Sn) :
       5.096240       0.000000      -0.000000
      -0.000000       5.096240      -0.000000
      -0.000000       0.000000       5.096240

  WARNING: Born effective charges do not satisfy the acoustic sum rule.
           The born effective charges are modified to satisfy the ASR.

  Symmetrized Born effective charge tensor in Cartesian coordinate.
  Atom    1( Br) :
      -5.438378       0.000000       0.000000
       0.000000      -0.494718       0.000000
       0.000000       0.000000      -0.494718
  Atom    2( Br) :
      -0.494718       0.000000       0.000000
       0.000000      -5.438378       0.000000
       0.000000       0.000000      -0.494718
  Atom    3( Br) :
      -0.494718       0.000000       0.000000
       0.000000      -0.494718       0.000000
       0.000000       0.000000      -5.438378
  Atom    4( Cs) :
       1.331572       0.000000       0.000000
       0.000000       1.331572       0.000000
       0.000000       0.000000       1.331572
  Atom    5( Sn) :
       5.096242       0.000000       0.000000
       0.000000       5.096242       0.000000
       0.000000       0.000000       5.096242

 -----------------------------------------------------------------


  Preparing for the Ewald summation ...

  Inverse dielectric tensor : 
   1.146986e-01  -0.000000e+00   0.000000e+00
   0.000000e+00   1.146986e-01   0.000000e+00
  -0.000000e+00   0.000000e+00   1.146986e-01

  Determinant of epsilon:    6.627141e+02

  Parameters for the Ewald summation :
  - Force constant
    Lambda :    2.679350e-01
    Lmax   :    5.792820e+01
    Gmax   :    9.539748e-01
    Maximum number of real-space cells :   3x  3x  3
    Maximum number of reciprocal cells :   4x  4x  4

  - Dynamical matrix
    Lambda :    5.358700e-01
    Lmax   :    2.896410e+01
    Gmax   :    1.907950e+00
    Maximum number of real-space cells :   3x  3x  3
    Maximum number of reciprocal cells :   4x  4x  4

 Calculating long-range (dipole-dipole) FCs in the supercell ... done.
 Now, move on to phonon calculations.

 Diagonalizing dynamical matrices for all k points ... done!
 Calculating group velocities of phonons on uniform grid ... done!

 ISMEAR = -1: Tetrahedron method will be used.

 PDOS = 1 : Calculating atom-projected phonon DOS ...  done!
 TDOS = 1 : Calculating two-phonon DOS for all irreducible k points.
            This may take a while ... done!
 SPS = 2 : Calculating three-phonon scattering phase space
           with the Bose distribution function ... done!

 GRUNEISEN = 1 : Calculating Gruneisen parameters ... done!

 -----------------------------------------------------------------

 Phonon frequencies below:

 # Irred. k point    1 : (  0.0000,  0.0000,  0.0000)
   Mode, Frequency 
      1      0.0000 cm^-1  (      0.0000 THz )
      2      0.0000 cm^-1  (      0.0000 THz )
      3      0.0000 cm^-1  (      0.0000 THz )
      4      0.0000 cm^-1  (      0.0000 THz )
      5      0.0000 cm^-1  (      0.0000 THz )
      6      0.0000 cm^-1  (      0.0000 THz )
      7     34.3975 cm^-1  (      1.0312 THz )
      8     34.3975 cm^-1  (      1.0312 THz )
      9     34.3975 cm^-1  (      1.0312 THz )
     10     35.6636 cm^-1  (      1.0692 THz )
     11     35.6636 cm^-1  (      1.0692 THz )
     12     35.6636 cm^-1  (      1.0692 THz )
     13     69.6041 cm^-1  (      2.0867 THz )
     14     69.6041 cm^-1  (      2.0867 THz )
     15     69.6041 cm^-1  (      2.0867 THz )

 # Irred. k point    2 : (  0.0000,  0.0000,  0.0833)
   Mode, Frequency 
      1      6.3840 cm^-1  (      0.1914 THz )
      2      6.3840 cm^-1  (      0.1914 THz )
      3     11.0233 cm^-1  (      0.3305 THz )
      4     11.0233 cm^-1  (      0.3305 THz )
      5     14.7189 cm^-1  (      0.4413 THz )
      6     29.2248 cm^-1  (      0.8761 THz )
      7     34.8629 cm^-1  (      1.0452 THz )
      8     34.8629 cm^-1  (      1.0452 THz )
      9     34.9322 cm^-1  (      1.0472 THz )
     10     35.9026 cm^-1  (      1.0763 THz )
     11     35.9026 cm^-1  (      1.0763 THz )
     12     40.9755 cm^-1  (      1.2284 THz )
     13     69.9527 cm^-1  (      2.0971 THz )
     14     69.9527 cm^-1  (      2.0971 THz )
     15    150.4773 cm^-1  (      4.5112 THz )

 # Irred. k point    3 : (  0.0000,  0.0000,  0.1667)
   Mode, Frequency 
      1     12.2990 cm^-1  (      0.3687 THz )
      2     12.2990 cm^-1  (      0.3687 THz )
      3     21.1432 cm^-1  (      0.6339 THz )
      4     21.1432 cm^-1  (      0.6339 THz )
      5     25.2903 cm^-1  (      0.7582 THz )
      6     34.8621 cm^-1  (      1.0451 THz )
      7     34.8621 cm^-1  (      1.0451 THz )
      8     36.3529 cm^-1  (      1.0898 THz )
      9     37.7717 cm^-1  (      1.1324 THz )
     10     37.7717 cm^-1  (      1.1324 THz )
     11     37.9000 cm^-1  (      1.1362 THz )
     12     60.9776 cm^-1  (      1.8281 THz )
     13     70.9294 cm^-1  (      2.1264 THz )
     14     70.9294 cm^-1  (      2.1264 THz )
     15    151.9485 cm^-1  (      4.5553 THz )

 # Irred. k point    4 : (  0.0000,  0.0000,  0.2500)
   Mode, Frequency 
      1     17.4615 cm^-1  (      0.5235 THz )
      2     17.4615 cm^-1  (      0.5235 THz )
      3     29.2085 cm^-1  (      0.8756 THz )
      4     29.2085 cm^-1  (      0.8756 THz )
      5     34.4779 cm^-1  (      1.0336 THz )
      6     34.7361 cm^-1  (      1.0414 THz )
      7     34.7361 cm^-1  (      1.0414 THz )
      8     38.2082 cm^-1  (      1.1455 THz )
      9     40.5936 cm^-1  (      1.2170 THz )
     10     40.5936 cm^-1  (      1.2170 THz )
     11     42.2015 cm^-1  (      1.2652 THz )
     12     72.3272 cm^-1  (      2.1683 THz )
     13     72.3272 cm^-1  (      2.1683 THz )
     14     84.4141 cm^-1  (      2.5307 THz )
     15    153.4684 cm^-1  (      4.6009 THz )

 # Irred. k point    5 : (  0.0000,  0.0000,  0.3333)
   Mode, Frequency 
      1     21.7910 cm^-1  (      0.6533 THz )
      2     21.7910 cm^-1  (      0.6533 THz )
      3     31.7165 cm^-1  (      0.9508 THz )
      4     31.7165 cm^-1  (      0.9508 THz )
      5     37.6111 cm^-1  (      1.1276 THz )
      6     37.6111 cm^-1  (      1.1276 THz )
      7     39.9773 cm^-1  (      1.1985 THz )
      8     41.2400 cm^-1  (      1.2363 THz )
      9     43.2893 cm^-1  (      1.2978 THz )
     10     43.2893 cm^-1  (      1.2978 THz )
     11     46.0628 cm^-1  (      1.3809 THz )
     12     73.8070 cm^-1  (      2.2127 THz )
     13     73.8070 cm^-1  (      2.2127 THz )
     14    104.1473 cm^-1  (      3.1223 THz )
     15    154.0862 cm^-1  (      4.6194 THz )

 # Irred. k point    6 : (  0.0000,  0.0000,  0.4167)
   Mode, Frequency 
      1     25.2864 cm^-1  (      0.7581 THz )
      2     25.2864 cm^-1  (      0.7581 THz )
      3     30.5486 cm^-1  (      0.9158 THz )
      4     30.5486 cm^-1  (      0.9158 THz )
      5     41.2241 cm^-1  (      1.2359 THz )
      6     41.2429 cm^-1  (      1.2364 THz )
      7     41.2429 cm^-1  (      1.2364 THz )
      8     44.9647 cm^-1  (      1.3480 THz )
      9     45.1546 cm^-1  (      1.3537 THz )
     10     45.1546 cm^-1  (      1.3537 THz )
     11     49.1597 cm^-1  (      1.4738 THz )
     12     74.9478 cm^-1  (      2.2469 THz )
     13     74.9478 cm^-1  (      2.2469 THz )
     14    118.0023 cm^-1  (      3.5376 THz )
     15    153.4113 cm^-1  (      4.5992 THz )

 # Irred. k point    7 : (  0.0000,  0.0000, -0.5000)
   Mode, Frequency 
      1     27.4012 cm^-1  (      0.8215 THz )
      2     27.4012 cm^-1  (      0.8215 THz )
      3     29.1367 cm^-1  (      0.8735 THz )
      4     29.1367 cm^-1  (      0.8735 THz )
      5     41.6712 cm^-1  (      1.2493 THz )
      6     42.5516 cm^-1  (      1.2757 THz )
      7     42.5516 cm^-1  (      1.2757 THz )
      8     45.8090 cm^-1  (      1.3733 THz )
      9     45.8090 cm^-1  (      1.3733 THz )
     10     46.0869 cm^-1  (      1.3817 THz )
     11     50.3866 cm^-1  (      1.5106 THz )
     12     75.3783 cm^-1  (      2.2598 THz )
     13     75.3783 cm^-1  (      2.2598 THz )
     14    123.2991 cm^-1  (      3.6964 THz )
     15    152.6711 cm^-1  (      4.5770 THz )

 # Irred. k point    8 : (  0.0000,  0.0833,  0.0833)
   Mode, Frequency 
      1      8.9890 cm^-1  (      0.2695 THz )
      2     11.3421 cm^-1  (      0.3400 THz )
      3     15.3491 cm^-1  (      0.4602 THz )
      4     17.8900 cm^-1  (      0.5363 THz )
      5     29.2760 cm^-1  (      0.8777 THz )
      6     31.0639 cm^-1  (      0.9313 THz )
      7     34.6095 cm^-1  (      1.0376 THz )
      8     35.6078 cm^-1  (      1.0675 THz )
      9     35.8118 cm^-1  (      1.0736 THz )
     10     36.5847 cm^-1  (      1.0968 THz )
     11     39.7481 cm^-1  (      1.1916 THz )
     12     40.0156 cm^-1  (      1.1996 THz )
     13     70.2941 cm^-1  (      2.1074 THz )
     14     73.3438 cm^-1  (      2.1988 THz )
     15    149.6545 cm^-1  (      4.4865 THz )

 # Irred. k point    9 : (  0.0000,  0.0833,  0.1667)
   Mode, Frequency 
      1     13.7572 cm^-1  (      0.4124 THz )
      2     16.5302 cm^-1  (      0.4956 THz )
      3     23.2449 cm^-1  (      0.6969 THz )
      4     26.1021 cm^-1  (      0.7825 THz )
      5     32.9901 cm^-1  (      0.9890 THz )
      6     35.1004 cm^-1  (      1.0523 THz )
      7     35.4122 cm^-1  (      1.0616 THz )
      8     37.2061 cm^-1  (      1.1154 THz )
      9     37.7579 cm^-1  (      1.1320 THz )
     10     39.5129 cm^-1  (      1.1846 THz )
     11     40.6435 cm^-1  (      1.2185 THz )
     12     61.5011 cm^-1  (      1.8438 THz )
     13     71.2502 cm^-1  (      2.1360 THz )
     14     76.0910 cm^-1  (      2.2812 THz )
     15    150.5466 cm^-1  (      4.5133 THz )

 # Irred. k point   10 : (  0.0000,  0.0833,  0.2500)
   Mode, Frequency 
      1     18.4348 cm^-1  (      0.5527 THz )
      2     21.0861 cm^-1  (      0.6321 THz )
      3     30.2185 cm^-1  (      0.9059 THz )
      4     33.4776 cm^-1  (      1.0036 THz )
      5     35.2713 cm^-1  (      1.0574 THz )
      6     35.4497 cm^-1  (      1.0628 THz )
      7     35.9841 cm^-1  (      1.0788 THz )
      8     40.0113 cm^-1  (      1.1995 THz )
      9     40.5239 cm^-1  (      1.2149 THz )
     10     43.6450 cm^-1  (      1.3084 THz )
     11     43.8993 cm^-1  (      1.3161 THz )
     12     72.6166 cm^-1  (      2.1770 THz )
     13     78.0216 cm^-1  (      2.3390 THz )
     14     84.9186 cm^-1  (      2.5458 THz )
     15    152.2999 cm^-1  (      4.5658 THz )

 # Irred. k point   11 : (  0.0000,  0.0833,  0.3333)
   Mode, Frequency 
      1     22.5101 cm^-1  (      0.6748 THz )
      2     24.7452 cm^-1  (      0.7418 THz )
      3     32.1283 cm^-1  (      0.9632 THz )
      4     34.3899 cm^-1  (      1.0310 THz )
      5     37.2026 cm^-1  (      1.1153 THz )
      6     38.1173 cm^-1  (      1.1427 THz )
      7     40.2473 cm^-1  (      1.2066 THz )
      8     43.1620 cm^-1  (      1.2940 THz )
      9     43.1626 cm^-1  (      1.2940 THz )
     10     47.0558 cm^-1  (      1.4107 THz )
     11     48.1707 cm^-1  (      1.4441 THz )
     12     74.0604 cm^-1  (      2.2203 THz )
     13     79.6926 cm^-1  (      2.3891 THz )
     14    104.3897 cm^-1  (      3.1295 THz )
     15    153.4044 cm^-1  (      4.5989 THz )

 # Irred. k point   12 : (  0.0000,  0.0833,  0.4167)
   Mode, Frequency 
      1     25.8947 cm^-1  (      0.7763 THz )
      2     27.4518 cm^-1  (      0.8230 THz )
      3     30.8570 cm^-1  (      0.9251 THz )
      4     33.4034 cm^-1  (      1.0014 THz )
      5     38.5098 cm^-1  (      1.1545 THz )
      6     41.4774 cm^-1  (      1.2435 THz )
      7     43.2868 cm^-1  (      1.2977 THz )
      8     45.0043 cm^-1  (      1.3492 THz )
      9     45.5134 cm^-1  (      1.3645 THz )
     10     49.5369 cm^-1  (      1.4851 THz )
     11     51.3379 cm^-1  (      1.5391 THz )
     12     75.1707 cm^-1  (      2.2536 THz )
     13     80.9120 cm^-1  (      2.4257 THz )
     14    117.9112 cm^-1  (      3.5349 THz )
     15    153.2453 cm^-1  (      4.5942 THz )

 # Irred. k point   13 : (  0.0000,  0.0833, -0.5000)
   Mode, Frequency 
      1     28.2069 cm^-1  (      0.8456 THz )
      2     28.6572 cm^-1  (      0.8591 THz )
      3     29.1871 cm^-1  (      0.8750 THz )
      4     32.7495 cm^-1  (      0.9818 THz )
      5     38.9605 cm^-1  (      1.1680 THz )
      6     42.6847 cm^-1  (      1.2797 THz )
      7     44.2433 cm^-1  (      1.3264 THz )
      8     45.6578 cm^-1  (      1.3688 THz )
      9     46.3721 cm^-1  (      1.3902 THz )
     10     50.4393 cm^-1  (      1.5121 THz )
     11     52.4981 cm^-1  (      1.5739 THz )
     12     75.5891 cm^-1  (      2.2661 THz )
     13     81.3652 cm^-1  (      2.4393 THz )
     14    123.0077 cm^-1  (      3.6877 THz )
     15    152.7738 cm^-1  (      4.5800 THz )

 # Irred. k point   14 : (  0.0000,  0.1667,  0.1667)
   Mode, Frequency 
      1     17.0780 cm^-1  (      0.5120 THz )
      2     20.0561 cm^-1  (      0.6013 THz )
      3     28.0393 cm^-1  (      0.8406 THz )
      4     30.0257 cm^-1  (      0.9001 THz )
      5     34.1703 cm^-1  (      1.0244 THz )
      6     36.3013 cm^-1  (      1.0883 THz )
      7     36.8390 cm^-1  (      1.1044 THz )
      8     37.8946 cm^-1  (      1.1361 THz )
      9     38.3586 cm^-1  (      1.1500 THz )
     10     43.8882 cm^-1  (      1.3157 THz )
     11     61.1457 cm^-1  (      1.8331 THz )
     12     65.1514 cm^-1  (      1.9532 THz )
     13     72.1466 cm^-1  (      2.1629 THz )
     14     84.1228 cm^-1  (      2.5219 THz )
     15    149.4002 cm^-1  (      4.4789 THz )

 # Irred. k point   15 : (  0.0000,  0.1667,  0.2500)
   Mode, Frequency 
      1     20.8032 cm^-1  (      0.6237 THz )
      2     22.9826 cm^-1  (      0.6890 THz )
      3     32.5638 cm^-1  (      0.9762 THz )
      4     33.7101 cm^-1  (      1.0106 THz )
      5     35.3590 cm^-1  (      1.0600 THz )
      6     36.7674 cm^-1  (      1.1023 THz )
      7     37.0147 cm^-1  (      1.1097 THz )
      8     40.4709 cm^-1  (      1.2133 THz )
      9     40.6240 cm^-1  (      1.2179 THz )
     10     48.3569 cm^-1  (      1.4497 THz )
     11     65.3581 cm^-1  (      1.9594 THz )
     12     73.4215 cm^-1  (      2.2011 THz )
     13     85.9854 cm^-1  (      2.5778 THz )
     14     90.0532 cm^-1  (      2.6997 THz )
     15    150.3927 cm^-1  (      4.5087 THz )

 # Irred. k point   16 : (  0.0000,  0.1667,  0.3333)
   Mode, Frequency 
      1     24.2605 cm^-1  (      0.7273 THz )
      2     25.1573 cm^-1  (      0.7542 THz )
      3     33.2555 cm^-1  (      0.9970 THz )
      4     34.5113 cm^-1  (      1.0346 THz )
      5     36.6963 cm^-1  (      1.1001 THz )
      6     39.0888 cm^-1  (      1.1719 THz )
      7     39.4576 cm^-1  (      1.1829 THz )
      8     42.8423 cm^-1  (      1.2844 THz )
      9     43.4666 cm^-1  (      1.3031 THz )
     10     52.5366 cm^-1  (      1.5750 THz )
     11     67.7678 cm^-1  (      2.0316 THz )
     12     74.7590 cm^-1  (      2.2412 THz )
     13     92.9107 cm^-1  (      2.7854 THz )
     14    105.1818 cm^-1  (      3.1533 THz )
     15    152.0681 cm^-1  (      4.5589 THz )

 # Irred. k point   17 : (  0.0000,  0.1667,  0.4167)
   Mode, Frequency 
      1     26.4618 cm^-1  (      0.7933 THz )
      2     27.2495 cm^-1  (      0.8169 THz )
      3     31.9197 cm^-1  (      0.9569 THz )
      4     35.0501 cm^-1  (      1.0508 THz )
      5     36.5846 cm^-1  (      1.0968 THz )
      6     41.3639 cm^-1  (      1.2401 THz )
      7     42.0819 cm^-1  (      1.2616 THz )
      8     44.5925 cm^-1  (      1.3368 THz )
      9     45.5361 cm^-1  (      1.3651 THz )
     10     55.5078 cm^-1  (      1.6641 THz )
     11     69.3772 cm^-1  (      2.0799 THz )
     12     75.7800 cm^-1  (      2.2718 THz )
     13     94.9276 cm^-1  (      2.8459 THz )
     14    117.7395 cm^-1  (      3.5297 THz )
     15    152.9766 cm^-1  (      4.5861 THz )

 # Irred. k point   18 : (  0.0000,  0.1667, -0.5000)
   Mode, Frequency 
      1     26.8898 cm^-1  (      0.8061 THz )
      2     29.3350 cm^-1  (      0.8794 THz )
      3     30.3398 cm^-1  (      0.9096 THz )
      4     35.2732 cm^-1  (      1.0575 THz )
      5     36.5227 cm^-1  (      1.0949 THz )
      6     42.1312 cm^-1  (      1.2631 THz )
      7     43.0175 cm^-1  (      1.2896 THz )
      8     45.2353 cm^-1  (      1.3561 THz )
      9     46.2863 cm^-1  (      1.3876 THz )
     10     56.5811 cm^-1  (      1.6963 THz )
     11     69.9371 cm^-1  (      2.0967 THz )
     12     76.1629 cm^-1  (      2.2833 THz )
     13     95.5918 cm^-1  (      2.8658 THz )
     14    122.3287 cm^-1  (      3.6673 THz )
     15    153.1048 cm^-1  (      4.5900 THz )

 # Irred. k point   19 : (  0.0000,  0.2500,  0.2500)
   Mode, Frequency 
      1     23.5284 cm^-1  (      0.7054 THz )
      2     23.6124 cm^-1  (      0.7079 THz )
      3     34.0799 cm^-1  (      1.0217 THz )
      4     34.5030 cm^-1  (      1.0344 THz )
      5     35.4329 cm^-1  (      1.0623 THz )
      6     38.9181 cm^-1  (      1.1667 THz )
      7     39.0204 cm^-1  (      1.1698 THz )
      8     41.0251 cm^-1  (      1.2299 THz )
      9     41.2720 cm^-1  (      1.2373 THz )
     10     52.9800 cm^-1  (      1.5883 THz )
     11     74.5549 cm^-1  (      2.2351 THz )
     12     85.6956 cm^-1  (      2.5691 THz )
     13     89.0532 cm^-1  (      2.6697 THz )
     14    100.9623 cm^-1  (      3.0268 THz )
     15    150.0319 cm^-1  (      4.4978 THz )

 # Irred. k point   20 : (  0.0000,  0.2500,  0.3333)
   Mode, Frequency 
      1     23.4924 cm^-1  (      0.7043 THz )
      2     26.2734 cm^-1  (      0.7877 THz )
      3     33.7765 cm^-1  (      1.0126 THz )
      4     34.7064 cm^-1  (      1.0405 THz )
      5     36.3398 cm^-1  (      1.0894 THz )
      6     40.2101 cm^-1  (      1.2055 THz )
      7     41.1717 cm^-1  (      1.2343 THz )
      8     42.5493 cm^-1  (      1.2756 THz )
      9     43.2832 cm^-1  (      1.2976 THz )
     10     56.9319 cm^-1  (      1.7068 THz )
     11     75.7282 cm^-1  (      2.2703 THz )
     12     88.7658 cm^-1  (      2.6611 THz )
     13    103.8532 cm^-1  (      3.1134 THz )
     14    109.3684 cm^-1  (      3.2788 THz )
     15    151.4037 cm^-1  (      4.5390 THz )

 # Irred. k point   21 : (  0.0000,  0.2500,  0.4167)
   Mode, Frequency 
      1     23.3470 cm^-1  (      0.6999 THz )
      2     28.4835 cm^-1  (      0.8539 THz )
      3     33.3893 cm^-1  (      1.0010 THz )
      4     33.8345 cm^-1  (      1.0143 THz )
      5     37.0550 cm^-1  (      1.1109 THz )
      6     40.9096 cm^-1  (      1.2264 THz )
      7     42.7947 cm^-1  (      1.2830 THz )
      8     44.0506 cm^-1  (      1.3206 THz )
      9     45.1167 cm^-1  (      1.3526 THz )
     10     59.5877 cm^-1  (      1.7864 THz )
     11     76.6127 cm^-1  (      2.2968 THz )
     12     89.8364 cm^-1  (      2.6932 THz )
     13    110.5469 cm^-1  (      3.3141 THz )
     14    117.9405 cm^-1  (      3.5358 THz )
     15    153.0419 cm^-1  (      4.5881 THz )

 # Irred. k point   22 : (  0.0000,  0.2500, -0.5000)
   Mode, Frequency 
      1     23.2816 cm^-1  (      0.6980 THz )
      2     29.5636 cm^-1  (      0.8863 THz )
      3     33.1503 cm^-1  (      0.9938 THz )
      4     33.2317 cm^-1  (      0.9963 THz )
      5     37.2997 cm^-1  (      1.1182 THz )
      6     41.1829 cm^-1  (      1.2346 THz )
      7     43.3770 cm^-1  (      1.3004 THz )
      8     44.6335 cm^-1  (      1.3381 THz )
      9     45.7977 cm^-1  (      1.3730 THz )
     10     60.5231 cm^-1  (      1.8144 THz )
     11     76.9419 cm^-1  (      2.3067 THz )
     12     90.2040 cm^-1  (      2.7042 THz )
     13    112.0355 cm^-1  (      3.3587 THz )
     14    121.6586 cm^-1  (      3.6472 THz )
     15    153.6999 cm^-1  (      4.6078 THz )

 # Irred. k point   23 : (  0.0000,  0.3333,  0.3333)
   Mode, Frequency 
      1     21.1845 cm^-1  (      0.6351 THz )
      2     28.0454 cm^-1  (      0.8408 THz )
      3     33.8474 cm^-1  (      1.0147 THz )
      4     35.0258 cm^-1  (      1.0500 THz )
      5     35.7606 cm^-1  (      1.0721 THz )
      6     42.2211 cm^-1  (      1.2658 THz )
      7     42.6405 cm^-1  (      1.2783 THz )
      8     42.7357 cm^-1  (      1.2812 THz )
      9     43.4625 cm^-1  (      1.3030 THz )
     10     60.5091 cm^-1  (      1.8140 THz )
     11     76.7140 cm^-1  (      2.2998 THz )
     12    105.2180 cm^-1  (      3.1544 THz )
     13    105.9378 cm^-1  (      3.1759 THz )
     14    119.3020 cm^-1  (      3.5766 THz )
     15    152.1397 cm^-1  (      4.5610 THz )

 # Irred. k point   24 : (  0.0000,  0.3333,  0.4167)
   Mode, Frequency 
      1     19.3712 cm^-1  (      0.5807 THz )
      2     29.3291 cm^-1  (      0.8793 THz )
      3     33.0705 cm^-1  (      0.9914 THz )
      4     35.0823 cm^-1  (      1.0517 THz )
      5     36.0101 cm^-1  (      1.0796 THz )
      6     42.6599 cm^-1  (      1.2789 THz )
      7     43.2078 cm^-1  (      1.2953 THz )
      8     43.7054 cm^-1  (      1.3103 THz )
      9     44.6361 cm^-1  (      1.3382 THz )
     10     62.8385 cm^-1  (      1.8839 THz )
     11     77.4455 cm^-1  (      2.3218 THz )
     12    106.2480 cm^-1  (      3.1852 THz )
     13    116.8129 cm^-1  (      3.5020 THz )
     14    124.8027 cm^-1  (      3.7415 THz )
     15    153.7510 cm^-1  (      4.6093 THz )

 # Irred. k point   25 : (  0.0000,  0.3333, -0.5000)
   Mode, Frequency 
      1     18.6913 cm^-1  (      0.5604 THz )
      2     29.8278 cm^-1  (      0.8942 THz )
      3     32.6315 cm^-1  (      0.9783 THz )
      4     35.2776 cm^-1  (      1.0576 THz )
      5     35.9511 cm^-1  (      1.0778 THz )
      6     42.6730 cm^-1  (      1.2793 THz )
      7     43.5601 cm^-1  (      1.3059 THz )
      8     43.9983 cm^-1  (      1.3190 THz )
      9     45.2023 cm^-1  (      1.3551 THz )
     10     63.6465 cm^-1  (      1.9081 THz )
     11     77.7153 cm^-1  (      2.3298 THz )
     12    106.4722 cm^-1  (      3.1920 THz )
     13    121.2584 cm^-1  (      3.6352 THz )
     14    125.8697 cm^-1  (      3.7735 THz )
     15    154.6061 cm^-1  (      4.6350 THz )

 # Irred. k point   26 : (  0.0000,  0.4167,  0.4167)
   Mode, Frequency 
      1     16.0302 cm^-1  (      0.4806 THz )
      2     29.8588 cm^-1  (      0.8951 THz )
      3     33.0941 cm^-1  (      0.9921 THz )
      4     33.4369 cm^-1  (      1.0024 THz )
      5     37.5935 cm^-1  (      1.1270 THz )
      6     43.2277 cm^-1  (      1.2959 THz )
      7     43.7125 cm^-1  (      1.3105 THz )
      8     44.0072 cm^-1  (      1.3193 THz )
      9     44.3673 cm^-1  (      1.3301 THz )
     10     64.9172 cm^-1  (      1.9462 THz )
     11     78.0550 cm^-1  (      2.3400 THz )
     12    117.0773 cm^-1  (      3.5099 THz )
     13    117.2067 cm^-1  (      3.5138 THz )
     14    132.0527 cm^-1  (      3.9588 THz )
     15    155.0406 cm^-1  (      4.6480 THz )

 # Irred. k point   27 : (  0.0000,  0.4167, -0.5000)
   Mode, Frequency 
      1     14.6790 cm^-1  (      0.4401 THz )
      2     30.0478 cm^-1  (      0.9008 THz )
      3     32.5897 cm^-1  (      0.9770 THz )
      4     33.3647 cm^-1  (      1.0002 THz )
      5     38.1321 cm^-1  (      1.1432 THz )
      6     43.4652 cm^-1  (      1.3031 THz )
      7     43.5081 cm^-1  (      1.3043 THz )
      8     44.0379 cm^-1  (      1.3202 THz )
      9     44.7240 cm^-1  (      1.3408 THz )
     10     65.6310 cm^-1  (      1.9676 THz )
     11     78.2781 cm^-1  (      2.3467 THz )
     12    117.2230 cm^-1  (      3.5143 THz )
     13    121.1215 cm^-1  (      3.6311 THz )
     14    134.0848 cm^-1  (      4.0198 THz )
     15    155.8039 cm^-1  (      4.6709 THz )

 # Irred. k point   28 : (  0.0000, -0.5000, -0.5000)
   Mode, Frequency 
      1     12.9795 cm^-1  (      0.3891 THz )
      2     30.1347 cm^-1  (      0.9034 THz )
      3     32.6254 cm^-1  (      0.9781 THz )
      4     32.6254 cm^-1  (      0.9781 THz )
      5     39.0199 cm^-1  (      1.1698 THz )
      6     43.3225 cm^-1  (      1.2988 THz )
      7     43.3225 cm^-1  (      1.2988 THz )
      8     44.5412 cm^-1  (      1.3353 THz )
      9     44.5412 cm^-1  (      1.3353 THz )
     10     66.3097 cm^-1  (      1.9879 THz )
     11     78.4833 cm^-1  (      2.3529 THz )
     12    121.1023 cm^-1  (      3.6306 THz )
     13    121.1023 cm^-1  (      3.6306 THz )
     14    136.4872 cm^-1  (      4.0918 THz )
     15    156.4923 cm^-1  (      4.6915 THz )

 # Irred. k point   29 : (  0.0833,  0.0833,  0.0833)
   Mode, Frequency 
      1     13.2253 cm^-1  (      0.3965 THz )
      2     13.2253 cm^-1  (      0.3965 THz )
      3     20.6334 cm^-1  (      0.6186 THz )
      4     30.4927 cm^-1  (      0.9141 THz )
      5     30.4927 cm^-1  (      0.9141 THz )
      6     32.9765 cm^-1  (      0.9886 THz )
      7     34.0934 cm^-1  (      1.0221 THz )
      8     37.2469 cm^-1  (      1.1166 THz )
      9     37.2469 cm^-1  (      1.1166 THz )
     10     38.4858 cm^-1  (      1.1538 THz )
     11     40.2292 cm^-1  (      1.2060 THz )
     12     40.2292 cm^-1  (      1.2060 THz )
     13     73.7308 cm^-1  (      2.2104 THz )
     14     73.7308 cm^-1  (      2.2104 THz )
     15    148.8744 cm^-1  (      4.4631 THz )

 # Irred. k point   30 : (  0.0833,  0.0833,  0.1667)
   Mode, Frequency 
      1     17.1520 cm^-1  (      0.5142 THz )
      2     17.8763 cm^-1  (      0.5359 THz )
      3     27.3357 cm^-1  (      0.8195 THz )
      4     33.0275 cm^-1  (      0.9901 THz )
      5     34.3145 cm^-1  (      1.0287 THz )
      6     34.5047 cm^-1  (      1.0344 THz )
      7     36.4799 cm^-1  (      1.0936 THz )
      8     39.8029 cm^-1  (      1.1933 THz )
      9     39.8359 cm^-1  (      1.1942 THz )
     10     40.1225 cm^-1  (      1.2028 THz )
     11     41.4727 cm^-1  (      1.2433 THz )
     12     62.0915 cm^-1  (      1.8615 THz )
     13     74.8120 cm^-1  (      2.2428 THz )
     14     77.5798 cm^-1  (      2.3258 THz )
     15    149.4073 cm^-1  (      4.4791 THz )

 # Irred. k point   31 : (  0.0833,  0.0833,  0.2500)
   Mode, Frequency 
      1     21.2033 cm^-1  (      0.6357 THz )
      2     22.1532 cm^-1  (      0.6641 THz )
      3     33.7574 cm^-1  (      1.0120 THz )
      4     34.5083 cm^-1  (      1.0345 THz )
      5     35.1587 cm^-1  (      1.0540 THz )
      6     36.1328 cm^-1  (      1.0832 THz )
      7     37.9402 cm^-1  (      1.1374 THz )
      8     42.8709 cm^-1  (      1.2852 THz )
      9     43.4087 cm^-1  (      1.3014 THz )
     10     44.2475 cm^-1  (      1.3265 THz )
     11     44.5394 cm^-1  (      1.3353 THz )
     12     76.3491 cm^-1  (      2.2889 THz )
     13     79.9812 cm^-1  (      2.3978 THz )
     14     85.3976 cm^-1  (      2.5602 THz )
     15    151.2723 cm^-1  (      4.5350 THz )

 # Irred. k point   32 : (  0.0833,  0.0833,  0.3333)
   Mode, Frequency 
      1     24.7364 cm^-1  (      0.7416 THz )
      2     25.4565 cm^-1  (      0.7632 THz )
      3     34.1809 cm^-1  (      1.0247 THz )
      4     35.4057 cm^-1  (      1.0614 THz )
      5     36.4020 cm^-1  (      1.0913 THz )
      6     38.5269 cm^-1  (      1.1550 THz )
      7     40.8776 cm^-1  (      1.2255 THz )
      8     46.2403 cm^-1  (      1.3862 THz )
      9     47.0795 cm^-1  (      1.4114 THz )
     10     47.2952 cm^-1  (      1.4179 THz )
     11     48.9220 cm^-1  (      1.4666 THz )
     12     77.9607 cm^-1  (      2.3372 THz )
     13     81.7151 cm^-1  (      2.4498 THz )
     14    104.6168 cm^-1  (      3.1363 THz )
     15    152.7874 cm^-1  (      4.5805 THz )

 # Irred. k point   33 : (  0.0833,  0.0833,  0.4167)
   Mode, Frequency 
      1     27.5325 cm^-1  (      0.8254 THz )
      2     27.6988 cm^-1  (      0.8304 THz )
      3     33.1125 cm^-1  (      0.9927 THz )
      4     34.6356 cm^-1  (      1.0383 THz )
      5     37.3644 cm^-1  (      1.1202 THz )
      6     41.5082 cm^-1  (      1.2444 THz )
      7     42.6918 cm^-1  (      1.2799 THz )
      8     48.6856 cm^-1  (      1.4596 THz )
      9     49.0438 cm^-1  (      1.4703 THz )
     10     50.0882 cm^-1  (      1.5016 THz )
     11     52.0712 cm^-1  (      1.5611 THz )
     12     79.1899 cm^-1  (      2.3741 THz )
     13     82.8857 cm^-1  (      2.4849 THz )
     14    117.8315 cm^-1  (      3.5325 THz )
     15    153.0955 cm^-1  (      4.5897 THz )

 # Irred. k point   34 : (  0.0833,  0.0833, -0.5000)
   Mode, Frequency 
      1     28.5667 cm^-1  (      0.8564 THz )
      2     28.9020 cm^-1  (      0.8665 THz )
      3     32.2976 cm^-1  (      0.9683 THz )
      4     34.2468 cm^-1  (      1.0267 THz )
      5     37.7211 cm^-1  (      1.1309 THz )
      6     42.6248 cm^-1  (      1.2779 THz )
      7     43.2061 cm^-1  (      1.2953 THz )
      8     49.5853 cm^-1  (      1.4865 THz )
      9     49.7095 cm^-1  (      1.4903 THz )
     10     51.0710 cm^-1  (      1.5311 THz )
     11     53.2151 cm^-1  (      1.5953 THz )
     12     79.6505 cm^-1  (      2.3879 THz )
     13     83.3109 cm^-1  (      2.4976 THz )
     14    122.7498 cm^-1  (      3.6799 THz )
     15    152.8653 cm^-1  (      4.5828 THz )

 # Irred. k point   35 : (  0.0833,  0.1667,  0.1667)
   Mode, Frequency 
      1     20.0075 cm^-1  (      0.5998 THz )
      2     20.6360 cm^-1  (      0.6187 THz )
      3     30.8506 cm^-1  (      0.9249 THz )
      4     33.5309 cm^-1  (      1.0052 THz )
      5     34.9461 cm^-1  (      1.0477 THz )
      6     36.3923 cm^-1  (      1.0910 THz )
      7     37.9528 cm^-1  (      1.1378 THz )
      8     41.2867 cm^-1  (      1.2377 THz )
      9     41.8542 cm^-1  (      1.2548 THz )
     10     44.1588 cm^-1  (      1.3238 THz )
     11     61.8590 cm^-1  (      1.8545 THz )
     12     65.4947 cm^-1  (      1.9635 THz )
     13     76.7723 cm^-1  (      2.3016 THz )
     14     84.5712 cm^-1  (      2.5354 THz )
     15    148.4681 cm^-1  (      4.4510 THz )

 # Irred. k point   36 : (  0.0833,  0.1667,  0.2500)
   Mode, Frequency 
      1     22.9288 cm^-1  (      0.6874 THz )
      2     23.6047 cm^-1  (      0.7077 THz )
      3     33.2603 cm^-1  (      0.9971 THz )
      4     34.2763 cm^-1  (      1.0276 THz )
      5     35.7485 cm^-1  (      1.0717 THz )
      6     37.6303 cm^-1  (      1.1281 THz )
      7     39.2630 cm^-1  (      1.1771 THz )
      8     44.1345 cm^-1  (      1.3231 THz )
      9     44.8460 cm^-1  (      1.3444 THz )
     10     48.4331 cm^-1  (      1.4520 THz )
     11     65.7502 cm^-1  (      1.9711 THz )
     12     78.2725 cm^-1  (      2.3466 THz )
     13     86.3169 cm^-1  (      2.5877 THz )
     14     90.6461 cm^-1  (      2.7175 THz )
     15    149.6109 cm^-1  (      4.4852 THz )

 # Irred. k point   37 : (  0.0833,  0.1667,  0.3333)
   Mode, Frequency 
      1     25.2481 cm^-1  (      0.7569 THz )
      2     26.1490 cm^-1  (      0.7839 THz )
      3     33.5517 cm^-1  (      1.0059 THz )
      4     35.5621 cm^-1  (      1.0661 THz )
      5     36.3923 cm^-1  (      1.0910 THz )
      6     38.8094 cm^-1  (      1.1635 THz )
      7     40.8166 cm^-1  (      1.2236 THz )
      8     47.2901 cm^-1  (      1.4177 THz )
      9     47.9015 cm^-1  (      1.4361 THz )
     10     52.5168 cm^-1  (      1.5744 THz )
     11     67.9843 cm^-1  (      2.0381 THz )
     12     79.7548 cm^-1  (      2.3910 THz )
     13     93.5216 cm^-1  (      2.8037 THz )
     14    105.3721 cm^-1  (      3.1590 THz )
     15    151.5930 cm^-1  (      4.5446 THz )

 # Irred. k point   38 : (  0.0833,  0.1667,  0.4167)
   Mode, Frequency 
      1     26.5849 cm^-1  (      0.7970 THz )
      2     28.0971 cm^-1  (      0.8423 THz )
      3     33.6272 cm^-1  (      1.0081 THz )
      4     35.0839 cm^-1  (      1.0518 THz )
      5     37.1898 cm^-1  (      1.1149 THz )
      6     40.3243 cm^-1  (      1.2089 THz )
      7     41.9592 cm^-1  (      1.2579 THz )
      8     49.5493 cm^-1  (      1.4855 THz )
      9     49.9543 cm^-1  (      1.4976 THz )
     10     55.4589 cm^-1  (      1.6626 THz )
     11     69.4889 cm^-1  (      2.0832 THz )
     12     80.8628 cm^-1  (      2.4242 THz )
     13     95.5252 cm^-1  (      2.8638 THz )
     14    117.6891 cm^-1  (      3.5282 THz )
     15    152.8643 cm^-1  (      4.5828 THz )

 # Irred. k point   39 : (  0.0833,  0.1667, -0.5000)
   Mode, Frequency 
      1     26.9927 cm^-1  (      0.8092 THz )
      2     28.9474 cm^-1  (      0.8678 THz )
      3     33.4732 cm^-1  (      1.0035 THz )
      4     34.9221 cm^-1  (      1.0469 THz )
      5     37.3598 cm^-1  (      1.1200 THz )
      6     41.0462 cm^-1  (      1.2305 THz )
      7     42.3186 cm^-1  (      1.2687 THz )
      8     50.3909 cm^-1  (      1.5107 THz )
      9     50.6264 cm^-1  (      1.5177 THz )
     10     56.5259 cm^-1  (      1.6946 THz )
     11     70.0146 cm^-1  (      2.0990 THz )
     12     81.2744 cm^-1  (      2.4365 THz )
     13     96.1719 cm^-1  (      2.8832 THz )
     14    122.1515 cm^-1  (      3.6620 THz )
     15    153.1724 cm^-1  (      4.5920 THz )

 # Irred. k point   40 : (  0.0833,  0.2500,  0.2500)
   Mode, Frequency 
      1     23.8359 cm^-1  (      0.7146 THz )
      2     25.2721 cm^-1  (      0.7576 THz )
      3     33.1812 cm^-1  (      0.9947 THz )
      4     34.3158 cm^-1  (      1.0288 THz )
      5     36.4684 cm^-1  (      1.0933 THz )
      6     38.0500 cm^-1  (      1.1407 THz )
      7     41.8097 cm^-1  (      1.2534 THz )
      8     45.1218 cm^-1  (      1.3527 THz )
      9     46.8345 cm^-1  (      1.4041 THz )
     10     52.9490 cm^-1  (      1.5874 THz )
     11     79.5789 cm^-1  (      2.3857 THz )
     12     86.1079 cm^-1  (      2.5814 THz )
     13     89.1898 cm^-1  (      2.6738 THz )
     14    101.3294 cm^-1  (      3.0378 THz )
     15    149.4639 cm^-1  (      4.4808 THz )

 # Irred. k point   41 : (  0.0833,  0.2500,  0.3333)
   Mode, Frequency 
      1     23.6949 cm^-1  (      0.7104 THz )
      2     27.3047 cm^-1  (      0.8186 THz )
      3     33.0463 cm^-1  (      0.9907 THz )
      4     35.3372 cm^-1  (      1.0594 THz )
      5     36.2956 cm^-1  (      1.0881 THz )
      6     38.8385 cm^-1  (      1.1643 THz )
      7     43.0592 cm^-1  (      1.2909 THz )
      8     47.3222 cm^-1  (      1.4187 THz )
      9     48.8759 cm^-1  (      1.4653 THz )
     10     56.8265 cm^-1  (      1.7036 THz )
     11     80.8320 cm^-1  (      2.4233 THz )
     12     88.9615 cm^-1  (      2.6670 THz )
     13    104.0846 cm^-1  (      3.1204 THz )
     14    109.5875 cm^-1  (      3.2853 THz )
     15    151.0832 cm^-1  (      4.5294 THz )

 # Irred. k point   42 : (  0.0833,  0.2500,  0.4167)
   Mode, Frequency 
      1     23.4549 cm^-1  (      0.7032 THz )
      2     28.7579 cm^-1  (      0.8621 THz )
      3     33.0265 cm^-1  (      0.9901 THz )
      4     35.3913 cm^-1  (      1.0610 THz )
      5     36.5685 cm^-1  (      1.0963 THz )
      6     39.6883 cm^-1  (      1.1898 THz )
      7     43.5072 cm^-1  (      1.3043 THz )
      8     49.3807 cm^-1  (      1.4804 THz )
      9     50.2209 cm^-1  (      1.5056 THz )
     10     59.4385 cm^-1  (      1.7819 THz )
     11     81.7558 cm^-1  (      2.4510 THz )
     12     89.9649 cm^-1  (      2.6971 THz )
     13    110.8276 cm^-1  (      3.3225 THz )
     14    117.9246 cm^-1  (      3.5353 THz )
     15    152.9811 cm^-1  (      4.5863 THz )

 # Irred. k point   43 : (  0.0833,  0.2500, -0.5000)
   Mode, Frequency 
      1     23.3553 cm^-1  (      0.7002 THz )
      2     29.2778 cm^-1  (      0.8777 THz )
      3     33.2116 cm^-1  (      0.9957 THz )
      4     34.8575 cm^-1  (      1.0450 THz )
      5     36.9927 cm^-1  (      1.1090 THz )
      6     40.0348 cm^-1  (      1.2002 THz )
      7     43.6407 cm^-1  (      1.3083 THz )
      8     50.3031 cm^-1  (      1.5080 THz )
      9     50.5364 cm^-1  (      1.5150 THz )
     10     60.3596 cm^-1  (      1.8095 THz )
     11     82.0966 cm^-1  (      2.4612 THz )
     12     90.3115 cm^-1  (      2.7075 THz )
     13    112.2960 cm^-1  (      3.3665 THz )
     14    121.5692 cm^-1  (      3.6446 THz )
     15    153.7579 cm^-1  (      4.6095 THz )

 # Irred. k point   44 : (  0.0833,  0.3333,  0.3333)
   Mode, Frequency 
      1     21.3141 cm^-1  (      0.6390 THz )
      2     28.5558 cm^-1  (      0.8561 THz )
      3     33.3490 cm^-1  (      0.9998 THz )
      4     34.4079 cm^-1  (      1.0315 THz )
      5     36.9943 cm^-1  (      1.1091 THz )
      6     38.5170 cm^-1  (      1.1547 THz )
      7     45.2967 cm^-1  (      1.3580 THz )
      8     47.7106 cm^-1  (      1.4303 THz )
      9     49.8945 cm^-1  (      1.4958 THz )
     10     60.3487 cm^-1  (      1.8092 THz )
     11     81.8405 cm^-1  (      2.4535 THz )
     12    105.3890 cm^-1  (      3.1595 THz )
     13    106.0452 cm^-1  (      3.1792 THz )
     14    119.4405 cm^-1  (      3.5807 THz )
     15    151.9902 cm^-1  (      4.5566 THz )

 # Irred. k point   45 : (  0.0833,  0.3333,  0.4167)
   Mode, Frequency 
      1     19.4247 cm^-1  (      0.5823 THz )
      2     29.4493 cm^-1  (      0.8829 THz )
      3     32.9190 cm^-1  (      0.9869 THz )
      4     34.6284 cm^-1  (      1.0381 THz )
      5     36.8751 cm^-1  (      1.1055 THz )
      6     38.8831 cm^-1  (      1.1657 THz )
      7     45.9505 cm^-1  (      1.3776 THz )
      8     49.0014 cm^-1  (      1.4690 THz )
      9     50.5079 cm^-1  (      1.5142 THz )
     10     62.6432 cm^-1  (      1.8780 THz )
     11     82.5738 cm^-1  (      2.4755 THz )
     12    106.3566 cm^-1  (      3.1885 THz )
     13    116.8663 cm^-1  (      3.5036 THz )
     14    124.8744 cm^-1  (      3.7436 THz )
     15    153.7702 cm^-1  (      4.6099 THz )

 # Irred. k point   46 : (  0.0833,  0.3333, -0.5000)
   Mode, Frequency 
      1     18.7149 cm^-1  (      0.5611 THz )
      2     29.7484 cm^-1  (      0.8918 THz )
      3     32.7004 cm^-1  (      0.9803 THz )
      4     34.8006 cm^-1  (      1.0433 THz )
      5     36.7111 cm^-1  (      1.1006 THz )
      6     39.1480 cm^-1  (      1.1736 THz )
      7     46.0059 cm^-1  (      1.3792 THz )
      8     49.7798 cm^-1  (      1.4924 THz )
      9     50.5826 cm^-1  (      1.5164 THz )
     10     63.4392 cm^-1  (      1.9019 THz )
     11     82.8425 cm^-1  (      2.4836 THz )
     12    106.5715 cm^-1  (      3.1949 THz )
     13    121.2346 cm^-1  (      3.6345 THz )
     14    125.9532 cm^-1  (      3.7760 THz )
     15    154.6975 cm^-1  (      4.6377 THz )

 # Irred. k point   47 : (  0.0833,  0.4167,  0.4167)
   Mode, Frequency 
      1     16.0360 cm^-1  (      0.4807 THz )
      2     29.9899 cm^-1  (      0.8991 THz )
      3     32.9817 cm^-1  (      0.9888 THz )
      4     33.3354 cm^-1  (      0.9994 THz )
      5     37.7697 cm^-1  (      1.1323 THz )
      6     38.3702 cm^-1  (      1.1503 THz )
      7     47.7033 cm^-1  (      1.4301 THz )
      8     48.8918 cm^-1  (      1.4657 THz )
      9     50.5347 cm^-1  (      1.5150 THz )
     10     64.6945 cm^-1  (      1.9395 THz )
     11     83.1623 cm^-1  (      2.4931 THz )
     12    117.1305 cm^-1  (      3.5115 THz )
     13    117.2555 cm^-1  (      3.5152 THz )
     14    132.0551 cm^-1  (      3.9589 THz )
     15    155.1562 cm^-1  (      4.6515 THz )

 # Irred. k point   48 : (  0.0833,  0.4167, -0.5000)
   Mode, Frequency 
      1     14.6640 cm^-1  (      0.4396 THz )
      2     30.1880 cm^-1  (      0.9050 THz )
      3     32.6247 cm^-1  (      0.9781 THz )
      4     33.2526 cm^-1  (      0.9969 THz )
      5     37.8035 cm^-1  (      1.1333 THz )
      6     38.4834 cm^-1  (      1.1537 THz )
      7     48.0385 cm^-1  (      1.4402 THz )
      8     49.3459 cm^-1  (      1.4794 THz )
      9     50.3358 cm^-1  (      1.5090 THz )
     10     65.3990 cm^-1  (      1.9606 THz )
     11     83.3767 cm^-1  (      2.4996 THz )
     12    117.2767 cm^-1  (      3.5159 THz )
     13    121.1335 cm^-1  (      3.6315 THz )
     14    134.0714 cm^-1  (      4.0194 THz )
     15    155.9622 cm^-1  (      4.6756 THz )

 # Irred. k point   49 : (  0.0833, -0.5000, -0.5000)
   Mode, Frequency 
      1     12.9466 cm^-1  (      0.3881 THz )
      2     30.3730 cm^-1  (      0.9106 THz )
      3     32.6293 cm^-1  (      0.9782 THz )
      4     32.6293 cm^-1  (      0.9782 THz )
      5     38.2309 cm^-1  (      1.1461 THz )
      6     38.2309 cm^-1  (      1.1461 THz )
      7     49.1790 cm^-1  (      1.4743 THz )
      8     49.1790 cm^-1  (      1.4743 THz )
      9     49.8377 cm^-1  (      1.4941 THz )
     10     66.0695 cm^-1  (      1.9807 THz )
     11     83.5709 cm^-1  (      2.5054 THz )
     12    121.1250 cm^-1  (      3.6312 THz )
     13    121.1250 cm^-1  (      3.6312 THz )
     14    136.4489 cm^-1  (      4.0906 THz )
     15    156.6835 cm^-1  (      4.6973 THz )

 # Irred. k point   50 : (  0.1667,  0.1667,  0.1667)
   Mode, Frequency 
      1     22.1073 cm^-1  (      0.6628 THz )
      2     22.1073 cm^-1  (      0.6628 THz )
      3     32.3140 cm^-1  (      0.9688 THz )
      4     32.3698 cm^-1  (      0.9704 THz )
      5     35.9320 cm^-1  (      1.0772 THz )
      6     35.9320 cm^-1  (      1.0772 THz )
      7     41.3739 cm^-1  (      1.2404 THz )
      8     44.9969 cm^-1  (      1.3490 THz )
      9     44.9969 cm^-1  (      1.3490 THz )
     10     62.2209 cm^-1  (      1.8653 THz )
     11     66.4355 cm^-1  (      1.9917 THz )
     12     66.4355 cm^-1  (      1.9917 THz )
     13     85.8101 cm^-1  (      2.5725 THz )
     14     85.8101 cm^-1  (      2.5725 THz )
     15    147.4214 cm^-1  (      4.4196 THz )

 # Irred. k point   51 : (  0.1667,  0.1667,  0.2500)
   Mode, Frequency 
      1     23.9123 cm^-1  (      0.7169 THz )
      2     24.5106 cm^-1  (      0.7348 THz )
      3     31.7540 cm^-1  (      0.9520 THz )
      4     33.3733 cm^-1  (      1.0005 THz )
      5     35.6250 cm^-1  (      1.0680 THz )
      6     36.9509 cm^-1  (      1.1078 THz )
      7     43.6142 cm^-1  (      1.3075 THz )
      8     48.3808 cm^-1  (      1.4504 THz )
      9     48.6369 cm^-1  (      1.4581 THz )
     10     65.8275 cm^-1  (      1.9735 THz )
     11     67.7171 cm^-1  (      2.0301 THz )
     12     87.2341 cm^-1  (      2.6152 THz )
     13     87.5323 cm^-1  (      2.6242 THz )
     14     93.6150 cm^-1  (      2.8065 THz )
     15    148.3501 cm^-1  (      4.4474 THz )

 # Irred. k point   52 : (  0.1667,  0.1667,  0.3333)
   Mode, Frequency 
      1     25.5533 cm^-1  (      0.7661 THz )
      2     26.3777 cm^-1  (      0.7908 THz )
      3     31.7923 cm^-1  (      0.9531 THz )
      4     34.7994 cm^-1  (      1.0433 THz )
      5     35.1118 cm^-1  (      1.0526 THz )
      6     37.8512 cm^-1  (      1.1348 THz )
      7     44.3610 cm^-1  (      1.3299 THz )
      8     51.6776 cm^-1  (      1.5493 THz )
      9     52.7580 cm^-1  (      1.5816 THz )
     10     68.1635 cm^-1  (      2.0435 THz )
     11     68.9816 cm^-1  (      2.0680 THz )
     12     89.2840 cm^-1  (      2.6767 THz )
     13     97.1225 cm^-1  (      2.9117 THz )
     14    106.0551 cm^-1  (      3.1795 THz )
     15    150.7087 cm^-1  (      4.5181 THz )

 # Irred. k point   53 : (  0.1667,  0.1667,  0.4167)
   Mode, Frequency 
      1     26.6828 cm^-1  (      0.7999 THz )
      2     27.2746 cm^-1  (      0.8177 THz )
      3     32.2596 cm^-1  (      0.9671 THz )
      4     34.4160 cm^-1  (      1.0318 THz )
      5     36.4682 cm^-1  (      1.0933 THz )
      6     38.1941 cm^-1  (      1.1450 THz )
      7     44.7649 cm^-1  (      1.3420 THz )
      8     53.6923 cm^-1  (      1.6097 THz )
      9     55.8684 cm^-1  (      1.6749 THz )
     10     69.7037 cm^-1  (      2.0897 THz )
     11     69.8904 cm^-1  (      2.0953 THz )
     12     90.5818 cm^-1  (      2.7156 THz )
     13     99.5735 cm^-1  (      2.9851 THz )
     14    117.6204 cm^-1  (      3.5262 THz )
     15    152.7222 cm^-1  (      4.5785 THz )

 # Irred. k point   54 : (  0.1667,  0.1667, -0.5000)
   Mode, Frequency 
      1     27.0840 cm^-1  (      0.8120 THz )
      2     27.5102 cm^-1  (      0.8247 THz )
      3     32.6598 cm^-1  (      0.9791 THz )
      4     33.9465 cm^-1  (      1.0177 THz )
      5     37.5903 cm^-1  (      1.1269 THz )
      6     37.8658 cm^-1  (      1.1352 THz )
      7     44.9059 cm^-1  (      1.3462 THz )
      8     54.3972 cm^-1  (      1.6308 THz )
      9     56.9759 cm^-1  (      1.7081 THz )
     10     70.2187 cm^-1  (      2.1051 THz )
     11     70.2352 cm^-1  (      2.1056 THz )
     12     91.0597 cm^-1  (      2.7299 THz )
     13    100.2941 cm^-1  (      3.0067 THz )
     14    121.7485 cm^-1  (      3.6499 THz )
     15    153.4302 cm^-1  (      4.5997 THz )

 # Irred. k point   55 : (  0.1667,  0.2500,  0.2500)
   Mode, Frequency 
      1     24.6319 cm^-1  (      0.7384 THz )
      2     25.4604 cm^-1  (      0.7633 THz )
      3     30.6772 cm^-1  (      0.9197 THz )
      4     33.2287 cm^-1  (      0.9962 THz )
      5     35.6607 cm^-1  (      1.0691 THz )
      6     36.4432 cm^-1  (      1.0925 THz )
      7     47.4288 cm^-1  (      1.4219 THz )
      8     49.1510 cm^-1  (      1.4735 THz )
      9     52.7994 cm^-1  (      1.5829 THz )
     10     68.0444 cm^-1  (      2.0399 THz )
     11     87.0796 cm^-1  (      2.6106 THz )
     12     89.5726 cm^-1  (      2.6853 THz )
     13     91.3612 cm^-1  (      2.7389 THz )
     14    102.3319 cm^-1  (      3.0678 THz )
     15    148.4976 cm^-1  (      4.4518 THz )

 # Irred. k point   56 : (  0.1667,  0.2500,  0.3333)
   Mode, Frequency 
      1     24.2305 cm^-1  (      0.7264 THz )
      2     26.8840 cm^-1  (      0.8060 THz )
      3     30.7026 cm^-1  (      0.9204 THz )
      4     33.7885 cm^-1  (      1.0130 THz )
      5     34.9378 cm^-1  (      1.0474 THz )
      6     36.6201 cm^-1  (      1.0978 THz )
      7     48.2133 cm^-1  (      1.4454 THz )
      8     51.9222 cm^-1  (      1.5566 THz )
      9     56.5041 cm^-1  (      1.6939 THz )
     10     69.3283 cm^-1  (      2.0784 THz )
     11     89.4059 cm^-1  (      2.6803 THz )
     12     93.0041 cm^-1  (      2.7882 THz )
     13    104.7079 cm^-1  (      3.1391 THz )
     14    110.3539 cm^-1  (      3.3083 THz )
     15    150.5288 cm^-1  (      4.5127 THz )

 # Irred. k point   57 : (  0.1667,  0.2500,  0.4167)
   Mode, Frequency 
      1     23.6949 cm^-1  (      0.7104 THz )
      2     27.7861 cm^-1  (      0.8330 THz )
      3     31.2935 cm^-1  (      0.9382 THz )
      4     33.8848 cm^-1  (      1.0158 THz )
      5     34.9206 cm^-1  (      1.0469 THz )
      6     36.6770 cm^-1  (      1.0995 THz )
      7     48.2841 cm^-1  (      1.4475 THz )
      8     54.0881 cm^-1  (      1.6215 THz )
      9     59.0364 cm^-1  (      1.7699 THz )
     10     70.2056 cm^-1  (      2.1047 THz )
     11     90.2661 cm^-1  (      2.7061 THz )
     12     94.0932 cm^-1  (      2.8208 THz )
     13    111.8228 cm^-1  (      3.3524 THz )
     14    117.9574 cm^-1  (      3.5363 THz )
     15    152.9632 cm^-1  (      4.5857 THz )

 # Irred. k point   58 : (  0.1667,  0.2500, -0.5000)
   Mode, Frequency 
      1     23.4826 cm^-1  (      0.7040 THz )
      2     28.0341 cm^-1  (      0.8404 THz )
      3     31.9208 cm^-1  (      0.9570 THz )
      4     33.1357 cm^-1  (      0.9934 THz )
      5     35.6626 cm^-1  (      1.0691 THz )
      6     36.4594 cm^-1  (      1.0930 THz )
      7     48.2921 cm^-1  (      1.4478 THz )
      8     54.8402 cm^-1  (      1.6441 THz )
      9     59.9366 cm^-1  (      1.7969 THz )
     10     70.5145 cm^-1  (      2.1140 THz )
     11     90.5677 cm^-1  (      2.7152 THz )
     12     94.4799 cm^-1  (      2.8324 THz )
     13    113.3179 cm^-1  (      3.3972 THz )
     14    121.3789 cm^-1  (      3.6388 THz )
     15    154.0021 cm^-1  (      4.6169 THz )

 # Irred. k point   59 : (  0.1667,  0.3333,  0.3333)
   Mode, Frequency 
      1     21.6567 cm^-1  (      0.6493 THz )
      2     27.8617 cm^-1  (      0.8353 THz )
      3     30.8684 cm^-1  (      0.9254 THz )
      4     33.4414 cm^-1  (      1.0025 THz )
      5     34.6012 cm^-1  (      1.0373 THz )
      6     35.6330 cm^-1  (      1.0683 THz )
      7     51.0717 cm^-1  (      1.5311 THz )
      8     51.9692 cm^-1  (      1.5580 THz )
      9     59.8891 cm^-1  (      1.7954 THz )
     10     70.0795 cm^-1  (      2.1009 THz )
     11     94.3297 cm^-1  (      2.8279 THz )
     12    105.8849 cm^-1  (      3.1743 THz )
     13    106.3443 cm^-1  (      3.1881 THz )
     14    119.8273 cm^-1  (      3.5923 THz )
     15    151.7988 cm^-1  (      4.5508 THz )

 # Irred. k point   60 : (  0.1667,  0.3333,  0.4167)
   Mode, Frequency 
      1     19.5531 cm^-1  (      0.5862 THz )
      2     28.6762 cm^-1  (      0.8597 THz )
      3     31.2114 cm^-1  (      0.9357 THz )
      4     33.5862 cm^-1  (      1.0069 THz )
      5     33.8782 cm^-1  (      1.0156 THz )
      6     35.2233 cm^-1  (      1.0560 THz )
      7     51.2355 cm^-1  (      1.5360 THz )
      8     53.6449 cm^-1  (      1.6082 THz )
      9     62.1006 cm^-1  (      1.8617 THz )
     10     70.6052 cm^-1  (      2.1167 THz )
     11     95.2048 cm^-1  (      2.8542 THz )
     12    106.6706 cm^-1  (      3.1979 THz )
     13    117.0266 cm^-1  (      3.5084 THz )
     14    125.1069 cm^-1  (      3.7506 THz )
     15    153.9463 cm^-1  (      4.6152 THz )

 # Irred. k point   61 : (  0.1667,  0.3333, -0.5000)
   Mode, Frequency 
      1     18.7577 cm^-1  (      0.5623 THz )
      2     28.9407 cm^-1  (      0.8676 THz )
      3     31.6254 cm^-1  (      0.9481 THz )
      4     32.8170 cm^-1  (      0.9838 THz )
      5     34.3764 cm^-1  (      1.0306 THz )
      6     34.9344 cm^-1  (      1.0473 THz )
      7     51.1591 cm^-1  (      1.5337 THz )
      8     54.3496 cm^-1  (      1.6294 THz )
      9     62.8694 cm^-1  (      1.8848 THz )
     10     70.7920 cm^-1  (      2.1223 THz )
     11     95.5059 cm^-1  (      2.8632 THz )
     12    106.8580 cm^-1  (      3.2035 THz )
     13    121.2029 cm^-1  (      3.6336 THz )
     14    126.2247 cm^-1  (      3.7841 THz )
     15    155.0333 cm^-1  (      4.6478 THz )

 # Irred. k point   62 : (  0.1667,  0.4167,  0.4167)
   Mode, Frequency 
      1     16.0463 cm^-1  (      0.4811 THz )
      2     29.5832 cm^-1  (      0.8869 THz )
      3     31.2946 cm^-1  (      0.9382 THz )
      4     32.9243 cm^-1  (      0.9870 THz )
      5     33.5614 cm^-1  (      1.0061 THz )
      6     34.2507 cm^-1  (      1.0268 THz )
      7     53.0834 cm^-1  (      1.5914 THz )
      8     53.3539 cm^-1  (      1.5995 THz )
      9     64.0805 cm^-1  (      1.9211 THz )
     10     70.8854 cm^-1  (      2.1251 THz )
     11     95.8728 cm^-1  (      2.8742 THz )
     12    117.2896 cm^-1  (      3.5163 THz )
     13    117.4053 cm^-1  (      3.5197 THz )
     14    132.0647 cm^-1  (      3.9592 THz )
     15    155.5607 cm^-1  (      4.6636 THz )

 # Irred. k point   63 : (  0.1667,  0.4167, -0.5000)
   Mode, Frequency 
      1     14.6195 cm^-1  (      0.4383 THz )
      2     30.0129 cm^-1  (      0.8998 THz )
      3     31.4625 cm^-1  (      0.9432 THz )
      4     32.2706 cm^-1  (      0.9674 THz )
      5     33.6780 cm^-1  (      1.0096 THz )
      6     33.8940 cm^-1  (      1.0161 THz )
      7     53.0633 cm^-1  (      1.5908 THz )
      8     53.9039 cm^-1  (      1.6160 THz )
      9     64.7615 cm^-1  (      1.9415 THz )
     10     70.9846 cm^-1  (      2.1281 THz )
     11     96.0984 cm^-1  (      2.8810 THz )
     12    117.4364 cm^-1  (      3.5207 THz )
     13    121.1879 cm^-1  (      3.6331 THz )
     14    134.0382 cm^-1  (      4.0184 THz )
     15    156.4650 cm^-1  (      4.6907 THz )

 # Irred. k point   64 : (  0.1667, -0.5000, -0.5000)
   Mode, Frequency 
      1     12.8561 cm^-1  (      0.3854 THz )
      2     31.0070 cm^-1  (      0.9296 THz )
      3     31.3586 cm^-1  (      0.9401 THz )
      4     31.3586 cm^-1  (      0.9401 THz )
      5     33.5723 cm^-1  (      1.0065 THz )
      6     33.5723 cm^-1  (      1.0065 THz )
      7     53.7311 cm^-1  (      1.6108 THz )
      8     53.7311 cm^-1  (      1.6108 THz )
      9     65.4101 cm^-1  (      1.9609 THz )
     10     71.0520 cm^-1  (      2.1301 THz )
     11     96.2970 cm^-1  (      2.8869 THz )
     12    121.2051 cm^-1  (      3.6336 THz )
     13    121.2051 cm^-1  (      3.6336 THz )
     14    136.3443 cm^-1  (      4.0875 THz )
     15    157.2647 cm^-1  (      4.7147 THz )

 # Irred. k point   65 : (  0.2500,  0.2500,  0.2500)
   Mode, Frequency 
      1     25.4321 cm^-1  (      0.7624 THz )
      2     25.4321 cm^-1  (      0.7624 THz )
      3     28.1142 cm^-1  (      0.8428 THz )
      4     32.7421 cm^-1  (      0.9816 THz )
      5     35.4244 cm^-1  (      1.0620 THz )
      6     35.4244 cm^-1  (      1.0620 THz )
      7     52.1515 cm^-1  (      1.5635 THz )
      8     52.7755 cm^-1  (      1.5822 THz )
      9     52.7755 cm^-1  (      1.5822 THz )
     10     87.3826 cm^-1  (      2.6197 THz )
     11     90.1179 cm^-1  (      2.7017 THz )
     12     90.1179 cm^-1  (      2.7017 THz )
     13    103.6992 cm^-1  (      3.1088 THz )
     14    103.6992 cm^-1  (      3.1088 THz )
     15    148.6369 cm^-1  (      4.4560 THz )

 # Irred. k point   66 : (  0.2500,  0.2500,  0.3333)
   Mode, Frequency 
      1     24.5676 cm^-1  (      0.7365 THz )
      2     25.5734 cm^-1  (      0.7667 THz )
      3     27.8056 cm^-1  (      0.8336 THz )
      4     32.8038 cm^-1  (      0.9834 THz )
      5     34.4292 cm^-1  (      1.0322 THz )
      6     35.4029 cm^-1  (      1.0614 THz )
      7     52.3199 cm^-1  (      1.5685 THz )
      8     55.6455 cm^-1  (      1.6682 THz )
      9     56.3637 cm^-1  (      1.6897 THz )
     10     89.4555 cm^-1  (      2.6818 THz )
     11     90.6881 cm^-1  (      2.7188 THz )
     12    105.0629 cm^-1  (      3.1497 THz )
     13    105.5562 cm^-1  (      3.1645 THz )
     14    112.9173 cm^-1  (      3.3852 THz )
     15    150.6508 cm^-1  (      4.5164 THz )

 # Irred. k point   67 : (  0.2500,  0.2500,  0.4167)
   Mode, Frequency 
      1     23.1879 cm^-1  (      0.6952 THz )
      2     25.6815 cm^-1  (      0.7699 THz )
      3     28.7105 cm^-1  (      0.8607 THz )
      4     33.1420 cm^-1  (      0.9936 THz )
      5     33.4930 cm^-1  (      1.0041 THz )
      6     35.4160 cm^-1  (      1.0617 THz )
      7     52.1316 cm^-1  (      1.5629 THz )
      8     57.4868 cm^-1  (      1.7234 THz )
      9     58.9653 cm^-1  (      1.7677 THz )
     10     90.3283 cm^-1  (      2.7080 THz )
     11     91.1207 cm^-1  (      2.7317 THz )
     12    106.0584 cm^-1  (      3.1796 THz )
     13    114.9053 cm^-1  (      3.4448 THz )
     14    118.6766 cm^-1  (      3.5578 THz )
     15    153.3682 cm^-1  (      4.5979 THz )

 # Irred. k point   68 : (  0.2500,  0.2500, -0.5000)
   Mode, Frequency 
      1     22.6733 cm^-1  (      0.6797 THz )
      2     25.7078 cm^-1  (      0.7707 THz )
      3     29.1840 cm^-1  (      0.8749 THz )
      4     33.0405 cm^-1  (      0.9905 THz )
      5     33.3343 cm^-1  (      0.9993 THz )
      6     35.4121 cm^-1  (      1.0616 THz )
      7     52.0568 cm^-1  (      1.5606 THz )
      8     58.1212 cm^-1  (      1.7424 THz )
      9     59.8704 cm^-1  (      1.7949 THz )
     10     90.6294 cm^-1  (      2.7170 THz )
     11     91.2821 cm^-1  (      2.7366 THz )
     12    106.4221 cm^-1  (      3.1905 THz )
     13    117.2762 cm^-1  (      3.5159 THz )
     14    121.2412 cm^-1  (      3.6347 THz )
     15    154.6061 cm^-1  (      4.6350 THz )

 # Irred. k point   69 : (  0.2500,  0.3333,  0.3333)
   Mode, Frequency 
      1     22.0793 cm^-1  (      0.6619 THz )
      2     25.6845 cm^-1  (      0.7700 THz )
      3     26.6182 cm^-1  (      0.7980 THz )
      4     32.5301 cm^-1  (      0.9752 THz )
      5     34.0542 cm^-1  (      1.0209 THz )
      6     34.5341 cm^-1  (      1.0353 THz )
      7     55.3814 cm^-1  (      1.6603 THz )
      8     55.5955 cm^-1  (      1.6667 THz )
      9     59.2655 cm^-1  (      1.7767 THz )
     10     90.6950 cm^-1  (      2.7190 THz )
     11    105.8509 cm^-1  (      3.1733 THz )
     12    106.7669 cm^-1  (      3.2008 THz )
     13    109.4827 cm^-1  (      3.2822 THz )
     14    120.3744 cm^-1  (      3.6087 THz )
     15    152.1737 cm^-1  (      4.5621 THz )

 # Irred. k point   70 : (  0.2500,  0.3333,  0.4167)
   Mode, Frequency 
      1     19.6429 cm^-1  (      0.5889 THz )
      2     25.4168 cm^-1  (      0.7620 THz )
      3     26.9216 cm^-1  (      0.8071 THz )
      4     32.4742 cm^-1  (      0.9736 THz )
      5     33.3827 cm^-1  (      1.0008 THz )
      6     34.3562 cm^-1  (      1.0300 THz )
      7     55.1220 cm^-1  (      1.6525 THz )
      8     57.4785 cm^-1  (      1.7232 THz )
      9     61.3629 cm^-1  (      1.8396 THz )
     10     91.1592 cm^-1  (      2.7329 THz )
     11    106.8198 cm^-1  (      3.2024 THz )
     12    110.2543 cm^-1  (      3.3053 THz )
     13    117.2889 cm^-1  (      3.5162 THz )
     14    125.6089 cm^-1  (      3.7657 THz )
     15    154.5692 cm^-1  (      4.6339 THz )

 # Irred. k point   71 : (  0.2500,  0.3333, -0.5000)
   Mode, Frequency 
      1     18.7086 cm^-1  (      0.5609 THz )
      2     25.2656 cm^-1  (      0.7574 THz )
      3     27.1677 cm^-1  (      0.8145 THz )
      4     32.4447 cm^-1  (      0.9727 THz )
      5     33.0735 cm^-1  (      0.9915 THz )
      6     34.3641 cm^-1  (      1.0302 THz )
      7     54.9836 cm^-1  (      1.6484 THz )
      8     58.1543 cm^-1  (      1.7434 THz )
      9     62.0941 cm^-1  (      1.8615 THz )
     10     91.3252 cm^-1  (      2.7379 THz )
     11    107.0192 cm^-1  (      3.2084 THz )
     12    110.5765 cm^-1  (      3.3150 THz )
     13    121.2363 cm^-1  (      3.6346 THz )
     14    126.8478 cm^-1  (      3.8028 THz )
     15    155.7725 cm^-1  (      4.6699 THz )

 # Irred. k point   72 : (  0.2500,  0.4167,  0.4167)
   Mode, Frequency 
      1     16.0446 cm^-1  (      0.4810 THz )
      2     25.6230 cm^-1  (      0.7682 THz )
      3     25.9917 cm^-1  (      0.7792 THz )
      4     32.1288 cm^-1  (      0.9632 THz )
      5     33.3884 cm^-1  (      1.0010 THz )
      6     33.6336 cm^-1  (      1.0083 THz )
      7     56.9947 cm^-1  (      1.7087 THz )
      8     57.0652 cm^-1  (      1.7108 THz )
      9     63.2339 cm^-1  (      1.8957 THz )
     10     91.4830 cm^-1  (      2.7426 THz )
     11    111.0252 cm^-1  (      3.3285 THz )
     12    117.5392 cm^-1  (      3.5237 THz )
     13    117.6897 cm^-1  (      3.5282 THz )
     14    132.0852 cm^-1  (      3.9598 THz )
     15    156.4010 cm^-1  (      4.6888 THz )

 # Irred. k point   73 : (  0.2500,  0.4167, -0.5000)
   Mode, Frequency 
      1     14.5484 cm^-1  (      0.4362 THz )
      2     25.4606 cm^-1  (      0.7633 THz )
      3     25.9597 cm^-1  (      0.7783 THz )
      4     31.9953 cm^-1  (      0.9592 THz )
      5     33.2083 cm^-1  (      0.9956 THz )
      6     33.5761 cm^-1  (      1.0066 THz )
      7     56.8528 cm^-1  (      1.7044 THz )
      8     57.6849 cm^-1  (      1.7294 THz )
      9     63.8822 cm^-1  (      1.9151 THz )
     10     91.6001 cm^-1  (      2.7461 THz )
     11    111.3446 cm^-1  (      3.3380 THz )
     12    117.7066 cm^-1  (      3.5288 THz )
     13    121.3123 cm^-1  (      3.6369 THz )
     14    134.0058 cm^-1  (      4.0174 THz )
     15    157.3887 cm^-1  (      4.7184 THz )

 # Irred. k point   74 : (  0.2500, -0.5000, -0.5000)
   Mode, Frequency 
      1     12.7314 cm^-1  (      0.3817 THz )
      2     25.5599 cm^-1  (      0.7663 THz )
      3     25.5599 cm^-1  (      0.7663 THz )
      4     31.8348 cm^-1  (      0.9544 THz )
      5     33.2809 cm^-1  (      0.9977 THz )
      6     33.2809 cm^-1  (      0.9977 THz )
      7     57.4960 cm^-1  (      1.7237 THz )
      8     57.4960 cm^-1  (      1.7237 THz )
      9     64.5021 cm^-1  (      1.9337 THz )
     10     91.6998 cm^-1  (      2.7491 THz )
     11    111.6359 cm^-1  (      3.3468 THz )
     12    121.3562 cm^-1  (      3.6382 THz )
     13    121.3562 cm^-1  (      3.6382 THz )
     14    136.2013 cm^-1  (      4.0832 THz )
     15    158.2639 cm^-1  (      4.7446 THz )

 # Irred. k point   75 : (  0.3333,  0.3333,  0.3333)
   Mode, Frequency 
      1     21.7379 cm^-1  (      0.6517 THz )
      2     23.2194 cm^-1  (      0.6961 THz )
      3     23.2194 cm^-1  (      0.6961 THz )
      4     32.4667 cm^-1  (      0.9733 THz )
      5     33.8305 cm^-1  (      1.0142 THz )
      6     33.8305 cm^-1  (      1.0142 THz )
      7     58.3677 cm^-1  (      1.7498 THz )
      8     58.3677 cm^-1  (      1.7498 THz )
      9     58.9613 cm^-1  (      1.7676 THz )
     10    106.5266 cm^-1  (      3.1936 THz )
     11    107.2061 cm^-1  (      3.2140 THz )
     12    107.2061 cm^-1  (      3.2140 THz )
     13    120.9415 cm^-1  (      3.6257 THz )
     14    120.9415 cm^-1  (      3.6257 THz )
     15    153.6736 cm^-1  (      4.6070 THz )

 # Irred. k point   76 : (  0.3333,  0.3333,  0.4167)
   Mode, Frequency 
      1     19.0058 cm^-1  (      0.5698 THz )
      2     21.4770 cm^-1  (      0.6439 THz )
      3     23.1764 cm^-1  (      0.6948 THz )
      4     32.4900 cm^-1  (      0.9740 THz )
      5     33.3227 cm^-1  (      0.9990 THz )
      6     33.8201 cm^-1  (      1.0139 THz )
      7     58.0578 cm^-1  (      1.7405 THz )
      8     60.1087 cm^-1  (      1.8020 THz )
      9     60.8991 cm^-1  (      1.8257 THz )
     10    107.1884 cm^-1  (      3.2134 THz )
     11    107.5384 cm^-1  (      3.2239 THz )
     12    117.5333 cm^-1  (      3.5236 THz )
     13    121.3685 cm^-1  (      3.6385 THz )
     14    127.3848 cm^-1  (      3.8189 THz )
     15    155.9366 cm^-1  (      4.6749 THz )

 # Irred. k point   77 : (  0.3333,  0.3333, -0.5000)
   Mode, Frequency 
      1     17.8422 cm^-1  (      0.5349 THz )
      2     20.8576 cm^-1  (      0.6253 THz )
      3     23.2861 cm^-1  (      0.6981 THz )
      4     32.4729 cm^-1  (      0.9735 THz )
      5     33.1288 cm^-1  (      0.9932 THz )
      6     33.8629 cm^-1  (      1.0152 THz )
      7     57.8797 cm^-1  (      1.7352 THz )
      8     60.7024 cm^-1  (      1.8198 THz )
      9     61.6215 cm^-1  (      1.8474 THz )
     10    107.3434 cm^-1  (      3.2181 THz )
     11    107.6623 cm^-1  (      3.2276 THz )
     12    121.3548 cm^-1  (      3.6381 THz )
     13    121.5271 cm^-1  (      3.6433 THz )
     14    129.0766 cm^-1  (      3.8696 THz )
     15    157.0957 cm^-1  (      4.7096 THz )

 # Irred. k point   78 : (  0.3333,  0.4167,  0.4167)
   Mode, Frequency 
      1     15.9957 cm^-1  (      0.4795 THz )
      2     20.5573 cm^-1  (      0.6163 THz )
      3     20.6698 cm^-1  (      0.6197 THz )
      4     32.5904 cm^-1  (      0.9770 THz )
      5     33.3519 cm^-1  (      0.9999 THz )
      6     33.4670 cm^-1  (      1.0033 THz )
      7     59.8576 cm^-1  (      1.7945 THz )
      8     59.9354 cm^-1  (      1.7968 THz )
      9     62.3792 cm^-1  (      1.8701 THz )
     10    107.6745 cm^-1  (      3.2280 THz )
     11    117.7567 cm^-1  (      3.5303 THz )
     12    117.8250 cm^-1  (      3.5323 THz )
     13    124.2758 cm^-1  (      3.7257 THz )
     14    132.1140 cm^-1  (      3.9607 THz )
     15    157.8289 cm^-1  (      4.7316 THz )

 # Irred. k point   79 : (  0.3333,  0.4167, -0.5000)
   Mode, Frequency 
      1     14.4493 cm^-1  (      0.4332 THz )
      2     19.6861 cm^-1  (      0.5902 THz )
      3     20.5691 cm^-1  (      0.6166 THz )
      4     32.5980 cm^-1  (      0.9773 THz )
      5     33.2565 cm^-1  (      0.9970 THz )
      6     33.4819 cm^-1  (      1.0038 THz )
      7     59.6975 cm^-1  (      1.7897 THz )
      8     60.5216 cm^-1  (      1.8144 THz )
      9     62.9952 cm^-1  (      1.8885 THz )
     10    107.7880 cm^-1  (      3.2314 THz )
     11    117.8865 cm^-1  (      3.5341 THz )
     12    121.4931 cm^-1  (      3.6423 THz )
     13    124.5956 cm^-1  (      3.7353 THz )
     14    134.0299 cm^-1  (      4.0181 THz )
     15    158.8153 cm^-1  (      4.7612 THz )

 # Irred. k point   80 : (  0.3333, -0.5000, -0.5000)
   Mode, Frequency 
      1     12.6055 cm^-1  (      0.3779 THz )
      2     19.5753 cm^-1  (      0.5869 THz )
      3     19.5753 cm^-1  (      0.5869 THz )
      4     32.6211 cm^-1  (      0.9780 THz )
      5     33.3371 cm^-1  (      0.9994 THz )
      6     33.3371 cm^-1  (      0.9994 THz )
      7     60.3177 cm^-1  (      1.8083 THz )
      8     60.3177 cm^-1  (      1.8083 THz )
      9     63.5858 cm^-1  (      1.9063 THz )
     10    107.8922 cm^-1  (      3.2345 THz )
     11    121.5544 cm^-1  (      3.6441 THz )
     12    121.5544 cm^-1  (      3.6441 THz )
     13    124.9811 cm^-1  (      3.7468 THz )
     14    136.0581 cm^-1  (      4.0789 THz )
     15    159.7096 cm^-1  (      4.7880 THz )

 # Irred. k point   81 : (  0.4167,  0.4167,  0.4167)
   Mode, Frequency 
      1     15.3953 cm^-1  (      0.4615 THz )
      2     16.7598 cm^-1  (      0.5024 THz )
      3     16.7598 cm^-1  (      0.5024 THz )
      4     32.9711 cm^-1  (      0.9884 THz )
      5     33.3484 cm^-1  (      0.9998 THz )
      6     33.3484 cm^-1  (      0.9998 THz )
      7     61.5937 cm^-1  (      1.8465 THz )
      8     61.5937 cm^-1  (      1.8465 THz )
      9     61.9219 cm^-1  (      1.8564 THz )
     10    117.9997 cm^-1  (      3.5375 THz )
     11    118.0566 cm^-1  (      3.5392 THz )
     12    118.0566 cm^-1  (      3.5392 THz )
     13    132.1405 cm^-1  (      3.9615 THz )
     14    132.1405 cm^-1  (      3.9615 THz )
     15    159.6032 cm^-1  (      4.7848 THz )

 # Irred. k point   82 : (  0.4167,  0.4167, -0.5000)
   Mode, Frequency 
      1     14.0220 cm^-1  (      0.4204 THz )
      2     15.2016 cm^-1  (      0.4557 THz )
      3     16.3276 cm^-1  (      0.4895 THz )
      4     33.0567 cm^-1  (      0.9910 THz )
      5     33.3007 cm^-1  (      0.9983 THz )
      6     33.3997 cm^-1  (      1.0013 THz )
      7     61.4670 cm^-1  (      1.8427 THz )
      8     62.1830 cm^-1  (      1.8642 THz )
      9     62.4389 cm^-1  (      1.8719 THz )
     10    118.1071 cm^-1  (      3.5408 THz )
     11    118.1460 cm^-1  (      3.5419 THz )
     12    121.6603 cm^-1  (      3.6473 THz )
     13    132.1513 cm^-1  (      3.9618 THz )
     14    134.5600 cm^-1  (      4.0340 THz )
     15    160.5029 cm^-1  (      4.8118 THz )

 # Irred. k point   83 : (  0.4167, -0.5000, -0.5000)
   Mode, Frequency 
      1     12.5125 cm^-1  (      0.3751 THz )
      2     14.6112 cm^-1  (      0.4380 THz )
      3     14.6112 cm^-1  (      0.4380 THz )
      4     33.1720 cm^-1  (      0.9945 THz )
      5     33.3643 cm^-1  (      1.0002 THz )
      6     33.3643 cm^-1  (      1.0002 THz )
      7     62.0679 cm^-1  (      1.8607 THz )
      8     62.0679 cm^-1  (      1.8607 THz )
      9     62.9097 cm^-1  (      1.8860 THz )
     10    118.2131 cm^-1  (      3.5439 THz )
     11    121.7287 cm^-1  (      3.6493 THz )
     12    121.7287 cm^-1  (      3.6493 THz )
     13    133.2851 cm^-1  (      3.9958 THz )
     14    135.9532 cm^-1  (      4.0758 THz )
     15    161.3480 cm^-1  (      4.8371 THz )

 # Irred. k point   84 : ( -0.5000, -0.5000, -0.5000)
   Mode, Frequency 
      1     12.4783 cm^-1  (      0.3741 THz )
      2     12.4783 cm^-1  (      0.3741 THz )
      3     12.4783 cm^-1  (      0.3741 THz )
      4     33.3685 cm^-1  (      1.0004 THz )
      5     33.3685 cm^-1  (      1.0004 THz )
      6     33.3685 cm^-1  (      1.0004 THz )
      7     62.6612 cm^-1  (      1.8785 THz )
      8     62.6612 cm^-1  (      1.8785 THz )
      9     62.6612 cm^-1  (      1.8785 THz )
     10    121.7986 cm^-1  (      3.6514 THz )
     11    121.7986 cm^-1  (      3.6514 THz )
     12    121.7986 cm^-1  (      3.6514 THz )
     13    135.9148 cm^-1  (      4.0746 THz )
     14    135.9148 cm^-1  (      4.0746 THz )
     15    162.1553 cm^-1  (      4.8613 THz )


 -----------------------------------------------------------------

 ANIME-tag is given: Making animation files for the given
                     k point ( 0.0000, 0.0000, 0.0000).
 ANIME_CELLSIZE =   2  2  2
 ANIME_FORMAT = XSF

 -----------------------------------------------------------------

 The following files are created: 
  pc_dos.phvel_all   : Phonon velocity at all k points
  pc_dos.dos         : Phonon DOS and atom projected DOS
  pc_dos.tdos        : Two-phonon DOS
  pc_dos.sps_Bose    : Three-phonon scattering phase space 
                       with the Bose distribution function
  pc_dos.thermo      : Thermodynamic quantities
  pc_dos.msd         : Mean-square-displacement (MSD)
  pc_dos.gru_all     : Gruneisen parameters at all k points
  pc_dos.anime*.axsf : AXSF files for animate phonon modes

 Job finished at Thu Nov 12 18:26:33 2020

